2024-06-16 17:48:22,441 [INFO] Activator:176 - 


2024-06-16 17:48:22,445 [INFO] Activator:177 - !SESSION log4j initialized
2024-06-16 17:48:25,760 [INFO] LogOutputStream:77 - [STDOUT_REDIRECT] 
2024-06-16 17:48:46,514 [ERROR] LogOutputStream:75 - [STDERR_REDIRECT] SLF4J: Failed to load class "org.slf4j.impl.StaticLoggerBinder".
2024-06-16 17:48:46,515 [ERROR] LogOutputStream:75 - [STDERR_REDIRECT] SLF4J: Defaulting to no-operation (NOP) logger implementation
2024-06-16 17:48:46,516 [ERROR] LogOutputStream:75 - [STDERR_REDIRECT] SLF4J: See http://www.slf4j.org/codes.html#StaticLoggerBinder for further details.
2024-06-16 18:22:48,541 [ERROR] LogOutputStream:75 - [STDERR_REDIRECT] Exception in thread "org.eclipse.cdt.internal.ui.text.CReconciler" java.util.ConcurrentModificationException
2024-06-16 18:22:48,542 [ERROR] LogOutputStream:75 - [STDERR_REDIRECT] 	at java.base/java.util.HashMap$HashIterator.nextNode(HashMap.java:1511)
2024-06-16 18:22:48,543 [ERROR] LogOutputStream:75 - [STDERR_REDIRECT] 	at java.base/java.util.HashMap$ValueIterator.next(HashMap.java:1539)
2024-06-16 18:22:48,544 [ERROR] LogOutputStream:75 - [STDERR_REDIRECT] 	at org.eclipse.cdt.internal.core.model.CModelManager.mergeDeltas(CModelManager.java:1218)
2024-06-16 18:22:48,545 [ERROR] LogOutputStream:75 - [STDERR_REDIRECT] 	at org.eclipse.cdt.internal.core.model.CModelManager.fireReconcileDelta(CModelManager.java:1148)
2024-06-16 18:22:48,546 [ERROR] LogOutputStream:75 - [STDERR_REDIRECT] 	at org.eclipse.cdt.internal.core.model.CModelManager.fire(CModelManager.java:1109)
2024-06-16 18:22:48,546 [ERROR] LogOutputStream:75 - [STDERR_REDIRECT] 	at org.eclipse.cdt.internal.core.model.CModelManager.fire(CModelManager.java:1065)
2024-06-16 18:22:48,547 [ERROR] LogOutputStream:75 - [STDERR_REDIRECT] 	at org.eclipse.cdt.internal.core.model.CModelOperation.run(CModelOperation.java:621)
2024-06-16 18:22:48,548 [ERROR] LogOutputStream:75 - [STDERR_REDIRECT] 	at org.eclipse.cdt.internal.core.model.CModelOperation.runOperation(CModelOperation.java:641)
2024-06-16 18:22:48,548 [ERROR] LogOutputStream:75 - [STDERR_REDIRECT] 	at org.eclipse.cdt.internal.core.model.WorkingCopy.reconcile(WorkingCopy.java:365)
2024-06-16 18:22:48,549 [ERROR] LogOutputStream:75 - [STDERR_REDIRECT] 	at org.eclipse.cdt.internal.ui.text.CReconcilingStrategy.reconcile(CReconcilingStrategy.java:79)
2024-06-16 18:22:48,550 [ERROR] LogOutputStream:75 - [STDERR_REDIRECT] 	at org.eclipse.cdt.internal.ui.text.CReconcilingStrategy.reconcile(CReconcilingStrategy.java:64)
2024-06-16 18:22:48,551 [ERROR] LogOutputStream:75 - [STDERR_REDIRECT] 	at org.eclipse.cdt.internal.ui.text.CompositeReconcilingStrategy.reconcile(CompositeReconcilingStrategy.java:89)
2024-06-16 18:22:48,552 [ERROR] LogOutputStream:75 - [STDERR_REDIRECT] 	at org.eclipse.cdt.internal.ui.text.CCompositeReconcilingStrategy.reconcile(CCompositeReconcilingStrategy.java:90)
2024-06-16 18:22:48,552 [ERROR] LogOutputStream:75 - [STDERR_REDIRECT] 	at org.eclipse.jface.text.reconciler.MonoReconciler.process(MonoReconciler.java:76)
2024-06-16 18:22:48,553 [ERROR] LogOutputStream:75 - [STDERR_REDIRECT] 	at org.eclipse.cdt.internal.ui.text.CReconciler.process(CReconciler.java:346)
2024-06-16 18:22:48,553 [ERROR] LogOutputStream:75 - [STDERR_REDIRECT] 	at org.eclipse.jface.text.reconciler.AbstractReconciler$BackgroundThread.run(AbstractReconciler.java:207)
2024-06-16 18:39:10,157 [INFO] ApplicationProperties:184 - Using Application install path: C:\ST\STM32CubeIDE_1.12.1\STM32CubeIDE\plugins\com.st.stm32cube.common.mx_6.8.1.202304191431
2024-06-16 18:39:10,175 [INFO] DbMcusXml:78 - Set database path to: C:\ST\STM32CubeIDE_1.12.1\STM32CubeIDE\plugins\com.st.stm32cube.common.mx_6.8.1.202304191431\\db\/mcu/
2024-06-16 18:39:10,175 [INFO] ApiDb:274 - Set plugin database path to: C:\ST\STM32CubeIDE_1.12.1\STM32CubeIDE\plugins\com.st.stm32cube.common.mx_6.8.1.202304191431\\db\/plugins/boardmanager/
2024-06-16 18:39:10,177 [WARN] ApiDb:259 - Overriding images path with different value:  => C:\ST\STM32CubeIDE_1.12.1\STM32CubeIDE\plugins\com.st.stm32cube.common.mx_6.8.1.202304191431\\db\/plugins/mcufinder/images/
2024-06-16 18:39:10,188 [INFO] ApiDb:250 - Set database path to: C:\Users\draut\.stmcufinder\plugins\mcufinder//mcu/
2024-06-16 18:39:10,189 [INFO] DbMcusAds:125 - Set database path to: C:\Users\draut\.stmcufinder\plugins\mcufinder//mcu/
2024-06-16 18:39:10,218 [INFO] CrossReferenceDbSqlite:203 - Set database path to: C:\Users\draut\.stmcufinder\plugins\mcufinder//mcu/cs/
2024-06-16 18:39:10,292 [INFO] RulesReader:64 - Compatibility file has been processed (293 Rules)
2024-06-16 18:39:10,357 [INFO] DbMcusXml:78 - Set database path to: C:\ST\STM32CubeIDE_1.12.1\STM32CubeIDE\plugins\com.st.stm32cube.common.mx_6.8.1.202304191431\\db\/mcu/
2024-06-16 18:39:10,357 [INFO] ApiDb:274 - Set plugin database path to: C:\ST\STM32CubeIDE_1.12.1\STM32CubeIDE\plugins\com.st.stm32cube.common.mx_6.8.1.202304191431\\db\/plugins/boardmanager/
2024-06-16 18:39:10,357 [INFO] ApiDb:261 - Set plugin images path to: C:\ST\STM32CubeIDE_1.12.1\STM32CubeIDE\plugins\com.st.stm32cube.common.mx_6.8.1.202304191431\\db\/plugins/mcufinder/images/
2024-06-16 18:39:10,357 [WARN] DbFile:41 - Overriding database path with different value: C:\Users\draut\.stmcufinder\plugins\mcufinder/ => C:\Users\draut\.stmcufinder\plugins\mcufinder
2024-06-16 18:39:10,357 [INFO] ApiDb:250 - Set database path to: C:\Users\draut\.stmcufinder\plugins\mcufinder//mcu/
2024-06-16 18:39:10,357 [WARN] DbFile:41 - Overriding database path with different value: C:\Users\draut\.stmcufinder\plugins\mcufinder/ => C:\Users\draut\.stmcufinder\plugins\mcufinder
2024-06-16 18:39:10,358 [INFO] DbMcusAds:125 - Set database path to: C:\Users\draut\.stmcufinder\plugins\mcufinder//mcu/
2024-06-16 18:39:10,358 [WARN] DbFile:41 - Overriding database path with different value: C:\Users\draut\.stmcufinder\plugins\mcufinder/ => C:\Users\draut\.stmcufinder\plugins\mcufinder
2024-06-16 18:39:10,358 [WARN] DbFile:41 - Overriding database path with different value: C:\Users\draut\.stmcufinder\plugins\mcufinder/ => C:\Users\draut\.stmcufinder\plugins\mcufinder
2024-06-16 18:39:10,358 [INFO] CrossReferenceDbSqlite:203 - Set database path to: C:\Users\draut\.stmcufinder\plugins\mcufinder//mcu/cs/
2024-06-16 18:39:10,430 [INFO] MainPanel:253 - HeapMemory: 588251136
2024-06-16 18:39:10,503 [INFO] DbMcusXml:78 - Set database path to: C:\ST\STM32CubeIDE_1.12.1\STM32CubeIDE\plugins\com.st.stm32cube.common.mx_6.8.1.202304191431\\db\/mcu/
2024-06-16 18:39:10,503 [INFO] ApiDb:274 - Set plugin database path to: C:\ST\STM32CubeIDE_1.12.1\STM32CubeIDE\plugins\com.st.stm32cube.common.mx_6.8.1.202304191431\\db\/plugins/boardmanager/
2024-06-16 18:39:10,503 [INFO] ApiDb:261 - Set plugin images path to: C:\ST\STM32CubeIDE_1.12.1\STM32CubeIDE\plugins\com.st.stm32cube.common.mx_6.8.1.202304191431\\db\/plugins/mcufinder/images/
2024-06-16 18:39:10,504 [WARN] DbFile:41 - Overriding database path with different value: C:\Users\draut\.stmcufinder\plugins\mcufinder/ => C:\Users\draut\.stmcufinder\plugins\mcufinder
2024-06-16 18:39:10,504 [INFO] ApiDb:250 - Set database path to: C:\Users\draut\.stmcufinder\plugins\mcufinder//mcu/
2024-06-16 18:39:10,504 [WARN] DbFile:41 - Overriding database path with different value: C:\Users\draut\.stmcufinder\plugins\mcufinder/ => C:\Users\draut\.stmcufinder\plugins\mcufinder
2024-06-16 18:39:10,504 [INFO] DbMcusAds:125 - Set database path to: C:\Users\draut\.stmcufinder\plugins\mcufinder//mcu/
2024-06-16 18:39:10,504 [WARN] DbFile:41 - Overriding database path with different value: C:\Users\draut\.stmcufinder\plugins\mcufinder/ => C:\Users\draut\.stmcufinder\plugins\mcufinder
2024-06-16 18:39:10,504 [WARN] DbFile:41 - Overriding database path with different value: C:\Users\draut\.stmcufinder\plugins\mcufinder/ => C:\Users\draut\.stmcufinder\plugins\mcufinder
2024-06-16 18:39:10,504 [INFO] CrossReferenceDbSqlite:203 - Set database path to: C:\Users\draut\.stmcufinder\plugins\mcufinder//mcu/cs/
2024-06-16 18:39:10,520 [INFO] ApplicationProperties:184 - Using Application install path: C:\ST\STM32CubeIDE_1.12.1\STM32CubeIDE\plugins\com.st.stm32cube.common.mx_6.8.1.202304191431
2024-06-16 18:39:10,521 [INFO] PluginManage:196 - Search for loadable plugins [exclusion list=, ]
2024-06-16 18:39:10,522 [INFO] PluginManage:310 - Check plugin analytics
2024-06-16 18:39:10,638 [INFO] AnalyticsPlugin:253 - Accepted Software Licenses: STM32CubeMX.6.9.1
2024-06-16 18:39:10,638 [INFO] AnalyticsPlugin:255 - Accepted CMSIS Pack Licenses: 
2024-06-16 18:39:10,638 [INFO] AnalyticsPlugin:257 - Accepted Firmware Licenses: FW.F4.1.27.0,FW.WB.1.16.0
2024-06-16 18:39:10,643 [INFO] PluginManage:359 - Loaded plugin analytics (category:tool,tabindex:-1)
2024-06-16 18:39:10,643 [INFO] PluginManage:310 - Check plugin cadmodel
2024-06-16 18:39:10,648 [INFO] CADModel:105 - Init CAD model plugin
2024-06-16 18:39:10,649 [INFO] PluginManage:359 - Loaded plugin cadmodel (category:power,tabindex:5)
2024-06-16 18:39:10,649 [INFO] PluginManage:310 - Check plugin clock
2024-06-16 18:39:10,656 [INFO] PluginManage:359 - Loaded plugin clock (category:base,tabindex:2)
2024-06-16 18:39:10,656 [INFO] PluginManage:310 - Check plugin ddr
2024-06-16 18:39:10,658 [INFO] PluginManage:359 - Loaded plugin ddr (category:tool,tabindex:6)
2024-06-16 18:39:10,658 [INFO] PluginManage:310 - Check plugin filemanager
2024-06-16 18:39:10,764 [INFO] PluginManage:359 - Loaded plugin filemanager (category:base,tabindex:10)
2024-06-16 18:39:10,764 [INFO] PluginManage:310 - Check plugin ipmanager
2024-06-16 18:39:10,770 [INFO] PluginManage:359 - Loaded plugin ipmanager (category:base,tabindex:5)
2024-06-16 18:39:10,770 [INFO] PluginManage:310 - Check plugin lpbam
2024-06-16 18:39:10,779 [INFO] PluginManage:359 - Loaded plugin lpbam (category:base,tabindex:0)
2024-06-16 18:39:10,779 [INFO] PluginManage:310 - Check plugin pinoutandconfiguration
2024-06-16 18:39:10,785 [INFO] PluginManage:359 - Loaded plugin pinoutandconfiguration (category:base,tabindex:1)
2024-06-16 18:39:10,785 [INFO] PluginManage:310 - Check plugin pinoutconfig
2024-06-16 18:39:10,864 [WARN] SupportedApi:132 - Cannot load RTOS API schema: s4s-elt-must-match.1: The content of 'definitions' must match (annotation?, (simpleType | complexType)?, (unique | key | keyref)*)). A problem was found starting at: attribute.
2024-06-16 18:39:10,958 [INFO] PluginManage:359 - Loaded plugin pinoutconfig (category:base,tabindex:0)
2024-06-16 18:39:10,959 [INFO] PluginManage:310 - Check plugin power
2024-06-16 18:39:10,968 [INFO] PluginManage:359 - Loaded plugin power (category:power,tabindex:4)
2024-06-16 18:39:10,968 [INFO] PluginManage:310 - Check plugin projectmanager
2024-06-16 18:39:10,979 [INFO] PluginManage:359 - Loaded plugin projectmanager (category:projectmanager,tabindex:3)
2024-06-16 18:39:10,979 [INFO] PluginManage:310 - Check plugin thirdparty
2024-06-16 18:39:11,071 [INFO] PluginManage:359 - Loaded plugin thirdparty (category:base,tabindex:-1)
2024-06-16 18:39:11,071 [WARN] IntegrityCheckThread:84 - waiting for thirdparty lock release [integrity check]
2024-06-16 18:39:11,071 [INFO] PluginManage:310 - Check plugin tools
2024-06-16 18:39:11,072 [INFO] IntegrityCheckThread:86 - entering critical section [integrity check]
2024-06-16 18:39:11,072 [INFO] ThirdPartyUpdaterWithRetryManager:70 - Updater plugin not ready yet. [1/15]
2024-06-16 18:39:11,073 [INFO] PluginManage:359 - Loaded plugin tools (category:base,tabindex:7)
2024-06-16 18:39:11,073 [INFO] PluginManage:310 - Check plugin tutovideos
2024-06-16 18:39:11,229 [INFO] PluginManage:359 - Loaded plugin tutovideos (category:base,tabindex:-1)
2024-06-16 18:39:11,229 [INFO] PluginManage:310 - Check plugin updater
2024-06-16 18:39:11,242 [INFO] PluginManage:359 - Loaded plugin updater (category:base,tabindex:12)
2024-06-16 18:39:11,242 [INFO] PluginManage:283 - PluginManage : Loaded plugins [15]
2024-06-16 18:39:11,457 [INFO] PinOutPanel:1499 - setPackage(No Configuration,No Configuration)
2024-06-16 18:39:11,510 [INFO] CADModel:165 - CPN selected for project level
2024-06-16 18:39:11,510 [INFO] CADModel:114 - Register for checkConnection events
2024-06-16 18:39:11,524 [INFO] IPUIPlugin:80 - create IPUIPlugin
2024-06-16 18:39:11,524 [INFO] PluginManager:220 - loadIPPluginJar : add adc
2024-06-16 18:39:11,527 [INFO] IPUIPlugin:80 - create IPUIPlugin
2024-06-16 18:39:11,527 [INFO] PluginManager:220 - loadIPPluginJar : add aes
2024-06-16 18:39:11,529 [INFO] IPUIPlugin:80 - create IPUIPlugin
2024-06-16 18:39:11,530 [INFO] PluginManager:220 - loadIPPluginJar : add can
2024-06-16 18:39:11,530 [INFO] IPUIPlugin:80 - create IPUIPlugin
2024-06-16 18:39:11,530 [INFO] PluginManager:220 - loadIPPluginJar : add comp
2024-06-16 18:39:11,534 [INFO] IPUIPlugin:80 - create IPUIPlugin
2024-06-16 18:39:11,534 [INFO] PluginManager:220 - loadIPPluginJar : add cryp
2024-06-16 18:39:11,536 [INFO] IPUIPlugin:80 - create IPUIPlugin
2024-06-16 18:39:11,536 [INFO] PluginManager:220 - loadIPPluginJar : add dfsdm
2024-06-16 18:39:11,542 [INFO] IPUIPlugin:80 - create IPUIPlugin
2024-06-16 18:39:11,542 [INFO] PluginManager:220 - loadIPPluginJar : add dma
2024-06-16 18:39:11,544 [INFO] IPUIPlugin:80 - create IPUIPlugin
2024-06-16 18:39:11,544 [INFO] PluginManager:220 - loadIPPluginJar : add dma3
2024-06-16 18:39:11,546 [INFO] IPUIPlugin:80 - create IPUIPlugin
2024-06-16 18:39:11,546 [INFO] PluginManager:220 - loadIPPluginJar : add fatfs
2024-06-16 18:39:11,550 [INFO] IPUIPlugin:80 - create IPUIPlugin
2024-06-16 18:39:11,550 [INFO] PluginManager:220 - loadIPPluginJar : add fmc
2024-06-16 18:39:11,555 [INFO] IPUIPlugin:80 - create IPUIPlugin
2024-06-16 18:39:11,555 [INFO] PluginManager:220 - loadIPPluginJar : add freertos
2024-06-16 18:39:11,556 [INFO] IPUIPlugin:80 - create IPUIPlugin
2024-06-16 18:39:11,557 [INFO] PluginManager:220 - loadIPPluginJar : add genericplugin
2024-06-16 18:39:11,558 [INFO] IPUIPlugin:80 - create IPUIPlugin
2024-06-16 18:39:11,558 [INFO] PluginManager:220 - loadIPPluginJar : add gfxmmu
2024-06-16 18:39:11,564 [INFO] IPUIPlugin:80 - create IPUIPlugin
2024-06-16 18:39:11,564 [INFO] PluginManager:220 - loadIPPluginJar : add gic
2024-06-16 18:39:11,568 [INFO] IPUIPlugin:80 - create IPUIPlugin
2024-06-16 18:39:11,568 [INFO] PluginManager:220 - loadIPPluginJar : add gpio
2024-06-16 18:39:11,571 [INFO] IPUIPlugin:80 - create IPUIPlugin
2024-06-16 18:39:11,571 [INFO] PluginManager:220 - loadIPPluginJar : add gtzc
2024-06-16 18:39:11,572 [INFO] IPUIPlugin:80 - create IPUIPlugin
2024-06-16 18:39:11,572 [INFO] PluginManager:220 - loadIPPluginJar : add hash
2024-06-16 18:39:11,575 [INFO] IPUIPlugin:80 - create IPUIPlugin
2024-06-16 18:39:11,575 [INFO] PluginManager:220 - loadIPPluginJar : add i2c
2024-06-16 18:39:11,577 [INFO] IPUIPlugin:80 - create IPUIPlugin
2024-06-16 18:39:11,577 [INFO] PluginManager:220 - loadIPPluginJar : add i2s
2024-06-16 18:39:11,580 [INFO] IPUIPlugin:80 - create IPUIPlugin
2024-06-16 18:39:11,580 [INFO] PluginManager:220 - loadIPPluginJar : add i3c
2024-06-16 18:39:11,583 [INFO] IPUIPlugin:80 - create IPUIPlugin
2024-06-16 18:39:11,583 [INFO] PluginManager:220 - loadIPPluginJar : add ipddr
2024-06-16 18:39:11,591 [INFO] IPUIPlugin:80 - create IPUIPlugin
2024-06-16 18:39:11,591 [INFO] PluginManager:220 - loadIPPluginJar : add linkedlist
2024-06-16 18:39:11,593 [INFO] IPUIPlugin:80 - create IPUIPlugin
2024-06-16 18:39:11,593 [INFO] PluginManager:220 - loadIPPluginJar : add lorawan
2024-06-16 18:39:11,594 [INFO] IPUIPlugin:80 - create IPUIPlugin
2024-06-16 18:39:11,594 [INFO] PluginManager:220 - loadIPPluginJar : add ltdc
2024-06-16 18:39:11,600 [INFO] IPUIPlugin:80 - create IPUIPlugin
2024-06-16 18:39:11,600 [INFO] PluginManager:220 - loadIPPluginJar : add mdma
2024-06-16 18:39:11,603 [INFO] IPUIPlugin:80 - create IPUIPlugin
2024-06-16 18:39:11,603 [INFO] PluginManager:220 - loadIPPluginJar : add nvic
2024-06-16 18:39:11,606 [INFO] IPUIPlugin:80 - create IPUIPlugin
2024-06-16 18:39:11,606 [INFO] PluginManager:220 - loadIPPluginJar : add opamp
2024-06-16 18:39:11,608 [INFO] IPUIPlugin:80 - create IPUIPlugin
2024-06-16 18:39:11,608 [INFO] PluginManager:220 - loadIPPluginJar : add openamp
2024-06-16 18:39:11,610 [INFO] IPUIPlugin:80 - create IPUIPlugin
2024-06-16 18:39:11,610 [INFO] PluginManager:220 - loadIPPluginJar : add pdm2pcm
2024-06-16 18:39:11,615 [INFO] IPUIPlugin:80 - create IPUIPlugin
2024-06-16 18:39:11,617 [INFO] PluginManager:220 - loadIPPluginJar : add plateformsettings
2024-06-16 18:39:11,618 [INFO] IPUIPlugin:80 - create IPUIPlugin
2024-06-16 18:39:11,618 [INFO] PluginManager:220 - loadIPPluginJar : add quadspi
2024-06-16 18:39:11,622 [INFO] IPUIPlugin:80 - create IPUIPlugin
2024-06-16 18:39:11,622 [INFO] PluginManager:220 - loadIPPluginJar : add resmgrutility
2024-06-16 18:39:11,624 [INFO] IPUIPlugin:80 - create IPUIPlugin
2024-06-16 18:39:11,625 [INFO] PluginManager:220 - loadIPPluginJar : add sai
2024-06-16 18:39:11,626 [INFO] IPUIPlugin:80 - create IPUIPlugin
2024-06-16 18:39:11,626 [INFO] PluginManager:220 - loadIPPluginJar : add spi
2024-06-16 18:39:11,630 [INFO] IPUIPlugin:80 - create IPUIPlugin
2024-06-16 18:39:11,630 [INFO] PluginManager:220 - loadIPPluginJar : add stm32_wpan
2024-06-16 18:39:11,631 [INFO] IPUIPlugin:80 - create IPUIPlugin
2024-06-16 18:39:11,632 [INFO] PluginManager:220 - loadIPPluginJar : add tim
2024-06-16 18:39:11,634 [INFO] IPUIPlugin:80 - create IPUIPlugin
2024-06-16 18:39:11,634 [INFO] PluginManager:220 - loadIPPluginJar : add touchsensing
2024-06-16 18:39:11,635 [INFO] IPUIPlugin:80 - create IPUIPlugin
2024-06-16 18:39:11,635 [INFO] PluginManager:220 - loadIPPluginJar : add tracer_emb
2024-06-16 18:39:11,637 [INFO] IPUIPlugin:80 - create IPUIPlugin
2024-06-16 18:39:11,637 [INFO] PluginManager:220 - loadIPPluginJar : add ts
2024-06-16 18:39:11,638 [INFO] IPUIPlugin:80 - create IPUIPlugin
2024-06-16 18:39:11,638 [INFO] PluginManager:220 - loadIPPluginJar : add tsc
2024-06-16 18:39:11,640 [INFO] IPUIPlugin:80 - create IPUIPlugin
2024-06-16 18:39:11,640 [INFO] PluginManager:220 - loadIPPluginJar : add ucpd
2024-06-16 18:39:11,643 [INFO] IPUIPlugin:80 - create IPUIPlugin
2024-06-16 18:39:11,643 [INFO] PluginManager:220 - loadIPPluginJar : add usart
2024-06-16 18:39:11,645 [INFO] IPUIPlugin:80 - create IPUIPlugin
2024-06-16 18:39:11,645 [INFO] PluginManager:220 - loadIPPluginJar : add usbx
2024-06-16 18:39:11,755 [INFO] CADModel:165 - CPN selected for project level
2024-06-16 18:39:11,755 [INFO] CADModel:114 - Register for checkConnection events
2024-06-16 18:39:11,755 [FATAL] Updater:308 - Updater called before beeing initialized
2024-06-16 18:39:11,755 [ERROR] CADModel:125 - Updater not yet initialized, retry later 
2024-06-16 18:39:11,870 [INFO] CADModel:165 - CPN selected for project level
2024-06-16 18:39:11,870 [INFO] CADModel:114 - Register for checkConnection events
2024-06-16 18:39:11,870 [FATAL] Updater:308 - Updater called before beeing initialized
2024-06-16 18:39:11,870 [ERROR] CADModel:125 - Updater not yet initialized, retry later 
2024-06-16 18:39:11,872 [FATAL] Updater:308 - Updater called before beeing initialized
2024-06-16 18:39:11,948 [FATAL] Updater:308 - Updater called before beeing initialized
2024-06-16 18:39:11,955 [INFO] DbMcusAds:53 - JSON generation date=Thu May 16 17:22:00 SGT 2024 (1715851320852)
2024-06-16 18:39:11,955 [FATAL] Updater:308 - Updater called before beeing initialized
2024-06-16 18:39:11,989 [WARN] DetailPanel:346 - Failed to get advertising image, set to default
2024-06-16 18:39:12,091 [FATAL] Updater:308 - Updater called before beeing initialized
2024-06-16 18:39:12,092 [FATAL] Updater:308 - Updater called before beeing initialized
2024-06-16 18:39:12,092 [FATAL] Updater:308 - Updater called before beeing initialized
2024-06-16 18:39:12,092 [WARN] DetailPanel:346 - Failed to get advertising image, set to default
2024-06-16 18:39:12,092 [FATAL] Updater:308 - Updater called before beeing initialized
2024-06-16 18:39:12,127 [ERROR] Updater:1120 - MainUpdater not yet initialized. External WinMGr cannot be set.
2024-06-16 18:39:12,130 [INFO] Updater:1056 - Updater Version found : 6.8.1
2024-06-16 18:39:12,144 [INFO] ApplicationProperties:184 - Using Application install path: C:\ST\STM32CubeIDE_1.12.1\STM32CubeIDE\plugins\com.st.stm32cube.common.mx_6.8.1.202304191431
2024-06-16 18:39:12,727 [INFO] MainUpdater:2854 - connection check result : 10
2024-06-16 18:39:12,727 [INFO] MainUpdater:283 - Updater Check For Update Now.
2024-06-16 18:39:12,727 [INFO] MicroXplorer:498 - Change Database Version : DB.6.0.81
2024-06-16 18:39:12,887 [INFO] CheckServerUpdateThread:120 - End of CheckServer Thread
2024-06-16 18:39:12,946 [INFO] MainUpdater:2854 - connection check result : 10
2024-06-16 18:39:13,213 [INFO] ApiDb:581 - Connected to CubeFinder SQLite database (C:\Users\draut\.stmcufinder\plugins\mcufinder\mcu\cube-finder-db.db)
2024-06-16 18:39:13,282 [INFO] ApiDb:668 - CubeFinder database Data Model version=2.1
2024-06-16 18:39:13,282 [INFO] ApiDb:669 - CubeFinder database Configuration version=3.0.39
2024-06-16 18:39:13,282 [INFO] ApiDb:670 - CubeFinder database generation date=2024-06-07 (1717689626)
2024-06-16 18:39:13,282 [INFO] ApiDb:671 - CubeFinder database FW Pack versions=[FP-ATR-ASTRA1_V2.0.0, FP-SNS-FLIGHT1_V5.0.2, FP-SNS-MOTENV1_V5.0.0, FP-SNS-MOTENVWB1_V1.4.0, FP-SNS-SMARTAG2_V1.2.0, STM32Cube_FW_C0_V1.2.0, STM32Cube_FW_F4_V1.28.0, STM32Cube_FW_F7_V1.17.2, STM32Cube_FW_G0_V1.6.2, STM32Cube_FW_G4_V1.6.0, STM32Cube_FW_H5_V1.3.0, STM32Cube_FW_H7RS_V1.1.0, STM32Cube_FW_H7_V1.11.2, STM32Cube_FW_L0_V1.12.2, STM32Cube_FW_L5_V1.5.1, STM32Cube_FW_U0_V1.1.0, STM32Cube_FW_U5_V1.6.0, STM32Cube_FW_WB0_V1.0.0, STM32Cube_FW_WBA_V1.4.0, STM32Cube_FW_WB_V1.20.0, STM32Cube_FW_WL_V1.3.0, X-CUBE-ALGOBUILD_V1.4.0, X-CUBE-ALS_V1.0.2, X-CUBE-AZRTOS-F4_V1.1.0, X-CUBE-AZRTOS-F7_V1.1.0, X-CUBE-AZRTOS-G0_V1.1.0, X-CUBE-AZRTOS-G4_V2.0.0, X-CUBE-AZRTOS-H7RS_V1.0.0, X-CUBE-AZRTOS-H7_V3.2.0, X-CUBE-AZRTOS-L4_V2.0.0, X-CUBE-AZRTOS-L5_V1.1.0, X-CUBE-AZRTOS-WB_V2.0.0, X-CUBE-AZRTOS-WL_V2.0.0, X-CUBE-BLE1_V7.0.0, X-CUBE-BLE2_V3.3.0, X-CUBE-BLEMGR_V3.1.0, X-CUBE-EEPRMA1_V5.1.0, X-CUBE-FREERTOS_V1.2.0, X-CUBE-GNSS1_V6.0.0, X-CUBE-MEMS1_V10.0.0, X-CUBE-NFC4_V3.0.0, X-CUBE-NFC7_V1.0.1, X-CUBE-SFXS2LP1_V4.0.0, X-CUBE-SUBG2_V5.0.0, X-CUBE-TOF1_V3.4.1]
2024-06-16 18:39:13,407 [INFO] DbBoardsSqlite:226 - include board P-NUCLEO-WB55-NUCLEO as a kit item of type 'Nucleo-64'
2024-06-16 18:39:13,407 [INFO] DbBoardsSqlite:226 - include board P-NUCLEO-WB55-USBDONGLE as a kit item of type 'Nucleo USB Dongle'
2024-06-16 18:39:13,408 [INFO] DbBoardsSqlite:226 - include board STEVAL-IDP005V1 as a kit item of type 'Evaluation Board'
2024-06-16 18:39:13,408 [INFO] DbBoardsSqlite:226 - include board STEVAL-IDP005V2 as a kit item of type 'Evaluation Board'
2024-06-16 18:39:13,666 [INFO] ApiDb:240 - Found 297 in-development CPN: [B-G473E-ZEST1S, B-WB1M-WPAN1, B-WL5M-SUBG1, NUCLEO-C031C6, NUCLEO-H503RB, NUCLEO-H563ZI, NUCLEO-U545RE-Q, NUCLEO-U5A5ZJ-Q, NUCLEO-WBA52CG, STEVAL-PROTEUS1, STEVAL-STWINBX1, STM320518-EVAL, STM32C0116-DK, STM32C011D6Y3TR, STM32C011D6Y6TR, STM32C011F4P3, STM32C011F4P6, STM32C011F4U3, STM32C011F4U6TR, STM32C011F6P3, STM32C011F6P6, STM32C011F6U3, STM32C011F6U6TR, STM32C011J4M3, STM32C011J4M6, STM32C011J6M3, STM32C011J6M6, STM32C0316-DK, STM32C031C4T3, STM32C031C4T6, STM32C031C4U3, STM32C031C4U6, STM32C031C6T3, STM32C031C6T6, STM32C031C6U3, STM32C031C6U6, STM32C031F4P3, STM32C031F4P6, STM32C031F6P3, STM32C031F6P6, STM32C031G4U3, STM32C031G4U6, STM32C031G6U3, STM32C031G6U6, STM32C031K4T3, STM32C031K4T6, STM32C031K4U3, STM32C031K4U6, STM32C031K6T3, STM32C031K6T6, STM32C031K6U3, STM32C031K6U6, STM32G071K8TXN, STM32G071K8UXN, STM32G081GBU6N, STM32G081KBT6N, STM32G081KBUXN, STM32G0B1CCT6N, STM32G0B1KCT6, STM32G0B1NEY6TR, STM32G0B1RCT6N, STM32G0C1CCT6, STM32G0C1CCT6N, STM32G0C1CCU6N, STM32G0C1CET6N, STM32G0C1CEU6N, STM32G0C1KCT6, STM32G0C1NEY6TR, STM32G0C1RCI6N, STM32G0C1RCT6N, STM32G0C1REI6N, STM32G0C1RET6N, STM32G0C1VCI6, STM32G0C1VEI6, STM32G471CCT6, STM32G471CCU6, STM32G471CET3, STM32G471CET6, STM32G471CEU3, STM32G471CEU6, STM32G471MCT6, STM32G471MET3, STM32G471MET6, STM32G471MEY6TR, STM32G471QCT6, STM32G471QET3, STM32G471RCT6, STM32G471RET3, STM32G471RET6, STM32G471VCH6, STM32G471VCI6, STM32G471VCT6, STM32G471VEH3, STM32G471VEH6, STM32G471VEI3, STM32G471VEI6, STM32G471VET3, STM32G471VET6, STM32G474CCT6, STM32H503CBT6, STM32H503CBU6, STM32H503EBY6TR, STM32H503KBU6, STM32H503RBT6, STM32H562AGI6, STM32H562AII6, STM32H562IGK6, STM32H562IGT6, STM32H562IIK6, STM32H562IIT6, STM32H562RGT6, STM32H562RGV6, STM32H562RIT6, STM32H562RIV6, STM32H562VGT6, STM32H562VIT6, STM32H562ZGT6, STM32H562ZIT6, STM32H563AGI6, STM32H563AII3Q, STM32H563AII6, STM32H563IGK6, STM32H563IGT6, STM32H563IIK3Q, STM32H563IIK6, STM32H563IIT3Q, STM32H563IIT6, STM32H563MIY3QTR, STM32H563RGT6, STM32H563RGV6, STM32H563RIT6, STM32H563RIV6, STM32H563VGT6, STM32H563VIT3Q, STM32H563VIT6, STM32H563ZGT6, STM32H563ZIT3Q, STM32H563ZIT6, STM32H573AII3Q, STM32H573AII6, STM32H573I-DK, STM32H573IIK3Q, STM32H573IIK6, STM32H573IIT3Q, STM32H573IIT6, STM32H573MIY3QTR, STM32H573RIT6, STM32H573RIV6, STM32H573VIT3Q, STM32H573VIT6, STM32H573ZIT3Q, STM32H573ZIT6, STM32L4R5QGI6STR, STM32MP131AAE3, STM32MP131AAF3, STM32MP131AAG3, STM32MP131CAE3, STM32MP131CAF3, STM32MP131CAG3, STM32MP131DAE7, STM32MP131DAF7, STM32MP131DAG7, STM32MP131FAE7, STM32MP131FAF7, STM32MP131FAG7, STM32MP133AAE3, STM32MP133AAF3, STM32MP133AAG3, STM32MP133CAE3, STM32MP133CAF3, STM32MP133CAG3, STM32MP133DAE7, STM32MP133DAF7, STM32MP133DAG7, STM32MP133FAE7, STM32MP133FAF7, STM32MP133FAG7, STM32MP135AAE3, STM32MP135AAF3, STM32MP135AAG3, STM32MP135CAE3, STM32MP135CAF3, STM32MP135CAG3, STM32MP135DAE7, STM32MP135DAF7, STM32MP135DAG7, STM32MP135F-DK, STM32MP135FAE7, STM32MP135FAF7, STM32MP135FAF7T, STM32MP135FAF7U, STM32MP135FAG7, STM32U535CBT6, STM32U535CBT6Q, STM32U535CBU6, STM32U535CBU6Q, STM32U535CCT6, STM32U535CCT6Q, STM32U535CCU6, STM32U535CCU6Q, STM32U535CET6, STM32U535CET6Q, STM32U535CEU6, STM32U535CEU6Q, STM32U535JEY6QTR, STM32U535NCY6QTR, STM32U535NEY6QTR, STM32U535RBI6, STM32U535RBI6Q, STM32U535RBT6, STM32U535RBT6Q, STM32U535RCI6, STM32U535RCI6Q, STM32U535RCT6, STM32U535RCT6Q, STM32U535REI6, STM32U535REI6Q, STM32U535RET6, STM32U535RET6Q, STM32U535VCI6, STM32U535VCI6Q, STM32U535VCT6, STM32U535VCT6Q, STM32U535VEI6, STM32U535VEI6Q, STM32U535VET6, STM32U535VET6Q, STM32U545CET6, STM32U545CET6Q, STM32U545CEU6, STM32U545CEU6Q, STM32U545JEY6QTR, STM32U545NEY6QTR, STM32U545REI6, STM32U545REI6Q, STM32U545RET6, STM32U545RET6Q, STM32U545VEI6, STM32U545VEI6Q, STM32U545VET6, STM32U545VET6Q, STM32U595AIH6, STM32U595AIH6Q, STM32U595AJH6, STM32U595AJH6Q, STM32U595QII6, STM32U595QII6Q, STM32U595QJI6, STM32U595QJI6Q, STM32U595RIT6, STM32U595RIT6Q, STM32U595RJT6, STM32U595RJT6Q, STM32U595VIT6, STM32U595VIT6Q, STM32U595VJT6, STM32U595VJT6Q, STM32U595ZIT6, STM32U595ZIT6Q, STM32U595ZIY6QTR, STM32U595ZJT6, STM32U595ZJT6Q, STM32U595ZJY6QTR, STM32U599BJY6QTR, STM32U599NIH6Q, STM32U599NJH6Q, STM32U599VIT6Q, STM32U599VJT6, STM32U599VJT6Q, STM32U599ZIT6Q, STM32U599ZIY6QTR, STM32U599ZJT6Q, STM32U599ZJY6QTR, STM32U5A5AJH6, STM32U5A5AJH6Q, STM32U5A5QJI6, STM32U5A5QJI6Q, STM32U5A5RJT6, STM32U5A5RJT6Q, STM32U5A5VJT6, STM32U5A5VJT6Q, STM32U5A5ZJT6, STM32U5A5ZJT6Q, STM32U5A5ZJY6QTR, STM32U5A9BJY6QTR, STM32U5A9J-DK, STM32U5A9NJH6Q, STM32U5A9VJT6Q, STM32U5A9ZJT6Q, STM32U5A9ZJY6QTR, STM32WB1MMCH6, STM32WBA52CEU6, STM32WBA52CEU6T, STM32WBA52CGU6, STM32WBA52CGU6T, STM32WL5MOCH6, STM32WL5MOCH6TR]
2024-06-16 18:39:13,669 [INFO] ApiDb:668 - CubeFinder database Data Model version=2.1
2024-06-16 18:39:13,670 [INFO] ApiDb:669 - CubeFinder database Configuration version=3.0.39
2024-06-16 18:39:13,670 [INFO] ApiDb:670 - CubeFinder database generation date=2024-06-07 (1717689626)
2024-06-16 18:39:13,670 [INFO] ApiDb:671 - CubeFinder database FW Pack versions=[FP-ATR-ASTRA1_V2.0.0, FP-SNS-FLIGHT1_V5.0.2, FP-SNS-MOTENV1_V5.0.0, FP-SNS-MOTENVWB1_V1.4.0, FP-SNS-SMARTAG2_V1.2.0, STM32Cube_FW_C0_V1.2.0, STM32Cube_FW_F4_V1.28.0, STM32Cube_FW_F7_V1.17.2, STM32Cube_FW_G0_V1.6.2, STM32Cube_FW_G4_V1.6.0, STM32Cube_FW_H5_V1.3.0, STM32Cube_FW_H7RS_V1.1.0, STM32Cube_FW_H7_V1.11.2, STM32Cube_FW_L0_V1.12.2, STM32Cube_FW_L5_V1.5.1, STM32Cube_FW_U0_V1.1.0, STM32Cube_FW_U5_V1.6.0, STM32Cube_FW_WB0_V1.0.0, STM32Cube_FW_WBA_V1.4.0, STM32Cube_FW_WB_V1.20.0, STM32Cube_FW_WL_V1.3.0, X-CUBE-ALGOBUILD_V1.4.0, X-CUBE-ALS_V1.0.2, X-CUBE-AZRTOS-F4_V1.1.0, X-CUBE-AZRTOS-F7_V1.1.0, X-CUBE-AZRTOS-G0_V1.1.0, X-CUBE-AZRTOS-G4_V2.0.0, X-CUBE-AZRTOS-H7RS_V1.0.0, X-CUBE-AZRTOS-H7_V3.2.0, X-CUBE-AZRTOS-L4_V2.0.0, X-CUBE-AZRTOS-L5_V1.1.0, X-CUBE-AZRTOS-WB_V2.0.0, X-CUBE-AZRTOS-WL_V2.0.0, X-CUBE-BLE1_V7.0.0, X-CUBE-BLE2_V3.3.0, X-CUBE-BLEMGR_V3.1.0, X-CUBE-EEPRMA1_V5.1.0, X-CUBE-FREERTOS_V1.2.0, X-CUBE-GNSS1_V6.0.0, X-CUBE-MEMS1_V10.0.0, X-CUBE-NFC4_V3.0.0, X-CUBE-NFC7_V1.0.1, X-CUBE-SFXS2LP1_V4.0.0, X-CUBE-SUBG2_V5.0.0, X-CUBE-TOF1_V3.4.1]
2024-06-16 18:39:14,234 [WARN] PackLoader:240 - Cannot read IP mode file for STMicroelectronics.FP-SNS-MOTENVWB1.1.4.0
2024-06-16 18:39:14,242 [WARN] PackLoader:240 - Cannot read IP mode file for STMicroelectronics.X-CUBE-SMBUS.2.1.0
2024-06-16 18:39:14,245 [WARN] PackLoader:240 - Cannot read IP mode file for STMicroelectronics.X-CUBE-TOUCHGFX.4.23.2
2024-06-16 18:39:14,260 [WARN] PackLoader:240 - Cannot read IP mode file for STMicroelectronics.X-CUBE-AZRTOS-F7.1.1.0
2024-06-16 18:39:14,266 [WARN] PackLoader:240 - Cannot read IP mode file for STMicroelectronics.FP-SNS-MOTENV1.4.3.2
2024-06-16 18:39:14,270 [ERROR] RealEvaluatedCondition:428 - Found unsupported composite condition: CLASS='Data Exchange' GROUP='STM32_MetaDataManager'
2024-06-16 18:39:14,271 [ERROR] RealEvaluatedCondition:428 - Found unsupported composite condition: CLASS='Data Exchange' GROUP='STM32_MetaDataManager'
2024-06-16 18:39:14,272 [WARN] PackLoader:240 - Cannot read IP mode file for STMicroelectronics.FP-SNS-MOTENV1.4.3.1
2024-06-16 18:39:14,275 [WARN] PackLoader:240 - Cannot read IP mode file for STMicroelectronics.FP-SNS-FLIGHT1.5.0.1
2024-06-16 18:39:14,280 [WARN] PackLoader:240 - Cannot read IP mode file for STMicroelectronics.X-CUBE-BLE1.6.2.4
2024-06-16 18:39:14,282 [WARN] PackLoader:240 - Cannot read IP mode file for STMicroelectronics.FP-SNS-FLIGHT1.5.0.2
2024-06-16 18:39:14,294 [WARN] PackLoader:240 - Cannot read IP mode file for STMicroelectronics.X-CUBE-DISPLAY.3.0.0
2024-06-16 18:39:14,300 [WARN] PackLoader:240 - Cannot read IP mode file for STMicroelectronics.X-CUBE-BLE1.7.0.0
2024-06-16 18:39:14,303 [WARN] PackLoader:240 - Cannot read IP mode file for STMicroelectronics.X-CUBE-TOUCHGFX.4.22.0
2024-06-16 18:39:14,304 [WARN] PackLoader:240 - Cannot read IP mode file for STMicroelectronics.X-CUBE-TOUCHGFX.4.22.1
2024-06-16 18:39:14,310 [WARN] PackLoader:240 - Cannot read IP mode file for STMicroelectronics.X-CUBE-BLEMGR.3.1.0
2024-06-16 18:39:14,315 [WARN] PackLoader:240 - Cannot read IP mode file for STMicroelectronics.FP-SNS-SMARTAG2.1.2.0
2024-06-16 18:39:14,322 [INFO] LogOutputStream:77 - [STDOUT_REDIRECT] 1 : Invalid condition id : UX_CORESTACK_Condition cause : null
2024-06-16 18:39:14,323 [INFO] LogOutputStream:77 - [STDOUT_REDIRECT] 1 : Invalid condition id : UX_CORESTACK_Condition cause : null
2024-06-16 18:39:14,323 [INFO] LogOutputStream:77 - [STDOUT_REDIRECT] 1 : Invalid condition id : UX_CORESTACK_Condition cause : null
2024-06-16 18:39:14,324 [INFO] LogOutputStream:77 - [STDOUT_REDIRECT] 1 : Invalid condition id : UX_CORESTACK_Condition cause : null
2024-06-16 18:39:14,325 [INFO] LogOutputStream:77 - [STDOUT_REDIRECT] 1 : Invalid condition id : UX_CORESTACK_Condition cause : null
2024-06-16 18:39:14,327 [WARN] PackLoader:240 - Cannot read IP mode file for STMicroelectronics.X-CUBE-AZRTOS-WL.2.0.0
2024-06-16 18:39:14,331 [WARN] PackLoader:240 - Cannot read IP mode file for STMicroelectronics.FP-SNS-MOTENV1.5.0.0
2024-06-16 18:39:14,334 [WARN] PackLoader:240 - Cannot read IP mode file for wolfSSL.I-CUBE-wolfMQTT.1.19.0
2024-06-16 18:39:14,339 [WARN] PackLoader:240 - Cannot read IP mode file for WES.I-CUBE-Cesium.1.3.0
2024-06-16 18:39:14,343 [WARN] PackLoader:240 - Cannot read IP mode file for STMicroelectronics.X-CUBE-BLE2.3.3.0
2024-06-16 18:39:14,347 [WARN] PackLoader:240 - Cannot read IP mode file for STMicroelectronics.X-CUBE-TCPP.4.1.0
2024-06-16 18:39:14,349 [WARN] PackLoader:240 - Cannot read IP mode file for STMicroelectronics.X-CUBE-TOUCHGFX.4.21.4
2024-06-16 18:39:14,353 [WARN] PackLoader:240 - Cannot read IP mode file for STMicroelectronics.X-CUBE-ALGOBUILD.1.3.0
2024-06-16 18:39:14,370 [WARN] PackLoader:240 - Cannot read IP mode file for STMicroelectronics.X-CUBE-AZRTOS-G0.1.1.0
2024-06-16 18:39:14,375 [WARN] PackLoader:240 - Cannot read IP mode file for STMicroelectronics.X-CUBE-SAFEA1.1.2.2
2024-06-16 18:39:14,380 [WARN] PackLoader:240 - Cannot read IP mode file for STMicroelectronics.X-CUBE-NFC4.3.0.0
2024-06-16 18:39:14,389 [WARN] PackLoader:240 - Cannot read IP mode file for STMicroelectronics.X-CUBE-BLEMGR.3.0.0
2024-06-16 18:39:14,394 [WARN] PackLoader:240 - Cannot read IP mode file for STMicroelectronics.FP-ATR-SIGFOX1.3.2.0
2024-06-16 18:39:14,400 [WARN] PackLoader:240 - Cannot read IP mode file for STMicroelectronics.X-CUBE-EEPRMA1.5.1.0
2024-06-16 18:39:14,427 [WARN] PackLoader:240 - Cannot read IP mode file for SEGGER.I-CUBE-embOS.1.3.1
2024-06-16 18:39:14,474 [WARN] PackLoader:240 - Cannot read IP mode file for STMicroelectronics.X-CUBE-ALGOBUILD.1.4.0
2024-06-16 18:39:14,480 [WARN] PackLoader:240 - Cannot read IP mode file for STMicroelectronics.X-CUBE-GNSS1.6.0.0
2024-06-16 18:39:14,495 [WARN] PackLoader:240 - Cannot read IP mode file for STMicroelectronics.X-CUBE-AZRTOS-F4.1.1.0
2024-06-16 18:39:14,500 [WARN] PackLoader:240 - Cannot read IP mode file for wolfSSL.I-CUBE-wolfSSL.5.6.0
2024-06-16 18:39:14,504 [WARN] PackLoader:240 - Cannot read IP mode file for STMicroelectronics.X-CUBE-FREERTOS.1.2.0
2024-06-16 18:39:14,519 [WARN] PackLoader:240 - Cannot read IP mode file for STMicroelectronics.X-CUBE-AZRTOS-L5.2.0.0
2024-06-16 18:39:14,557 [WARN] PackLoader:240 - Cannot read IP mode file for STMicroelectronics.X-CUBE-MEMS1.9.6.0
2024-06-16 18:39:14,687 [WARN] PackLoader:240 - Cannot read IP mode file for STMicroelectronics.X-CUBE-EEPRMA1.4.2.0
2024-06-16 18:39:14,697 [WARN] PackLoader:240 - Cannot read IP mode file for STMicroelectronics.X-CUBE-NFC6.3.1.0
2024-06-16 18:39:14,703 [WARN] PackLoader:240 - Cannot read IP mode file for ITTIA_DB.I-CUBE-ITTIADB.8.8.0
2024-06-16 18:39:14,710 [WARN] PackLoader:240 - Cannot read IP mode file for emotas.I-CUBE-CANOPEN.1.1.3
2024-06-16 18:39:14,714 [WARN] PackLoader:240 - Cannot read IP mode file for STMicroelectronics.X-CUBE-BLEMGR.2.0.0
2024-06-16 18:39:14,723 [WARN] PackLoader:240 - Cannot read IP mode file for STMicroelectronics.X-CUBE-AI.9.0.0
2024-06-16 18:39:14,753 [WARN] ConditionMgr:438 - getConditionDescription Invalid condition id : UX DEVICE CLASS RTOS Condition cause : null
2024-06-16 18:39:14,754 [WARN] ConditionMgr:438 - getConditionDescription Invalid condition id : UX DEVICE CLASS RTOS Condition cause : null
2024-06-16 18:39:14,758 [WARN] PackLoader:240 - Cannot read IP mode file for STMicroelectronics.X-CUBE-AZRTOS-H7.3.1.0
2024-06-16 18:39:14,759 [WARN] ConditionMgr:1039 - genDependencies : Invalid condition id : UX DEVICE CLASS RTOS Condition cause : null
2024-06-16 18:39:14,759 [WARN] ConditionMgr:1039 - genDependencies : Invalid condition id : UX DEVICE CLASS RTOS Condition cause : null
2024-06-16 18:39:14,760 [WARN] ConditionMgr:1039 - genDependencies : Invalid condition id : UX DEVICE CLASS RTOS Condition cause : null
2024-06-16 18:39:14,761 [WARN] ConditionMgr:1039 - genDependencies : Invalid condition id : UX DEVICE CLASS RTOS Condition cause : null
2024-06-16 18:39:14,761 [WARN] ConditionMgr:1039 - genDependencies : Invalid condition id : UX DEVICE CLASS RTOS Condition cause : null
2024-06-16 18:39:14,769 [WARN] PackLoader:240 - Cannot read IP mode file for STMicroelectronics.X-CUBE-NFC7.1.0.1
2024-06-16 18:39:14,775 [WARN] PackLoader:240 - Cannot read IP mode file for STMicroelectronics.X-CUBE-NFC7.1.0.0
2024-06-16 18:39:14,789 [WARN] PackLoader:240 - Cannot read IP mode file for STMicroelectronics.X-CUBE-NFC6.3.0.0
2024-06-16 18:39:14,797 [WARN] PackLoader:240 - Cannot read IP mode file for STMicroelectronics.X-CUBE-EEPRMA1.4.1.0
2024-06-16 18:39:14,800 [WARN] PackLoader:240 - Cannot read IP mode file for STMicroelectronics.X-CUBE-AI.8.1.0
2024-06-16 18:39:14,817 [WARN] ConditionMgr:438 - getConditionDescription Invalid condition id : LAN8742 Phy interface Condition cause : null
2024-06-16 18:39:14,817 [WARN] PackLoader:240 - Cannot read IP mode file for STMicroelectronics.X-CUBE-AZRTOS-L4.2.0.0
2024-06-16 18:39:14,819 [WARN] ConditionMgr:1039 - genDependencies : Invalid condition id : LAN8742 Phy interface Condition cause : null
2024-06-16 18:39:14,819 [WARN] ConditionMgr:1039 - genDependencies : Invalid condition id : LAN8742 Phy interface Condition cause : null
2024-06-16 18:39:14,820 [WARN] ConditionMgr:1039 - genDependencies : Invalid condition id : LAN8742 Phy interface Condition cause : null
2024-06-16 18:39:14,829 [WARN] PackLoader:240 - Cannot read IP mode file for STMicroelectronics.X-CUBE-SFXS2LP1.4.0.0
2024-06-16 18:39:14,844 [WARN] PackLoader:240 - Cannot read IP mode file for STMicroelectronics.X-CUBE-ISPU.1.1.0
2024-06-16 18:39:14,910 [WARN] ConditionMgr:438 - getConditionDescription Invalid condition id : UX DEVICE CLASS RTOS Condition cause : null
2024-06-16 18:39:14,910 [WARN] ConditionMgr:438 - getConditionDescription Invalid condition id : UX DEVICE CLASS RTOS Condition cause : null
2024-06-16 18:39:14,912 [WARN] PackLoader:240 - Cannot read IP mode file for STMicroelectronics.X-CUBE-AZRTOS-WB.2.0.0
2024-06-16 18:39:14,913 [WARN] ConditionMgr:1039 - genDependencies : Invalid condition id : UX DEVICE CLASS RTOS Condition cause : null
2024-06-16 18:39:14,913 [WARN] ConditionMgr:1039 - genDependencies : Invalid condition id : UX DEVICE CLASS RTOS Condition cause : null
2024-06-16 18:39:14,914 [WARN] ConditionMgr:1039 - genDependencies : Invalid condition id : UX DEVICE CLASS RTOS Condition cause : null
2024-06-16 18:39:14,914 [WARN] ConditionMgr:1039 - genDependencies : Invalid condition id : UX DEVICE CLASS RTOS Condition cause : null
2024-06-16 18:39:14,914 [WARN] ConditionMgr:1039 - genDependencies : Invalid condition id : UX DEVICE CLASS RTOS Condition cause : null
2024-06-16 18:39:14,920 [WARN] PackLoader:240 - Cannot read IP mode file for STMicroelectronics.X-CUBE-FREERTOS.1.0.1
2024-06-16 18:39:14,938 [WARN] PackLoader:240 - Cannot read IP mode file for STMicroelectronics.X-CUBE-AZRTOS-L5.1.1.0
2024-06-16 18:39:14,943 [WARN] PackLoader:240 - Cannot read IP mode file for STMicroelectronics.X-CUBE-AI.8.0.1
2024-06-16 18:39:14,952 [WARN] PackLoader:240 - Cannot read IP mode file for STMicroelectronics.X-CUBE-SUBG2.5.0.0
2024-06-16 18:39:14,959 [WARN] PackLoader:240 - Cannot read IP mode file for Cesanta.I-CUBE-Mongoose.7.13.0
2024-06-16 18:39:14,968 [WARN] PackLoader:240 - Cannot read IP mode file for STMicroelectronics.X-CUBE-TOF1.3.3.1
2024-06-16 18:39:14,999 [WARN] PackLoader:240 - Cannot read IP mode file for STMicroelectronics.X-CUBE-AZRTOS-G4.2.0.0
2024-06-16 18:39:15,007 [WARN] PackLoader:240 - Cannot read IP mode file for STMicroelectronics.X-CUBE-TOF1.3.3.0
2024-06-16 18:39:15,029 [WARN] PackLoader:240 - Cannot read IP mode file for Infineon.AIROC-Wi-Fi-Bluetooth-STM32.1.5.1
2024-06-16 18:39:15,036 [WARN] PackLoader:240 - Cannot read IP mode file for STMicroelectronics.X-CUBE-ISPU.2.0.0
2024-06-16 18:39:15,039 [WARN] PackLoader:240 - Cannot read IP mode file for STMicroelectronics.X-CUBE-ALS.1.0.2
2024-06-16 18:39:15,089 [WARN] PackLoader:240 - Cannot read IP mode file for STMicroelectronics.X-CUBE-MEMS1.10.0.0
2024-06-16 18:39:15,211 [WARN] PackLoader:240 - Cannot read IP mode file for STMicroelectronics.X-CUBE-FREERTOS.1.1.0
2024-06-16 18:39:15,214 [WARN] PackLoader:240 - Cannot read IP mode file for portGmbH.I-Cube-SoM-uGOAL.1.1.0
2024-06-16 18:39:15,216 [WARN] PackLoader:240 - Cannot read IP mode file for STMicroelectronics.X-CUBE-ALS.1.0.1
2024-06-16 18:39:15,228 [WARN] PackLoader:240 - Cannot read IP mode file for STMicroelectronics.X-CUBE-AZRTOS-WB.1.1.0
2024-06-16 18:39:15,256 [WARN] PackLoader:240 - Cannot read IP mode file for STMicroelectronics.X-CUBE-AZRTOS-H7RS.1.0.0
2024-06-16 18:39:15,263 [WARN] PackLoader:240 - Cannot read IP mode file for STMicroelectronics.FP-ATR-ASTRA1.2.0.0
2024-06-16 18:39:15,274 [WARN] PackLoader:240 - Cannot read IP mode file for STMicroelectronics.X-CUBE-TOF1.3.4.1
2024-06-16 18:39:15,308 [WARN] PackLoader:240 - Cannot read IP mode file for STMicroelectronics.X-CUBE-AZRTOS-H7.3.2.0
2024-06-16 18:39:15,311 [INFO] ThirdParty:978 - Integrity check success = true
2024-06-16 18:39:15,311 [INFO] IntegrityCheckThread:100 - exiting critical section [integrity check]
2024-06-16 18:39:15,311 [INFO] IntegrityCheckThread:103 - End integrity checks thread
2024-06-16 18:39:15,641 [INFO] ApiDb:240 - Found 297 in-development CPN: [B-G473E-ZEST1S, B-WB1M-WPAN1, B-WL5M-SUBG1, NUCLEO-C031C6, NUCLEO-H503RB, NUCLEO-H563ZI, NUCLEO-U545RE-Q, NUCLEO-U5A5ZJ-Q, NUCLEO-WBA52CG, STEVAL-PROTEUS1, STEVAL-STWINBX1, STM320518-EVAL, STM32C0116-DK, STM32C011D6Y3TR, STM32C011D6Y6TR, STM32C011F4P3, STM32C011F4P6, STM32C011F4U3, STM32C011F4U6TR, STM32C011F6P3, STM32C011F6P6, STM32C011F6U3, STM32C011F6U6TR, STM32C011J4M3, STM32C011J4M6, STM32C011J6M3, STM32C011J6M6, STM32C0316-DK, STM32C031C4T3, STM32C031C4T6, STM32C031C4U3, STM32C031C4U6, STM32C031C6T3, STM32C031C6T6, STM32C031C6U3, STM32C031C6U6, STM32C031F4P3, STM32C031F4P6, STM32C031F6P3, STM32C031F6P6, STM32C031G4U3, STM32C031G4U6, STM32C031G6U3, STM32C031G6U6, STM32C031K4T3, STM32C031K4T6, STM32C031K4U3, STM32C031K4U6, STM32C031K6T3, STM32C031K6T6, STM32C031K6U3, STM32C031K6U6, STM32G071K8TXN, STM32G071K8UXN, STM32G081GBU6N, STM32G081KBT6N, STM32G081KBUXN, STM32G0B1CCT6N, STM32G0B1KCT6, STM32G0B1NEY6TR, STM32G0B1RCT6N, STM32G0C1CCT6, STM32G0C1CCT6N, STM32G0C1CCU6N, STM32G0C1CET6N, STM32G0C1CEU6N, STM32G0C1KCT6, STM32G0C1NEY6TR, STM32G0C1RCI6N, STM32G0C1RCT6N, STM32G0C1REI6N, STM32G0C1RET6N, STM32G0C1VCI6, STM32G0C1VEI6, STM32G471CCT6, STM32G471CCU6, STM32G471CET3, STM32G471CET6, STM32G471CEU3, STM32G471CEU6, STM32G471MCT6, STM32G471MET3, STM32G471MET6, STM32G471MEY6TR, STM32G471QCT6, STM32G471QET3, STM32G471RCT6, STM32G471RET3, STM32G471RET6, STM32G471VCH6, STM32G471VCI6, STM32G471VCT6, STM32G471VEH3, STM32G471VEH6, STM32G471VEI3, STM32G471VEI6, STM32G471VET3, STM32G471VET6, STM32G474CCT6, STM32H503CBT6, STM32H503CBU6, STM32H503EBY6TR, STM32H503KBU6, STM32H503RBT6, STM32H562AGI6, STM32H562AII6, STM32H562IGK6, STM32H562IGT6, STM32H562IIK6, STM32H562IIT6, STM32H562RGT6, STM32H562RGV6, STM32H562RIT6, STM32H562RIV6, STM32H562VGT6, STM32H562VIT6, STM32H562ZGT6, STM32H562ZIT6, STM32H563AGI6, STM32H563AII3Q, STM32H563AII6, STM32H563IGK6, STM32H563IGT6, STM32H563IIK3Q, STM32H563IIK6, STM32H563IIT3Q, STM32H563IIT6, STM32H563MIY3QTR, STM32H563RGT6, STM32H563RGV6, STM32H563RIT6, STM32H563RIV6, STM32H563VGT6, STM32H563VIT3Q, STM32H563VIT6, STM32H563ZGT6, STM32H563ZIT3Q, STM32H563ZIT6, STM32H573AII3Q, STM32H573AII6, STM32H573I-DK, STM32H573IIK3Q, STM32H573IIK6, STM32H573IIT3Q, STM32H573IIT6, STM32H573MIY3QTR, STM32H573RIT6, STM32H573RIV6, STM32H573VIT3Q, STM32H573VIT6, STM32H573ZIT3Q, STM32H573ZIT6, STM32L4R5QGI6STR, STM32MP131AAE3, STM32MP131AAF3, STM32MP131AAG3, STM32MP131CAE3, STM32MP131CAF3, STM32MP131CAG3, STM32MP131DAE7, STM32MP131DAF7, STM32MP131DAG7, STM32MP131FAE7, STM32MP131FAF7, STM32MP131FAG7, STM32MP133AAE3, STM32MP133AAF3, STM32MP133AAG3, STM32MP133CAE3, STM32MP133CAF3, STM32MP133CAG3, STM32MP133DAE7, STM32MP133DAF7, STM32MP133DAG7, STM32MP133FAE7, STM32MP133FAF7, STM32MP133FAG7, STM32MP135AAE3, STM32MP135AAF3, STM32MP135AAG3, STM32MP135CAE3, STM32MP135CAF3, STM32MP135CAG3, STM32MP135DAE7, STM32MP135DAF7, STM32MP135DAG7, STM32MP135F-DK, STM32MP135FAE7, STM32MP135FAF7, STM32MP135FAF7T, STM32MP135FAF7U, STM32MP135FAG7, STM32U535CBT6, STM32U535CBT6Q, STM32U535CBU6, STM32U535CBU6Q, STM32U535CCT6, STM32U535CCT6Q, STM32U535CCU6, STM32U535CCU6Q, STM32U535CET6, STM32U535CET6Q, STM32U535CEU6, STM32U535CEU6Q, STM32U535JEY6QTR, STM32U535NCY6QTR, STM32U535NEY6QTR, STM32U535RBI6, STM32U535RBI6Q, STM32U535RBT6, STM32U535RBT6Q, STM32U535RCI6, STM32U535RCI6Q, STM32U535RCT6, STM32U535RCT6Q, STM32U535REI6, STM32U535REI6Q, STM32U535RET6, STM32U535RET6Q, STM32U535VCI6, STM32U535VCI6Q, STM32U535VCT6, STM32U535VCT6Q, STM32U535VEI6, STM32U535VEI6Q, STM32U535VET6, STM32U535VET6Q, STM32U545CET6, STM32U545CET6Q, STM32U545CEU6, STM32U545CEU6Q, STM32U545JEY6QTR, STM32U545NEY6QTR, STM32U545REI6, STM32U545REI6Q, STM32U545RET6, STM32U545RET6Q, STM32U545VEI6, STM32U545VEI6Q, STM32U545VET6, STM32U545VET6Q, STM32U595AIH6, STM32U595AIH6Q, STM32U595AJH6, STM32U595AJH6Q, STM32U595QII6, STM32U595QII6Q, STM32U595QJI6, STM32U595QJI6Q, STM32U595RIT6, STM32U595RIT6Q, STM32U595RJT6, STM32U595RJT6Q, STM32U595VIT6, STM32U595VIT6Q, STM32U595VJT6, STM32U595VJT6Q, STM32U595ZIT6, STM32U595ZIT6Q, STM32U595ZIY6QTR, STM32U595ZJT6, STM32U595ZJT6Q, STM32U595ZJY6QTR, STM32U599BJY6QTR, STM32U599NIH6Q, STM32U599NJH6Q, STM32U599VIT6Q, STM32U599VJT6, STM32U599VJT6Q, STM32U599ZIT6Q, STM32U599ZIY6QTR, STM32U599ZJT6Q, STM32U599ZJY6QTR, STM32U5A5AJH6, STM32U5A5AJH6Q, STM32U5A5QJI6, STM32U5A5QJI6Q, STM32U5A5RJT6, STM32U5A5RJT6Q, STM32U5A5VJT6, STM32U5A5VJT6Q, STM32U5A5ZJT6, STM32U5A5ZJT6Q, STM32U5A5ZJY6QTR, STM32U5A9BJY6QTR, STM32U5A9J-DK, STM32U5A9NJH6Q, STM32U5A9VJT6Q, STM32U5A9ZJT6Q, STM32U5A9ZJY6QTR, STM32WB1MMCH6, STM32WBA52CEU6, STM32WBA52CEU6T, STM32WBA52CGU6, STM32WBA52CGU6T, STM32WL5MOCH6, STM32WL5MOCH6TR]
2024-06-16 18:39:15,644 [INFO] DbMcus:216 - Found 4205 MCUs, 4205 are supported
2024-06-16 18:39:15,647 [INFO] ApiDb:423 - Load user favorites file C:\Users\draut/.stm32cubeide/favorites.mcus.txt: 0 item(s)
2024-06-16 18:39:15,647 [INFO] ApiDb:427 - User favorites MCUs=[]
2024-06-16 18:39:15,647 [INFO] DbMcus:222 - Set 0 / 0 favorites MCUs
2024-06-16 18:39:15,984 [INFO] BoardInfo:880 - No configuration file found for board NUCLEO-H533RE
2024-06-16 18:39:15,984 [INFO] DbBoards:157 - Board is not supported: NUCLEO-H533RE
2024-06-16 18:39:15,994 [INFO] BoardInfo:880 - No configuration file found for board NUCLEO-H7S3L8
2024-06-16 18:39:15,994 [INFO] DbBoards:157 - Board is not supported: NUCLEO-H7S3L8
2024-06-16 18:39:16,014 [INFO] BoardInfo:880 - No configuration file found for board NUCLEO-U031R8
2024-06-16 18:39:16,014 [INFO] DbBoards:157 - Board is not supported: NUCLEO-U031R8
2024-06-16 18:39:16,015 [INFO] BoardInfo:880 - No configuration file found for board NUCLEO-U083RC
2024-06-16 18:39:16,015 [INFO] DbBoards:157 - Board is not supported: NUCLEO-U083RC
2024-06-16 18:39:16,032 [INFO] BoardInfo:880 - No configuration file found for board NUCLEO-WBA55CG
2024-06-16 18:39:16,032 [INFO] DbBoards:157 - Board is not supported: NUCLEO-WBA55CG
2024-06-16 18:39:16,040 [INFO] BoardInfo:880 - No configuration file found for board P-NUCLEO-WB55
2024-06-16 18:39:16,040 [INFO] DbBoards:157 - Kit is not supported: P-NUCLEO-WB55
2024-06-16 18:39:16,044 [INFO] BoardInfo:880 - No configuration file found for board STEVAL-BFA001V1B
2024-06-16 18:39:16,044 [INFO] DbBoards:157 - Kit is not supported: STEVAL-BFA001V1B
2024-06-16 18:39:16,045 [INFO] BoardInfo:880 - No configuration file found for board STEVAL-BFA001V2B
2024-06-16 18:39:16,045 [INFO] DbBoards:157 - Kit is not supported: STEVAL-BFA001V2B
2024-06-16 18:39:16,049 [INFO] BoardInfo:880 - No configuration file found for board STEVAL-MKBOXPRO
2024-06-16 18:39:16,049 [INFO] DbBoards:157 - Board is not supported: STEVAL-MKBOXPRO
2024-06-16 18:39:16,053 [INFO] BoardInfo:880 - No configuration file found for board STEVAL-SMARTAG2
2024-06-16 18:39:16,053 [INFO] DbBoards:157 - Board is not supported: STEVAL-SMARTAG2
2024-06-16 18:39:16,125 [INFO] BoardInfo:880 - No configuration file found for board STM32H7S78-DK
2024-06-16 18:39:16,125 [INFO] DbBoards:157 - Board is not supported: STM32H7S78-DK
2024-06-16 18:39:16,147 [INFO] BoardInfo:880 - No configuration file found for board STM32U083C-DK
2024-06-16 18:39:16,147 [INFO] DbBoards:157 - Board is not supported: STM32U083C-DK
2024-06-16 18:39:16,149 [INFO] BoardInfo:880 - No configuration file found for board STM32U5G9J-DK1
2024-06-16 18:39:16,150 [INFO] DbBoards:157 - Board is not supported: STM32U5G9J-DK1
2024-06-16 18:39:16,151 [INFO] BoardInfo:880 - No configuration file found for board STM32U5G9J-DK2
2024-06-16 18:39:16,151 [INFO] DbBoards:157 - Board is not supported: STM32U5G9J-DK2
2024-06-16 18:39:16,156 [INFO] BoardInfo:880 - No configuration file found for board STM32WBA55G-DK1
2024-06-16 18:39:16,156 [INFO] DbBoards:157 - Board is not supported: STM32WBA55G-DK1
2024-06-16 18:39:16,157 [INFO] DbBoards:161 - Found 195 boards, 180 are supported
2024-06-16 18:39:16,158 [INFO] ApiDb:423 - Load user favorites file C:\Users\draut/.stm32cubeide/favorites.boards.txt: 0 item(s)
2024-06-16 18:39:16,158 [INFO] ApiDb:427 - User favorites Boards=[]
2024-06-16 18:39:16,159 [INFO] DbBoards:190 - Set 0 / 0 favorites Boards
2024-06-16 18:39:16,159 [INFO] McuFinderGlobals:66 - Set McuFinderConnectedMode to true
2024-06-16 18:39:16,166 [INFO] MultiScanPanel:200 - Auto-refresh data requested => check proxy status ongoing
2024-06-16 18:39:16,170 [INFO] FinderPluginLoader:95 - Searching for filters in installed packs
2024-06-16 18:39:17,321 [INFO] LoadUrlFilesThread:185 - End of LoadServerUrlFiles without Thread
2024-06-16 18:39:17,333 [INFO] DetailPanel:341 - Set advertising image to C:/Users/draut/STM32Cube/Repository/\en.prom-stm32h7rs-mcu-finder.jpg
2024-06-16 18:41:22,586 [INFO] MultiScanPanel:200 - Auto-refresh data requested => check proxy status ongoing
2024-06-16 18:41:22,676 [INFO] LoadUrlFilesThread:185 - End of LoadServerUrlFiles without Thread
2024-06-16 18:41:22,676 [INFO] DetailPanel:341 - Set advertising image to C:/Users/draut/STM32Cube/Repository/\en.prom-stm32h7rs-mcu-finder.jpg
2024-06-16 18:41:57,250 [INFO] McuFinderGlobals:66 - Set McuFinderConnectedMode to true
2024-06-16 18:41:57,251 [INFO] ApiDb:448 - Save user favorites file C:\Users\draut/.stm32cubeide/favorites.mcus.txt: 0 item(s)
2024-06-16 18:41:57,251 [INFO] ApiDb:452 - User favorites MCUs=[]
2024-06-16 18:41:57,254 [INFO] ApiDb:448 - Save user favorites file C:\Users\draut/.stm32cubeide/favorites.boards.txt: 0 item(s)
2024-06-16 18:41:57,254 [INFO] ApiDb:452 - User favorites Boards=[]
2024-06-16 18:46:07,271 [ERROR] LogOutputStream:75 - [STDERR_REDIRECT] Warning: NLS missing message: ExternalToolsPreferencePage_External_tool_project_builders_migration_2 in: org.eclipse.ui.externaltools.internal.ui.ExternalToolsUIMessages
2024-06-16 18:46:07,273 [ERROR] LogOutputStream:75 - [STDERR_REDIRECT] Warning: NLS missing message: ExternalToolsPreferencePage_Prompt_before_migrating_3 in: org.eclipse.ui.externaltools.internal.ui.ExternalToolsUIMessages
2024-06-16 18:46:07,275 [ERROR] LogOutputStream:75 - [STDERR_REDIRECT] Warning: NLS missing message: ExternalToolsPreferencePage_1 in: org.eclipse.ui.externaltools.internal.ui.ExternalToolsUIMessages
2024-06-16 19:25:57,262 [INFO] LogOutputStream:77 - [STDOUT_REDIRECT] StartTraceHandler.execute(), success : Collect=true
