2024-06-15 21:10:51,238 [INFO] Activator:176 - 


2024-06-15 21:10:51,239 [INFO] Activator:177 - !SESSION log4j initialized
2024-06-15 21:10:53,059 [INFO] LogOutputStream:77 - [STDOUT_REDIRECT] 
2024-06-15 21:11:13,884 [ERROR] LogOutputStream:75 - [STDERR_REDIRECT] SLF4J: Failed to load class "org.slf4j.impl.StaticLoggerBinder".
2024-06-15 21:11:13,885 [ERROR] LogOutputStream:75 - [STDERR_REDIRECT] SLF4J: Defaulting to no-operation (NOP) logger implementation
2024-06-15 21:11:13,886 [ERROR] LogOutputStream:75 - [STDERR_REDIRECT] SLF4J: See http://www.slf4j.org/codes.html#StaticLoggerBinder for further details.
2024-06-15 21:18:07,641 [INFO] Activator:176 - 


2024-06-15 21:18:07,642 [INFO] Activator:177 - !SESSION log4j initialized
2024-06-15 21:18:10,012 [INFO] LogOutputStream:77 - [STDOUT_REDIRECT] 
2024-06-15 21:18:15,725 [INFO] ApplicationProperties:184 - Using Application install path: C:\ST\STM32CubeIDE_1.12.1\STM32CubeIDE\plugins\com.st.stm32cube.common.mx_6.8.1.202304191431
2024-06-15 21:18:15,740 [INFO] DbMcusXml:78 - Set database path to: C:\ST\STM32CubeIDE_1.12.1\STM32CubeIDE\plugins\com.st.stm32cube.common.mx_6.8.1.202304191431\\db\/mcu/
2024-06-15 21:18:15,740 [INFO] ApiDb:274 - Set plugin database path to: C:\ST\STM32CubeIDE_1.12.1\STM32CubeIDE\plugins\com.st.stm32cube.common.mx_6.8.1.202304191431\\db\/plugins/boardmanager/
2024-06-15 21:18:15,741 [WARN] ApiDb:259 - Overriding images path with different value:  => C:\ST\STM32CubeIDE_1.12.1\STM32CubeIDE\plugins\com.st.stm32cube.common.mx_6.8.1.202304191431\\db\/plugins/mcufinder/images/
2024-06-15 21:18:15,756 [INFO] ApiDb:250 - Set database path to: C:\Users\draut\.stmcufinder\plugins\mcufinder//mcu/
2024-06-15 21:18:15,757 [INFO] DbMcusAds:125 - Set database path to: C:\Users\draut\.stmcufinder\plugins\mcufinder//mcu/
2024-06-15 21:18:15,758 [INFO] CrossReferenceDbSqlite:203 - Set database path to: C:\Users\draut\.stmcufinder\plugins\mcufinder//mcu/cs/
2024-06-15 21:18:15,831 [INFO] RulesReader:64 - Compatibility file has been processed (293 Rules)
2024-06-15 21:18:15,927 [INFO] DbMcusXml:78 - Set database path to: C:\ST\STM32CubeIDE_1.12.1\STM32CubeIDE\plugins\com.st.stm32cube.common.mx_6.8.1.202304191431\\db\/mcu/
2024-06-15 21:18:15,927 [INFO] ApiDb:274 - Set plugin database path to: C:\ST\STM32CubeIDE_1.12.1\STM32CubeIDE\plugins\com.st.stm32cube.common.mx_6.8.1.202304191431\\db\/plugins/boardmanager/
2024-06-15 21:18:15,928 [INFO] ApiDb:261 - Set plugin images path to: C:\ST\STM32CubeIDE_1.12.1\STM32CubeIDE\plugins\com.st.stm32cube.common.mx_6.8.1.202304191431\\db\/plugins/mcufinder/images/
2024-06-15 21:18:15,928 [WARN] DbFile:41 - Overriding database path with different value: C:\Users\draut\.stmcufinder\plugins\mcufinder/ => C:\Users\draut\.stmcufinder\plugins\mcufinder
2024-06-15 21:18:15,928 [INFO] ApiDb:250 - Set database path to: C:\Users\draut\.stmcufinder\plugins\mcufinder//mcu/
2024-06-15 21:18:15,928 [WARN] DbFile:41 - Overriding database path with different value: C:\Users\draut\.stmcufinder\plugins\mcufinder/ => C:\Users\draut\.stmcufinder\plugins\mcufinder
2024-06-15 21:18:15,928 [INFO] DbMcusAds:125 - Set database path to: C:\Users\draut\.stmcufinder\plugins\mcufinder//mcu/
2024-06-15 21:18:15,928 [WARN] DbFile:41 - Overriding database path with different value: C:\Users\draut\.stmcufinder\plugins\mcufinder/ => C:\Users\draut\.stmcufinder\plugins\mcufinder
2024-06-15 21:18:15,928 [WARN] DbFile:41 - Overriding database path with different value: C:\Users\draut\.stmcufinder\plugins\mcufinder/ => C:\Users\draut\.stmcufinder\plugins\mcufinder
2024-06-15 21:18:15,928 [INFO] CrossReferenceDbSqlite:203 - Set database path to: C:\Users\draut\.stmcufinder\plugins\mcufinder//mcu/cs/
2024-06-15 21:18:15,986 [INFO] MainPanel:253 - HeapMemory: 268435456
2024-06-15 21:18:16,056 [INFO] DbMcusXml:78 - Set database path to: C:\ST\STM32CubeIDE_1.12.1\STM32CubeIDE\plugins\com.st.stm32cube.common.mx_6.8.1.202304191431\\db\/mcu/
2024-06-15 21:18:16,057 [INFO] ApiDb:274 - Set plugin database path to: C:\ST\STM32CubeIDE_1.12.1\STM32CubeIDE\plugins\com.st.stm32cube.common.mx_6.8.1.202304191431\\db\/plugins/boardmanager/
2024-06-15 21:18:16,057 [INFO] ApiDb:261 - Set plugin images path to: C:\ST\STM32CubeIDE_1.12.1\STM32CubeIDE\plugins\com.st.stm32cube.common.mx_6.8.1.202304191431\\db\/plugins/mcufinder/images/
2024-06-15 21:18:16,057 [WARN] DbFile:41 - Overriding database path with different value: C:\Users\draut\.stmcufinder\plugins\mcufinder/ => C:\Users\draut\.stmcufinder\plugins\mcufinder
2024-06-15 21:18:16,057 [INFO] ApiDb:250 - Set database path to: C:\Users\draut\.stmcufinder\plugins\mcufinder//mcu/
2024-06-15 21:18:16,057 [WARN] DbFile:41 - Overriding database path with different value: C:\Users\draut\.stmcufinder\plugins\mcufinder/ => C:\Users\draut\.stmcufinder\plugins\mcufinder
2024-06-15 21:18:16,057 [INFO] DbMcusAds:125 - Set database path to: C:\Users\draut\.stmcufinder\plugins\mcufinder//mcu/
2024-06-15 21:18:16,057 [WARN] DbFile:41 - Overriding database path with different value: C:\Users\draut\.stmcufinder\plugins\mcufinder/ => C:\Users\draut\.stmcufinder\plugins\mcufinder
2024-06-15 21:18:16,058 [WARN] DbFile:41 - Overriding database path with different value: C:\Users\draut\.stmcufinder\plugins\mcufinder/ => C:\Users\draut\.stmcufinder\plugins\mcufinder
2024-06-15 21:18:16,058 [INFO] CrossReferenceDbSqlite:203 - Set database path to: C:\Users\draut\.stmcufinder\plugins\mcufinder//mcu/cs/
2024-06-15 21:18:16,070 [INFO] ApplicationProperties:184 - Using Application install path: C:\ST\STM32CubeIDE_1.12.1\STM32CubeIDE\plugins\com.st.stm32cube.common.mx_6.8.1.202304191431
2024-06-15 21:18:16,071 [INFO] PluginManage:196 - Search for loadable plugins [exclusion list=, ]
2024-06-15 21:18:16,072 [INFO] PluginManage:310 - Check plugin analytics
2024-06-15 21:18:16,197 [INFO] AnalyticsPlugin:253 - Accepted Software Licenses: STM32CubeMX.6.9.1
2024-06-15 21:18:16,198 [INFO] AnalyticsPlugin:255 - Accepted CMSIS Pack Licenses: 
2024-06-15 21:18:16,198 [INFO] AnalyticsPlugin:257 - Accepted Firmware Licenses: FW.F4.1.27.0,FW.WB.1.16.0
2024-06-15 21:18:16,208 [INFO] PluginManage:359 - Loaded plugin analytics (category:tool,tabindex:-1)
2024-06-15 21:18:16,209 [INFO] PluginManage:310 - Check plugin cadmodel
2024-06-15 21:18:16,215 [INFO] CADModel:105 - Init CAD model plugin
2024-06-15 21:18:16,215 [INFO] PluginManage:359 - Loaded plugin cadmodel (category:power,tabindex:5)
2024-06-15 21:18:16,215 [INFO] PluginManage:310 - Check plugin clock
2024-06-15 21:18:16,223 [INFO] PluginManage:359 - Loaded plugin clock (category:base,tabindex:2)
2024-06-15 21:18:16,224 [INFO] PluginManage:310 - Check plugin ddr
2024-06-15 21:18:16,225 [INFO] PluginManage:359 - Loaded plugin ddr (category:tool,tabindex:6)
2024-06-15 21:18:16,225 [INFO] PluginManage:310 - Check plugin filemanager
2024-06-15 21:18:16,323 [INFO] PluginManage:359 - Loaded plugin filemanager (category:base,tabindex:10)
2024-06-15 21:18:16,323 [INFO] PluginManage:310 - Check plugin ipmanager
2024-06-15 21:18:16,328 [INFO] PluginManage:359 - Loaded plugin ipmanager (category:base,tabindex:5)
2024-06-15 21:18:16,329 [INFO] PluginManage:310 - Check plugin lpbam
2024-06-15 21:18:16,337 [INFO] PluginManage:359 - Loaded plugin lpbam (category:base,tabindex:0)
2024-06-15 21:18:16,337 [INFO] PluginManage:310 - Check plugin pinoutandconfiguration
2024-06-15 21:18:16,343 [INFO] PluginManage:359 - Loaded plugin pinoutandconfiguration (category:base,tabindex:1)
2024-06-15 21:18:16,343 [INFO] PluginManage:310 - Check plugin pinoutconfig
2024-06-15 21:18:16,399 [WARN] SupportedApi:132 - Cannot load RTOS API schema: s4s-elt-must-match.1: The content of 'definitions' must match (annotation?, (simpleType | complexType)?, (unique | key | keyref)*)). A problem was found starting at: attribute.
2024-06-15 21:18:16,501 [INFO] PluginManage:359 - Loaded plugin pinoutconfig (category:base,tabindex:0)
2024-06-15 21:18:16,501 [INFO] PluginManage:310 - Check plugin power
2024-06-15 21:18:16,512 [INFO] PluginManage:359 - Loaded plugin power (category:power,tabindex:4)
2024-06-15 21:18:16,512 [INFO] PluginManage:310 - Check plugin projectmanager
2024-06-15 21:18:16,524 [INFO] PluginManage:359 - Loaded plugin projectmanager (category:projectmanager,tabindex:3)
2024-06-15 21:18:16,524 [INFO] PluginManage:310 - Check plugin thirdparty
2024-06-15 21:18:16,612 [INFO] PluginManage:359 - Loaded plugin thirdparty (category:base,tabindex:-1)
2024-06-15 21:18:16,612 [INFO] PluginManage:310 - Check plugin tools
2024-06-15 21:18:16,612 [WARN] IntegrityCheckThread:84 - waiting for thirdparty lock release [integrity check]
2024-06-15 21:18:16,612 [INFO] IntegrityCheckThread:86 - entering critical section [integrity check]
2024-06-15 21:18:16,613 [INFO] ThirdPartyUpdaterWithRetryManager:70 - Updater plugin not ready yet. [1/15]
2024-06-15 21:18:16,614 [INFO] PluginManage:359 - Loaded plugin tools (category:base,tabindex:7)
2024-06-15 21:18:16,614 [INFO] PluginManage:310 - Check plugin tutovideos
2024-06-15 21:18:16,749 [INFO] PluginManage:359 - Loaded plugin tutovideos (category:base,tabindex:-1)
2024-06-15 21:18:16,749 [INFO] PluginManage:310 - Check plugin updater
2024-06-15 21:18:16,761 [INFO] PluginManage:359 - Loaded plugin updater (category:base,tabindex:12)
2024-06-15 21:18:16,761 [INFO] PluginManage:283 - PluginManage : Loaded plugins [15]
2024-06-15 21:18:16,954 [INFO] PinOutPanel:1499 - setPackage(No Configuration,No Configuration)
2024-06-15 21:18:16,999 [INFO] CADModel:165 - CPN selected for project level
2024-06-15 21:18:17,000 [INFO] CADModel:114 - Register for checkConnection events
2024-06-15 21:18:17,011 [INFO] IPUIPlugin:80 - create IPUIPlugin
2024-06-15 21:18:17,011 [INFO] PluginManager:220 - loadIPPluginJar : add adc
2024-06-15 21:18:17,013 [INFO] IPUIPlugin:80 - create IPUIPlugin
2024-06-15 21:18:17,013 [INFO] PluginManager:220 - loadIPPluginJar : add aes
2024-06-15 21:18:17,014 [INFO] IPUIPlugin:80 - create IPUIPlugin
2024-06-15 21:18:17,014 [INFO] PluginManager:220 - loadIPPluginJar : add can
2024-06-15 21:18:17,016 [INFO] IPUIPlugin:80 - create IPUIPlugin
2024-06-15 21:18:17,016 [INFO] PluginManager:220 - loadIPPluginJar : add comp
2024-06-15 21:18:17,018 [INFO] IPUIPlugin:80 - create IPUIPlugin
2024-06-15 21:18:17,018 [INFO] PluginManager:220 - loadIPPluginJar : add cryp
2024-06-15 21:18:17,020 [INFO] IPUIPlugin:80 - create IPUIPlugin
2024-06-15 21:18:17,020 [INFO] PluginManager:220 - loadIPPluginJar : add dfsdm
2024-06-15 21:18:17,024 [INFO] IPUIPlugin:80 - create IPUIPlugin
2024-06-15 21:18:17,025 [INFO] PluginManager:220 - loadIPPluginJar : add dma
2024-06-15 21:18:17,028 [INFO] IPUIPlugin:80 - create IPUIPlugin
2024-06-15 21:18:17,028 [INFO] PluginManager:220 - loadIPPluginJar : add dma3
2024-06-15 21:18:17,029 [INFO] IPUIPlugin:80 - create IPUIPlugin
2024-06-15 21:18:17,029 [INFO] PluginManager:220 - loadIPPluginJar : add fatfs
2024-06-15 21:18:17,032 [INFO] IPUIPlugin:80 - create IPUIPlugin
2024-06-15 21:18:17,032 [INFO] PluginManager:220 - loadIPPluginJar : add fmc
2024-06-15 21:18:17,036 [INFO] IPUIPlugin:80 - create IPUIPlugin
2024-06-15 21:18:17,036 [INFO] PluginManager:220 - loadIPPluginJar : add freertos
2024-06-15 21:18:17,037 [INFO] IPUIPlugin:80 - create IPUIPlugin
2024-06-15 21:18:17,037 [INFO] PluginManager:220 - loadIPPluginJar : add genericplugin
2024-06-15 21:18:17,038 [INFO] IPUIPlugin:80 - create IPUIPlugin
2024-06-15 21:18:17,039 [INFO] PluginManager:220 - loadIPPluginJar : add gfxmmu
2024-06-15 21:18:17,042 [INFO] IPUIPlugin:80 - create IPUIPlugin
2024-06-15 21:18:17,042 [INFO] PluginManager:220 - loadIPPluginJar : add gic
2024-06-15 21:18:17,045 [INFO] IPUIPlugin:80 - create IPUIPlugin
2024-06-15 21:18:17,045 [INFO] PluginManager:220 - loadIPPluginJar : add gpio
2024-06-15 21:18:17,048 [INFO] IPUIPlugin:80 - create IPUIPlugin
2024-06-15 21:18:17,048 [INFO] PluginManager:220 - loadIPPluginJar : add gtzc
2024-06-15 21:18:17,049 [INFO] IPUIPlugin:80 - create IPUIPlugin
2024-06-15 21:18:17,050 [INFO] PluginManager:220 - loadIPPluginJar : add hash
2024-06-15 21:18:17,051 [INFO] IPUIPlugin:80 - create IPUIPlugin
2024-06-15 21:18:17,052 [INFO] PluginManager:220 - loadIPPluginJar : add i2c
2024-06-15 21:18:17,054 [INFO] IPUIPlugin:80 - create IPUIPlugin
2024-06-15 21:18:17,054 [INFO] PluginManager:220 - loadIPPluginJar : add i2s
2024-06-15 21:18:17,068 [INFO] IPUIPlugin:80 - create IPUIPlugin
2024-06-15 21:18:17,068 [INFO] PluginManager:220 - loadIPPluginJar : add i3c
2024-06-15 21:18:17,071 [INFO] IPUIPlugin:80 - create IPUIPlugin
2024-06-15 21:18:17,071 [INFO] PluginManager:220 - loadIPPluginJar : add ipddr
2024-06-15 21:18:17,078 [INFO] IPUIPlugin:80 - create IPUIPlugin
2024-06-15 21:18:17,078 [INFO] PluginManager:220 - loadIPPluginJar : add linkedlist
2024-06-15 21:18:17,080 [INFO] IPUIPlugin:80 - create IPUIPlugin
2024-06-15 21:18:17,080 [INFO] PluginManager:220 - loadIPPluginJar : add lorawan
2024-06-15 21:18:17,081 [INFO] IPUIPlugin:80 - create IPUIPlugin
2024-06-15 21:18:17,081 [INFO] PluginManager:220 - loadIPPluginJar : add ltdc
2024-06-15 21:18:17,086 [INFO] IPUIPlugin:80 - create IPUIPlugin
2024-06-15 21:18:17,086 [INFO] PluginManager:220 - loadIPPluginJar : add mdma
2024-06-15 21:18:17,089 [INFO] IPUIPlugin:80 - create IPUIPlugin
2024-06-15 21:18:17,089 [INFO] PluginManager:220 - loadIPPluginJar : add nvic
2024-06-15 21:18:17,091 [INFO] IPUIPlugin:80 - create IPUIPlugin
2024-06-15 21:18:17,091 [INFO] PluginManager:220 - loadIPPluginJar : add opamp
2024-06-15 21:18:17,094 [INFO] IPUIPlugin:80 - create IPUIPlugin
2024-06-15 21:18:17,094 [INFO] PluginManager:220 - loadIPPluginJar : add openamp
2024-06-15 21:18:17,096 [INFO] IPUIPlugin:80 - create IPUIPlugin
2024-06-15 21:18:17,096 [INFO] PluginManager:220 - loadIPPluginJar : add pdm2pcm
2024-06-15 21:18:17,101 [INFO] IPUIPlugin:80 - create IPUIPlugin
2024-06-15 21:18:17,104 [INFO] PluginManager:220 - loadIPPluginJar : add plateformsettings
2024-06-15 21:18:17,105 [INFO] IPUIPlugin:80 - create IPUIPlugin
2024-06-15 21:18:17,106 [INFO] PluginManager:220 - loadIPPluginJar : add quadspi
2024-06-15 21:18:17,109 [INFO] IPUIPlugin:80 - create IPUIPlugin
2024-06-15 21:18:17,109 [INFO] PluginManager:220 - loadIPPluginJar : add resmgrutility
2024-06-15 21:18:17,111 [INFO] IPUIPlugin:80 - create IPUIPlugin
2024-06-15 21:18:17,111 [INFO] PluginManager:220 - loadIPPluginJar : add sai
2024-06-15 21:18:17,113 [INFO] IPUIPlugin:80 - create IPUIPlugin
2024-06-15 21:18:17,113 [INFO] PluginManager:220 - loadIPPluginJar : add spi
2024-06-15 21:18:17,126 [INFO] IPUIPlugin:80 - create IPUIPlugin
2024-06-15 21:18:17,126 [INFO] PluginManager:220 - loadIPPluginJar : add stm32_wpan
2024-06-15 21:18:17,128 [INFO] IPUIPlugin:80 - create IPUIPlugin
2024-06-15 21:18:17,128 [INFO] PluginManager:220 - loadIPPluginJar : add tim
2024-06-15 21:18:17,132 [INFO] IPUIPlugin:80 - create IPUIPlugin
2024-06-15 21:18:17,132 [INFO] PluginManager:220 - loadIPPluginJar : add touchsensing
2024-06-15 21:18:17,133 [INFO] IPUIPlugin:80 - create IPUIPlugin
2024-06-15 21:18:17,134 [INFO] PluginManager:220 - loadIPPluginJar : add tracer_emb
2024-06-15 21:18:17,135 [INFO] IPUIPlugin:80 - create IPUIPlugin
2024-06-15 21:18:17,135 [INFO] PluginManager:220 - loadIPPluginJar : add ts
2024-06-15 21:18:17,137 [INFO] IPUIPlugin:80 - create IPUIPlugin
2024-06-15 21:18:17,137 [INFO] PluginManager:220 - loadIPPluginJar : add tsc
2024-06-15 21:18:17,139 [INFO] IPUIPlugin:80 - create IPUIPlugin
2024-06-15 21:18:17,139 [INFO] PluginManager:220 - loadIPPluginJar : add ucpd
2024-06-15 21:18:17,141 [INFO] IPUIPlugin:80 - create IPUIPlugin
2024-06-15 21:18:17,141 [INFO] PluginManager:220 - loadIPPluginJar : add usart
2024-06-15 21:18:17,143 [INFO] IPUIPlugin:80 - create IPUIPlugin
2024-06-15 21:18:17,143 [INFO] PluginManager:220 - loadIPPluginJar : add usbx
2024-06-15 21:18:17,253 [INFO] CADModel:165 - CPN selected for project level
2024-06-15 21:18:17,254 [INFO] CADModel:114 - Register for checkConnection events
2024-06-15 21:18:17,254 [FATAL] Updater:308 - Updater called before beeing initialized
2024-06-15 21:18:17,254 [ERROR] CADModel:125 - Updater not yet initialized, retry later 
2024-06-15 21:18:17,370 [INFO] CADModel:165 - CPN selected for project level
2024-06-15 21:18:17,370 [INFO] CADModel:114 - Register for checkConnection events
2024-06-15 21:18:17,370 [FATAL] Updater:308 - Updater called before beeing initialized
2024-06-15 21:18:17,370 [ERROR] CADModel:125 - Updater not yet initialized, retry later 
2024-06-15 21:18:17,373 [FATAL] Updater:308 - Updater called before beeing initialized
2024-06-15 21:18:17,455 [FATAL] Updater:308 - Updater called before beeing initialized
2024-06-15 21:18:17,462 [INFO] DbMcusAds:53 - JSON generation date=Thu May 16 17:22:00 SGT 2024 (1715851320852)
2024-06-15 21:18:17,462 [FATAL] Updater:308 - Updater called before beeing initialized
2024-06-15 21:18:17,498 [WARN] DetailPanel:346 - Failed to get advertising image, set to default
2024-06-15 21:18:17,589 [FATAL] Updater:308 - Updater called before beeing initialized
2024-06-15 21:18:17,591 [FATAL] Updater:308 - Updater called before beeing initialized
2024-06-15 21:18:17,592 [FATAL] Updater:308 - Updater called before beeing initialized
2024-06-15 21:18:17,592 [WARN] DetailPanel:346 - Failed to get advertising image, set to default
2024-06-15 21:18:17,592 [FATAL] Updater:308 - Updater called before beeing initialized
2024-06-15 21:18:17,627 [ERROR] Updater:1120 - MainUpdater not yet initialized. External WinMGr cannot be set.
2024-06-15 21:18:17,629 [INFO] Updater:1056 - Updater Version found : 6.8.1
2024-06-15 21:18:17,644 [INFO] ApplicationProperties:184 - Using Application install path: C:\ST\STM32CubeIDE_1.12.1\STM32CubeIDE\plugins\com.st.stm32cube.common.mx_6.8.1.202304191431
2024-06-15 21:18:17,750 [INFO] MainUpdater:2854 - connection check result : 10
2024-06-15 21:18:17,751 [INFO] MainUpdater:3548 - Updater definition file requires update
2024-06-15 21:18:17,752 [INFO] MainUpdater:283 - Updater Check For Update Now.
2024-06-15 21:18:17,752 [INFO] MicroXplorer:498 - Change Database Version : DB.6.0.81
2024-06-15 21:18:17,829 [INFO] ServerAccessManage:473 - Download File updaters.zip
2024-06-15 21:18:17,872 [INFO] FileExtend:240 - Unzip File : updaters.zip
2024-06-15 21:18:17,872 [INFO] FileExtend:255 - Standard Zip Deflate
2024-06-15 21:18:18,379 [INFO] ServerAccessManage:473 - Download File PacksControlFlags.xml
2024-06-15 21:18:18,446 [INFO] ServerAccessManage:473 - Download File cubemx.pidx
2024-06-15 21:18:18,526 [INFO] LoadServerUpdatesThread:373 - End of LoadServerUpdate Thread
2024-06-15 21:18:18,681 [INFO] CheckServerUpdateThread:120 - End of CheckServer Thread
2024-06-15 21:18:18,787 [INFO] MainUpdater:2854 - connection check result : 10
2024-06-15 21:18:18,791 [INFO] McuFinderGlobals:66 - Set McuFinderConnectedMode to true
2024-06-15 21:18:19,191 [INFO] ServerAccessManage:473 - Download File mcusAds.json._tmp_
2024-06-15 21:18:19,309 [INFO] LoadUrlFilesThread:156 - End of LoadUrlFiles Thread
2024-06-15 21:18:19,628 [WARN] MainUpdater:1187 - Updater busy. Cannot search thirdparties
2024-06-15 21:18:19,628 [INFO] ThirdPartyUpdaterWithRetryManager:96 - Updater plugin is busy. [1/15]
2024-06-15 21:18:19,653 [INFO] ServerAccessManage:473 - Download File cube-finder-db.zip
2024-06-15 21:18:22,261 [INFO] FileExtend:240 - Unzip File : cube-finder-db.zip
2024-06-15 21:18:22,261 [INFO] FileExtend:255 - Standard Zip Deflate
2024-06-15 21:18:22,634 [WARN] MainUpdater:1187 - Updater busy. Cannot search thirdparties
2024-06-15 21:18:22,634 [INFO] ThirdPartyUpdaterWithRetryManager:96 - Updater plugin is busy. [2/15]
2024-06-15 21:18:22,871 [INFO] LoadUrlFilesThread:156 - End of LoadUrlFiles Thread
2024-06-15 21:18:23,830 [INFO] ServerAccessManage:473 - Download File crdb.zip
2024-06-15 21:18:24,892 [INFO] FileExtend:240 - Unzip File : crdb.zip
2024-06-15 21:18:24,893 [INFO] FileExtend:255 - Standard Zip Deflate
2024-06-15 21:18:25,023 [INFO] LoadUrlFilesThread:156 - End of LoadUrlFiles Thread
2024-06-15 21:18:25,208 [INFO] ServerAccessManage:473 - Download File tutoVideoDB.zip
2024-06-15 21:18:25,230 [INFO] FileExtend:240 - Unzip File : tutoVideoDB.zip
2024-06-15 21:18:25,230 [INFO] FileExtend:255 - Standard Zip Deflate
2024-06-15 21:18:25,337 [INFO] LoadUrlFilesThread:156 - End of LoadUrlFiles Thread
2024-06-15 21:18:25,341 [WARN] DbFile:41 - Overriding database path with different value: C:\Users\draut\.stmcufinder\plugins\mcufinder/ => C:\Users\draut\.stmcufinder\plugins\mcufinder
2024-06-15 21:18:25,490 [INFO] ServerAccessManage:473 - Download File api_config.json
2024-06-15 21:18:25,598 [INFO] LoadUrlFilesThread:156 - End of LoadUrlFiles Thread
2024-06-15 21:18:25,598 [INFO] DbMcusAds:53 - JSON generation date=Thu May 16 17:22:00 SGT 2024 (1715851320852)
2024-06-15 21:18:25,617 [INFO] LoadUrlFilesThread:185 - End of LoadServerUrlFiles without Thread
2024-06-15 21:18:25,617 [INFO] TargetSelectorAdapter:259 - Refresh data is successful
2024-06-15 21:18:25,699 [INFO] ApiDb:581 - Connected to CubeFinder SQLite database (C:\Users\draut\.stmcufinder\plugins\mcufinder\mcu\cube-finder-db.db)
2024-06-15 21:18:25,759 [INFO] ApiDb:668 - CubeFinder database Data Model version=2.1
2024-06-15 21:18:25,759 [INFO] ApiDb:669 - CubeFinder database Configuration version=3.0.39
2024-06-15 21:18:25,759 [INFO] ApiDb:670 - CubeFinder database generation date=2024-06-07 (1717689626)
2024-06-15 21:18:25,759 [INFO] ApiDb:671 - CubeFinder database FW Pack versions=[FP-ATR-ASTRA1_V2.0.0, FP-SNS-FLIGHT1_V5.0.2, FP-SNS-MOTENV1_V5.0.0, FP-SNS-MOTENVWB1_V1.4.0, FP-SNS-SMARTAG2_V1.2.0, STM32Cube_FW_C0_V1.2.0, STM32Cube_FW_F4_V1.28.0, STM32Cube_FW_F7_V1.17.2, STM32Cube_FW_G0_V1.6.2, STM32Cube_FW_G4_V1.6.0, STM32Cube_FW_H5_V1.3.0, STM32Cube_FW_H7RS_V1.1.0, STM32Cube_FW_H7_V1.11.2, STM32Cube_FW_L0_V1.12.2, STM32Cube_FW_L5_V1.5.1, STM32Cube_FW_U0_V1.1.0, STM32Cube_FW_U5_V1.6.0, STM32Cube_FW_WB0_V1.0.0, STM32Cube_FW_WBA_V1.4.0, STM32Cube_FW_WB_V1.20.0, STM32Cube_FW_WL_V1.3.0, X-CUBE-ALGOBUILD_V1.4.0, X-CUBE-ALS_V1.0.2, X-CUBE-AZRTOS-F4_V1.1.0, X-CUBE-AZRTOS-F7_V1.1.0, X-CUBE-AZRTOS-G0_V1.1.0, X-CUBE-AZRTOS-G4_V2.0.0, X-CUBE-AZRTOS-H7RS_V1.0.0, X-CUBE-AZRTOS-H7_V3.2.0, X-CUBE-AZRTOS-L4_V2.0.0, X-CUBE-AZRTOS-L5_V1.1.0, X-CUBE-AZRTOS-WB_V2.0.0, X-CUBE-AZRTOS-WL_V2.0.0, X-CUBE-BLE1_V7.0.0, X-CUBE-BLE2_V3.3.0, X-CUBE-BLEMGR_V3.1.0, X-CUBE-EEPRMA1_V5.1.0, X-CUBE-FREERTOS_V1.2.0, X-CUBE-GNSS1_V6.0.0, X-CUBE-MEMS1_V10.0.0, X-CUBE-NFC4_V3.0.0, X-CUBE-NFC7_V1.0.1, X-CUBE-SFXS2LP1_V4.0.0, X-CUBE-SUBG2_V5.0.0, X-CUBE-TOF1_V3.4.1]
2024-06-15 21:18:25,808 [WARN] PackLoader:240 - Cannot read IP mode file for STMicroelectronics.FP-SNS-MOTENVWB1.1.4.0
2024-06-15 21:18:25,816 [WARN] PackLoader:240 - Cannot read IP mode file for STMicroelectronics.X-CUBE-SMBUS.2.1.0
2024-06-15 21:18:25,821 [WARN] PackLoader:240 - Cannot read IP mode file for STMicroelectronics.X-CUBE-TOUCHGFX.4.23.2
2024-06-15 21:18:25,846 [WARN] PackLoader:240 - Cannot read IP mode file for STMicroelectronics.X-CUBE-AZRTOS-F7.1.1.0
2024-06-15 21:18:25,855 [WARN] PackLoader:240 - Cannot read IP mode file for STMicroelectronics.FP-SNS-MOTENV1.4.3.2
2024-06-15 21:18:25,859 [ERROR] RealEvaluatedCondition:428 - Found unsupported composite condition: GROUP='STM32_MetaDataManager' CLASS='Data Exchange'
2024-06-15 21:18:25,859 [ERROR] RealEvaluatedCondition:428 - Found unsupported composite condition: GROUP='STM32_MetaDataManager' CLASS='Data Exchange'
2024-06-15 21:18:25,860 [WARN] PackLoader:240 - Cannot read IP mode file for STMicroelectronics.FP-SNS-MOTENV1.4.3.1
2024-06-15 21:18:25,865 [WARN] PackLoader:240 - Cannot read IP mode file for STMicroelectronics.FP-SNS-FLIGHT1.5.0.1
2024-06-15 21:18:25,873 [WARN] PackLoader:240 - Cannot read IP mode file for STMicroelectronics.X-CUBE-BLE1.6.2.4
2024-06-15 21:18:25,876 [WARN] PackLoader:240 - Cannot read IP mode file for STMicroelectronics.FP-SNS-FLIGHT1.5.0.2
2024-06-15 21:18:25,883 [WARN] PackLoader:240 - Cannot read IP mode file for STMicroelectronics.X-CUBE-DISPLAY.3.0.0
2024-06-15 21:18:25,893 [WARN] PackLoader:240 - Cannot read IP mode file for STMicroelectronics.X-CUBE-BLE1.7.0.0
2024-06-15 21:18:25,895 [WARN] PackLoader:240 - Cannot read IP mode file for STMicroelectronics.X-CUBE-TOUCHGFX.4.22.0
2024-06-15 21:18:25,897 [WARN] PackLoader:240 - Cannot read IP mode file for STMicroelectronics.X-CUBE-TOUCHGFX.4.22.1
2024-06-15 21:18:25,907 [WARN] PackLoader:240 - Cannot read IP mode file for STMicroelectronics.X-CUBE-BLEMGR.3.1.0
2024-06-15 21:18:25,912 [WARN] PackLoader:240 - Cannot read IP mode file for STMicroelectronics.FP-SNS-SMARTAG2.1.2.0
2024-06-15 21:18:25,919 [INFO] LogOutputStream:77 - [STDOUT_REDIRECT] 1 : Invalid condition id : UX_CORESTACK_Condition cause : null
2024-06-15 21:18:25,920 [INFO] LogOutputStream:77 - [STDOUT_REDIRECT] 1 : Invalid condition id : UX_CORESTACK_Condition cause : null
2024-06-15 21:18:25,920 [INFO] LogOutputStream:77 - [STDOUT_REDIRECT] 1 : Invalid condition id : UX_CORESTACK_Condition cause : null
2024-06-15 21:18:25,921 [INFO] LogOutputStream:77 - [STDOUT_REDIRECT] 1 : Invalid condition id : UX_CORESTACK_Condition cause : null
2024-06-15 21:18:25,922 [INFO] LogOutputStream:77 - [STDOUT_REDIRECT] 1 : Invalid condition id : UX_CORESTACK_Condition cause : null
2024-06-15 21:18:25,925 [WARN] PackLoader:240 - Cannot read IP mode file for STMicroelectronics.X-CUBE-AZRTOS-WL.2.0.0
2024-06-15 21:18:25,929 [WARN] PackLoader:240 - Cannot read IP mode file for STMicroelectronics.FP-SNS-MOTENV1.5.0.0
2024-06-15 21:18:25,933 [WARN] PackLoader:240 - Cannot read IP mode file for wolfSSL.I-CUBE-wolfMQTT.1.19.0
2024-06-15 21:18:25,940 [WARN] PackLoader:240 - Cannot read IP mode file for WES.I-CUBE-Cesium.1.3.0
2024-06-15 21:18:25,943 [WARN] PackLoader:240 - Cannot read IP mode file for STMicroelectronics.X-CUBE-BLE2.3.3.0
2024-06-15 21:18:25,947 [WARN] PackLoader:240 - Cannot read IP mode file for STMicroelectronics.X-CUBE-TCPP.4.1.0
2024-06-15 21:18:25,951 [WARN] PackLoader:240 - Cannot read IP mode file for STMicroelectronics.X-CUBE-TOUCHGFX.4.21.4
2024-06-15 21:18:25,957 [WARN] PackLoader:240 - Cannot read IP mode file for STMicroelectronics.X-CUBE-ALGOBUILD.1.3.0
2024-06-15 21:18:25,973 [WARN] PackLoader:240 - Cannot read IP mode file for STMicroelectronics.X-CUBE-AZRTOS-G0.1.1.0
2024-06-15 21:18:25,979 [WARN] PackLoader:240 - Cannot read IP mode file for STMicroelectronics.X-CUBE-SAFEA1.1.2.2
2024-06-15 21:18:25,983 [WARN] PackLoader:240 - Cannot read IP mode file for STMicroelectronics.X-CUBE-NFC4.3.0.0
2024-06-15 21:18:25,991 [WARN] PackLoader:240 - Cannot read IP mode file for STMicroelectronics.X-CUBE-BLEMGR.3.0.0
2024-06-15 21:18:25,997 [WARN] PackLoader:240 - Cannot read IP mode file for STMicroelectronics.FP-ATR-SIGFOX1.3.2.0
2024-06-15 21:18:26,002 [WARN] PackLoader:240 - Cannot read IP mode file for STMicroelectronics.X-CUBE-EEPRMA1.5.1.0
2024-06-15 21:18:26,032 [WARN] PackLoader:240 - Cannot read IP mode file for SEGGER.I-CUBE-embOS.1.3.1
2024-06-15 21:18:26,095 [WARN] PackLoader:240 - Cannot read IP mode file for STMicroelectronics.X-CUBE-ALGOBUILD.1.4.0
2024-06-15 21:18:26,101 [WARN] PackLoader:240 - Cannot read IP mode file for STMicroelectronics.X-CUBE-GNSS1.6.0.0
2024-06-15 21:18:26,123 [WARN] PackLoader:240 - Cannot read IP mode file for STMicroelectronics.X-CUBE-AZRTOS-F4.1.1.0
2024-06-15 21:18:26,131 [WARN] PackLoader:240 - Cannot read IP mode file for wolfSSL.I-CUBE-wolfSSL.5.6.0
2024-06-15 21:18:26,137 [WARN] PackLoader:240 - Cannot read IP mode file for STMicroelectronics.X-CUBE-FREERTOS.1.2.0
2024-06-15 21:18:26,160 [WARN] PackLoader:240 - Cannot read IP mode file for STMicroelectronics.X-CUBE-AZRTOS-L5.2.0.0
2024-06-15 21:18:26,212 [WARN] PackLoader:240 - Cannot read IP mode file for STMicroelectronics.X-CUBE-MEMS1.9.6.0
2024-06-15 21:18:26,355 [WARN] PackLoader:240 - Cannot read IP mode file for STMicroelectronics.X-CUBE-EEPRMA1.4.2.0
2024-06-15 21:18:26,361 [WARN] PackLoader:240 - Cannot read IP mode file for STMicroelectronics.X-CUBE-NFC6.3.1.0
2024-06-15 21:18:26,365 [WARN] PackLoader:240 - Cannot read IP mode file for ITTIA_DB.I-CUBE-ITTIADB.8.8.0
2024-06-15 21:18:26,371 [WARN] PackLoader:240 - Cannot read IP mode file for emotas.I-CUBE-CANOPEN.1.1.3
2024-06-15 21:18:26,375 [WARN] PackLoader:240 - Cannot read IP mode file for STMicroelectronics.X-CUBE-BLEMGR.2.0.0
2024-06-15 21:18:26,379 [WARN] PackLoader:240 - Cannot read IP mode file for STMicroelectronics.X-CUBE-AI.9.0.0
2024-06-15 21:18:26,391 [WARN] ConditionMgr:438 - getConditionDescription Invalid condition id : UX DEVICE CLASS RTOS Condition cause : null
2024-06-15 21:18:26,391 [WARN] ConditionMgr:438 - getConditionDescription Invalid condition id : UX DEVICE CLASS RTOS Condition cause : null
2024-06-15 21:18:26,394 [WARN] PackLoader:240 - Cannot read IP mode file for STMicroelectronics.X-CUBE-AZRTOS-H7.3.1.0
2024-06-15 21:18:26,395 [WARN] ConditionMgr:1039 - genDependencies : Invalid condition id : UX DEVICE CLASS RTOS Condition cause : null
2024-06-15 21:18:26,395 [WARN] ConditionMgr:1039 - genDependencies : Invalid condition id : UX DEVICE CLASS RTOS Condition cause : null
2024-06-15 21:18:26,396 [WARN] ConditionMgr:1039 - genDependencies : Invalid condition id : UX DEVICE CLASS RTOS Condition cause : null
2024-06-15 21:18:26,396 [WARN] ConditionMgr:1039 - genDependencies : Invalid condition id : UX DEVICE CLASS RTOS Condition cause : null
2024-06-15 21:18:26,396 [WARN] ConditionMgr:1039 - genDependencies : Invalid condition id : UX DEVICE CLASS RTOS Condition cause : null
2024-06-15 21:18:26,402 [WARN] PackLoader:240 - Cannot read IP mode file for STMicroelectronics.X-CUBE-NFC7.1.0.1
2024-06-15 21:18:26,414 [WARN] PackLoader:240 - Cannot read IP mode file for STMicroelectronics.X-CUBE-NFC7.1.0.0
2024-06-15 21:18:26,422 [WARN] PackLoader:240 - Cannot read IP mode file for STMicroelectronics.X-CUBE-NFC6.3.0.0
2024-06-15 21:18:26,433 [WARN] PackLoader:240 - Cannot read IP mode file for STMicroelectronics.X-CUBE-EEPRMA1.4.1.0
2024-06-15 21:18:26,440 [WARN] PackLoader:240 - Cannot read IP mode file for STMicroelectronics.X-CUBE-AI.8.1.0
2024-06-15 21:18:26,459 [WARN] ConditionMgr:438 - getConditionDescription Invalid condition id : LAN8742 Phy interface Condition cause : null
2024-06-15 21:18:26,460 [WARN] PackLoader:240 - Cannot read IP mode file for STMicroelectronics.X-CUBE-AZRTOS-L4.2.0.0
2024-06-15 21:18:26,462 [WARN] ConditionMgr:1039 - genDependencies : Invalid condition id : LAN8742 Phy interface Condition cause : null
2024-06-15 21:18:26,462 [WARN] ConditionMgr:1039 - genDependencies : Invalid condition id : LAN8742 Phy interface Condition cause : null
2024-06-15 21:18:26,462 [WARN] ConditionMgr:1039 - genDependencies : Invalid condition id : LAN8742 Phy interface Condition cause : null
2024-06-15 21:18:26,467 [WARN] PackLoader:240 - Cannot read IP mode file for STMicroelectronics.X-CUBE-SFXS2LP1.4.0.0
2024-06-15 21:18:26,473 [WARN] PackLoader:240 - Cannot read IP mode file for STMicroelectronics.X-CUBE-ISPU.1.1.0
2024-06-15 21:18:26,484 [WARN] ConditionMgr:438 - getConditionDescription Invalid condition id : UX DEVICE CLASS RTOS Condition cause : null
2024-06-15 21:18:26,484 [WARN] ConditionMgr:438 - getConditionDescription Invalid condition id : UX DEVICE CLASS RTOS Condition cause : null
2024-06-15 21:18:26,486 [WARN] PackLoader:240 - Cannot read IP mode file for STMicroelectronics.X-CUBE-AZRTOS-WB.2.0.0
2024-06-15 21:18:26,486 [WARN] ConditionMgr:1039 - genDependencies : Invalid condition id : UX DEVICE CLASS RTOS Condition cause : null
2024-06-15 21:18:26,486 [WARN] ConditionMgr:1039 - genDependencies : Invalid condition id : UX DEVICE CLASS RTOS Condition cause : null
2024-06-15 21:18:26,486 [WARN] ConditionMgr:1039 - genDependencies : Invalid condition id : UX DEVICE CLASS RTOS Condition cause : null
2024-06-15 21:18:26,487 [WARN] ConditionMgr:1039 - genDependencies : Invalid condition id : UX DEVICE CLASS RTOS Condition cause : null
2024-06-15 21:18:26,487 [WARN] ConditionMgr:1039 - genDependencies : Invalid condition id : UX DEVICE CLASS RTOS Condition cause : null
2024-06-15 21:18:26,490 [WARN] PackLoader:240 - Cannot read IP mode file for STMicroelectronics.X-CUBE-FREERTOS.1.0.1
2024-06-15 21:18:26,501 [WARN] PackLoader:240 - Cannot read IP mode file for STMicroelectronics.X-CUBE-AZRTOS-L5.1.1.0
2024-06-15 21:18:26,507 [WARN] PackLoader:240 - Cannot read IP mode file for STMicroelectronics.X-CUBE-AI.8.0.1
2024-06-15 21:18:26,513 [WARN] PackLoader:240 - Cannot read IP mode file for STMicroelectronics.X-CUBE-SUBG2.5.0.0
2024-06-15 21:18:26,519 [WARN] PackLoader:240 - Cannot read IP mode file for Cesanta.I-CUBE-Mongoose.7.13.0
2024-06-15 21:18:26,527 [WARN] PackLoader:240 - Cannot read IP mode file for STMicroelectronics.X-CUBE-TOF1.3.3.1
2024-06-15 21:18:26,543 [WARN] PackLoader:240 - Cannot read IP mode file for STMicroelectronics.X-CUBE-AZRTOS-G4.2.0.0
2024-06-15 21:18:26,550 [WARN] PackLoader:240 - Cannot read IP mode file for STMicroelectronics.X-CUBE-TOF1.3.3.0
2024-06-15 21:18:26,562 [WARN] PackLoader:240 - Cannot read IP mode file for Infineon.AIROC-Wi-Fi-Bluetooth-STM32.1.5.1
2024-06-15 21:18:26,568 [WARN] PackLoader:240 - Cannot read IP mode file for STMicroelectronics.X-CUBE-ISPU.2.0.0
2024-06-15 21:18:26,571 [WARN] PackLoader:240 - Cannot read IP mode file for STMicroelectronics.X-CUBE-ALS.1.0.2
2024-06-15 21:18:26,597 [WARN] PackLoader:240 - Cannot read IP mode file for STMicroelectronics.X-CUBE-MEMS1.10.0.0
2024-06-15 21:18:26,660 [WARN] PackLoader:240 - Cannot read IP mode file for STMicroelectronics.X-CUBE-FREERTOS.1.1.0
2024-06-15 21:18:26,665 [WARN] PackLoader:240 - Cannot read IP mode file for portGmbH.I-Cube-SoM-uGOAL.1.1.0
2024-06-15 21:18:26,669 [WARN] PackLoader:240 - Cannot read IP mode file for STMicroelectronics.X-CUBE-ALS.1.0.1
2024-06-15 21:18:26,678 [WARN] PackLoader:240 - Cannot read IP mode file for STMicroelectronics.X-CUBE-AZRTOS-WB.1.1.0
2024-06-15 21:18:26,692 [WARN] PackLoader:240 - Cannot read IP mode file for STMicroelectronics.X-CUBE-AZRTOS-H7RS.1.0.0
2024-06-15 21:18:26,707 [WARN] PackLoader:240 - Cannot read IP mode file for STMicroelectronics.FP-ATR-ASTRA1.2.0.0
2024-06-15 21:18:26,713 [WARN] PackLoader:240 - Cannot read IP mode file for STMicroelectronics.X-CUBE-TOF1.3.4.1
2024-06-15 21:18:26,728 [WARN] PackLoader:240 - Cannot read IP mode file for STMicroelectronics.X-CUBE-AZRTOS-H7.3.2.0
2024-06-15 21:18:26,730 [INFO] ThirdParty:978 - Integrity check success = true
2024-06-15 21:18:26,730 [INFO] IntegrityCheckThread:100 - exiting critical section [integrity check]
2024-06-15 21:18:26,730 [INFO] IntegrityCheckThread:103 - End integrity checks thread
2024-06-15 21:18:27,480 [INFO] ApiDb:240 - Found 297 in-development CPN: [B-G473E-ZEST1S, B-WB1M-WPAN1, B-WL5M-SUBG1, NUCLEO-C031C6, NUCLEO-H503RB, NUCLEO-H563ZI, NUCLEO-U545RE-Q, NUCLEO-U5A5ZJ-Q, NUCLEO-WBA52CG, STEVAL-PROTEUS1, STEVAL-STWINBX1, STM320518-EVAL, STM32C0116-DK, STM32C011D6Y3TR, STM32C011D6Y6TR, STM32C011F4P3, STM32C011F4P6, STM32C011F4U3, STM32C011F4U6TR, STM32C011F6P3, STM32C011F6P6, STM32C011F6U3, STM32C011F6U6TR, STM32C011J4M3, STM32C011J4M6, STM32C011J6M3, STM32C011J6M6, STM32C0316-DK, STM32C031C4T3, STM32C031C4T6, STM32C031C4U3, STM32C031C4U6, STM32C031C6T3, STM32C031C6T6, STM32C031C6U3, STM32C031C6U6, STM32C031F4P3, STM32C031F4P6, STM32C031F6P3, STM32C031F6P6, STM32C031G4U3, STM32C031G4U6, STM32C031G6U3, STM32C031G6U6, STM32C031K4T3, STM32C031K4T6, STM32C031K4U3, STM32C031K4U6, STM32C031K6T3, STM32C031K6T6, STM32C031K6U3, STM32C031K6U6, STM32G071K8TXN, STM32G071K8UXN, STM32G081GBU6N, STM32G081KBT6N, STM32G081KBUXN, STM32G0B1CCT6N, STM32G0B1KCT6, STM32G0B1NEY6TR, STM32G0B1RCT6N, STM32G0C1CCT6, STM32G0C1CCT6N, STM32G0C1CCU6N, STM32G0C1CET6N, STM32G0C1CEU6N, STM32G0C1KCT6, STM32G0C1NEY6TR, STM32G0C1RCI6N, STM32G0C1RCT6N, STM32G0C1REI6N, STM32G0C1RET6N, STM32G0C1VCI6, STM32G0C1VEI6, STM32G471CCT6, STM32G471CCU6, STM32G471CET3, STM32G471CET6, STM32G471CEU3, STM32G471CEU6, STM32G471MCT6, STM32G471MET3, STM32G471MET6, STM32G471MEY6TR, STM32G471QCT6, STM32G471QET3, STM32G471RCT6, STM32G471RET3, STM32G471RET6, STM32G471VCH6, STM32G471VCI6, STM32G471VCT6, STM32G471VEH3, STM32G471VEH6, STM32G471VEI3, STM32G471VEI6, STM32G471VET3, STM32G471VET6, STM32G474CCT6, STM32H503CBT6, STM32H503CBU6, STM32H503EBY6TR, STM32H503KBU6, STM32H503RBT6, STM32H562AGI6, STM32H562AII6, STM32H562IGK6, STM32H562IGT6, STM32H562IIK6, STM32H562IIT6, STM32H562RGT6, STM32H562RGV6, STM32H562RIT6, STM32H562RIV6, STM32H562VGT6, STM32H562VIT6, STM32H562ZGT6, STM32H562ZIT6, STM32H563AGI6, STM32H563AII3Q, STM32H563AII6, STM32H563IGK6, STM32H563IGT6, STM32H563IIK3Q, STM32H563IIK6, STM32H563IIT3Q, STM32H563IIT6, STM32H563MIY3QTR, STM32H563RGT6, STM32H563RGV6, STM32H563RIT6, STM32H563RIV6, STM32H563VGT6, STM32H563VIT3Q, STM32H563VIT6, STM32H563ZGT6, STM32H563ZIT3Q, STM32H563ZIT6, STM32H573AII3Q, STM32H573AII6, STM32H573I-DK, STM32H573IIK3Q, STM32H573IIK6, STM32H573IIT3Q, STM32H573IIT6, STM32H573MIY3QTR, STM32H573RIT6, STM32H573RIV6, STM32H573VIT3Q, STM32H573VIT6, STM32H573ZIT3Q, STM32H573ZIT6, STM32L4R5QGI6STR, STM32MP131AAE3, STM32MP131AAF3, STM32MP131AAG3, STM32MP131CAE3, STM32MP131CAF3, STM32MP131CAG3, STM32MP131DAE7, STM32MP131DAF7, STM32MP131DAG7, STM32MP131FAE7, STM32MP131FAF7, STM32MP131FAG7, STM32MP133AAE3, STM32MP133AAF3, STM32MP133AAG3, STM32MP133CAE3, STM32MP133CAF3, STM32MP133CAG3, STM32MP133DAE7, STM32MP133DAF7, STM32MP133DAG7, STM32MP133FAE7, STM32MP133FAF7, STM32MP133FAG7, STM32MP135AAE3, STM32MP135AAF3, STM32MP135AAG3, STM32MP135CAE3, STM32MP135CAF3, STM32MP135CAG3, STM32MP135DAE7, STM32MP135DAF7, STM32MP135DAG7, STM32MP135F-DK, STM32MP135FAE7, STM32MP135FAF7, STM32MP135FAF7T, STM32MP135FAF7U, STM32MP135FAG7, STM32U535CBT6, STM32U535CBT6Q, STM32U535CBU6, STM32U535CBU6Q, STM32U535CCT6, STM32U535CCT6Q, STM32U535CCU6, STM32U535CCU6Q, STM32U535CET6, STM32U535CET6Q, STM32U535CEU6, STM32U535CEU6Q, STM32U535JEY6QTR, STM32U535NCY6QTR, STM32U535NEY6QTR, STM32U535RBI6, STM32U535RBI6Q, STM32U535RBT6, STM32U535RBT6Q, STM32U535RCI6, STM32U535RCI6Q, STM32U535RCT6, STM32U535RCT6Q, STM32U535REI6, STM32U535REI6Q, STM32U535RET6, STM32U535RET6Q, STM32U535VCI6, STM32U535VCI6Q, STM32U535VCT6, STM32U535VCT6Q, STM32U535VEI6, STM32U535VEI6Q, STM32U535VET6, STM32U535VET6Q, STM32U545CET6, STM32U545CET6Q, STM32U545CEU6, STM32U545CEU6Q, STM32U545JEY6QTR, STM32U545NEY6QTR, STM32U545REI6, STM32U545REI6Q, STM32U545RET6, STM32U545RET6Q, STM32U545VEI6, STM32U545VEI6Q, STM32U545VET6, STM32U545VET6Q, STM32U595AIH6, STM32U595AIH6Q, STM32U595AJH6, STM32U595AJH6Q, STM32U595QII6, STM32U595QII6Q, STM32U595QJI6, STM32U595QJI6Q, STM32U595RIT6, STM32U595RIT6Q, STM32U595RJT6, STM32U595RJT6Q, STM32U595VIT6, STM32U595VIT6Q, STM32U595VJT6, STM32U595VJT6Q, STM32U595ZIT6, STM32U595ZIT6Q, STM32U595ZIY6QTR, STM32U595ZJT6, STM32U595ZJT6Q, STM32U595ZJY6QTR, STM32U599BJY6QTR, STM32U599NIH6Q, STM32U599NJH6Q, STM32U599VIT6Q, STM32U599VJT6, STM32U599VJT6Q, STM32U599ZIT6Q, STM32U599ZIY6QTR, STM32U599ZJT6Q, STM32U599ZJY6QTR, STM32U5A5AJH6, STM32U5A5AJH6Q, STM32U5A5QJI6, STM32U5A5QJI6Q, STM32U5A5RJT6, STM32U5A5RJT6Q, STM32U5A5VJT6, STM32U5A5VJT6Q, STM32U5A5ZJT6, STM32U5A5ZJT6Q, STM32U5A5ZJY6QTR, STM32U5A9BJY6QTR, STM32U5A9J-DK, STM32U5A9NJH6Q, STM32U5A9VJT6Q, STM32U5A9ZJT6Q, STM32U5A9ZJY6QTR, STM32WB1MMCH6, STM32WBA52CEU6, STM32WBA52CEU6T, STM32WBA52CGU6, STM32WBA52CGU6T, STM32WL5MOCH6, STM32WL5MOCH6TR]
2024-06-15 21:18:27,483 [INFO] DbMcus:216 - Found 4205 MCUs, 4205 are supported
2024-06-15 21:18:27,489 [INFO] ApiDb:423 - Load user favorites file C:\Users\draut/.stm32cubeide/favorites.mcus.txt: 0 item(s)
2024-06-15 21:18:27,489 [INFO] ApiDb:427 - User favorites MCUs=[]
2024-06-15 21:18:27,489 [INFO] DbMcus:222 - Set 0 / 0 favorites MCUs
2024-06-15 21:18:27,719 [INFO] ApiDb:668 - CubeFinder database Data Model version=2.1
2024-06-15 21:18:27,719 [INFO] ApiDb:669 - CubeFinder database Configuration version=3.0.39
2024-06-15 21:18:27,719 [INFO] ApiDb:670 - CubeFinder database generation date=2024-06-07 (1717689626)
2024-06-15 21:18:27,719 [INFO] ApiDb:671 - CubeFinder database FW Pack versions=[FP-ATR-ASTRA1_V2.0.0, FP-SNS-FLIGHT1_V5.0.2, FP-SNS-MOTENV1_V5.0.0, FP-SNS-MOTENVWB1_V1.4.0, FP-SNS-SMARTAG2_V1.2.0, STM32Cube_FW_C0_V1.2.0, STM32Cube_FW_F4_V1.28.0, STM32Cube_FW_F7_V1.17.2, STM32Cube_FW_G0_V1.6.2, STM32Cube_FW_G4_V1.6.0, STM32Cube_FW_H5_V1.3.0, STM32Cube_FW_H7RS_V1.1.0, STM32Cube_FW_H7_V1.11.2, STM32Cube_FW_L0_V1.12.2, STM32Cube_FW_L5_V1.5.1, STM32Cube_FW_U0_V1.1.0, STM32Cube_FW_U5_V1.6.0, STM32Cube_FW_WB0_V1.0.0, STM32Cube_FW_WBA_V1.4.0, STM32Cube_FW_WB_V1.20.0, STM32Cube_FW_WL_V1.3.0, X-CUBE-ALGOBUILD_V1.4.0, X-CUBE-ALS_V1.0.2, X-CUBE-AZRTOS-F4_V1.1.0, X-CUBE-AZRTOS-F7_V1.1.0, X-CUBE-AZRTOS-G0_V1.1.0, X-CUBE-AZRTOS-G4_V2.0.0, X-CUBE-AZRTOS-H7RS_V1.0.0, X-CUBE-AZRTOS-H7_V3.2.0, X-CUBE-AZRTOS-L4_V2.0.0, X-CUBE-AZRTOS-L5_V1.1.0, X-CUBE-AZRTOS-WB_V2.0.0, X-CUBE-AZRTOS-WL_V2.0.0, X-CUBE-BLE1_V7.0.0, X-CUBE-BLE2_V3.3.0, X-CUBE-BLEMGR_V3.1.0, X-CUBE-EEPRMA1_V5.1.0, X-CUBE-FREERTOS_V1.2.0, X-CUBE-GNSS1_V6.0.0, X-CUBE-MEMS1_V10.0.0, X-CUBE-NFC4_V3.0.0, X-CUBE-NFC7_V1.0.1, X-CUBE-SFXS2LP1_V4.0.0, X-CUBE-SUBG2_V5.0.0, X-CUBE-TOF1_V3.4.1]
2024-06-15 21:18:27,758 [INFO] DbBoardsSqlite:226 - include board P-NUCLEO-WB55-NUCLEO as a kit item of type 'Nucleo-64'
2024-06-15 21:18:27,758 [INFO] DbBoardsSqlite:226 - include board P-NUCLEO-WB55-USBDONGLE as a kit item of type 'Nucleo USB Dongle'
2024-06-15 21:18:27,758 [INFO] DbBoardsSqlite:226 - include board STEVAL-IDP005V1 as a kit item of type 'Evaluation Board'
2024-06-15 21:18:27,758 [INFO] DbBoardsSqlite:226 - include board STEVAL-IDP005V2 as a kit item of type 'Evaluation Board'
2024-06-15 21:18:27,791 [INFO] ApiDb:240 - Found 297 in-development CPN: [B-G473E-ZEST1S, B-WB1M-WPAN1, B-WL5M-SUBG1, NUCLEO-C031C6, NUCLEO-H503RB, NUCLEO-H563ZI, NUCLEO-U545RE-Q, NUCLEO-U5A5ZJ-Q, NUCLEO-WBA52CG, STEVAL-PROTEUS1, STEVAL-STWINBX1, STM320518-EVAL, STM32C0116-DK, STM32C011D6Y3TR, STM32C011D6Y6TR, STM32C011F4P3, STM32C011F4P6, STM32C011F4U3, STM32C011F4U6TR, STM32C011F6P3, STM32C011F6P6, STM32C011F6U3, STM32C011F6U6TR, STM32C011J4M3, STM32C011J4M6, STM32C011J6M3, STM32C011J6M6, STM32C0316-DK, STM32C031C4T3, STM32C031C4T6, STM32C031C4U3, STM32C031C4U6, STM32C031C6T3, STM32C031C6T6, STM32C031C6U3, STM32C031C6U6, STM32C031F4P3, STM32C031F4P6, STM32C031F6P3, STM32C031F6P6, STM32C031G4U3, STM32C031G4U6, STM32C031G6U3, STM32C031G6U6, STM32C031K4T3, STM32C031K4T6, STM32C031K4U3, STM32C031K4U6, STM32C031K6T3, STM32C031K6T6, STM32C031K6U3, STM32C031K6U6, STM32G071K8TXN, STM32G071K8UXN, STM32G081GBU6N, STM32G081KBT6N, STM32G081KBUXN, STM32G0B1CCT6N, STM32G0B1KCT6, STM32G0B1NEY6TR, STM32G0B1RCT6N, STM32G0C1CCT6, STM32G0C1CCT6N, STM32G0C1CCU6N, STM32G0C1CET6N, STM32G0C1CEU6N, STM32G0C1KCT6, STM32G0C1NEY6TR, STM32G0C1RCI6N, STM32G0C1RCT6N, STM32G0C1REI6N, STM32G0C1RET6N, STM32G0C1VCI6, STM32G0C1VEI6, STM32G471CCT6, STM32G471CCU6, STM32G471CET3, STM32G471CET6, STM32G471CEU3, STM32G471CEU6, STM32G471MCT6, STM32G471MET3, STM32G471MET6, STM32G471MEY6TR, STM32G471QCT6, STM32G471QET3, STM32G471RCT6, STM32G471RET3, STM32G471RET6, STM32G471VCH6, STM32G471VCI6, STM32G471VCT6, STM32G471VEH3, STM32G471VEH6, STM32G471VEI3, STM32G471VEI6, STM32G471VET3, STM32G471VET6, STM32G474CCT6, STM32H503CBT6, STM32H503CBU6, STM32H503EBY6TR, STM32H503KBU6, STM32H503RBT6, STM32H562AGI6, STM32H562AII6, STM32H562IGK6, STM32H562IGT6, STM32H562IIK6, STM32H562IIT6, STM32H562RGT6, STM32H562RGV6, STM32H562RIT6, STM32H562RIV6, STM32H562VGT6, STM32H562VIT6, STM32H562ZGT6, STM32H562ZIT6, STM32H563AGI6, STM32H563AII3Q, STM32H563AII6, STM32H563IGK6, STM32H563IGT6, STM32H563IIK3Q, STM32H563IIK6, STM32H563IIT3Q, STM32H563IIT6, STM32H563MIY3QTR, STM32H563RGT6, STM32H563RGV6, STM32H563RIT6, STM32H563RIV6, STM32H563VGT6, STM32H563VIT3Q, STM32H563VIT6, STM32H563ZGT6, STM32H563ZIT3Q, STM32H563ZIT6, STM32H573AII3Q, STM32H573AII6, STM32H573I-DK, STM32H573IIK3Q, STM32H573IIK6, STM32H573IIT3Q, STM32H573IIT6, STM32H573MIY3QTR, STM32H573RIT6, STM32H573RIV6, STM32H573VIT3Q, STM32H573VIT6, STM32H573ZIT3Q, STM32H573ZIT6, STM32L4R5QGI6STR, STM32MP131AAE3, STM32MP131AAF3, STM32MP131AAG3, STM32MP131CAE3, STM32MP131CAF3, STM32MP131CAG3, STM32MP131DAE7, STM32MP131DAF7, STM32MP131DAG7, STM32MP131FAE7, STM32MP131FAF7, STM32MP131FAG7, STM32MP133AAE3, STM32MP133AAF3, STM32MP133AAG3, STM32MP133CAE3, STM32MP133CAF3, STM32MP133CAG3, STM32MP133DAE7, STM32MP133DAF7, STM32MP133DAG7, STM32MP133FAE7, STM32MP133FAF7, STM32MP133FAG7, STM32MP135AAE3, STM32MP135AAF3, STM32MP135AAG3, STM32MP135CAE3, STM32MP135CAF3, STM32MP135CAG3, STM32MP135DAE7, STM32MP135DAF7, STM32MP135DAG7, STM32MP135F-DK, STM32MP135FAE7, STM32MP135FAF7, STM32MP135FAF7T, STM32MP135FAF7U, STM32MP135FAG7, STM32U535CBT6, STM32U535CBT6Q, STM32U535CBU6, STM32U535CBU6Q, STM32U535CCT6, STM32U535CCT6Q, STM32U535CCU6, STM32U535CCU6Q, STM32U535CET6, STM32U535CET6Q, STM32U535CEU6, STM32U535CEU6Q, STM32U535JEY6QTR, STM32U535NCY6QTR, STM32U535NEY6QTR, STM32U535RBI6, STM32U535RBI6Q, STM32U535RBT6, STM32U535RBT6Q, STM32U535RCI6, STM32U535RCI6Q, STM32U535RCT6, STM32U535RCT6Q, STM32U535REI6, STM32U535REI6Q, STM32U535RET6, STM32U535RET6Q, STM32U535VCI6, STM32U535VCI6Q, STM32U535VCT6, STM32U535VCT6Q, STM32U535VEI6, STM32U535VEI6Q, STM32U535VET6, STM32U535VET6Q, STM32U545CET6, STM32U545CET6Q, STM32U545CEU6, STM32U545CEU6Q, STM32U545JEY6QTR, STM32U545NEY6QTR, STM32U545REI6, STM32U545REI6Q, STM32U545RET6, STM32U545RET6Q, STM32U545VEI6, STM32U545VEI6Q, STM32U545VET6, STM32U545VET6Q, STM32U595AIH6, STM32U595AIH6Q, STM32U595AJH6, STM32U595AJH6Q, STM32U595QII6, STM32U595QII6Q, STM32U595QJI6, STM32U595QJI6Q, STM32U595RIT6, STM32U595RIT6Q, STM32U595RJT6, STM32U595RJT6Q, STM32U595VIT6, STM32U595VIT6Q, STM32U595VJT6, STM32U595VJT6Q, STM32U595ZIT6, STM32U595ZIT6Q, STM32U595ZIY6QTR, STM32U595ZJT6, STM32U595ZJT6Q, STM32U595ZJY6QTR, STM32U599BJY6QTR, STM32U599NIH6Q, STM32U599NJH6Q, STM32U599VIT6Q, STM32U599VJT6, STM32U599VJT6Q, STM32U599ZIT6Q, STM32U599ZIY6QTR, STM32U599ZJT6Q, STM32U599ZJY6QTR, STM32U5A5AJH6, STM32U5A5AJH6Q, STM32U5A5QJI6, STM32U5A5QJI6Q, STM32U5A5RJT6, STM32U5A5RJT6Q, STM32U5A5VJT6, STM32U5A5VJT6Q, STM32U5A5ZJT6, STM32U5A5ZJT6Q, STM32U5A5ZJY6QTR, STM32U5A9BJY6QTR, STM32U5A9J-DK, STM32U5A9NJH6Q, STM32U5A9VJT6Q, STM32U5A9ZJT6Q, STM32U5A9ZJY6QTR, STM32WB1MMCH6, STM32WBA52CEU6, STM32WBA52CEU6T, STM32WBA52CGU6, STM32WBA52CGU6T, STM32WL5MOCH6, STM32WL5MOCH6TR]
2024-06-15 21:18:27,850 [INFO] BoardInfo:880 - No configuration file found for board NUCLEO-H533RE
2024-06-15 21:18:27,851 [INFO] DbBoards:157 - Board is not supported: NUCLEO-H533RE
2024-06-15 21:18:27,857 [INFO] BoardInfo:880 - No configuration file found for board NUCLEO-H7S3L8
2024-06-15 21:18:27,857 [INFO] DbBoards:157 - Board is not supported: NUCLEO-H7S3L8
2024-06-15 21:18:27,874 [INFO] BoardInfo:880 - No configuration file found for board NUCLEO-U031R8
2024-06-15 21:18:27,874 [INFO] DbBoards:157 - Board is not supported: NUCLEO-U031R8
2024-06-15 21:18:27,875 [INFO] BoardInfo:880 - No configuration file found for board NUCLEO-U083RC
2024-06-15 21:18:27,875 [INFO] DbBoards:157 - Board is not supported: NUCLEO-U083RC
2024-06-15 21:18:27,879 [INFO] BoardInfo:880 - No configuration file found for board NUCLEO-WBA55CG
2024-06-15 21:18:27,879 [INFO] DbBoards:157 - Board is not supported: NUCLEO-WBA55CG
2024-06-15 21:18:27,883 [INFO] BoardInfo:880 - No configuration file found for board P-NUCLEO-WB55
2024-06-15 21:18:27,883 [INFO] DbBoards:157 - Kit is not supported: P-NUCLEO-WB55
2024-06-15 21:18:27,886 [INFO] BoardInfo:880 - No configuration file found for board STEVAL-BFA001V1B
2024-06-15 21:18:27,886 [INFO] DbBoards:157 - Kit is not supported: STEVAL-BFA001V1B
2024-06-15 21:18:27,887 [INFO] BoardInfo:880 - No configuration file found for board STEVAL-BFA001V2B
2024-06-15 21:18:27,887 [INFO] DbBoards:157 - Kit is not supported: STEVAL-BFA001V2B
2024-06-15 21:18:27,890 [INFO] BoardInfo:880 - No configuration file found for board STEVAL-MKBOXPRO
2024-06-15 21:18:27,890 [INFO] DbBoards:157 - Board is not supported: STEVAL-MKBOXPRO
2024-06-15 21:18:27,892 [INFO] BoardInfo:880 - No configuration file found for board STEVAL-SMARTAG2
2024-06-15 21:18:27,892 [INFO] DbBoards:157 - Board is not supported: STEVAL-SMARTAG2
2024-06-15 21:18:27,944 [INFO] BoardInfo:880 - No configuration file found for board STM32H7S78-DK
2024-06-15 21:18:27,945 [INFO] DbBoards:157 - Board is not supported: STM32H7S78-DK
2024-06-15 21:18:27,960 [INFO] BoardInfo:880 - No configuration file found for board STM32U083C-DK
2024-06-15 21:18:27,960 [INFO] DbBoards:157 - Board is not supported: STM32U083C-DK
2024-06-15 21:18:27,962 [INFO] BoardInfo:880 - No configuration file found for board STM32U5G9J-DK1
2024-06-15 21:18:27,962 [INFO] DbBoards:157 - Board is not supported: STM32U5G9J-DK1
2024-06-15 21:18:27,963 [INFO] BoardInfo:880 - No configuration file found for board STM32U5G9J-DK2
2024-06-15 21:18:27,963 [INFO] DbBoards:157 - Board is not supported: STM32U5G9J-DK2
2024-06-15 21:18:27,965 [INFO] BoardInfo:880 - No configuration file found for board STM32WBA55G-DK1
2024-06-15 21:18:27,965 [INFO] DbBoards:157 - Board is not supported: STM32WBA55G-DK1
2024-06-15 21:18:27,965 [INFO] DbBoards:161 - Found 195 boards, 180 are supported
2024-06-15 21:18:27,967 [INFO] ApiDb:423 - Load user favorites file C:\Users\draut/.stm32cubeide/favorites.boards.txt: 0 item(s)
2024-06-15 21:18:27,967 [INFO] ApiDb:427 - User favorites Boards=[]
2024-06-15 21:18:27,967 [INFO] DbBoards:190 - Set 0 / 0 favorites Boards
2024-06-15 21:18:27,970 [INFO] ApiDb:668 - CubeFinder database Data Model version=2.1
2024-06-15 21:18:27,970 [INFO] ApiDb:669 - CubeFinder database Configuration version=3.0.39
2024-06-15 21:18:27,970 [INFO] ApiDb:670 - CubeFinder database generation date=2024-06-07 (1717689626)
2024-06-15 21:18:27,970 [INFO] ApiDb:671 - CubeFinder database FW Pack versions=[FP-ATR-ASTRA1_V2.0.0, FP-SNS-FLIGHT1_V5.0.2, FP-SNS-MOTENV1_V5.0.0, FP-SNS-MOTENVWB1_V1.4.0, FP-SNS-SMARTAG2_V1.2.0, STM32Cube_FW_C0_V1.2.0, STM32Cube_FW_F4_V1.28.0, STM32Cube_FW_F7_V1.17.2, STM32Cube_FW_G0_V1.6.2, STM32Cube_FW_G4_V1.6.0, STM32Cube_FW_H5_V1.3.0, STM32Cube_FW_H7RS_V1.1.0, STM32Cube_FW_H7_V1.11.2, STM32Cube_FW_L0_V1.12.2, STM32Cube_FW_L5_V1.5.1, STM32Cube_FW_U0_V1.1.0, STM32Cube_FW_U5_V1.6.0, STM32Cube_FW_WB0_V1.0.0, STM32Cube_FW_WBA_V1.4.0, STM32Cube_FW_WB_V1.20.0, STM32Cube_FW_WL_V1.3.0, X-CUBE-ALGOBUILD_V1.4.0, X-CUBE-ALS_V1.0.2, X-CUBE-AZRTOS-F4_V1.1.0, X-CUBE-AZRTOS-F7_V1.1.0, X-CUBE-AZRTOS-G0_V1.1.0, X-CUBE-AZRTOS-G4_V2.0.0, X-CUBE-AZRTOS-H7RS_V1.0.0, X-CUBE-AZRTOS-H7_V3.2.0, X-CUBE-AZRTOS-L4_V2.0.0, X-CUBE-AZRTOS-L5_V1.1.0, X-CUBE-AZRTOS-WB_V2.0.0, X-CUBE-AZRTOS-WL_V2.0.0, X-CUBE-BLE1_V7.0.0, X-CUBE-BLE2_V3.3.0, X-CUBE-BLEMGR_V3.1.0, X-CUBE-EEPRMA1_V5.1.0, X-CUBE-FREERTOS_V1.2.0, X-CUBE-GNSS1_V6.0.0, X-CUBE-MEMS1_V10.0.0, X-CUBE-NFC4_V3.0.0, X-CUBE-NFC7_V1.0.1, X-CUBE-SFXS2LP1_V4.0.0, X-CUBE-SUBG2_V5.0.0, X-CUBE-TOF1_V3.4.1]
2024-06-15 21:18:28,409 [ERROR] DbExamplesSqlite:418 - Missing JSON key: board_cpn
2024-06-15 21:18:28,410 [ERROR] DbExamplesSqlite:418 - Missing JSON key: board_cpn
2024-06-15 21:18:28,410 [ERROR] DbExamplesSqlite:418 - Missing JSON key: board_cpn
2024-06-15 21:18:28,410 [ERROR] DbExamplesSqlite:418 - Missing JSON key: board_cpn
2024-06-15 21:18:28,495 [INFO] DbExamplesSqlite:376 - Ignored 28 examples not supported by CubeIDE
2024-06-15 21:18:28,496 [INFO] DbExamplesSqlite:377 - Found 8590 examples active
2024-06-15 21:18:28,496 [INFO] DbExamplesSqlite:378 - Found 0 examples obsolete
2024-06-15 21:18:28,497 [INFO] DbExamplesSqlite:379 - Found 0 examples under development
2024-06-15 21:18:28,497 [INFO] DbExamplesSqlite:380 - Found 10 examples not building
2024-06-15 21:18:28,498 [INFO] DbExamples:125 - Found 8572 examples
2024-06-15 21:18:28,569 [ERROR] DbExamples:208 - Found 308 examples with invalid data (board or MCU)
2024-06-15 21:18:28,570 [INFO] DbExamples:222 - Found 102 boards with related examples
2024-06-15 21:18:28,571 [INFO] DbExamples:235 - Found 86 MCUs with related examples
2024-06-15 21:18:28,592 [INFO] ApiDb:414 - User favorites file not found: C:\Users\draut/.stm32cubeide/favorites.examples.txt
2024-06-15 21:18:28,592 [INFO] DbExamples:250 - Set 0 / 0 favorites Examples
2024-06-15 21:18:28,734 [INFO] McuFinderGlobals:66 - Set McuFinderConnectedMode to true
2024-06-15 21:18:28,742 [INFO] MultiScanPanel:200 - Auto-refresh data requested => check proxy status ongoing
2024-06-15 21:18:28,746 [INFO] FinderPluginLoader:95 - Searching for filters in installed packs
2024-06-15 21:18:29,690 [INFO] LoadUrlFilesThread:185 - End of LoadServerUrlFiles without Thread
2024-06-15 21:18:29,701 [INFO] DetailPanel:341 - Set advertising image to C:/Users/draut/STM32Cube/Repository/\en.prom-stm32h7rs-mcu-finder.jpg
2024-06-15 21:18:30,781 [ERROR] LogOutputStream:75 - [STDERR_REDIRECT] SLF4J: Failed to load class "org.slf4j.impl.StaticLoggerBinder".
2024-06-15 21:18:30,782 [ERROR] LogOutputStream:75 - [STDERR_REDIRECT] SLF4J: Defaulting to no-operation (NOP) logger implementation
2024-06-15 21:18:30,784 [ERROR] LogOutputStream:75 - [STDERR_REDIRECT] SLF4J: See http://www.slf4j.org/codes.html#StaticLoggerBinder for further details.
2024-06-15 21:18:42,014 [INFO] MultiScanPanel:200 - Auto-refresh data requested => check proxy status ongoing
2024-06-15 21:18:42,099 [INFO] LoadUrlFilesThread:185 - End of LoadServerUrlFiles without Thread
2024-06-15 21:18:42,099 [INFO] DetailPanel:341 - Set advertising image to C:/Users/draut/STM32Cube/Repository/\en.prom-stm32h7rs-mcu-finder.jpg
2024-06-15 21:20:45,472 [INFO] ServerAccessManage:473 - Download File DB1421.pdf
2024-06-15 21:20:46,322 [INFO] LoadUrlFilesThread:156 - End of LoadUrlFiles Thread
2024-06-15 21:20:46,382 [INFO] BoardAction:139 - Datasheet
2024-06-15 21:20:59,763 [INFO] BoardAction:75 - Docs & Resources
2024-06-15 21:21:11,536 [INFO] ServerAccessManage:473 - Download File UM1467.pdf
2024-06-15 21:21:11,850 [INFO] LoadUrlFilesThread:156 - End of LoadUrlFiles Thread
2024-06-15 21:21:56,036 [INFO] McuFinderGlobals:66 - Set McuFinderConnectedMode to true
2024-06-15 21:21:56,038 [INFO] ApiDb:448 - Save user favorites file C:\Users\draut/.stm32cubeide/favorites.mcus.txt: 0 item(s)
2024-06-15 21:21:56,038 [INFO] ApiDb:452 - User favorites MCUs=[]
2024-06-15 21:21:56,039 [INFO] ApiDb:448 - Save user favorites file C:\Users\draut/.stm32cubeide/favorites.boards.txt: 0 item(s)
2024-06-15 21:21:56,039 [INFO] ApiDb:452 - User favorites Boards=[]
