2024-06-18 23:10:34,057 [INFO] Activator:176 - 


2024-06-18 23:10:34,060 [INFO] Activator:177 - !SESSION log4j initialized
2024-06-18 23:10:38,105 [INFO] LogOutputStream:77 - [STDOUT_REDIRECT] 
2024-06-18 23:10:59,045 [ERROR] LogOutputStream:75 - [STDERR_REDIRECT] SLF4J: Failed to load class "org.slf4j.impl.StaticLoggerBinder".
2024-06-18 23:10:59,046 [ERROR] LogOutputStream:75 - [STDERR_REDIRECT] SLF4J: Defaulting to no-operation (NOP) logger implementation
2024-06-18 23:10:59,047 [ERROR] LogOutputStream:75 - [STDERR_REDIRECT] SLF4J: See http://www.slf4j.org/codes.html#StaticLoggerBinder for further details.
2024-06-18 23:11:02,785 [INFO] ApplicationProperties:184 - Using Application install path: C:\ST\STM32CubeIDE_1.12.1\STM32CubeIDE\plugins\com.st.stm32cube.common.mx_6.8.1.202304191431
2024-06-18 23:11:02,800 [INFO] DbMcusXml:78 - Set database path to: C:\ST\STM32CubeIDE_1.12.1\STM32CubeIDE\plugins\com.st.stm32cube.common.mx_6.8.1.202304191431\\db\/mcu/
2024-06-18 23:11:02,800 [INFO] ApiDb:274 - Set plugin database path to: C:\ST\STM32CubeIDE_1.12.1\STM32CubeIDE\plugins\com.st.stm32cube.common.mx_6.8.1.202304191431\\db\/plugins/boardmanager/
2024-06-18 23:11:02,801 [WARN] ApiDb:259 - Overriding images path with different value:  => C:\ST\STM32CubeIDE_1.12.1\STM32CubeIDE\plugins\com.st.stm32cube.common.mx_6.8.1.202304191431\\db\/plugins/mcufinder/images/
2024-06-18 23:11:02,814 [INFO] ApiDb:250 - Set database path to: C:\Users\draut\.stmcufinder\plugins\mcufinder//mcu/
2024-06-18 23:11:02,814 [INFO] DbMcusAds:125 - Set database path to: C:\Users\draut\.stmcufinder\plugins\mcufinder//mcu/
2024-06-18 23:11:02,832 [INFO] CrossReferenceDbSqlite:203 - Set database path to: C:\Users\draut\.stmcufinder\plugins\mcufinder//mcu/cs/
2024-06-18 23:11:02,912 [INFO] RulesReader:64 - Compatibility file has been processed (293 Rules)
2024-06-18 23:11:02,980 [INFO] DbMcusXml:78 - Set database path to: C:\ST\STM32CubeIDE_1.12.1\STM32CubeIDE\plugins\com.st.stm32cube.common.mx_6.8.1.202304191431\\db\/mcu/
2024-06-18 23:11:02,981 [INFO] ApiDb:274 - Set plugin database path to: C:\ST\STM32CubeIDE_1.12.1\STM32CubeIDE\plugins\com.st.stm32cube.common.mx_6.8.1.202304191431\\db\/plugins/boardmanager/
2024-06-18 23:11:02,981 [INFO] ApiDb:261 - Set plugin images path to: C:\ST\STM32CubeIDE_1.12.1\STM32CubeIDE\plugins\com.st.stm32cube.common.mx_6.8.1.202304191431\\db\/plugins/mcufinder/images/
2024-06-18 23:11:02,981 [WARN] DbFile:41 - Overriding database path with different value: C:\Users\draut\.stmcufinder\plugins\mcufinder/ => C:\Users\draut\.stmcufinder\plugins\mcufinder
2024-06-18 23:11:02,981 [INFO] ApiDb:250 - Set database path to: C:\Users\draut\.stmcufinder\plugins\mcufinder//mcu/
2024-06-18 23:11:02,981 [WARN] DbFile:41 - Overriding database path with different value: C:\Users\draut\.stmcufinder\plugins\mcufinder/ => C:\Users\draut\.stmcufinder\plugins\mcufinder
2024-06-18 23:11:02,981 [INFO] DbMcusAds:125 - Set database path to: C:\Users\draut\.stmcufinder\plugins\mcufinder//mcu/
2024-06-18 23:11:02,981 [WARN] DbFile:41 - Overriding database path with different value: C:\Users\draut\.stmcufinder\plugins\mcufinder/ => C:\Users\draut\.stmcufinder\plugins\mcufinder
2024-06-18 23:11:02,981 [WARN] DbFile:41 - Overriding database path with different value: C:\Users\draut\.stmcufinder\plugins\mcufinder/ => C:\Users\draut\.stmcufinder\plugins\mcufinder
2024-06-18 23:11:02,981 [INFO] CrossReferenceDbSqlite:203 - Set database path to: C:\Users\draut\.stmcufinder\plugins\mcufinder//mcu/cs/
2024-06-18 23:11:03,040 [INFO] MainPanel:253 - HeapMemory: 268435456
2024-06-18 23:11:03,114 [INFO] DbMcusXml:78 - Set database path to: C:\ST\STM32CubeIDE_1.12.1\STM32CubeIDE\plugins\com.st.stm32cube.common.mx_6.8.1.202304191431\\db\/mcu/
2024-06-18 23:11:03,114 [INFO] ApiDb:274 - Set plugin database path to: C:\ST\STM32CubeIDE_1.12.1\STM32CubeIDE\plugins\com.st.stm32cube.common.mx_6.8.1.202304191431\\db\/plugins/boardmanager/
2024-06-18 23:11:03,114 [INFO] ApiDb:261 - Set plugin images path to: C:\ST\STM32CubeIDE_1.12.1\STM32CubeIDE\plugins\com.st.stm32cube.common.mx_6.8.1.202304191431\\db\/plugins/mcufinder/images/
2024-06-18 23:11:03,115 [WARN] DbFile:41 - Overriding database path with different value: C:\Users\draut\.stmcufinder\plugins\mcufinder/ => C:\Users\draut\.stmcufinder\plugins\mcufinder
2024-06-18 23:11:03,115 [INFO] ApiDb:250 - Set database path to: C:\Users\draut\.stmcufinder\plugins\mcufinder//mcu/
2024-06-18 23:11:03,115 [WARN] DbFile:41 - Overriding database path with different value: C:\Users\draut\.stmcufinder\plugins\mcufinder/ => C:\Users\draut\.stmcufinder\plugins\mcufinder
2024-06-18 23:11:03,115 [INFO] DbMcusAds:125 - Set database path to: C:\Users\draut\.stmcufinder\plugins\mcufinder//mcu/
2024-06-18 23:11:03,115 [WARN] DbFile:41 - Overriding database path with different value: C:\Users\draut\.stmcufinder\plugins\mcufinder/ => C:\Users\draut\.stmcufinder\plugins\mcufinder
2024-06-18 23:11:03,115 [WARN] DbFile:41 - Overriding database path with different value: C:\Users\draut\.stmcufinder\plugins\mcufinder/ => C:\Users\draut\.stmcufinder\plugins\mcufinder
2024-06-18 23:11:03,115 [INFO] CrossReferenceDbSqlite:203 - Set database path to: C:\Users\draut\.stmcufinder\plugins\mcufinder//mcu/cs/
2024-06-18 23:11:03,129 [INFO] ApplicationProperties:184 - Using Application install path: C:\ST\STM32CubeIDE_1.12.1\STM32CubeIDE\plugins\com.st.stm32cube.common.mx_6.8.1.202304191431
2024-06-18 23:11:03,130 [INFO] PluginManage:196 - Search for loadable plugins [exclusion list=, ]
2024-06-18 23:11:03,132 [INFO] PluginManage:310 - Check plugin analytics
2024-06-18 23:11:03,257 [INFO] AnalyticsPlugin:253 - Accepted Software Licenses: STM32CubeMX.6.9.1
2024-06-18 23:11:03,258 [INFO] AnalyticsPlugin:255 - Accepted CMSIS Pack Licenses: 
2024-06-18 23:11:03,258 [INFO] AnalyticsPlugin:257 - Accepted Firmware Licenses: FW.F4.1.27.0,FW.WB.1.16.0
2024-06-18 23:11:03,267 [INFO] PluginManage:359 - Loaded plugin analytics (category:tool,tabindex:-1)
2024-06-18 23:11:03,268 [INFO] PluginManage:310 - Check plugin cadmodel
2024-06-18 23:11:03,275 [INFO] CADModel:105 - Init CAD model plugin
2024-06-18 23:11:03,275 [INFO] PluginManage:359 - Loaded plugin cadmodel (category:power,tabindex:5)
2024-06-18 23:11:03,276 [INFO] PluginManage:310 - Check plugin clock
2024-06-18 23:11:03,285 [INFO] PluginManage:359 - Loaded plugin clock (category:base,tabindex:2)
2024-06-18 23:11:03,285 [INFO] PluginManage:310 - Check plugin ddr
2024-06-18 23:11:03,287 [INFO] PluginManage:359 - Loaded plugin ddr (category:tool,tabindex:6)
2024-06-18 23:11:03,287 [INFO] PluginManage:310 - Check plugin filemanager
2024-06-18 23:11:03,399 [INFO] PluginManage:359 - Loaded plugin filemanager (category:base,tabindex:10)
2024-06-18 23:11:03,399 [INFO] PluginManage:310 - Check plugin ipmanager
2024-06-18 23:11:03,405 [INFO] PluginManage:359 - Loaded plugin ipmanager (category:base,tabindex:5)
2024-06-18 23:11:03,405 [INFO] PluginManage:310 - Check plugin lpbam
2024-06-18 23:11:03,413 [INFO] PluginManage:359 - Loaded plugin lpbam (category:base,tabindex:0)
2024-06-18 23:11:03,413 [INFO] PluginManage:310 - Check plugin pinoutandconfiguration
2024-06-18 23:11:03,420 [INFO] PluginManage:359 - Loaded plugin pinoutandconfiguration (category:base,tabindex:1)
2024-06-18 23:11:03,420 [INFO] PluginManage:310 - Check plugin pinoutconfig
2024-06-18 23:11:03,486 [WARN] SupportedApi:132 - Cannot load RTOS API schema: s4s-elt-must-match.1: The content of 'definitions' must match (annotation?, (simpleType | complexType)?, (unique | key | keyref)*)). A problem was found starting at: attribute.
2024-06-18 23:11:03,612 [INFO] PluginManage:359 - Loaded plugin pinoutconfig (category:base,tabindex:0)
2024-06-18 23:11:03,612 [INFO] PluginManage:310 - Check plugin power
2024-06-18 23:11:03,625 [INFO] PluginManage:359 - Loaded plugin power (category:power,tabindex:4)
2024-06-18 23:11:03,625 [INFO] PluginManage:310 - Check plugin projectmanager
2024-06-18 23:11:03,642 [INFO] PluginManage:359 - Loaded plugin projectmanager (category:projectmanager,tabindex:3)
2024-06-18 23:11:03,642 [INFO] PluginManage:310 - Check plugin thirdparty
2024-06-18 23:11:03,744 [INFO] PluginManage:359 - Loaded plugin thirdparty (category:base,tabindex:-1)
2024-06-18 23:11:03,744 [INFO] PluginManage:310 - Check plugin tools
2024-06-18 23:11:03,744 [WARN] IntegrityCheckThread:84 - waiting for thirdparty lock release [integrity check]
2024-06-18 23:11:03,744 [INFO] IntegrityCheckThread:86 - entering critical section [integrity check]
2024-06-18 23:11:03,745 [INFO] ThirdPartyUpdaterWithRetryManager:70 - Updater plugin not ready yet. [1/15]
2024-06-18 23:11:03,747 [INFO] PluginManage:359 - Loaded plugin tools (category:base,tabindex:7)
2024-06-18 23:11:03,747 [INFO] PluginManage:310 - Check plugin tutovideos
2024-06-18 23:11:03,903 [INFO] PluginManage:359 - Loaded plugin tutovideos (category:base,tabindex:-1)
2024-06-18 23:11:03,903 [INFO] PluginManage:310 - Check plugin updater
2024-06-18 23:11:03,920 [INFO] PluginManage:359 - Loaded plugin updater (category:base,tabindex:12)
2024-06-18 23:11:03,921 [INFO] PluginManage:283 - PluginManage : Loaded plugins [15]
2024-06-18 23:11:04,117 [INFO] PinOutPanel:1499 - setPackage(No Configuration,No Configuration)
2024-06-18 23:11:04,164 [INFO] CADModel:165 - CPN selected for project level
2024-06-18 23:11:04,164 [INFO] CADModel:114 - Register for checkConnection events
2024-06-18 23:11:04,177 [INFO] IPUIPlugin:80 - create IPUIPlugin
2024-06-18 23:11:04,178 [INFO] PluginManager:220 - loadIPPluginJar : add adc
2024-06-18 23:11:04,180 [INFO] IPUIPlugin:80 - create IPUIPlugin
2024-06-18 23:11:04,180 [INFO] PluginManager:220 - loadIPPluginJar : add aes
2024-06-18 23:11:04,182 [INFO] IPUIPlugin:80 - create IPUIPlugin
2024-06-18 23:11:04,183 [INFO] PluginManager:220 - loadIPPluginJar : add can
2024-06-18 23:11:04,184 [INFO] IPUIPlugin:80 - create IPUIPlugin
2024-06-18 23:11:04,184 [INFO] PluginManager:220 - loadIPPluginJar : add comp
2024-06-18 23:11:04,186 [INFO] IPUIPlugin:80 - create IPUIPlugin
2024-06-18 23:11:04,186 [INFO] PluginManager:220 - loadIPPluginJar : add cryp
2024-06-18 23:11:04,188 [INFO] IPUIPlugin:80 - create IPUIPlugin
2024-06-18 23:11:04,188 [INFO] PluginManager:220 - loadIPPluginJar : add dfsdm
2024-06-18 23:11:04,194 [INFO] IPUIPlugin:80 - create IPUIPlugin
2024-06-18 23:11:04,194 [INFO] PluginManager:220 - loadIPPluginJar : add dma
2024-06-18 23:11:04,196 [INFO] IPUIPlugin:80 - create IPUIPlugin
2024-06-18 23:11:04,196 [INFO] PluginManager:220 - loadIPPluginJar : add dma3
2024-06-18 23:11:04,198 [INFO] IPUIPlugin:80 - create IPUIPlugin
2024-06-18 23:11:04,198 [INFO] PluginManager:220 - loadIPPluginJar : add fatfs
2024-06-18 23:11:04,202 [INFO] IPUIPlugin:80 - create IPUIPlugin
2024-06-18 23:11:04,202 [INFO] PluginManager:220 - loadIPPluginJar : add fmc
2024-06-18 23:11:04,208 [INFO] IPUIPlugin:80 - create IPUIPlugin
2024-06-18 23:11:04,208 [INFO] PluginManager:220 - loadIPPluginJar : add freertos
2024-06-18 23:11:04,209 [INFO] IPUIPlugin:80 - create IPUIPlugin
2024-06-18 23:11:04,209 [INFO] PluginManager:220 - loadIPPluginJar : add genericplugin
2024-06-18 23:11:04,211 [INFO] IPUIPlugin:80 - create IPUIPlugin
2024-06-18 23:11:04,211 [INFO] PluginManager:220 - loadIPPluginJar : add gfxmmu
2024-06-18 23:11:04,214 [INFO] IPUIPlugin:80 - create IPUIPlugin
2024-06-18 23:11:04,214 [INFO] PluginManager:220 - loadIPPluginJar : add gic
2024-06-18 23:11:04,218 [INFO] IPUIPlugin:80 - create IPUIPlugin
2024-06-18 23:11:04,218 [INFO] PluginManager:220 - loadIPPluginJar : add gpio
2024-06-18 23:11:04,220 [INFO] IPUIPlugin:80 - create IPUIPlugin
2024-06-18 23:11:04,220 [INFO] PluginManager:220 - loadIPPluginJar : add gtzc
2024-06-18 23:11:04,222 [INFO] IPUIPlugin:80 - create IPUIPlugin
2024-06-18 23:11:04,222 [INFO] PluginManager:220 - loadIPPluginJar : add hash
2024-06-18 23:11:04,224 [INFO] IPUIPlugin:80 - create IPUIPlugin
2024-06-18 23:11:04,224 [INFO] PluginManager:220 - loadIPPluginJar : add i2c
2024-06-18 23:11:04,228 [INFO] IPUIPlugin:80 - create IPUIPlugin
2024-06-18 23:11:04,228 [INFO] PluginManager:220 - loadIPPluginJar : add i2s
2024-06-18 23:11:04,231 [INFO] IPUIPlugin:80 - create IPUIPlugin
2024-06-18 23:11:04,231 [INFO] PluginManager:220 - loadIPPluginJar : add i3c
2024-06-18 23:11:04,233 [INFO] IPUIPlugin:80 - create IPUIPlugin
2024-06-18 23:11:04,233 [INFO] PluginManager:220 - loadIPPluginJar : add ipddr
2024-06-18 23:11:04,240 [INFO] IPUIPlugin:80 - create IPUIPlugin
2024-06-18 23:11:04,240 [INFO] PluginManager:220 - loadIPPluginJar : add linkedlist
2024-06-18 23:11:04,242 [INFO] IPUIPlugin:80 - create IPUIPlugin
2024-06-18 23:11:04,242 [INFO] PluginManager:220 - loadIPPluginJar : add lorawan
2024-06-18 23:11:04,244 [INFO] IPUIPlugin:80 - create IPUIPlugin
2024-06-18 23:11:04,244 [INFO] PluginManager:220 - loadIPPluginJar : add ltdc
2024-06-18 23:11:04,250 [INFO] IPUIPlugin:80 - create IPUIPlugin
2024-06-18 23:11:04,250 [INFO] PluginManager:220 - loadIPPluginJar : add mdma
2024-06-18 23:11:04,253 [INFO] IPUIPlugin:80 - create IPUIPlugin
2024-06-18 23:11:04,253 [INFO] PluginManager:220 - loadIPPluginJar : add nvic
2024-06-18 23:11:04,255 [INFO] IPUIPlugin:80 - create IPUIPlugin
2024-06-18 23:11:04,255 [INFO] PluginManager:220 - loadIPPluginJar : add opamp
2024-06-18 23:11:04,258 [INFO] IPUIPlugin:80 - create IPUIPlugin
2024-06-18 23:11:04,258 [INFO] PluginManager:220 - loadIPPluginJar : add openamp
2024-06-18 23:11:04,260 [INFO] IPUIPlugin:80 - create IPUIPlugin
2024-06-18 23:11:04,260 [INFO] PluginManager:220 - loadIPPluginJar : add pdm2pcm
2024-06-18 23:11:04,266 [INFO] IPUIPlugin:80 - create IPUIPlugin
2024-06-18 23:11:04,268 [INFO] PluginManager:220 - loadIPPluginJar : add plateformsettings
2024-06-18 23:11:04,270 [INFO] IPUIPlugin:80 - create IPUIPlugin
2024-06-18 23:11:04,270 [INFO] PluginManager:220 - loadIPPluginJar : add quadspi
2024-06-18 23:11:04,273 [INFO] IPUIPlugin:80 - create IPUIPlugin
2024-06-18 23:11:04,273 [INFO] PluginManager:220 - loadIPPluginJar : add resmgrutility
2024-06-18 23:11:04,275 [INFO] IPUIPlugin:80 - create IPUIPlugin
2024-06-18 23:11:04,275 [INFO] PluginManager:220 - loadIPPluginJar : add sai
2024-06-18 23:11:04,278 [INFO] IPUIPlugin:80 - create IPUIPlugin
2024-06-18 23:11:04,278 [INFO] PluginManager:220 - loadIPPluginJar : add spi
2024-06-18 23:11:04,281 [INFO] IPUIPlugin:80 - create IPUIPlugin
2024-06-18 23:11:04,281 [INFO] PluginManager:220 - loadIPPluginJar : add stm32_wpan
2024-06-18 23:11:04,283 [INFO] IPUIPlugin:80 - create IPUIPlugin
2024-06-18 23:11:04,283 [INFO] PluginManager:220 - loadIPPluginJar : add tim
2024-06-18 23:11:04,285 [INFO] IPUIPlugin:80 - create IPUIPlugin
2024-06-18 23:11:04,285 [INFO] PluginManager:220 - loadIPPluginJar : add touchsensing
2024-06-18 23:11:04,287 [INFO] IPUIPlugin:80 - create IPUIPlugin
2024-06-18 23:11:04,287 [INFO] PluginManager:220 - loadIPPluginJar : add tracer_emb
2024-06-18 23:11:04,289 [INFO] IPUIPlugin:80 - create IPUIPlugin
2024-06-18 23:11:04,290 [INFO] PluginManager:220 - loadIPPluginJar : add ts
2024-06-18 23:11:04,292 [INFO] IPUIPlugin:80 - create IPUIPlugin
2024-06-18 23:11:04,292 [INFO] PluginManager:220 - loadIPPluginJar : add tsc
2024-06-18 23:11:04,295 [INFO] IPUIPlugin:80 - create IPUIPlugin
2024-06-18 23:11:04,295 [INFO] PluginManager:220 - loadIPPluginJar : add ucpd
2024-06-18 23:11:04,297 [INFO] IPUIPlugin:80 - create IPUIPlugin
2024-06-18 23:11:04,297 [INFO] PluginManager:220 - loadIPPluginJar : add usart
2024-06-18 23:11:04,300 [INFO] IPUIPlugin:80 - create IPUIPlugin
2024-06-18 23:11:04,300 [INFO] PluginManager:220 - loadIPPluginJar : add usbx
2024-06-18 23:11:04,420 [INFO] CADModel:165 - CPN selected for project level
2024-06-18 23:11:04,420 [INFO] CADModel:114 - Register for checkConnection events
2024-06-18 23:11:04,420 [FATAL] Updater:308 - Updater called before beeing initialized
2024-06-18 23:11:04,420 [ERROR] CADModel:125 - Updater not yet initialized, retry later 
2024-06-18 23:11:04,532 [INFO] CADModel:165 - CPN selected for project level
2024-06-18 23:11:04,532 [INFO] CADModel:114 - Register for checkConnection events
2024-06-18 23:11:04,532 [FATAL] Updater:308 - Updater called before beeing initialized
2024-06-18 23:11:04,532 [ERROR] CADModel:125 - Updater not yet initialized, retry later 
2024-06-18 23:11:04,535 [FATAL] Updater:308 - Updater called before beeing initialized
2024-06-18 23:11:04,617 [FATAL] Updater:308 - Updater called before beeing initialized
2024-06-18 23:11:04,625 [INFO] DbMcusAds:53 - JSON generation date=Thu May 16 17:22:00 SGT 2024 (1715851320852)
2024-06-18 23:11:04,625 [FATAL] Updater:308 - Updater called before beeing initialized
2024-06-18 23:11:04,654 [WARN] DetailPanel:346 - Failed to get advertising image, set to default
2024-06-18 23:11:04,734 [FATAL] Updater:308 - Updater called before beeing initialized
2024-06-18 23:11:04,736 [FATAL] Updater:308 - Updater called before beeing initialized
2024-06-18 23:11:04,736 [FATAL] Updater:308 - Updater called before beeing initialized
2024-06-18 23:11:04,736 [WARN] DetailPanel:346 - Failed to get advertising image, set to default
2024-06-18 23:11:04,737 [FATAL] Updater:308 - Updater called before beeing initialized
2024-06-18 23:11:04,771 [ERROR] Updater:1120 - MainUpdater not yet initialized. External WinMGr cannot be set.
2024-06-18 23:11:04,773 [INFO] Updater:1056 - Updater Version found : 6.8.1
2024-06-18 23:11:04,787 [INFO] ApplicationProperties:184 - Using Application install path: C:\ST\STM32CubeIDE_1.12.1\STM32CubeIDE\plugins\com.st.stm32cube.common.mx_6.8.1.202304191431
2024-06-18 23:11:04,992 [INFO] MainUpdater:2854 - connection check result : 10
2024-06-18 23:11:04,992 [INFO] MainUpdater:283 - Updater Check For Update Now.
2024-06-18 23:11:04,994 [INFO] MicroXplorer:498 - Change Database Version : DB.6.0.81
2024-06-18 23:11:05,144 [INFO] CheckServerUpdateThread:120 - End of CheckServer Thread
2024-06-18 23:11:05,204 [INFO] MainUpdater:2854 - connection check result : 10
2024-06-18 23:11:05,206 [INFO] McuFinderGlobals:66 - Set McuFinderConnectedMode to true
2024-06-18 23:11:05,481 [INFO] ServerAccessManage:473 - Download File mcusAds.json._tmp_
2024-06-18 23:11:05,603 [INFO] LoadUrlFilesThread:156 - End of LoadUrlFiles Thread
2024-06-18 23:11:05,987 [INFO] ServerAccessManage:473 - Download File cube-finder-db.zip
2024-06-18 23:11:06,747 [WARN] MainUpdater:1187 - Updater busy. Cannot search thirdparties
2024-06-18 23:11:06,747 [INFO] ThirdPartyUpdaterWithRetryManager:96 - Updater plugin is busy. [1/15]
2024-06-18 23:11:09,756 [WARN] MainUpdater:1187 - Updater busy. Cannot search thirdparties
2024-06-18 23:11:09,756 [INFO] ThirdPartyUpdaterWithRetryManager:96 - Updater plugin is busy. [2/15]
2024-06-18 23:11:12,759 [WARN] MainUpdater:1187 - Updater busy. Cannot search thirdparties
2024-06-18 23:11:12,759 [INFO] ThirdPartyUpdaterWithRetryManager:96 - Updater plugin is busy. [3/15]
2024-06-18 23:11:15,770 [WARN] MainUpdater:1187 - Updater busy. Cannot search thirdparties
2024-06-18 23:11:15,770 [INFO] ThirdPartyUpdaterWithRetryManager:96 - Updater plugin is busy. [4/15]
2024-06-18 23:11:18,773 [WARN] MainUpdater:1187 - Updater busy. Cannot search thirdparties
2024-06-18 23:11:18,773 [INFO] ThirdPartyUpdaterWithRetryManager:96 - Updater plugin is busy. [5/15]
2024-06-18 23:11:21,773 [WARN] MainUpdater:1187 - Updater busy. Cannot search thirdparties
2024-06-18 23:11:21,773 [INFO] ThirdPartyUpdaterWithRetryManager:96 - Updater plugin is busy. [6/15]
2024-06-18 23:11:24,786 [WARN] MainUpdater:1187 - Updater busy. Cannot search thirdparties
2024-06-18 23:11:24,786 [INFO] ThirdPartyUpdaterWithRetryManager:96 - Updater plugin is busy. [7/15]
2024-06-18 23:11:27,801 [WARN] MainUpdater:1187 - Updater busy. Cannot search thirdparties
2024-06-18 23:11:27,801 [INFO] ThirdPartyUpdaterWithRetryManager:96 - Updater plugin is busy. [8/15]
2024-06-18 23:11:29,651 [INFO] FileExtend:240 - Unzip File : cube-finder-db.zip
2024-06-18 23:11:29,651 [INFO] FileExtend:255 - Standard Zip Deflate
2024-06-18 23:11:30,321 [INFO] LoadUrlFilesThread:156 - End of LoadUrlFiles Thread
2024-06-18 23:11:30,811 [WARN] MainUpdater:1187 - Updater busy. Cannot search thirdparties
2024-06-18 23:11:30,811 [INFO] ThirdPartyUpdaterWithRetryManager:96 - Updater plugin is busy. [9/15]
2024-06-18 23:11:31,360 [INFO] ServerAccessManage:473 - Download File crdb.zip
2024-06-18 23:11:32,971 [INFO] FileExtend:240 - Unzip File : crdb.zip
2024-06-18 23:11:32,971 [INFO] FileExtend:255 - Standard Zip Deflate
2024-06-18 23:11:33,099 [INFO] LoadUrlFilesThread:156 - End of LoadUrlFiles Thread
2024-06-18 23:11:33,302 [INFO] ServerAccessManage:473 - Download File tutoVideoDB.zip
2024-06-18 23:11:33,392 [INFO] FileExtend:240 - Unzip File : tutoVideoDB.zip
2024-06-18 23:11:33,392 [INFO] FileExtend:255 - Standard Zip Deflate
2024-06-18 23:11:33,502 [INFO] LoadUrlFilesThread:156 - End of LoadUrlFiles Thread
2024-06-18 23:11:33,506 [WARN] DbFile:41 - Overriding database path with different value: C:\Users\draut\.stmcufinder\plugins\mcufinder/ => C:\Users\draut\.stmcufinder\plugins\mcufinder
2024-06-18 23:11:33,686 [INFO] ServerAccessManage:473 - Download File api_config.json
2024-06-18 23:11:33,800 [INFO] LoadUrlFilesThread:156 - End of LoadUrlFiles Thread
2024-06-18 23:11:33,800 [INFO] DbMcusAds:53 - JSON generation date=Thu May 16 17:22:00 SGT 2024 (1715851320852)
2024-06-18 23:11:33,815 [ERROR] WebUtils:388 - Updater is busy
2024-06-18 23:11:33,815 [ERROR] TargetSelectorAdapter:267 - Unable to refresh data
2024-06-18 23:11:34,006 [WARN] PackLoader:240 - Cannot read IP mode file for STMicroelectronics.FP-SNS-MOTENVWB1.1.4.0
2024-06-18 23:11:34,014 [WARN] PackLoader:240 - Cannot read IP mode file for STMicroelectronics.X-CUBE-SMBUS.2.1.0
2024-06-18 23:11:34,017 [WARN] PackLoader:240 - Cannot read IP mode file for STMicroelectronics.X-CUBE-TOUCHGFX.4.23.2
2024-06-18 23:11:34,040 [WARN] PackLoader:240 - Cannot read IP mode file for STMicroelectronics.X-CUBE-AZRTOS-F7.1.1.0
2024-06-18 23:11:34,046 [WARN] PackLoader:240 - Cannot read IP mode file for STMicroelectronics.FP-SNS-MOTENV1.4.3.2
2024-06-18 23:11:34,052 [ERROR] RealEvaluatedCondition:428 - Found unsupported composite condition: CLASS='Data Exchange' GROUP='STM32_MetaDataManager'
2024-06-18 23:11:34,052 [ERROR] RealEvaluatedCondition:428 - Found unsupported composite condition: GROUP='STM32_MetaDataManager' CLASS='Data Exchange'
2024-06-18 23:11:34,054 [WARN] PackLoader:240 - Cannot read IP mode file for STMicroelectronics.FP-SNS-MOTENV1.4.3.1
2024-06-18 23:11:34,062 [WARN] PackLoader:240 - Cannot read IP mode file for STMicroelectronics.FP-SNS-FLIGHT1.5.0.1
2024-06-18 23:11:34,069 [WARN] PackLoader:240 - Cannot read IP mode file for STMicroelectronics.X-CUBE-BLE1.6.2.4
2024-06-18 23:11:34,071 [WARN] PackLoader:240 - Cannot read IP mode file for STMicroelectronics.FP-SNS-FLIGHT1.5.0.2
2024-06-18 23:11:34,082 [WARN] PackLoader:240 - Cannot read IP mode file for STMicroelectronics.X-CUBE-DISPLAY.3.0.0
2024-06-18 23:11:34,092 [WARN] PackLoader:240 - Cannot read IP mode file for STMicroelectronics.X-CUBE-BLE1.7.0.0
2024-06-18 23:11:34,094 [WARN] PackLoader:240 - Cannot read IP mode file for STMicroelectronics.X-CUBE-TOUCHGFX.4.22.0
2024-06-18 23:11:34,096 [WARN] PackLoader:240 - Cannot read IP mode file for STMicroelectronics.X-CUBE-TOUCHGFX.4.22.1
2024-06-18 23:11:34,106 [WARN] PackLoader:240 - Cannot read IP mode file for STMicroelectronics.X-CUBE-BLEMGR.3.1.0
2024-06-18 23:11:34,113 [WARN] PackLoader:240 - Cannot read IP mode file for STMicroelectronics.FP-SNS-SMARTAG2.1.2.0
2024-06-18 23:11:34,123 [INFO] LogOutputStream:77 - [STDOUT_REDIRECT] 1 : Invalid condition id : UX_CORESTACK_Condition cause : null
2024-06-18 23:11:34,123 [INFO] LogOutputStream:77 - [STDOUT_REDIRECT] 1 : Invalid condition id : UX_CORESTACK_Condition cause : null
2024-06-18 23:11:34,125 [INFO] LogOutputStream:77 - [STDOUT_REDIRECT] 1 : Invalid condition id : UX_CORESTACK_Condition cause : null
2024-06-18 23:11:34,125 [INFO] LogOutputStream:77 - [STDOUT_REDIRECT] 1 : Invalid condition id : UX_CORESTACK_Condition cause : null
2024-06-18 23:11:34,126 [INFO] LogOutputStream:77 - [STDOUT_REDIRECT] 1 : Invalid condition id : UX_CORESTACK_Condition cause : null
2024-06-18 23:11:34,129 [WARN] PackLoader:240 - Cannot read IP mode file for STMicroelectronics.X-CUBE-AZRTOS-WL.2.0.0
2024-06-18 23:11:34,134 [WARN] PackLoader:240 - Cannot read IP mode file for STMicroelectronics.FP-SNS-MOTENV1.5.0.0
2024-06-18 23:11:34,152 [WARN] PackLoader:240 - Cannot read IP mode file for wolfSSL.I-CUBE-wolfMQTT.1.19.0
2024-06-18 23:11:34,159 [WARN] PackLoader:240 - Cannot read IP mode file for WES.I-CUBE-Cesium.1.3.0
2024-06-18 23:11:34,164 [WARN] PackLoader:240 - Cannot read IP mode file for STMicroelectronics.X-CUBE-BLE2.3.3.0
2024-06-18 23:11:34,170 [WARN] PackLoader:240 - Cannot read IP mode file for STMicroelectronics.X-CUBE-TCPP.4.1.0
2024-06-18 23:11:34,174 [WARN] PackLoader:240 - Cannot read IP mode file for STMicroelectronics.X-CUBE-TOUCHGFX.4.21.4
2024-06-18 23:11:34,178 [WARN] PackLoader:240 - Cannot read IP mode file for STMicroelectronics.X-CUBE-ALGOBUILD.1.3.0
2024-06-18 23:11:34,190 [WARN] PackLoader:240 - Cannot read IP mode file for STMicroelectronics.X-CUBE-AZRTOS-G0.1.1.0
2024-06-18 23:11:34,197 [WARN] PackLoader:240 - Cannot read IP mode file for STMicroelectronics.X-CUBE-SAFEA1.1.2.2
2024-06-18 23:11:34,205 [WARN] PackLoader:240 - Cannot read IP mode file for STMicroelectronics.X-CUBE-NFC4.3.0.0
2024-06-18 23:11:34,212 [WARN] PackLoader:240 - Cannot read IP mode file for STMicroelectronics.X-CUBE-BLEMGR.3.0.0
2024-06-18 23:11:34,216 [WARN] PackLoader:240 - Cannot read IP mode file for STMicroelectronics.FP-ATR-SIGFOX1.3.2.0
2024-06-18 23:11:34,227 [WARN] PackLoader:240 - Cannot read IP mode file for STMicroelectronics.X-CUBE-EEPRMA1.5.1.0
2024-06-18 23:11:34,259 [WARN] PackLoader:240 - Cannot read IP mode file for SEGGER.I-CUBE-embOS.1.3.1
2024-06-18 23:11:34,332 [INFO] ApiDb:581 - Connected to CubeFinder SQLite database (C:\Users\draut\.stmcufinder\plugins\mcufinder\mcu\cube-finder-db.db)
2024-06-18 23:11:34,333 [WARN] PackLoader:240 - Cannot read IP mode file for STMicroelectronics.X-CUBE-ALGOBUILD.1.4.0
2024-06-18 23:11:34,338 [WARN] PackLoader:240 - Cannot read IP mode file for STMicroelectronics.X-CUBE-GNSS1.6.0.0
2024-06-18 23:11:34,358 [WARN] PackLoader:240 - Cannot read IP mode file for STMicroelectronics.X-CUBE-AZRTOS-F4.1.1.0
2024-06-18 23:11:34,365 [WARN] PackLoader:240 - Cannot read IP mode file for wolfSSL.I-CUBE-wolfSSL.5.6.0
2024-06-18 23:11:34,369 [WARN] PackLoader:240 - Cannot read IP mode file for STMicroelectronics.X-CUBE-FREERTOS.1.2.0
2024-06-18 23:11:34,382 [WARN] PackLoader:240 - Cannot read IP mode file for STMicroelectronics.X-CUBE-AZRTOS-L5.2.0.0
2024-06-18 23:11:34,402 [INFO] ApiDb:668 - CubeFinder database Data Model version=2.1
2024-06-18 23:11:34,402 [INFO] ApiDb:669 - CubeFinder database Configuration version=3.0.39
2024-06-18 23:11:34,402 [INFO] ApiDb:670 - CubeFinder database generation date=2024-06-07 (1717689626)
2024-06-18 23:11:34,403 [INFO] ApiDb:671 - CubeFinder database FW Pack versions=[FP-ATR-ASTRA1_V2.0.0, FP-SNS-FLIGHT1_V5.0.2, FP-SNS-MOTENV1_V5.0.0, FP-SNS-MOTENVWB1_V1.4.0, FP-SNS-SMARTAG2_V1.2.0, STM32Cube_FW_C0_V1.2.0, STM32Cube_FW_F4_V1.28.0, STM32Cube_FW_F7_V1.17.2, STM32Cube_FW_G0_V1.6.2, STM32Cube_FW_G4_V1.6.0, STM32Cube_FW_H5_V1.3.0, STM32Cube_FW_H7RS_V1.1.0, STM32Cube_FW_H7_V1.11.2, STM32Cube_FW_L0_V1.12.2, STM32Cube_FW_L5_V1.5.1, STM32Cube_FW_U0_V1.1.0, STM32Cube_FW_U5_V1.6.0, STM32Cube_FW_WB0_V1.0.0, STM32Cube_FW_WBA_V1.4.0, STM32Cube_FW_WB_V1.20.0, STM32Cube_FW_WL_V1.3.0, X-CUBE-ALGOBUILD_V1.4.0, X-CUBE-ALS_V1.0.2, X-CUBE-AZRTOS-F4_V1.1.0, X-CUBE-AZRTOS-F7_V1.1.0, X-CUBE-AZRTOS-G0_V1.1.0, X-CUBE-AZRTOS-G4_V2.0.0, X-CUBE-AZRTOS-H7RS_V1.0.0, X-CUBE-AZRTOS-H7_V3.2.0, X-CUBE-AZRTOS-L4_V2.0.0, X-CUBE-AZRTOS-L5_V1.1.0, X-CUBE-AZRTOS-WB_V2.0.0, X-CUBE-AZRTOS-WL_V2.0.0, X-CUBE-BLE1_V7.0.0, X-CUBE-BLE2_V3.3.0, X-CUBE-BLEMGR_V3.1.0, X-CUBE-EEPRMA1_V5.1.0, X-CUBE-FREERTOS_V1.2.0, X-CUBE-GNSS1_V6.0.0, X-CUBE-MEMS1_V10.0.0, X-CUBE-NFC4_V3.0.0, X-CUBE-NFC7_V1.0.1, X-CUBE-SFXS2LP1_V4.0.0, X-CUBE-SUBG2_V5.0.0, X-CUBE-TOF1_V3.4.1]
2024-06-18 23:11:34,407 [WARN] PackLoader:240 - Cannot read IP mode file for STMicroelectronics.X-CUBE-MEMS1.9.6.0
2024-06-18 23:11:34,463 [INFO] DbBoardsSqlite:226 - include board P-NUCLEO-WB55-NUCLEO as a kit item of type 'Nucleo-64'
2024-06-18 23:11:34,464 [INFO] DbBoardsSqlite:226 - include board P-NUCLEO-WB55-USBDONGLE as a kit item of type 'Nucleo USB Dongle'
2024-06-18 23:11:34,464 [INFO] DbBoardsSqlite:226 - include board STEVAL-IDP005V1 as a kit item of type 'Evaluation Board'
2024-06-18 23:11:34,464 [INFO] DbBoardsSqlite:226 - include board STEVAL-IDP005V2 as a kit item of type 'Evaluation Board'
2024-06-18 23:11:34,506 [WARN] PackLoader:240 - Cannot read IP mode file for STMicroelectronics.X-CUBE-EEPRMA1.4.2.0
2024-06-18 23:11:34,512 [WARN] PackLoader:240 - Cannot read IP mode file for STMicroelectronics.X-CUBE-NFC6.3.1.0
2024-06-18 23:11:34,520 [WARN] PackLoader:240 - Cannot read IP mode file for ITTIA_DB.I-CUBE-ITTIADB.8.8.0
2024-06-18 23:11:34,526 [WARN] PackLoader:240 - Cannot read IP mode file for emotas.I-CUBE-CANOPEN.1.1.3
2024-06-18 23:11:34,526 [INFO] ApiDb:240 - Found 297 in-development CPN: [B-G473E-ZEST1S, B-WB1M-WPAN1, B-WL5M-SUBG1, NUCLEO-C031C6, NUCLEO-H503RB, NUCLEO-H563ZI, NUCLEO-U545RE-Q, NUCLEO-U5A5ZJ-Q, NUCLEO-WBA52CG, STEVAL-PROTEUS1, STEVAL-STWINBX1, STM320518-EVAL, STM32C0116-DK, STM32C011D6Y3TR, STM32C011D6Y6TR, STM32C011F4P3, STM32C011F4P6, STM32C011F4U3, STM32C011F4U6TR, STM32C011F6P3, STM32C011F6P6, STM32C011F6U3, STM32C011F6U6TR, STM32C011J4M3, STM32C011J4M6, STM32C011J6M3, STM32C011J6M6, STM32C0316-DK, STM32C031C4T3, STM32C031C4T6, STM32C031C4U3, STM32C031C4U6, STM32C031C6T3, STM32C031C6T6, STM32C031C6U3, STM32C031C6U6, STM32C031F4P3, STM32C031F4P6, STM32C031F6P3, STM32C031F6P6, STM32C031G4U3, STM32C031G4U6, STM32C031G6U3, STM32C031G6U6, STM32C031K4T3, STM32C031K4T6, STM32C031K4U3, STM32C031K4U6, STM32C031K6T3, STM32C031K6T6, STM32C031K6U3, STM32C031K6U6, STM32G071K8TXN, STM32G071K8UXN, STM32G081GBU6N, STM32G081KBT6N, STM32G081KBUXN, STM32G0B1CCT6N, STM32G0B1KCT6, STM32G0B1NEY6TR, STM32G0B1RCT6N, STM32G0C1CCT6, STM32G0C1CCT6N, STM32G0C1CCU6N, STM32G0C1CET6N, STM32G0C1CEU6N, STM32G0C1KCT6, STM32G0C1NEY6TR, STM32G0C1RCI6N, STM32G0C1RCT6N, STM32G0C1REI6N, STM32G0C1RET6N, STM32G0C1VCI6, STM32G0C1VEI6, STM32G471CCT6, STM32G471CCU6, STM32G471CET3, STM32G471CET6, STM32G471CEU3, STM32G471CEU6, STM32G471MCT6, STM32G471MET3, STM32G471MET6, STM32G471MEY6TR, STM32G471QCT6, STM32G471QET3, STM32G471RCT6, STM32G471RET3, STM32G471RET6, STM32G471VCH6, STM32G471VCI6, STM32G471VCT6, STM32G471VEH3, STM32G471VEH6, STM32G471VEI3, STM32G471VEI6, STM32G471VET3, STM32G471VET6, STM32G474CCT6, STM32H503CBT6, STM32H503CBU6, STM32H503EBY6TR, STM32H503KBU6, STM32H503RBT6, STM32H562AGI6, STM32H562AII6, STM32H562IGK6, STM32H562IGT6, STM32H562IIK6, STM32H562IIT6, STM32H562RGT6, STM32H562RGV6, STM32H562RIT6, STM32H562RIV6, STM32H562VGT6, STM32H562VIT6, STM32H562ZGT6, STM32H562ZIT6, STM32H563AGI6, STM32H563AII3Q, STM32H563AII6, STM32H563IGK6, STM32H563IGT6, STM32H563IIK3Q, STM32H563IIK6, STM32H563IIT3Q, STM32H563IIT6, STM32H563MIY3QTR, STM32H563RGT6, STM32H563RGV6, STM32H563RIT6, STM32H563RIV6, STM32H563VGT6, STM32H563VIT3Q, STM32H563VIT6, STM32H563ZGT6, STM32H563ZIT3Q, STM32H563ZIT6, STM32H573AII3Q, STM32H573AII6, STM32H573I-DK, STM32H573IIK3Q, STM32H573IIK6, STM32H573IIT3Q, STM32H573IIT6, STM32H573MIY3QTR, STM32H573RIT6, STM32H573RIV6, STM32H573VIT3Q, STM32H573VIT6, STM32H573ZIT3Q, STM32H573ZIT6, STM32L4R5QGI6STR, STM32MP131AAE3, STM32MP131AAF3, STM32MP131AAG3, STM32MP131CAE3, STM32MP131CAF3, STM32MP131CAG3, STM32MP131DAE7, STM32MP131DAF7, STM32MP131DAG7, STM32MP131FAE7, STM32MP131FAF7, STM32MP131FAG7, STM32MP133AAE3, STM32MP133AAF3, STM32MP133AAG3, STM32MP133CAE3, STM32MP133CAF3, STM32MP133CAG3, STM32MP133DAE7, STM32MP133DAF7, STM32MP133DAG7, STM32MP133FAE7, STM32MP133FAF7, STM32MP133FAG7, STM32MP135AAE3, STM32MP135AAF3, STM32MP135AAG3, STM32MP135CAE3, STM32MP135CAF3, STM32MP135CAG3, STM32MP135DAE7, STM32MP135DAF7, STM32MP135DAG7, STM32MP135F-DK, STM32MP135FAE7, STM32MP135FAF7, STM32MP135FAF7T, STM32MP135FAF7U, STM32MP135FAG7, STM32U535CBT6, STM32U535CBT6Q, STM32U535CBU6, STM32U535CBU6Q, STM32U535CCT6, STM32U535CCT6Q, STM32U535CCU6, STM32U535CCU6Q, STM32U535CET6, STM32U535CET6Q, STM32U535CEU6, STM32U535CEU6Q, STM32U535JEY6QTR, STM32U535NCY6QTR, STM32U535NEY6QTR, STM32U535RBI6, STM32U535RBI6Q, STM32U535RBT6, STM32U535RBT6Q, STM32U535RCI6, STM32U535RCI6Q, STM32U535RCT6, STM32U535RCT6Q, STM32U535REI6, STM32U535REI6Q, STM32U535RET6, STM32U535RET6Q, STM32U535VCI6, STM32U535VCI6Q, STM32U535VCT6, STM32U535VCT6Q, STM32U535VEI6, STM32U535VEI6Q, STM32U535VET6, STM32U535VET6Q, STM32U545CET6, STM32U545CET6Q, STM32U545CEU6, STM32U545CEU6Q, STM32U545JEY6QTR, STM32U545NEY6QTR, STM32U545REI6, STM32U545REI6Q, STM32U545RET6, STM32U545RET6Q, STM32U545VEI6, STM32U545VEI6Q, STM32U545VET6, STM32U545VET6Q, STM32U595AIH6, STM32U595AIH6Q, STM32U595AJH6, STM32U595AJH6Q, STM32U595QII6, STM32U595QII6Q, STM32U595QJI6, STM32U595QJI6Q, STM32U595RIT6, STM32U595RIT6Q, STM32U595RJT6, STM32U595RJT6Q, STM32U595VIT6, STM32U595VIT6Q, STM32U595VJT6, STM32U595VJT6Q, STM32U595ZIT6, STM32U595ZIT6Q, STM32U595ZIY6QTR, STM32U595ZJT6, STM32U595ZJT6Q, STM32U595ZJY6QTR, STM32U599BJY6QTR, STM32U599NIH6Q, STM32U599NJH6Q, STM32U599VIT6Q, STM32U599VJT6, STM32U599VJT6Q, STM32U599ZIT6Q, STM32U599ZIY6QTR, STM32U599ZJT6Q, STM32U599ZJY6QTR, STM32U5A5AJH6, STM32U5A5AJH6Q, STM32U5A5QJI6, STM32U5A5QJI6Q, STM32U5A5RJT6, STM32U5A5RJT6Q, STM32U5A5VJT6, STM32U5A5VJT6Q, STM32U5A5ZJT6, STM32U5A5ZJT6Q, STM32U5A5ZJY6QTR, STM32U5A9BJY6QTR, STM32U5A9J-DK, STM32U5A9NJH6Q, STM32U5A9VJT6Q, STM32U5A9ZJT6Q, STM32U5A9ZJY6QTR, STM32WB1MMCH6, STM32WBA52CEU6, STM32WBA52CEU6T, STM32WBA52CGU6, STM32WBA52CGU6T, STM32WL5MOCH6, STM32WL5MOCH6TR]
2024-06-18 23:11:34,531 [INFO] ApiDb:668 - CubeFinder database Data Model version=2.1
2024-06-18 23:11:34,531 [INFO] ApiDb:669 - CubeFinder database Configuration version=3.0.39
2024-06-18 23:11:34,532 [INFO] ApiDb:670 - CubeFinder database generation date=2024-06-07 (1717689626)
2024-06-18 23:11:34,532 [INFO] ApiDb:671 - CubeFinder database FW Pack versions=[FP-ATR-ASTRA1_V2.0.0, FP-SNS-FLIGHT1_V5.0.2, FP-SNS-MOTENV1_V5.0.0, FP-SNS-MOTENVWB1_V1.4.0, FP-SNS-SMARTAG2_V1.2.0, STM32Cube_FW_C0_V1.2.0, STM32Cube_FW_F4_V1.28.0, STM32Cube_FW_F7_V1.17.2, STM32Cube_FW_G0_V1.6.2, STM32Cube_FW_G4_V1.6.0, STM32Cube_FW_H5_V1.3.0, STM32Cube_FW_H7RS_V1.1.0, STM32Cube_FW_H7_V1.11.2, STM32Cube_FW_L0_V1.12.2, STM32Cube_FW_L5_V1.5.1, STM32Cube_FW_U0_V1.1.0, STM32Cube_FW_U5_V1.6.0, STM32Cube_FW_WB0_V1.0.0, STM32Cube_FW_WBA_V1.4.0, STM32Cube_FW_WB_V1.20.0, STM32Cube_FW_WL_V1.3.0, X-CUBE-ALGOBUILD_V1.4.0, X-CUBE-ALS_V1.0.2, X-CUBE-AZRTOS-F4_V1.1.0, X-CUBE-AZRTOS-F7_V1.1.0, X-CUBE-AZRTOS-G0_V1.1.0, X-CUBE-AZRTOS-G4_V2.0.0, X-CUBE-AZRTOS-H7RS_V1.0.0, X-CUBE-AZRTOS-H7_V3.2.0, X-CUBE-AZRTOS-L4_V2.0.0, X-CUBE-AZRTOS-L5_V1.1.0, X-CUBE-AZRTOS-WB_V2.0.0, X-CUBE-AZRTOS-WL_V2.0.0, X-CUBE-BLE1_V7.0.0, X-CUBE-BLE2_V3.3.0, X-CUBE-BLEMGR_V3.1.0, X-CUBE-EEPRMA1_V5.1.0, X-CUBE-FREERTOS_V1.2.0, X-CUBE-GNSS1_V6.0.0, X-CUBE-MEMS1_V10.0.0, X-CUBE-NFC4_V3.0.0, X-CUBE-NFC7_V1.0.1, X-CUBE-SFXS2LP1_V4.0.0, X-CUBE-SUBG2_V5.0.0, X-CUBE-TOF1_V3.4.1]
2024-06-18 23:11:34,534 [WARN] PackLoader:240 - Cannot read IP mode file for STMicroelectronics.X-CUBE-BLEMGR.2.0.0
2024-06-18 23:11:34,539 [WARN] PackLoader:240 - Cannot read IP mode file for STMicroelectronics.X-CUBE-AI.9.0.0
2024-06-18 23:11:34,574 [WARN] ConditionMgr:438 - getConditionDescription Invalid condition id : UX DEVICE CLASS RTOS Condition cause : null
2024-06-18 23:11:34,574 [WARN] ConditionMgr:438 - getConditionDescription Invalid condition id : UX DEVICE CLASS RTOS Condition cause : null
2024-06-18 23:11:34,578 [WARN] PackLoader:240 - Cannot read IP mode file for STMicroelectronics.X-CUBE-AZRTOS-H7.3.1.0
2024-06-18 23:11:34,579 [WARN] ConditionMgr:1039 - genDependencies : Invalid condition id : UX DEVICE CLASS RTOS Condition cause : null
2024-06-18 23:11:34,579 [WARN] ConditionMgr:1039 - genDependencies : Invalid condition id : UX DEVICE CLASS RTOS Condition cause : null
2024-06-18 23:11:34,580 [WARN] ConditionMgr:1039 - genDependencies : Invalid condition id : UX DEVICE CLASS RTOS Condition cause : null
2024-06-18 23:11:34,580 [WARN] ConditionMgr:1039 - genDependencies : Invalid condition id : UX DEVICE CLASS RTOS Condition cause : null
2024-06-18 23:11:34,580 [WARN] ConditionMgr:1039 - genDependencies : Invalid condition id : UX DEVICE CLASS RTOS Condition cause : null
2024-06-18 23:11:34,586 [WARN] PackLoader:240 - Cannot read IP mode file for STMicroelectronics.X-CUBE-NFC7.1.0.1
2024-06-18 23:11:34,591 [WARN] PackLoader:240 - Cannot read IP mode file for STMicroelectronics.X-CUBE-NFC7.1.0.0
2024-06-18 23:11:34,596 [WARN] PackLoader:240 - Cannot read IP mode file for STMicroelectronics.X-CUBE-NFC6.3.0.0
2024-06-18 23:11:34,603 [WARN] PackLoader:240 - Cannot read IP mode file for STMicroelectronics.X-CUBE-EEPRMA1.4.1.0
2024-06-18 23:11:34,607 [WARN] PackLoader:240 - Cannot read IP mode file for STMicroelectronics.X-CUBE-AI.8.1.0
2024-06-18 23:11:34,623 [WARN] ConditionMgr:438 - getConditionDescription Invalid condition id : LAN8742 Phy interface Condition cause : null
2024-06-18 23:11:34,623 [WARN] PackLoader:240 - Cannot read IP mode file for STMicroelectronics.X-CUBE-AZRTOS-L4.2.0.0
2024-06-18 23:11:34,625 [WARN] ConditionMgr:1039 - genDependencies : Invalid condition id : LAN8742 Phy interface Condition cause : null
2024-06-18 23:11:34,625 [WARN] ConditionMgr:1039 - genDependencies : Invalid condition id : LAN8742 Phy interface Condition cause : null
2024-06-18 23:11:34,625 [WARN] ConditionMgr:1039 - genDependencies : Invalid condition id : LAN8742 Phy interface Condition cause : null
2024-06-18 23:11:34,631 [WARN] PackLoader:240 - Cannot read IP mode file for STMicroelectronics.X-CUBE-SFXS2LP1.4.0.0
2024-06-18 23:11:34,639 [WARN] PackLoader:240 - Cannot read IP mode file for STMicroelectronics.X-CUBE-ISPU.1.1.0
2024-06-18 23:11:34,650 [WARN] ConditionMgr:438 - getConditionDescription Invalid condition id : UX DEVICE CLASS RTOS Condition cause : null
2024-06-18 23:11:34,650 [WARN] ConditionMgr:438 - getConditionDescription Invalid condition id : UX DEVICE CLASS RTOS Condition cause : null
2024-06-18 23:11:34,652 [WARN] PackLoader:240 - Cannot read IP mode file for STMicroelectronics.X-CUBE-AZRTOS-WB.2.0.0
2024-06-18 23:11:34,652 [WARN] ConditionMgr:1039 - genDependencies : Invalid condition id : UX DEVICE CLASS RTOS Condition cause : null
2024-06-18 23:11:34,653 [WARN] ConditionMgr:1039 - genDependencies : Invalid condition id : UX DEVICE CLASS RTOS Condition cause : null
2024-06-18 23:11:34,653 [WARN] ConditionMgr:1039 - genDependencies : Invalid condition id : UX DEVICE CLASS RTOS Condition cause : null
2024-06-18 23:11:34,653 [WARN] ConditionMgr:1039 - genDependencies : Invalid condition id : UX DEVICE CLASS RTOS Condition cause : null
2024-06-18 23:11:34,653 [WARN] ConditionMgr:1039 - genDependencies : Invalid condition id : UX DEVICE CLASS RTOS Condition cause : null
2024-06-18 23:11:34,656 [WARN] PackLoader:240 - Cannot read IP mode file for STMicroelectronics.X-CUBE-FREERTOS.1.0.1
2024-06-18 23:11:34,670 [WARN] PackLoader:240 - Cannot read IP mode file for STMicroelectronics.X-CUBE-AZRTOS-L5.1.1.0
2024-06-18 23:11:34,676 [WARN] PackLoader:240 - Cannot read IP mode file for STMicroelectronics.X-CUBE-AI.8.0.1
2024-06-18 23:11:34,684 [WARN] PackLoader:240 - Cannot read IP mode file for STMicroelectronics.X-CUBE-SUBG2.5.0.0
2024-06-18 23:11:34,692 [WARN] PackLoader:240 - Cannot read IP mode file for Cesanta.I-CUBE-Mongoose.7.13.0
2024-06-18 23:11:34,698 [WARN] PackLoader:240 - Cannot read IP mode file for STMicroelectronics.X-CUBE-TOF1.3.3.1
2024-06-18 23:11:34,711 [WARN] PackLoader:240 - Cannot read IP mode file for STMicroelectronics.X-CUBE-AZRTOS-G4.2.0.0
2024-06-18 23:11:34,724 [WARN] PackLoader:240 - Cannot read IP mode file for STMicroelectronics.X-CUBE-TOF1.3.3.0
2024-06-18 23:11:34,744 [WARN] PackLoader:240 - Cannot read IP mode file for Infineon.AIROC-Wi-Fi-Bluetooth-STM32.1.5.1
2024-06-18 23:11:34,750 [WARN] PackLoader:240 - Cannot read IP mode file for STMicroelectronics.X-CUBE-ISPU.2.0.0
2024-06-18 23:11:34,754 [WARN] PackLoader:240 - Cannot read IP mode file for STMicroelectronics.X-CUBE-ALS.1.0.2
2024-06-18 23:11:34,819 [WARN] PackLoader:240 - Cannot read IP mode file for STMicroelectronics.X-CUBE-MEMS1.10.0.0
2024-06-18 23:11:34,922 [WARN] PackLoader:240 - Cannot read IP mode file for STMicroelectronics.X-CUBE-FREERTOS.1.1.0
2024-06-18 23:11:34,926 [WARN] PackLoader:240 - Cannot read IP mode file for portGmbH.I-Cube-SoM-uGOAL.1.1.0
2024-06-18 23:11:34,928 [WARN] PackLoader:240 - Cannot read IP mode file for STMicroelectronics.X-CUBE-ALS.1.0.1
2024-06-18 23:11:34,935 [WARN] PackLoader:240 - Cannot read IP mode file for STMicroelectronics.X-CUBE-AZRTOS-WB.1.1.0
2024-06-18 23:11:34,945 [WARN] PackLoader:240 - Cannot read IP mode file for STMicroelectronics.X-CUBE-AZRTOS-H7RS.1.0.0
2024-06-18 23:11:34,949 [WARN] PackLoader:240 - Cannot read IP mode file for STMicroelectronics.FP-ATR-ASTRA1.2.0.0
2024-06-18 23:11:34,955 [WARN] PackLoader:240 - Cannot read IP mode file for STMicroelectronics.X-CUBE-TOF1.3.4.1
2024-06-18 23:11:34,975 [WARN] PackLoader:240 - Cannot read IP mode file for STMicroelectronics.X-CUBE-AZRTOS-H7.3.2.0
2024-06-18 23:11:34,977 [INFO] ThirdParty:978 - Integrity check success = true
2024-06-18 23:11:34,977 [INFO] IntegrityCheckThread:100 - exiting critical section [integrity check]
2024-06-18 23:11:34,977 [INFO] IntegrityCheckThread:103 - End integrity checks thread
2024-06-18 23:11:36,292 [INFO] ApiDb:240 - Found 297 in-development CPN: [B-G473E-ZEST1S, B-WB1M-WPAN1, B-WL5M-SUBG1, NUCLEO-C031C6, NUCLEO-H503RB, NUCLEO-H563ZI, NUCLEO-U545RE-Q, NUCLEO-U5A5ZJ-Q, NUCLEO-WBA52CG, STEVAL-PROTEUS1, STEVAL-STWINBX1, STM320518-EVAL, STM32C0116-DK, STM32C011D6Y3TR, STM32C011D6Y6TR, STM32C011F4P3, STM32C011F4P6, STM32C011F4U3, STM32C011F4U6TR, STM32C011F6P3, STM32C011F6P6, STM32C011F6U3, STM32C011F6U6TR, STM32C011J4M3, STM32C011J4M6, STM32C011J6M3, STM32C011J6M6, STM32C0316-DK, STM32C031C4T3, STM32C031C4T6, STM32C031C4U3, STM32C031C4U6, STM32C031C6T3, STM32C031C6T6, STM32C031C6U3, STM32C031C6U6, STM32C031F4P3, STM32C031F4P6, STM32C031F6P3, STM32C031F6P6, STM32C031G4U3, STM32C031G4U6, STM32C031G6U3, STM32C031G6U6, STM32C031K4T3, STM32C031K4T6, STM32C031K4U3, STM32C031K4U6, STM32C031K6T3, STM32C031K6T6, STM32C031K6U3, STM32C031K6U6, STM32G071K8TXN, STM32G071K8UXN, STM32G081GBU6N, STM32G081KBT6N, STM32G081KBUXN, STM32G0B1CCT6N, STM32G0B1KCT6, STM32G0B1NEY6TR, STM32G0B1RCT6N, STM32G0C1CCT6, STM32G0C1CCT6N, STM32G0C1CCU6N, STM32G0C1CET6N, STM32G0C1CEU6N, STM32G0C1KCT6, STM32G0C1NEY6TR, STM32G0C1RCI6N, STM32G0C1RCT6N, STM32G0C1REI6N, STM32G0C1RET6N, STM32G0C1VCI6, STM32G0C1VEI6, STM32G471CCT6, STM32G471CCU6, STM32G471CET3, STM32G471CET6, STM32G471CEU3, STM32G471CEU6, STM32G471MCT6, STM32G471MET3, STM32G471MET6, STM32G471MEY6TR, STM32G471QCT6, STM32G471QET3, STM32G471RCT6, STM32G471RET3, STM32G471RET6, STM32G471VCH6, STM32G471VCI6, STM32G471VCT6, STM32G471VEH3, STM32G471VEH6, STM32G471VEI3, STM32G471VEI6, STM32G471VET3, STM32G471VET6, STM32G474CCT6, STM32H503CBT6, STM32H503CBU6, STM32H503EBY6TR, STM32H503KBU6, STM32H503RBT6, STM32H562AGI6, STM32H562AII6, STM32H562IGK6, STM32H562IGT6, STM32H562IIK6, STM32H562IIT6, STM32H562RGT6, STM32H562RGV6, STM32H562RIT6, STM32H562RIV6, STM32H562VGT6, STM32H562VIT6, STM32H562ZGT6, STM32H562ZIT6, STM32H563AGI6, STM32H563AII3Q, STM32H563AII6, STM32H563IGK6, STM32H563IGT6, STM32H563IIK3Q, STM32H563IIK6, STM32H563IIT3Q, STM32H563IIT6, STM32H563MIY3QTR, STM32H563RGT6, STM32H563RGV6, STM32H563RIT6, STM32H563RIV6, STM32H563VGT6, STM32H563VIT3Q, STM32H563VIT6, STM32H563ZGT6, STM32H563ZIT3Q, STM32H563ZIT6, STM32H573AII3Q, STM32H573AII6, STM32H573I-DK, STM32H573IIK3Q, STM32H573IIK6, STM32H573IIT3Q, STM32H573IIT6, STM32H573MIY3QTR, STM32H573RIT6, STM32H573RIV6, STM32H573VIT3Q, STM32H573VIT6, STM32H573ZIT3Q, STM32H573ZIT6, STM32L4R5QGI6STR, STM32MP131AAE3, STM32MP131AAF3, STM32MP131AAG3, STM32MP131CAE3, STM32MP131CAF3, STM32MP131CAG3, STM32MP131DAE7, STM32MP131DAF7, STM32MP131DAG7, STM32MP131FAE7, STM32MP131FAF7, STM32MP131FAG7, STM32MP133AAE3, STM32MP133AAF3, STM32MP133AAG3, STM32MP133CAE3, STM32MP133CAF3, STM32MP133CAG3, STM32MP133DAE7, STM32MP133DAF7, STM32MP133DAG7, STM32MP133FAE7, STM32MP133FAF7, STM32MP133FAG7, STM32MP135AAE3, STM32MP135AAF3, STM32MP135AAG3, STM32MP135CAE3, STM32MP135CAF3, STM32MP135CAG3, STM32MP135DAE7, STM32MP135DAF7, STM32MP135DAG7, STM32MP135F-DK, STM32MP135FAE7, STM32MP135FAF7, STM32MP135FAF7T, STM32MP135FAF7U, STM32MP135FAG7, STM32U535CBT6, STM32U535CBT6Q, STM32U535CBU6, STM32U535CBU6Q, STM32U535CCT6, STM32U535CCT6Q, STM32U535CCU6, STM32U535CCU6Q, STM32U535CET6, STM32U535CET6Q, STM32U535CEU6, STM32U535CEU6Q, STM32U535JEY6QTR, STM32U535NCY6QTR, STM32U535NEY6QTR, STM32U535RBI6, STM32U535RBI6Q, STM32U535RBT6, STM32U535RBT6Q, STM32U535RCI6, STM32U535RCI6Q, STM32U535RCT6, STM32U535RCT6Q, STM32U535REI6, STM32U535REI6Q, STM32U535RET6, STM32U535RET6Q, STM32U535VCI6, STM32U535VCI6Q, STM32U535VCT6, STM32U535VCT6Q, STM32U535VEI6, STM32U535VEI6Q, STM32U535VET6, STM32U535VET6Q, STM32U545CET6, STM32U545CET6Q, STM32U545CEU6, STM32U545CEU6Q, STM32U545JEY6QTR, STM32U545NEY6QTR, STM32U545REI6, STM32U545REI6Q, STM32U545RET6, STM32U545RET6Q, STM32U545VEI6, STM32U545VEI6Q, STM32U545VET6, STM32U545VET6Q, STM32U595AIH6, STM32U595AIH6Q, STM32U595AJH6, STM32U595AJH6Q, STM32U595QII6, STM32U595QII6Q, STM32U595QJI6, STM32U595QJI6Q, STM32U595RIT6, STM32U595RIT6Q, STM32U595RJT6, STM32U595RJT6Q, STM32U595VIT6, STM32U595VIT6Q, STM32U595VJT6, STM32U595VJT6Q, STM32U595ZIT6, STM32U595ZIT6Q, STM32U595ZIY6QTR, STM32U595ZJT6, STM32U595ZJT6Q, STM32U595ZJY6QTR, STM32U599BJY6QTR, STM32U599NIH6Q, STM32U599NJH6Q, STM32U599VIT6Q, STM32U599VJT6, STM32U599VJT6Q, STM32U599ZIT6Q, STM32U599ZIY6QTR, STM32U599ZJT6Q, STM32U599ZJY6QTR, STM32U5A5AJH6, STM32U5A5AJH6Q, STM32U5A5QJI6, STM32U5A5QJI6Q, STM32U5A5RJT6, STM32U5A5RJT6Q, STM32U5A5VJT6, STM32U5A5VJT6Q, STM32U5A5ZJT6, STM32U5A5ZJT6Q, STM32U5A5ZJY6QTR, STM32U5A9BJY6QTR, STM32U5A9J-DK, STM32U5A9NJH6Q, STM32U5A9VJT6Q, STM32U5A9ZJT6Q, STM32U5A9ZJY6QTR, STM32WB1MMCH6, STM32WBA52CEU6, STM32WBA52CEU6T, STM32WBA52CGU6, STM32WBA52CGU6T, STM32WL5MOCH6, STM32WL5MOCH6TR]
2024-06-18 23:11:36,296 [INFO] DbMcus:216 - Found 4205 MCUs, 4205 are supported
2024-06-18 23:11:36,303 [INFO] ApiDb:423 - Load user favorites file C:\Users\draut/.stm32cubeide/favorites.mcus.txt: 0 item(s)
2024-06-18 23:11:36,304 [INFO] ApiDb:427 - User favorites MCUs=[]
2024-06-18 23:11:36,304 [INFO] DbMcus:222 - Set 0 / 0 favorites MCUs
2024-06-18 23:11:36,609 [INFO] BoardInfo:880 - No configuration file found for board NUCLEO-H533RE
2024-06-18 23:11:36,610 [INFO] DbBoards:157 - Board is not supported: NUCLEO-H533RE
2024-06-18 23:11:36,617 [INFO] BoardInfo:880 - No configuration file found for board NUCLEO-H7S3L8
2024-06-18 23:11:36,617 [INFO] DbBoards:157 - Board is not supported: NUCLEO-H7S3L8
2024-06-18 23:11:36,635 [INFO] BoardInfo:880 - No configuration file found for board NUCLEO-U031R8
2024-06-18 23:11:36,635 [INFO] DbBoards:157 - Board is not supported: NUCLEO-U031R8
2024-06-18 23:11:36,636 [INFO] BoardInfo:880 - No configuration file found for board NUCLEO-U083RC
2024-06-18 23:11:36,636 [INFO] DbBoards:157 - Board is not supported: NUCLEO-U083RC
2024-06-18 23:11:36,652 [INFO] BoardInfo:880 - No configuration file found for board NUCLEO-WBA55CG
2024-06-18 23:11:36,652 [INFO] DbBoards:157 - Board is not supported: NUCLEO-WBA55CG
2024-06-18 23:11:36,656 [INFO] BoardInfo:880 - No configuration file found for board P-NUCLEO-WB55
2024-06-18 23:11:36,656 [INFO] DbBoards:157 - Kit is not supported: P-NUCLEO-WB55
2024-06-18 23:11:36,659 [INFO] BoardInfo:880 - No configuration file found for board STEVAL-BFA001V1B
2024-06-18 23:11:36,659 [INFO] DbBoards:157 - Kit is not supported: STEVAL-BFA001V1B
2024-06-18 23:11:36,660 [INFO] BoardInfo:880 - No configuration file found for board STEVAL-BFA001V2B
2024-06-18 23:11:36,660 [INFO] DbBoards:157 - Kit is not supported: STEVAL-BFA001V2B
2024-06-18 23:11:36,662 [INFO] BoardInfo:880 - No configuration file found for board STEVAL-MKBOXPRO
2024-06-18 23:11:36,662 [INFO] DbBoards:157 - Board is not supported: STEVAL-MKBOXPRO
2024-06-18 23:11:36,665 [INFO] BoardInfo:880 - No configuration file found for board STEVAL-SMARTAG2
2024-06-18 23:11:36,665 [INFO] DbBoards:157 - Board is not supported: STEVAL-SMARTAG2
2024-06-18 23:11:36,726 [INFO] BoardInfo:880 - No configuration file found for board STM32H7S78-DK
2024-06-18 23:11:36,726 [INFO] DbBoards:157 - Board is not supported: STM32H7S78-DK
2024-06-18 23:11:36,741 [INFO] BoardInfo:880 - No configuration file found for board STM32U083C-DK
2024-06-18 23:11:36,741 [INFO] DbBoards:157 - Board is not supported: STM32U083C-DK
2024-06-18 23:11:36,744 [INFO] BoardInfo:880 - No configuration file found for board STM32U5G9J-DK1
2024-06-18 23:11:36,744 [INFO] DbBoards:157 - Board is not supported: STM32U5G9J-DK1
2024-06-18 23:11:36,745 [INFO] BoardInfo:880 - No configuration file found for board STM32U5G9J-DK2
2024-06-18 23:11:36,745 [INFO] DbBoards:157 - Board is not supported: STM32U5G9J-DK2
2024-06-18 23:11:36,747 [INFO] BoardInfo:880 - No configuration file found for board STM32WBA55G-DK1
2024-06-18 23:11:36,748 [INFO] DbBoards:157 - Board is not supported: STM32WBA55G-DK1
2024-06-18 23:11:36,748 [INFO] DbBoards:161 - Found 195 boards, 180 are supported
2024-06-18 23:11:36,749 [INFO] ApiDb:423 - Load user favorites file C:\Users\draut/.stm32cubeide/favorites.boards.txt: 0 item(s)
2024-06-18 23:11:36,749 [INFO] ApiDb:427 - User favorites Boards=[]
2024-06-18 23:11:36,750 [INFO] DbBoards:190 - Set 0 / 0 favorites Boards
2024-06-18 23:11:36,750 [INFO] McuFinderGlobals:66 - Set McuFinderConnectedMode to true
2024-06-18 23:11:36,756 [INFO] MultiScanPanel:200 - Auto-refresh data requested => check proxy status ongoing
2024-06-18 23:11:36,758 [INFO] FinderPluginLoader:95 - Searching for filters in installed packs
2024-06-18 23:11:37,816 [INFO] LoadUrlFilesThread:185 - End of LoadServerUrlFiles without Thread
2024-06-18 23:11:37,829 [INFO] DetailPanel:341 - Set advertising image to C:/Users/draut/STM32Cube/Repository/\en.prom-stm32h7rs-mcu-finder.jpg
2024-06-18 23:11:43,325 [INFO] MultiScanPanel:200 - Auto-refresh data requested => check proxy status ongoing
2024-06-18 23:11:43,455 [INFO] LoadUrlFilesThread:185 - End of LoadServerUrlFiles without Thread
2024-06-18 23:11:43,455 [INFO] DetailPanel:341 - Set advertising image to C:/Users/draut/STM32Cube/Repository/\en.prom-stm32h7rs-mcu-finder.jpg
2024-06-18 23:12:39,528 [INFO] McuFinderGlobals:66 - Set McuFinderConnectedMode to true
2024-06-18 23:12:39,530 [INFO] ApiDb:448 - Save user favorites file C:\Users\draut/.stm32cubeide/favorites.mcus.txt: 0 item(s)
2024-06-18 23:12:39,531 [INFO] ApiDb:452 - User favorites MCUs=[]
2024-06-18 23:12:39,531 [INFO] ApiDb:448 - Save user favorites file C:\Users\draut/.stm32cubeide/favorites.boards.txt: 0 item(s)
2024-06-18 23:12:39,531 [INFO] ApiDb:452 - User favorites Boards=[]
