2024-06-17 09:19:42,798 [INFO] Activator:176 - 


2024-06-17 09:19:42,803 [INFO] Activator:177 - !SESSION log4j initialized
2024-06-17 09:19:46,489 [INFO] LogOutputStream:77 - [STDOUT_REDIRECT] 
2024-06-17 09:19:51,918 [INFO] ApplicationProperties:184 - Using Application install path: C:\ST\STM32CubeIDE_1.12.1\STM32CubeIDE\plugins\com.st.stm32cube.common.mx_6.8.1.202304191431
2024-06-17 09:19:51,933 [INFO] DbMcusXml:78 - Set database path to: C:\ST\STM32CubeIDE_1.12.1\STM32CubeIDE\plugins\com.st.stm32cube.common.mx_6.8.1.202304191431\\db\/mcu/
2024-06-17 09:19:51,933 [INFO] ApiDb:274 - Set plugin database path to: C:\ST\STM32CubeIDE_1.12.1\STM32CubeIDE\plugins\com.st.stm32cube.common.mx_6.8.1.202304191431\\db\/plugins/boardmanager/
2024-06-17 09:19:51,934 [WARN] ApiDb:259 - Overriding images path with different value:  => C:\ST\STM32CubeIDE_1.12.1\STM32CubeIDE\plugins\com.st.stm32cube.common.mx_6.8.1.202304191431\\db\/plugins/mcufinder/images/
2024-06-17 09:19:51,946 [INFO] ApiDb:250 - Set database path to: C:\Users\draut\.stmcufinder\plugins\mcufinder//mcu/
2024-06-17 09:19:51,947 [INFO] DbMcusAds:125 - Set database path to: C:\Users\draut\.stmcufinder\plugins\mcufinder//mcu/
2024-06-17 09:19:51,949 [INFO] CrossReferenceDbSqlite:203 - Set database path to: C:\Users\draut\.stmcufinder\plugins\mcufinder//mcu/cs/
2024-06-17 09:19:52,030 [INFO] RulesReader:64 - Compatibility file has been processed (293 Rules)
2024-06-17 09:19:52,096 [INFO] DbMcusXml:78 - Set database path to: C:\ST\STM32CubeIDE_1.12.1\STM32CubeIDE\plugins\com.st.stm32cube.common.mx_6.8.1.202304191431\\db\/mcu/
2024-06-17 09:19:52,096 [INFO] ApiDb:274 - Set plugin database path to: C:\ST\STM32CubeIDE_1.12.1\STM32CubeIDE\plugins\com.st.stm32cube.common.mx_6.8.1.202304191431\\db\/plugins/boardmanager/
2024-06-17 09:19:52,096 [INFO] ApiDb:261 - Set plugin images path to: C:\ST\STM32CubeIDE_1.12.1\STM32CubeIDE\plugins\com.st.stm32cube.common.mx_6.8.1.202304191431\\db\/plugins/mcufinder/images/
2024-06-17 09:19:52,097 [WARN] DbFile:41 - Overriding database path with different value: C:\Users\draut\.stmcufinder\plugins\mcufinder/ => C:\Users\draut\.stmcufinder\plugins\mcufinder
2024-06-17 09:19:52,097 [INFO] ApiDb:250 - Set database path to: C:\Users\draut\.stmcufinder\plugins\mcufinder//mcu/
2024-06-17 09:19:52,097 [WARN] DbFile:41 - Overriding database path with different value: C:\Users\draut\.stmcufinder\plugins\mcufinder/ => C:\Users\draut\.stmcufinder\plugins\mcufinder
2024-06-17 09:19:52,097 [INFO] DbMcusAds:125 - Set database path to: C:\Users\draut\.stmcufinder\plugins\mcufinder//mcu/
2024-06-17 09:19:52,097 [WARN] DbFile:41 - Overriding database path with different value: C:\Users\draut\.stmcufinder\plugins\mcufinder/ => C:\Users\draut\.stmcufinder\plugins\mcufinder
2024-06-17 09:19:52,097 [WARN] DbFile:41 - Overriding database path with different value: C:\Users\draut\.stmcufinder\plugins\mcufinder/ => C:\Users\draut\.stmcufinder\plugins\mcufinder
2024-06-17 09:19:52,097 [INFO] CrossReferenceDbSqlite:203 - Set database path to: C:\Users\draut\.stmcufinder\plugins\mcufinder//mcu/cs/
2024-06-17 09:19:52,165 [INFO] MainPanel:253 - HeapMemory: 268435456
2024-06-17 09:19:52,237 [INFO] DbMcusXml:78 - Set database path to: C:\ST\STM32CubeIDE_1.12.1\STM32CubeIDE\plugins\com.st.stm32cube.common.mx_6.8.1.202304191431\\db\/mcu/
2024-06-17 09:19:52,237 [INFO] ApiDb:274 - Set plugin database path to: C:\ST\STM32CubeIDE_1.12.1\STM32CubeIDE\plugins\com.st.stm32cube.common.mx_6.8.1.202304191431\\db\/plugins/boardmanager/
2024-06-17 09:19:52,237 [INFO] ApiDb:261 - Set plugin images path to: C:\ST\STM32CubeIDE_1.12.1\STM32CubeIDE\plugins\com.st.stm32cube.common.mx_6.8.1.202304191431\\db\/plugins/mcufinder/images/
2024-06-17 09:19:52,237 [WARN] DbFile:41 - Overriding database path with different value: C:\Users\draut\.stmcufinder\plugins\mcufinder/ => C:\Users\draut\.stmcufinder\plugins\mcufinder
2024-06-17 09:19:52,237 [INFO] ApiDb:250 - Set database path to: C:\Users\draut\.stmcufinder\plugins\mcufinder//mcu/
2024-06-17 09:19:52,238 [WARN] DbFile:41 - Overriding database path with different value: C:\Users\draut\.stmcufinder\plugins\mcufinder/ => C:\Users\draut\.stmcufinder\plugins\mcufinder
2024-06-17 09:19:52,238 [INFO] DbMcusAds:125 - Set database path to: C:\Users\draut\.stmcufinder\plugins\mcufinder//mcu/
2024-06-17 09:19:52,238 [WARN] DbFile:41 - Overriding database path with different value: C:\Users\draut\.stmcufinder\plugins\mcufinder/ => C:\Users\draut\.stmcufinder\plugins\mcufinder
2024-06-17 09:19:52,238 [WARN] DbFile:41 - Overriding database path with different value: C:\Users\draut\.stmcufinder\plugins\mcufinder/ => C:\Users\draut\.stmcufinder\plugins\mcufinder
2024-06-17 09:19:52,238 [INFO] CrossReferenceDbSqlite:203 - Set database path to: C:\Users\draut\.stmcufinder\plugins\mcufinder//mcu/cs/
2024-06-17 09:19:52,253 [INFO] ApplicationProperties:184 - Using Application install path: C:\ST\STM32CubeIDE_1.12.1\STM32CubeIDE\plugins\com.st.stm32cube.common.mx_6.8.1.202304191431
2024-06-17 09:19:52,254 [INFO] PluginManage:196 - Search for loadable plugins [exclusion list=, ]
2024-06-17 09:19:52,256 [INFO] PluginManage:310 - Check plugin analytics
2024-06-17 09:19:52,366 [INFO] AnalyticsPlugin:253 - Accepted Software Licenses: STM32CubeMX.6.9.1
2024-06-17 09:19:52,366 [INFO] AnalyticsPlugin:255 - Accepted CMSIS Pack Licenses: 
2024-06-17 09:19:52,366 [INFO] AnalyticsPlugin:257 - Accepted Firmware Licenses: FW.F4.1.27.0,FW.WB.1.16.0
2024-06-17 09:19:52,371 [INFO] PluginManage:359 - Loaded plugin analytics (category:tool,tabindex:-1)
2024-06-17 09:19:52,371 [INFO] PluginManage:310 - Check plugin cadmodel
2024-06-17 09:19:52,378 [INFO] CADModel:105 - Init CAD model plugin
2024-06-17 09:19:52,378 [INFO] PluginManage:359 - Loaded plugin cadmodel (category:power,tabindex:5)
2024-06-17 09:19:52,378 [INFO] PluginManage:310 - Check plugin clock
2024-06-17 09:19:52,386 [INFO] PluginManage:359 - Loaded plugin clock (category:base,tabindex:2)
2024-06-17 09:19:52,386 [INFO] PluginManage:310 - Check plugin ddr
2024-06-17 09:19:52,388 [INFO] PluginManage:359 - Loaded plugin ddr (category:tool,tabindex:6)
2024-06-17 09:19:52,388 [INFO] PluginManage:310 - Check plugin filemanager
2024-06-17 09:19:52,494 [INFO] PluginManage:359 - Loaded plugin filemanager (category:base,tabindex:10)
2024-06-17 09:19:52,495 [INFO] PluginManage:310 - Check plugin ipmanager
2024-06-17 09:19:52,500 [INFO] PluginManage:359 - Loaded plugin ipmanager (category:base,tabindex:5)
2024-06-17 09:19:52,500 [INFO] PluginManage:310 - Check plugin lpbam
2024-06-17 09:19:52,508 [INFO] PluginManage:359 - Loaded plugin lpbam (category:base,tabindex:0)
2024-06-17 09:19:52,508 [INFO] PluginManage:310 - Check plugin pinoutandconfiguration
2024-06-17 09:19:52,515 [INFO] PluginManage:359 - Loaded plugin pinoutandconfiguration (category:base,tabindex:1)
2024-06-17 09:19:52,515 [INFO] PluginManage:310 - Check plugin pinoutconfig
2024-06-17 09:19:52,573 [WARN] SupportedApi:132 - Cannot load RTOS API schema: s4s-elt-must-match.1: The content of 'definitions' must match (annotation?, (simpleType | complexType)?, (unique | key | keyref)*)). A problem was found starting at: attribute.
2024-06-17 09:19:52,669 [INFO] PluginManage:359 - Loaded plugin pinoutconfig (category:base,tabindex:0)
2024-06-17 09:19:52,669 [INFO] PluginManage:310 - Check plugin power
2024-06-17 09:19:52,679 [INFO] PluginManage:359 - Loaded plugin power (category:power,tabindex:4)
2024-06-17 09:19:52,679 [INFO] PluginManage:310 - Check plugin projectmanager
2024-06-17 09:19:52,700 [INFO] PluginManage:359 - Loaded plugin projectmanager (category:projectmanager,tabindex:3)
2024-06-17 09:19:52,700 [INFO] PluginManage:310 - Check plugin thirdparty
2024-06-17 09:19:52,797 [WARN] IntegrityCheckThread:84 - waiting for thirdparty lock release [integrity check]
2024-06-17 09:19:52,798 [INFO] PluginManage:359 - Loaded plugin thirdparty (category:base,tabindex:-1)
2024-06-17 09:19:52,798 [INFO] IntegrityCheckThread:86 - entering critical section [integrity check]
2024-06-17 09:19:52,799 [INFO] PluginManage:310 - Check plugin tools
2024-06-17 09:19:52,800 [INFO] ThirdPartyUpdaterWithRetryManager:70 - Updater plugin not ready yet. [1/15]
2024-06-17 09:19:52,802 [INFO] PluginManage:359 - Loaded plugin tools (category:base,tabindex:7)
2024-06-17 09:19:52,802 [INFO] PluginManage:310 - Check plugin tutovideos
2024-06-17 09:19:52,935 [INFO] PluginManage:359 - Loaded plugin tutovideos (category:base,tabindex:-1)
2024-06-17 09:19:52,935 [INFO] PluginManage:310 - Check plugin updater
2024-06-17 09:19:52,946 [INFO] PluginManage:359 - Loaded plugin updater (category:base,tabindex:12)
2024-06-17 09:19:52,946 [INFO] PluginManage:283 - PluginManage : Loaded plugins [15]
2024-06-17 09:19:53,120 [INFO] PinOutPanel:1499 - setPackage(No Configuration,No Configuration)
2024-06-17 09:19:53,165 [INFO] CADModel:165 - CPN selected for project level
2024-06-17 09:19:53,165 [INFO] CADModel:114 - Register for checkConnection events
2024-06-17 09:19:53,176 [INFO] IPUIPlugin:80 - create IPUIPlugin
2024-06-17 09:19:53,177 [INFO] PluginManager:220 - loadIPPluginJar : add adc
2024-06-17 09:19:53,178 [INFO] IPUIPlugin:80 - create IPUIPlugin
2024-06-17 09:19:53,178 [INFO] PluginManager:220 - loadIPPluginJar : add aes
2024-06-17 09:19:53,180 [INFO] IPUIPlugin:80 - create IPUIPlugin
2024-06-17 09:19:53,181 [INFO] PluginManager:220 - loadIPPluginJar : add can
2024-06-17 09:19:53,182 [INFO] IPUIPlugin:80 - create IPUIPlugin
2024-06-17 09:19:53,182 [INFO] PluginManager:220 - loadIPPluginJar : add comp
2024-06-17 09:19:53,184 [INFO] IPUIPlugin:80 - create IPUIPlugin
2024-06-17 09:19:53,184 [INFO] PluginManager:220 - loadIPPluginJar : add cryp
2024-06-17 09:19:53,186 [INFO] IPUIPlugin:80 - create IPUIPlugin
2024-06-17 09:19:53,186 [INFO] PluginManager:220 - loadIPPluginJar : add dfsdm
2024-06-17 09:19:53,190 [INFO] IPUIPlugin:80 - create IPUIPlugin
2024-06-17 09:19:53,191 [INFO] PluginManager:220 - loadIPPluginJar : add dma
2024-06-17 09:19:53,193 [INFO] IPUIPlugin:80 - create IPUIPlugin
2024-06-17 09:19:53,193 [INFO] PluginManager:220 - loadIPPluginJar : add dma3
2024-06-17 09:19:53,196 [INFO] IPUIPlugin:80 - create IPUIPlugin
2024-06-17 09:19:53,196 [INFO] PluginManager:220 - loadIPPluginJar : add fatfs
2024-06-17 09:19:53,200 [INFO] IPUIPlugin:80 - create IPUIPlugin
2024-06-17 09:19:53,200 [INFO] PluginManager:220 - loadIPPluginJar : add fmc
2024-06-17 09:19:53,204 [INFO] IPUIPlugin:80 - create IPUIPlugin
2024-06-17 09:19:53,204 [INFO] PluginManager:220 - loadIPPluginJar : add freertos
2024-06-17 09:19:53,205 [INFO] IPUIPlugin:80 - create IPUIPlugin
2024-06-17 09:19:53,205 [INFO] PluginManager:220 - loadIPPluginJar : add genericplugin
2024-06-17 09:19:53,207 [INFO] IPUIPlugin:80 - create IPUIPlugin
2024-06-17 09:19:53,207 [INFO] PluginManager:220 - loadIPPluginJar : add gfxmmu
2024-06-17 09:19:53,211 [INFO] IPUIPlugin:80 - create IPUIPlugin
2024-06-17 09:19:53,211 [INFO] PluginManager:220 - loadIPPluginJar : add gic
2024-06-17 09:19:53,214 [INFO] IPUIPlugin:80 - create IPUIPlugin
2024-06-17 09:19:53,214 [INFO] PluginManager:220 - loadIPPluginJar : add gpio
2024-06-17 09:19:53,216 [INFO] IPUIPlugin:80 - create IPUIPlugin
2024-06-17 09:19:53,216 [INFO] PluginManager:220 - loadIPPluginJar : add gtzc
2024-06-17 09:19:53,218 [INFO] IPUIPlugin:80 - create IPUIPlugin
2024-06-17 09:19:53,218 [INFO] PluginManager:220 - loadIPPluginJar : add hash
2024-06-17 09:19:53,221 [INFO] IPUIPlugin:80 - create IPUIPlugin
2024-06-17 09:19:53,221 [INFO] PluginManager:220 - loadIPPluginJar : add i2c
2024-06-17 09:19:53,223 [INFO] IPUIPlugin:80 - create IPUIPlugin
2024-06-17 09:19:53,223 [INFO] PluginManager:220 - loadIPPluginJar : add i2s
2024-06-17 09:19:53,225 [INFO] IPUIPlugin:80 - create IPUIPlugin
2024-06-17 09:19:53,225 [INFO] PluginManager:220 - loadIPPluginJar : add i3c
2024-06-17 09:19:53,227 [INFO] IPUIPlugin:80 - create IPUIPlugin
2024-06-17 09:19:53,227 [INFO] PluginManager:220 - loadIPPluginJar : add ipddr
2024-06-17 09:19:53,233 [INFO] IPUIPlugin:80 - create IPUIPlugin
2024-06-17 09:19:53,233 [INFO] PluginManager:220 - loadIPPluginJar : add linkedlist
2024-06-17 09:19:53,239 [INFO] IPUIPlugin:80 - create IPUIPlugin
2024-06-17 09:19:53,239 [INFO] PluginManager:220 - loadIPPluginJar : add lorawan
2024-06-17 09:19:53,240 [INFO] IPUIPlugin:80 - create IPUIPlugin
2024-06-17 09:19:53,240 [INFO] PluginManager:220 - loadIPPluginJar : add ltdc
2024-06-17 09:19:53,246 [INFO] IPUIPlugin:80 - create IPUIPlugin
2024-06-17 09:19:53,246 [INFO] PluginManager:220 - loadIPPluginJar : add mdma
2024-06-17 09:19:53,249 [INFO] IPUIPlugin:80 - create IPUIPlugin
2024-06-17 09:19:53,249 [INFO] PluginManager:220 - loadIPPluginJar : add nvic
2024-06-17 09:19:53,252 [INFO] IPUIPlugin:80 - create IPUIPlugin
2024-06-17 09:19:53,252 [INFO] PluginManager:220 - loadIPPluginJar : add opamp
2024-06-17 09:19:53,254 [INFO] IPUIPlugin:80 - create IPUIPlugin
2024-06-17 09:19:53,255 [INFO] PluginManager:220 - loadIPPluginJar : add openamp
2024-06-17 09:19:53,257 [INFO] IPUIPlugin:80 - create IPUIPlugin
2024-06-17 09:19:53,257 [INFO] PluginManager:220 - loadIPPluginJar : add pdm2pcm
2024-06-17 09:19:53,261 [INFO] IPUIPlugin:80 - create IPUIPlugin
2024-06-17 09:19:53,264 [INFO] PluginManager:220 - loadIPPluginJar : add plateformsettings
2024-06-17 09:19:53,265 [INFO] IPUIPlugin:80 - create IPUIPlugin
2024-06-17 09:19:53,265 [INFO] PluginManager:220 - loadIPPluginJar : add quadspi
2024-06-17 09:19:53,269 [INFO] IPUIPlugin:80 - create IPUIPlugin
2024-06-17 09:19:53,269 [INFO] PluginManager:220 - loadIPPluginJar : add resmgrutility
2024-06-17 09:19:53,271 [INFO] IPUIPlugin:80 - create IPUIPlugin
2024-06-17 09:19:53,271 [INFO] PluginManager:220 - loadIPPluginJar : add sai
2024-06-17 09:19:53,272 [INFO] IPUIPlugin:80 - create IPUIPlugin
2024-06-17 09:19:53,273 [INFO] PluginManager:220 - loadIPPluginJar : add spi
2024-06-17 09:19:53,275 [INFO] IPUIPlugin:80 - create IPUIPlugin
2024-06-17 09:19:53,276 [INFO] PluginManager:220 - loadIPPluginJar : add stm32_wpan
2024-06-17 09:19:53,277 [INFO] IPUIPlugin:80 - create IPUIPlugin
2024-06-17 09:19:53,277 [INFO] PluginManager:220 - loadIPPluginJar : add tim
2024-06-17 09:19:53,279 [INFO] IPUIPlugin:80 - create IPUIPlugin
2024-06-17 09:19:53,279 [INFO] PluginManager:220 - loadIPPluginJar : add touchsensing
2024-06-17 09:19:53,281 [INFO] IPUIPlugin:80 - create IPUIPlugin
2024-06-17 09:19:53,281 [INFO] PluginManager:220 - loadIPPluginJar : add tracer_emb
2024-06-17 09:19:53,282 [INFO] IPUIPlugin:80 - create IPUIPlugin
2024-06-17 09:19:53,282 [INFO] PluginManager:220 - loadIPPluginJar : add ts
2024-06-17 09:19:53,284 [INFO] IPUIPlugin:80 - create IPUIPlugin
2024-06-17 09:19:53,284 [INFO] PluginManager:220 - loadIPPluginJar : add tsc
2024-06-17 09:19:53,286 [INFO] IPUIPlugin:80 - create IPUIPlugin
2024-06-17 09:19:53,286 [INFO] PluginManager:220 - loadIPPluginJar : add ucpd
2024-06-17 09:19:53,288 [INFO] IPUIPlugin:80 - create IPUIPlugin
2024-06-17 09:19:53,288 [INFO] PluginManager:220 - loadIPPluginJar : add usart
2024-06-17 09:19:53,290 [INFO] IPUIPlugin:80 - create IPUIPlugin
2024-06-17 09:19:53,290 [INFO] PluginManager:220 - loadIPPluginJar : add usbx
2024-06-17 09:19:53,421 [INFO] CADModel:165 - CPN selected for project level
2024-06-17 09:19:53,421 [INFO] CADModel:114 - Register for checkConnection events
2024-06-17 09:19:53,421 [FATAL] Updater:308 - Updater called before beeing initialized
2024-06-17 09:19:53,421 [ERROR] CADModel:125 - Updater not yet initialized, retry later 
2024-06-17 09:19:53,524 [INFO] CADModel:165 - CPN selected for project level
2024-06-17 09:19:53,524 [INFO] CADModel:114 - Register for checkConnection events
2024-06-17 09:19:53,524 [FATAL] Updater:308 - Updater called before beeing initialized
2024-06-17 09:19:53,524 [ERROR] CADModel:125 - Updater not yet initialized, retry later 
2024-06-17 09:19:53,527 [FATAL] Updater:308 - Updater called before beeing initialized
2024-06-17 09:19:53,604 [FATAL] Updater:308 - Updater called before beeing initialized
2024-06-17 09:19:53,609 [INFO] DbMcusAds:53 - JSON generation date=Thu May 16 17:22:00 SGT 2024 (1715851320852)
2024-06-17 09:19:53,609 [FATAL] Updater:308 - Updater called before beeing initialized
2024-06-17 09:19:53,637 [WARN] DetailPanel:346 - Failed to get advertising image, set to default
2024-06-17 09:19:53,724 [FATAL] Updater:308 - Updater called before beeing initialized
2024-06-17 09:19:53,726 [FATAL] Updater:308 - Updater called before beeing initialized
2024-06-17 09:19:53,726 [FATAL] Updater:308 - Updater called before beeing initialized
2024-06-17 09:19:53,726 [WARN] DetailPanel:346 - Failed to get advertising image, set to default
2024-06-17 09:19:53,726 [FATAL] Updater:308 - Updater called before beeing initialized
2024-06-17 09:19:53,759 [ERROR] Updater:1120 - MainUpdater not yet initialized. External WinMGr cannot be set.
2024-06-17 09:19:53,761 [INFO] Updater:1056 - Updater Version found : 6.8.1
2024-06-17 09:19:53,773 [INFO] ApplicationProperties:184 - Using Application install path: C:\ST\STM32CubeIDE_1.12.1\STM32CubeIDE\plugins\com.st.stm32cube.common.mx_6.8.1.202304191431
2024-06-17 09:19:53,887 [INFO] MainUpdater:2854 - connection check result : 10
2024-06-17 09:19:53,887 [INFO] MainUpdater:283 - Updater Check For Update Now.
2024-06-17 09:19:53,888 [INFO] MicroXplorer:498 - Change Database Version : DB.6.0.81
2024-06-17 09:19:54,031 [INFO] CheckServerUpdateThread:120 - End of CheckServer Thread
2024-06-17 09:19:54,105 [INFO] MainUpdater:2854 - connection check result : 10
2024-06-17 09:19:54,411 [INFO] ApiDb:581 - Connected to CubeFinder SQLite database (C:\Users\draut\.stmcufinder\plugins\mcufinder\mcu\cube-finder-db.db)
2024-06-17 09:19:54,472 [INFO] ApiDb:668 - CubeFinder database Data Model version=2.1
2024-06-17 09:19:54,472 [INFO] ApiDb:669 - CubeFinder database Configuration version=3.0.39
2024-06-17 09:19:54,472 [INFO] ApiDb:670 - CubeFinder database generation date=2024-06-07 (1717689626)
2024-06-17 09:19:54,472 [INFO] ApiDb:671 - CubeFinder database FW Pack versions=[FP-ATR-ASTRA1_V2.0.0, FP-SNS-FLIGHT1_V5.0.2, FP-SNS-MOTENV1_V5.0.0, FP-SNS-MOTENVWB1_V1.4.0, FP-SNS-SMARTAG2_V1.2.0, STM32Cube_FW_C0_V1.2.0, STM32Cube_FW_F4_V1.28.0, STM32Cube_FW_F7_V1.17.2, STM32Cube_FW_G0_V1.6.2, STM32Cube_FW_G4_V1.6.0, STM32Cube_FW_H5_V1.3.0, STM32Cube_FW_H7RS_V1.1.0, STM32Cube_FW_H7_V1.11.2, STM32Cube_FW_L0_V1.12.2, STM32Cube_FW_L5_V1.5.1, STM32Cube_FW_U0_V1.1.0, STM32Cube_FW_U5_V1.6.0, STM32Cube_FW_WB0_V1.0.0, STM32Cube_FW_WBA_V1.4.0, STM32Cube_FW_WB_V1.20.0, STM32Cube_FW_WL_V1.3.0, X-CUBE-ALGOBUILD_V1.4.0, X-CUBE-ALS_V1.0.2, X-CUBE-AZRTOS-F4_V1.1.0, X-CUBE-AZRTOS-F7_V1.1.0, X-CUBE-AZRTOS-G0_V1.1.0, X-CUBE-AZRTOS-G4_V2.0.0, X-CUBE-AZRTOS-H7RS_V1.0.0, X-CUBE-AZRTOS-H7_V3.2.0, X-CUBE-AZRTOS-L4_V2.0.0, X-CUBE-AZRTOS-L5_V1.1.0, X-CUBE-AZRTOS-WB_V2.0.0, X-CUBE-AZRTOS-WL_V2.0.0, X-CUBE-BLE1_V7.0.0, X-CUBE-BLE2_V3.3.0, X-CUBE-BLEMGR_V3.1.0, X-CUBE-EEPRMA1_V5.1.0, X-CUBE-FREERTOS_V1.2.0, X-CUBE-GNSS1_V6.0.0, X-CUBE-MEMS1_V10.0.0, X-CUBE-NFC4_V3.0.0, X-CUBE-NFC7_V1.0.1, X-CUBE-SFXS2LP1_V4.0.0, X-CUBE-SUBG2_V5.0.0, X-CUBE-TOF1_V3.4.1]
2024-06-17 09:19:54,581 [INFO] DbBoardsSqlite:226 - include board P-NUCLEO-WB55-NUCLEO as a kit item of type 'Nucleo-64'
2024-06-17 09:19:54,582 [INFO] DbBoardsSqlite:226 - include board P-NUCLEO-WB55-USBDONGLE as a kit item of type 'Nucleo USB Dongle'
2024-06-17 09:19:54,583 [INFO] DbBoardsSqlite:226 - include board STEVAL-IDP005V1 as a kit item of type 'Evaluation Board'
2024-06-17 09:19:54,583 [INFO] DbBoardsSqlite:226 - include board STEVAL-IDP005V2 as a kit item of type 'Evaluation Board'
2024-06-17 09:19:54,872 [INFO] ApiDb:240 - Found 297 in-development CPN: [B-G473E-ZEST1S, B-WB1M-WPAN1, B-WL5M-SUBG1, NUCLEO-C031C6, NUCLEO-H503RB, NUCLEO-H563ZI, NUCLEO-U545RE-Q, NUCLEO-U5A5ZJ-Q, NUCLEO-WBA52CG, STEVAL-PROTEUS1, STEVAL-STWINBX1, STM320518-EVAL, STM32C0116-DK, STM32C011D6Y3TR, STM32C011D6Y6TR, STM32C011F4P3, STM32C011F4P6, STM32C011F4U3, STM32C011F4U6TR, STM32C011F6P3, STM32C011F6P6, STM32C011F6U3, STM32C011F6U6TR, STM32C011J4M3, STM32C011J4M6, STM32C011J6M3, STM32C011J6M6, STM32C0316-DK, STM32C031C4T3, STM32C031C4T6, STM32C031C4U3, STM32C031C4U6, STM32C031C6T3, STM32C031C6T6, STM32C031C6U3, STM32C031C6U6, STM32C031F4P3, STM32C031F4P6, STM32C031F6P3, STM32C031F6P6, STM32C031G4U3, STM32C031G4U6, STM32C031G6U3, STM32C031G6U6, STM32C031K4T3, STM32C031K4T6, STM32C031K4U3, STM32C031K4U6, STM32C031K6T3, STM32C031K6T6, STM32C031K6U3, STM32C031K6U6, STM32G071K8TXN, STM32G071K8UXN, STM32G081GBU6N, STM32G081KBT6N, STM32G081KBUXN, STM32G0B1CCT6N, STM32G0B1KCT6, STM32G0B1NEY6TR, STM32G0B1RCT6N, STM32G0C1CCT6, STM32G0C1CCT6N, STM32G0C1CCU6N, STM32G0C1CET6N, STM32G0C1CEU6N, STM32G0C1KCT6, STM32G0C1NEY6TR, STM32G0C1RCI6N, STM32G0C1RCT6N, STM32G0C1REI6N, STM32G0C1RET6N, STM32G0C1VCI6, STM32G0C1VEI6, STM32G471CCT6, STM32G471CCU6, STM32G471CET3, STM32G471CET6, STM32G471CEU3, STM32G471CEU6, STM32G471MCT6, STM32G471MET3, STM32G471MET6, STM32G471MEY6TR, STM32G471QCT6, STM32G471QET3, STM32G471RCT6, STM32G471RET3, STM32G471RET6, STM32G471VCH6, STM32G471VCI6, STM32G471VCT6, STM32G471VEH3, STM32G471VEH6, STM32G471VEI3, STM32G471VEI6, STM32G471VET3, STM32G471VET6, STM32G474CCT6, STM32H503CBT6, STM32H503CBU6, STM32H503EBY6TR, STM32H503KBU6, STM32H503RBT6, STM32H562AGI6, STM32H562AII6, STM32H562IGK6, STM32H562IGT6, STM32H562IIK6, STM32H562IIT6, STM32H562RGT6, STM32H562RGV6, STM32H562RIT6, STM32H562RIV6, STM32H562VGT6, STM32H562VIT6, STM32H562ZGT6, STM32H562ZIT6, STM32H563AGI6, STM32H563AII3Q, STM32H563AII6, STM32H563IGK6, STM32H563IGT6, STM32H563IIK3Q, STM32H563IIK6, STM32H563IIT3Q, STM32H563IIT6, STM32H563MIY3QTR, STM32H563RGT6, STM32H563RGV6, STM32H563RIT6, STM32H563RIV6, STM32H563VGT6, STM32H563VIT3Q, STM32H563VIT6, STM32H563ZGT6, STM32H563ZIT3Q, STM32H563ZIT6, STM32H573AII3Q, STM32H573AII6, STM32H573I-DK, STM32H573IIK3Q, STM32H573IIK6, STM32H573IIT3Q, STM32H573IIT6, STM32H573MIY3QTR, STM32H573RIT6, STM32H573RIV6, STM32H573VIT3Q, STM32H573VIT6, STM32H573ZIT3Q, STM32H573ZIT6, STM32L4R5QGI6STR, STM32MP131AAE3, STM32MP131AAF3, STM32MP131AAG3, STM32MP131CAE3, STM32MP131CAF3, STM32MP131CAG3, STM32MP131DAE7, STM32MP131DAF7, STM32MP131DAG7, STM32MP131FAE7, STM32MP131FAF7, STM32MP131FAG7, STM32MP133AAE3, STM32MP133AAF3, STM32MP133AAG3, STM32MP133CAE3, STM32MP133CAF3, STM32MP133CAG3, STM32MP133DAE7, STM32MP133DAF7, STM32MP133DAG7, STM32MP133FAE7, STM32MP133FAF7, STM32MP133FAG7, STM32MP135AAE3, STM32MP135AAF3, STM32MP135AAG3, STM32MP135CAE3, STM32MP135CAF3, STM32MP135CAG3, STM32MP135DAE7, STM32MP135DAF7, STM32MP135DAG7, STM32MP135F-DK, STM32MP135FAE7, STM32MP135FAF7, STM32MP135FAF7T, STM32MP135FAF7U, STM32MP135FAG7, STM32U535CBT6, STM32U535CBT6Q, STM32U535CBU6, STM32U535CBU6Q, STM32U535CCT6, STM32U535CCT6Q, STM32U535CCU6, STM32U535CCU6Q, STM32U535CET6, STM32U535CET6Q, STM32U535CEU6, STM32U535CEU6Q, STM32U535JEY6QTR, STM32U535NCY6QTR, STM32U535NEY6QTR, STM32U535RBI6, STM32U535RBI6Q, STM32U535RBT6, STM32U535RBT6Q, STM32U535RCI6, STM32U535RCI6Q, STM32U535RCT6, STM32U535RCT6Q, STM32U535REI6, STM32U535REI6Q, STM32U535RET6, STM32U535RET6Q, STM32U535VCI6, STM32U535VCI6Q, STM32U535VCT6, STM32U535VCT6Q, STM32U535VEI6, STM32U535VEI6Q, STM32U535VET6, STM32U535VET6Q, STM32U545CET6, STM32U545CET6Q, STM32U545CEU6, STM32U545CEU6Q, STM32U545JEY6QTR, STM32U545NEY6QTR, STM32U545REI6, STM32U545REI6Q, STM32U545RET6, STM32U545RET6Q, STM32U545VEI6, STM32U545VEI6Q, STM32U545VET6, STM32U545VET6Q, STM32U595AIH6, STM32U595AIH6Q, STM32U595AJH6, STM32U595AJH6Q, STM32U595QII6, STM32U595QII6Q, STM32U595QJI6, STM32U595QJI6Q, STM32U595RIT6, STM32U595RIT6Q, STM32U595RJT6, STM32U595RJT6Q, STM32U595VIT6, STM32U595VIT6Q, STM32U595VJT6, STM32U595VJT6Q, STM32U595ZIT6, STM32U595ZIT6Q, STM32U595ZIY6QTR, STM32U595ZJT6, STM32U595ZJT6Q, STM32U595ZJY6QTR, STM32U599BJY6QTR, STM32U599NIH6Q, STM32U599NJH6Q, STM32U599VIT6Q, STM32U599VJT6, STM32U599VJT6Q, STM32U599ZIT6Q, STM32U599ZIY6QTR, STM32U599ZJT6Q, STM32U599ZJY6QTR, STM32U5A5AJH6, STM32U5A5AJH6Q, STM32U5A5QJI6, STM32U5A5QJI6Q, STM32U5A5RJT6, STM32U5A5RJT6Q, STM32U5A5VJT6, STM32U5A5VJT6Q, STM32U5A5ZJT6, STM32U5A5ZJT6Q, STM32U5A5ZJY6QTR, STM32U5A9BJY6QTR, STM32U5A9J-DK, STM32U5A9NJH6Q, STM32U5A9VJT6Q, STM32U5A9ZJT6Q, STM32U5A9ZJY6QTR, STM32WB1MMCH6, STM32WBA52CEU6, STM32WBA52CEU6T, STM32WBA52CGU6, STM32WBA52CGU6T, STM32WL5MOCH6, STM32WL5MOCH6TR]
2024-06-17 09:19:54,876 [INFO] ApiDb:668 - CubeFinder database Data Model version=2.1
2024-06-17 09:19:54,877 [INFO] ApiDb:669 - CubeFinder database Configuration version=3.0.39
2024-06-17 09:19:54,877 [INFO] ApiDb:670 - CubeFinder database generation date=2024-06-07 (1717689626)
2024-06-17 09:19:54,877 [INFO] ApiDb:671 - CubeFinder database FW Pack versions=[FP-ATR-ASTRA1_V2.0.0, FP-SNS-FLIGHT1_V5.0.2, FP-SNS-MOTENV1_V5.0.0, FP-SNS-MOTENVWB1_V1.4.0, FP-SNS-SMARTAG2_V1.2.0, STM32Cube_FW_C0_V1.2.0, STM32Cube_FW_F4_V1.28.0, STM32Cube_FW_F7_V1.17.2, STM32Cube_FW_G0_V1.6.2, STM32Cube_FW_G4_V1.6.0, STM32Cube_FW_H5_V1.3.0, STM32Cube_FW_H7RS_V1.1.0, STM32Cube_FW_H7_V1.11.2, STM32Cube_FW_L0_V1.12.2, STM32Cube_FW_L5_V1.5.1, STM32Cube_FW_U0_V1.1.0, STM32Cube_FW_U5_V1.6.0, STM32Cube_FW_WB0_V1.0.0, STM32Cube_FW_WBA_V1.4.0, STM32Cube_FW_WB_V1.20.0, STM32Cube_FW_WL_V1.3.0, X-CUBE-ALGOBUILD_V1.4.0, X-CUBE-ALS_V1.0.2, X-CUBE-AZRTOS-F4_V1.1.0, X-CUBE-AZRTOS-F7_V1.1.0, X-CUBE-AZRTOS-G0_V1.1.0, X-CUBE-AZRTOS-G4_V2.0.0, X-CUBE-AZRTOS-H7RS_V1.0.0, X-CUBE-AZRTOS-H7_V3.2.0, X-CUBE-AZRTOS-L4_V2.0.0, X-CUBE-AZRTOS-L5_V1.1.0, X-CUBE-AZRTOS-WB_V2.0.0, X-CUBE-AZRTOS-WL_V2.0.0, X-CUBE-BLE1_V7.0.0, X-CUBE-BLE2_V3.3.0, X-CUBE-BLEMGR_V3.1.0, X-CUBE-EEPRMA1_V5.1.0, X-CUBE-FREERTOS_V1.2.0, X-CUBE-GNSS1_V6.0.0, X-CUBE-MEMS1_V10.0.0, X-CUBE-NFC4_V3.0.0, X-CUBE-NFC7_V1.0.1, X-CUBE-SFXS2LP1_V4.0.0, X-CUBE-SUBG2_V5.0.0, X-CUBE-TOF1_V3.4.1]
2024-06-17 09:19:55,956 [WARN] PackLoader:240 - Cannot read IP mode file for STMicroelectronics.FP-SNS-MOTENVWB1.1.4.0
2024-06-17 09:19:55,964 [WARN] PackLoader:240 - Cannot read IP mode file for STMicroelectronics.X-CUBE-SMBUS.2.1.0
2024-06-17 09:19:55,967 [WARN] PackLoader:240 - Cannot read IP mode file for STMicroelectronics.X-CUBE-TOUCHGFX.4.23.2
2024-06-17 09:19:55,986 [WARN] PackLoader:240 - Cannot read IP mode file for STMicroelectronics.X-CUBE-AZRTOS-F7.1.1.0
2024-06-17 09:19:55,992 [WARN] PackLoader:240 - Cannot read IP mode file for STMicroelectronics.FP-SNS-MOTENV1.4.3.2
2024-06-17 09:19:55,996 [ERROR] RealEvaluatedCondition:428 - Found unsupported composite condition: GROUP='STM32_MetaDataManager' CLASS='Data Exchange'
2024-06-17 09:19:55,996 [ERROR] RealEvaluatedCondition:428 - Found unsupported composite condition: GROUP='STM32_MetaDataManager' CLASS='Data Exchange'
2024-06-17 09:19:55,997 [WARN] PackLoader:240 - Cannot read IP mode file for STMicroelectronics.FP-SNS-MOTENV1.4.3.1
2024-06-17 09:19:56,001 [WARN] PackLoader:240 - Cannot read IP mode file for STMicroelectronics.FP-SNS-FLIGHT1.5.0.1
2024-06-17 09:19:56,007 [WARN] PackLoader:240 - Cannot read IP mode file for STMicroelectronics.X-CUBE-BLE1.6.2.4
2024-06-17 09:19:56,010 [WARN] PackLoader:240 - Cannot read IP mode file for STMicroelectronics.FP-SNS-FLIGHT1.5.0.2
2024-06-17 09:19:56,015 [WARN] PackLoader:240 - Cannot read IP mode file for STMicroelectronics.X-CUBE-DISPLAY.3.0.0
2024-06-17 09:19:56,020 [WARN] PackLoader:240 - Cannot read IP mode file for STMicroelectronics.X-CUBE-BLE1.7.0.0
2024-06-17 09:19:56,023 [WARN] PackLoader:240 - Cannot read IP mode file for STMicroelectronics.X-CUBE-TOUCHGFX.4.22.0
2024-06-17 09:19:56,024 [WARN] PackLoader:240 - Cannot read IP mode file for STMicroelectronics.X-CUBE-TOUCHGFX.4.22.1
2024-06-17 09:19:56,031 [WARN] PackLoader:240 - Cannot read IP mode file for STMicroelectronics.X-CUBE-BLEMGR.3.1.0
2024-06-17 09:19:56,036 [WARN] PackLoader:240 - Cannot read IP mode file for STMicroelectronics.FP-SNS-SMARTAG2.1.2.0
2024-06-17 09:19:56,044 [INFO] LogOutputStream:77 - [STDOUT_REDIRECT] 1 : Invalid condition id : UX_CORESTACK_Condition cause : null
2024-06-17 09:19:56,045 [INFO] LogOutputStream:77 - [STDOUT_REDIRECT] 1 : Invalid condition id : UX_CORESTACK_Condition cause : null
2024-06-17 09:19:56,046 [INFO] LogOutputStream:77 - [STDOUT_REDIRECT] 1 : Invalid condition id : UX_CORESTACK_Condition cause : null
2024-06-17 09:19:56,047 [INFO] LogOutputStream:77 - [STDOUT_REDIRECT] 1 : Invalid condition id : UX_CORESTACK_Condition cause : null
2024-06-17 09:19:56,048 [INFO] LogOutputStream:77 - [STDOUT_REDIRECT] 1 : Invalid condition id : UX_CORESTACK_Condition cause : null
2024-06-17 09:19:56,052 [WARN] PackLoader:240 - Cannot read IP mode file for STMicroelectronics.X-CUBE-AZRTOS-WL.2.0.0
2024-06-17 09:19:56,058 [WARN] PackLoader:240 - Cannot read IP mode file for STMicroelectronics.FP-SNS-MOTENV1.5.0.0
2024-06-17 09:19:56,063 [WARN] PackLoader:240 - Cannot read IP mode file for wolfSSL.I-CUBE-wolfMQTT.1.19.0
2024-06-17 09:19:56,069 [WARN] PackLoader:240 - Cannot read IP mode file for WES.I-CUBE-Cesium.1.3.0
2024-06-17 09:19:56,074 [WARN] PackLoader:240 - Cannot read IP mode file for STMicroelectronics.X-CUBE-BLE2.3.3.0
2024-06-17 09:19:56,081 [WARN] PackLoader:240 - Cannot read IP mode file for STMicroelectronics.X-CUBE-TCPP.4.1.0
2024-06-17 09:19:56,086 [WARN] PackLoader:240 - Cannot read IP mode file for STMicroelectronics.X-CUBE-TOUCHGFX.4.21.4
2024-06-17 09:19:56,092 [WARN] PackLoader:240 - Cannot read IP mode file for STMicroelectronics.X-CUBE-ALGOBUILD.1.3.0
2024-06-17 09:19:56,119 [WARN] PackLoader:240 - Cannot read IP mode file for STMicroelectronics.X-CUBE-AZRTOS-G0.1.1.0
2024-06-17 09:19:56,126 [WARN] PackLoader:240 - Cannot read IP mode file for STMicroelectronics.X-CUBE-SAFEA1.1.2.2
2024-06-17 09:19:56,132 [WARN] PackLoader:240 - Cannot read IP mode file for STMicroelectronics.X-CUBE-NFC4.3.0.0
2024-06-17 09:19:56,142 [WARN] PackLoader:240 - Cannot read IP mode file for STMicroelectronics.X-CUBE-BLEMGR.3.0.0
2024-06-17 09:19:56,148 [WARN] PackLoader:240 - Cannot read IP mode file for STMicroelectronics.FP-ATR-SIGFOX1.3.2.0
2024-06-17 09:19:56,155 [WARN] PackLoader:240 - Cannot read IP mode file for STMicroelectronics.X-CUBE-EEPRMA1.5.1.0
2024-06-17 09:19:56,191 [WARN] PackLoader:240 - Cannot read IP mode file for SEGGER.I-CUBE-embOS.1.3.1
2024-06-17 09:19:56,233 [WARN] PackLoader:240 - Cannot read IP mode file for STMicroelectronics.X-CUBE-ALGOBUILD.1.4.0
2024-06-17 09:19:56,238 [WARN] PackLoader:240 - Cannot read IP mode file for STMicroelectronics.X-CUBE-GNSS1.6.0.0
2024-06-17 09:19:56,254 [WARN] PackLoader:240 - Cannot read IP mode file for STMicroelectronics.X-CUBE-AZRTOS-F4.1.1.0
2024-06-17 09:19:56,260 [WARN] PackLoader:240 - Cannot read IP mode file for wolfSSL.I-CUBE-wolfSSL.5.6.0
2024-06-17 09:19:56,264 [WARN] PackLoader:240 - Cannot read IP mode file for STMicroelectronics.X-CUBE-FREERTOS.1.2.0
2024-06-17 09:19:56,277 [WARN] PackLoader:240 - Cannot read IP mode file for STMicroelectronics.X-CUBE-AZRTOS-L5.2.0.0
2024-06-17 09:19:56,326 [WARN] PackLoader:240 - Cannot read IP mode file for STMicroelectronics.X-CUBE-MEMS1.9.6.0
2024-06-17 09:19:56,413 [WARN] PackLoader:240 - Cannot read IP mode file for STMicroelectronics.X-CUBE-EEPRMA1.4.2.0
2024-06-17 09:19:56,418 [WARN] PackLoader:240 - Cannot read IP mode file for STMicroelectronics.X-CUBE-NFC6.3.1.0
2024-06-17 09:19:56,422 [WARN] PackLoader:240 - Cannot read IP mode file for ITTIA_DB.I-CUBE-ITTIADB.8.8.0
2024-06-17 09:19:56,427 [WARN] PackLoader:240 - Cannot read IP mode file for emotas.I-CUBE-CANOPEN.1.1.3
2024-06-17 09:19:56,431 [WARN] PackLoader:240 - Cannot read IP mode file for STMicroelectronics.X-CUBE-BLEMGR.2.0.0
2024-06-17 09:19:56,435 [WARN] PackLoader:240 - Cannot read IP mode file for STMicroelectronics.X-CUBE-AI.9.0.0
2024-06-17 09:19:56,445 [WARN] ConditionMgr:438 - getConditionDescription Invalid condition id : UX DEVICE CLASS RTOS Condition cause : null
2024-06-17 09:19:56,445 [WARN] ConditionMgr:438 - getConditionDescription Invalid condition id : UX DEVICE CLASS RTOS Condition cause : null
2024-06-17 09:19:56,447 [WARN] PackLoader:240 - Cannot read IP mode file for STMicroelectronics.X-CUBE-AZRTOS-H7.3.1.0
2024-06-17 09:19:56,448 [WARN] ConditionMgr:1039 - genDependencies : Invalid condition id : UX DEVICE CLASS RTOS Condition cause : null
2024-06-17 09:19:56,448 [WARN] ConditionMgr:1039 - genDependencies : Invalid condition id : UX DEVICE CLASS RTOS Condition cause : null
2024-06-17 09:19:56,448 [WARN] ConditionMgr:1039 - genDependencies : Invalid condition id : UX DEVICE CLASS RTOS Condition cause : null
2024-06-17 09:19:56,448 [WARN] ConditionMgr:1039 - genDependencies : Invalid condition id : UX DEVICE CLASS RTOS Condition cause : null
2024-06-17 09:19:56,448 [WARN] ConditionMgr:1039 - genDependencies : Invalid condition id : UX DEVICE CLASS RTOS Condition cause : null
2024-06-17 09:19:56,452 [WARN] PackLoader:240 - Cannot read IP mode file for STMicroelectronics.X-CUBE-NFC7.1.0.1
2024-06-17 09:19:56,455 [WARN] PackLoader:240 - Cannot read IP mode file for STMicroelectronics.X-CUBE-NFC7.1.0.0
2024-06-17 09:19:56,459 [WARN] PackLoader:240 - Cannot read IP mode file for STMicroelectronics.X-CUBE-NFC6.3.0.0
2024-06-17 09:19:56,464 [WARN] PackLoader:240 - Cannot read IP mode file for STMicroelectronics.X-CUBE-EEPRMA1.4.1.0
2024-06-17 09:19:56,468 [WARN] PackLoader:240 - Cannot read IP mode file for STMicroelectronics.X-CUBE-AI.8.1.0
2024-06-17 09:19:56,480 [WARN] ConditionMgr:438 - getConditionDescription Invalid condition id : LAN8742 Phy interface Condition cause : null
2024-06-17 09:19:56,481 [WARN] PackLoader:240 - Cannot read IP mode file for STMicroelectronics.X-CUBE-AZRTOS-L4.2.0.0
2024-06-17 09:19:56,482 [WARN] ConditionMgr:1039 - genDependencies : Invalid condition id : LAN8742 Phy interface Condition cause : null
2024-06-17 09:19:56,482 [WARN] ConditionMgr:1039 - genDependencies : Invalid condition id : LAN8742 Phy interface Condition cause : null
2024-06-17 09:19:56,482 [WARN] ConditionMgr:1039 - genDependencies : Invalid condition id : LAN8742 Phy interface Condition cause : null
2024-06-17 09:19:56,487 [WARN] PackLoader:240 - Cannot read IP mode file for STMicroelectronics.X-CUBE-SFXS2LP1.4.0.0
2024-06-17 09:19:56,490 [WARN] PackLoader:240 - Cannot read IP mode file for STMicroelectronics.X-CUBE-ISPU.1.1.0
2024-06-17 09:19:56,500 [WARN] ConditionMgr:438 - getConditionDescription Invalid condition id : UX DEVICE CLASS RTOS Condition cause : null
2024-06-17 09:19:56,501 [WARN] ConditionMgr:438 - getConditionDescription Invalid condition id : UX DEVICE CLASS RTOS Condition cause : null
2024-06-17 09:19:56,502 [WARN] PackLoader:240 - Cannot read IP mode file for STMicroelectronics.X-CUBE-AZRTOS-WB.2.0.0
2024-06-17 09:19:56,503 [WARN] ConditionMgr:1039 - genDependencies : Invalid condition id : UX DEVICE CLASS RTOS Condition cause : null
2024-06-17 09:19:56,503 [WARN] ConditionMgr:1039 - genDependencies : Invalid condition id : UX DEVICE CLASS RTOS Condition cause : null
2024-06-17 09:19:56,503 [WARN] ConditionMgr:1039 - genDependencies : Invalid condition id : UX DEVICE CLASS RTOS Condition cause : null
2024-06-17 09:19:56,503 [WARN] ConditionMgr:1039 - genDependencies : Invalid condition id : UX DEVICE CLASS RTOS Condition cause : null
2024-06-17 09:19:56,504 [WARN] ConditionMgr:1039 - genDependencies : Invalid condition id : UX DEVICE CLASS RTOS Condition cause : null
2024-06-17 09:19:56,508 [WARN] PackLoader:240 - Cannot read IP mode file for STMicroelectronics.X-CUBE-FREERTOS.1.0.1
2024-06-17 09:19:56,519 [WARN] PackLoader:240 - Cannot read IP mode file for STMicroelectronics.X-CUBE-AZRTOS-L5.1.1.0
2024-06-17 09:19:56,523 [WARN] PackLoader:240 - Cannot read IP mode file for STMicroelectronics.X-CUBE-AI.8.0.1
2024-06-17 09:19:56,529 [WARN] PackLoader:240 - Cannot read IP mode file for STMicroelectronics.X-CUBE-SUBG2.5.0.0
2024-06-17 09:19:56,543 [WARN] PackLoader:240 - Cannot read IP mode file for Cesanta.I-CUBE-Mongoose.7.13.0
2024-06-17 09:19:56,550 [WARN] PackLoader:240 - Cannot read IP mode file for STMicroelectronics.X-CUBE-TOF1.3.3.1
2024-06-17 09:19:56,573 [WARN] PackLoader:240 - Cannot read IP mode file for STMicroelectronics.X-CUBE-AZRTOS-G4.2.0.0
2024-06-17 09:19:56,597 [INFO] ApiDb:240 - Found 297 in-development CPN: [B-G473E-ZEST1S, B-WB1M-WPAN1, B-WL5M-SUBG1, NUCLEO-C031C6, NUCLEO-H503RB, NUCLEO-H563ZI, NUCLEO-U545RE-Q, NUCLEO-U5A5ZJ-Q, NUCLEO-WBA52CG, STEVAL-PROTEUS1, STEVAL-STWINBX1, STM320518-EVAL, STM32C0116-DK, STM32C011D6Y3TR, STM32C011D6Y6TR, STM32C011F4P3, STM32C011F4P6, STM32C011F4U3, STM32C011F4U6TR, STM32C011F6P3, STM32C011F6P6, STM32C011F6U3, STM32C011F6U6TR, STM32C011J4M3, STM32C011J4M6, STM32C011J6M3, STM32C011J6M6, STM32C0316-DK, STM32C031C4T3, STM32C031C4T6, STM32C031C4U3, STM32C031C4U6, STM32C031C6T3, STM32C031C6T6, STM32C031C6U3, STM32C031C6U6, STM32C031F4P3, STM32C031F4P6, STM32C031F6P3, STM32C031F6P6, STM32C031G4U3, STM32C031G4U6, STM32C031G6U3, STM32C031G6U6, STM32C031K4T3, STM32C031K4T6, STM32C031K4U3, STM32C031K4U6, STM32C031K6T3, STM32C031K6T6, STM32C031K6U3, STM32C031K6U6, STM32G071K8TXN, STM32G071K8UXN, STM32G081GBU6N, STM32G081KBT6N, STM32G081KBUXN, STM32G0B1CCT6N, STM32G0B1KCT6, STM32G0B1NEY6TR, STM32G0B1RCT6N, STM32G0C1CCT6, STM32G0C1CCT6N, STM32G0C1CCU6N, STM32G0C1CET6N, STM32G0C1CEU6N, STM32G0C1KCT6, STM32G0C1NEY6TR, STM32G0C1RCI6N, STM32G0C1RCT6N, STM32G0C1REI6N, STM32G0C1RET6N, STM32G0C1VCI6, STM32G0C1VEI6, STM32G471CCT6, STM32G471CCU6, STM32G471CET3, STM32G471CET6, STM32G471CEU3, STM32G471CEU6, STM32G471MCT6, STM32G471MET3, STM32G471MET6, STM32G471MEY6TR, STM32G471QCT6, STM32G471QET3, STM32G471RCT6, STM32G471RET3, STM32G471RET6, STM32G471VCH6, STM32G471VCI6, STM32G471VCT6, STM32G471VEH3, STM32G471VEH6, STM32G471VEI3, STM32G471VEI6, STM32G471VET3, STM32G471VET6, STM32G474CCT6, STM32H503CBT6, STM32H503CBU6, STM32H503EBY6TR, STM32H503KBU6, STM32H503RBT6, STM32H562AGI6, STM32H562AII6, STM32H562IGK6, STM32H562IGT6, STM32H562IIK6, STM32H562IIT6, STM32H562RGT6, STM32H562RGV6, STM32H562RIT6, STM32H562RIV6, STM32H562VGT6, STM32H562VIT6, STM32H562ZGT6, STM32H562ZIT6, STM32H563AGI6, STM32H563AII3Q, STM32H563AII6, STM32H563IGK6, STM32H563IGT6, STM32H563IIK3Q, STM32H563IIK6, STM32H563IIT3Q, STM32H563IIT6, STM32H563MIY3QTR, STM32H563RGT6, STM32H563RGV6, STM32H563RIT6, STM32H563RIV6, STM32H563VGT6, STM32H563VIT3Q, STM32H563VIT6, STM32H563ZGT6, STM32H563ZIT3Q, STM32H563ZIT6, STM32H573AII3Q, STM32H573AII6, STM32H573I-DK, STM32H573IIK3Q, STM32H573IIK6, STM32H573IIT3Q, STM32H573IIT6, STM32H573MIY3QTR, STM32H573RIT6, STM32H573RIV6, STM32H573VIT3Q, STM32H573VIT6, STM32H573ZIT3Q, STM32H573ZIT6, STM32L4R5QGI6STR, STM32MP131AAE3, STM32MP131AAF3, STM32MP131AAG3, STM32MP131CAE3, STM32MP131CAF3, STM32MP131CAG3, STM32MP131DAE7, STM32MP131DAF7, STM32MP131DAG7, STM32MP131FAE7, STM32MP131FAF7, STM32MP131FAG7, STM32MP133AAE3, STM32MP133AAF3, STM32MP133AAG3, STM32MP133CAE3, STM32MP133CAF3, STM32MP133CAG3, STM32MP133DAE7, STM32MP133DAF7, STM32MP133DAG7, STM32MP133FAE7, STM32MP133FAF7, STM32MP133FAG7, STM32MP135AAE3, STM32MP135AAF3, STM32MP135AAG3, STM32MP135CAE3, STM32MP135CAF3, STM32MP135CAG3, STM32MP135DAE7, STM32MP135DAF7, STM32MP135DAG7, STM32MP135F-DK, STM32MP135FAE7, STM32MP135FAF7, STM32MP135FAF7T, STM32MP135FAF7U, STM32MP135FAG7, STM32U535CBT6, STM32U535CBT6Q, STM32U535CBU6, STM32U535CBU6Q, STM32U535CCT6, STM32U535CCT6Q, STM32U535CCU6, STM32U535CCU6Q, STM32U535CET6, STM32U535CET6Q, STM32U535CEU6, STM32U535CEU6Q, STM32U535JEY6QTR, STM32U535NCY6QTR, STM32U535NEY6QTR, STM32U535RBI6, STM32U535RBI6Q, STM32U535RBT6, STM32U535RBT6Q, STM32U535RCI6, STM32U535RCI6Q, STM32U535RCT6, STM32U535RCT6Q, STM32U535REI6, STM32U535REI6Q, STM32U535RET6, STM32U535RET6Q, STM32U535VCI6, STM32U535VCI6Q, STM32U535VCT6, STM32U535VCT6Q, STM32U535VEI6, STM32U535VEI6Q, STM32U535VET6, STM32U535VET6Q, STM32U545CET6, STM32U545CET6Q, STM32U545CEU6, STM32U545CEU6Q, STM32U545JEY6QTR, STM32U545NEY6QTR, STM32U545REI6, STM32U545REI6Q, STM32U545RET6, STM32U545RET6Q, STM32U545VEI6, STM32U545VEI6Q, STM32U545VET6, STM32U545VET6Q, STM32U595AIH6, STM32U595AIH6Q, STM32U595AJH6, STM32U595AJH6Q, STM32U595QII6, STM32U595QII6Q, STM32U595QJI6, STM32U595QJI6Q, STM32U595RIT6, STM32U595RIT6Q, STM32U595RJT6, STM32U595RJT6Q, STM32U595VIT6, STM32U595VIT6Q, STM32U595VJT6, STM32U595VJT6Q, STM32U595ZIT6, STM32U595ZIT6Q, STM32U595ZIY6QTR, STM32U595ZJT6, STM32U595ZJT6Q, STM32U595ZJY6QTR, STM32U599BJY6QTR, STM32U599NIH6Q, STM32U599NJH6Q, STM32U599VIT6Q, STM32U599VJT6, STM32U599VJT6Q, STM32U599ZIT6Q, STM32U599ZIY6QTR, STM32U599ZJT6Q, STM32U599ZJY6QTR, STM32U5A5AJH6, STM32U5A5AJH6Q, STM32U5A5QJI6, STM32U5A5QJI6Q, STM32U5A5RJT6, STM32U5A5RJT6Q, STM32U5A5VJT6, STM32U5A5VJT6Q, STM32U5A5ZJT6, STM32U5A5ZJT6Q, STM32U5A5ZJY6QTR, STM32U5A9BJY6QTR, STM32U5A9J-DK, STM32U5A9NJH6Q, STM32U5A9VJT6Q, STM32U5A9ZJT6Q, STM32U5A9ZJY6QTR, STM32WB1MMCH6, STM32WBA52CEU6, STM32WBA52CEU6T, STM32WBA52CGU6, STM32WBA52CGU6T, STM32WL5MOCH6, STM32WL5MOCH6TR]
2024-06-17 09:19:56,599 [WARN] PackLoader:240 - Cannot read IP mode file for STMicroelectronics.X-CUBE-TOF1.3.3.0
2024-06-17 09:19:56,602 [INFO] DbMcus:216 - Found 4205 MCUs, 4205 are supported
2024-06-17 09:19:56,605 [INFO] ApiDb:423 - Load user favorites file C:\Users\draut/.stm32cubeide/favorites.mcus.txt: 0 item(s)
2024-06-17 09:19:56,605 [INFO] ApiDb:427 - User favorites MCUs=[]
2024-06-17 09:19:56,605 [INFO] DbMcus:222 - Set 0 / 0 favorites MCUs
2024-06-17 09:19:56,617 [WARN] PackLoader:240 - Cannot read IP mode file for Infineon.AIROC-Wi-Fi-Bluetooth-STM32.1.5.1
2024-06-17 09:19:56,623 [WARN] PackLoader:240 - Cannot read IP mode file for STMicroelectronics.X-CUBE-ISPU.2.0.0
2024-06-17 09:19:56,627 [WARN] PackLoader:240 - Cannot read IP mode file for STMicroelectronics.X-CUBE-ALS.1.0.2
2024-06-17 09:19:56,650 [WARN] PackLoader:240 - Cannot read IP mode file for STMicroelectronics.X-CUBE-MEMS1.10.0.0
2024-06-17 09:19:56,748 [WARN] PackLoader:240 - Cannot read IP mode file for STMicroelectronics.X-CUBE-FREERTOS.1.1.0
2024-06-17 09:19:56,752 [WARN] PackLoader:240 - Cannot read IP mode file for portGmbH.I-Cube-SoM-uGOAL.1.1.0
2024-06-17 09:19:56,755 [WARN] PackLoader:240 - Cannot read IP mode file for STMicroelectronics.X-CUBE-ALS.1.0.1
2024-06-17 09:19:56,765 [WARN] PackLoader:240 - Cannot read IP mode file for STMicroelectronics.X-CUBE-AZRTOS-WB.1.1.0
2024-06-17 09:19:56,780 [WARN] PackLoader:240 - Cannot read IP mode file for STMicroelectronics.X-CUBE-AZRTOS-H7RS.1.0.0
2024-06-17 09:19:56,785 [WARN] PackLoader:240 - Cannot read IP mode file for STMicroelectronics.FP-ATR-ASTRA1.2.0.0
2024-06-17 09:19:56,798 [WARN] PackLoader:240 - Cannot read IP mode file for STMicroelectronics.X-CUBE-TOF1.3.4.1
2024-06-17 09:19:56,821 [WARN] PackLoader:240 - Cannot read IP mode file for STMicroelectronics.X-CUBE-AZRTOS-H7.3.2.0
2024-06-17 09:19:56,824 [INFO] ThirdParty:978 - Integrity check success = true
2024-06-17 09:19:56,824 [INFO] IntegrityCheckThread:100 - exiting critical section [integrity check]
2024-06-17 09:19:56,824 [INFO] IntegrityCheckThread:103 - End integrity checks thread
2024-06-17 09:19:57,041 [INFO] BoardInfo:880 - No configuration file found for board NUCLEO-H533RE
2024-06-17 09:19:57,041 [INFO] DbBoards:157 - Board is not supported: NUCLEO-H533RE
2024-06-17 09:19:57,051 [INFO] BoardInfo:880 - No configuration file found for board NUCLEO-H7S3L8
2024-06-17 09:19:57,051 [INFO] DbBoards:157 - Board is not supported: NUCLEO-H7S3L8
2024-06-17 09:19:57,068 [INFO] BoardInfo:880 - No configuration file found for board NUCLEO-U031R8
2024-06-17 09:19:57,068 [INFO] DbBoards:157 - Board is not supported: NUCLEO-U031R8
2024-06-17 09:19:57,069 [INFO] BoardInfo:880 - No configuration file found for board NUCLEO-U083RC
2024-06-17 09:19:57,069 [INFO] DbBoards:157 - Board is not supported: NUCLEO-U083RC
2024-06-17 09:19:57,074 [INFO] BoardInfo:880 - No configuration file found for board NUCLEO-WBA55CG
2024-06-17 09:19:57,074 [INFO] DbBoards:157 - Board is not supported: NUCLEO-WBA55CG
2024-06-17 09:19:57,078 [INFO] BoardInfo:880 - No configuration file found for board P-NUCLEO-WB55
2024-06-17 09:19:57,078 [INFO] DbBoards:157 - Kit is not supported: P-NUCLEO-WB55
2024-06-17 09:19:57,081 [INFO] BoardInfo:880 - No configuration file found for board STEVAL-BFA001V1B
2024-06-17 09:19:57,081 [INFO] DbBoards:157 - Kit is not supported: STEVAL-BFA001V1B
2024-06-17 09:19:57,081 [INFO] BoardInfo:880 - No configuration file found for board STEVAL-BFA001V2B
2024-06-17 09:19:57,081 [INFO] DbBoards:157 - Kit is not supported: STEVAL-BFA001V2B
2024-06-17 09:19:57,084 [INFO] BoardInfo:880 - No configuration file found for board STEVAL-MKBOXPRO
2024-06-17 09:19:57,084 [INFO] DbBoards:157 - Board is not supported: STEVAL-MKBOXPRO
2024-06-17 09:19:57,086 [INFO] BoardInfo:880 - No configuration file found for board STEVAL-SMARTAG2
2024-06-17 09:19:57,086 [INFO] DbBoards:157 - Board is not supported: STEVAL-SMARTAG2
2024-06-17 09:19:57,135 [INFO] BoardInfo:880 - No configuration file found for board STM32H7S78-DK
2024-06-17 09:19:57,135 [INFO] DbBoards:157 - Board is not supported: STM32H7S78-DK
2024-06-17 09:19:57,153 [INFO] BoardInfo:880 - No configuration file found for board STM32U083C-DK
2024-06-17 09:19:57,153 [INFO] DbBoards:157 - Board is not supported: STM32U083C-DK
2024-06-17 09:19:57,156 [INFO] BoardInfo:880 - No configuration file found for board STM32U5G9J-DK1
2024-06-17 09:19:57,156 [INFO] DbBoards:157 - Board is not supported: STM32U5G9J-DK1
2024-06-17 09:19:57,157 [INFO] BoardInfo:880 - No configuration file found for board STM32U5G9J-DK2
2024-06-17 09:19:57,157 [INFO] DbBoards:157 - Board is not supported: STM32U5G9J-DK2
2024-06-17 09:19:57,159 [INFO] BoardInfo:880 - No configuration file found for board STM32WBA55G-DK1
2024-06-17 09:19:57,159 [INFO] DbBoards:157 - Board is not supported: STM32WBA55G-DK1
2024-06-17 09:19:57,159 [INFO] DbBoards:161 - Found 195 boards, 180 are supported
2024-06-17 09:19:57,161 [INFO] ApiDb:423 - Load user favorites file C:\Users\draut/.stm32cubeide/favorites.boards.txt: 0 item(s)
2024-06-17 09:19:57,161 [INFO] ApiDb:427 - User favorites Boards=[]
2024-06-17 09:19:57,162 [INFO] DbBoards:190 - Set 0 / 0 favorites Boards
2024-06-17 09:19:57,162 [INFO] McuFinderGlobals:66 - Set McuFinderConnectedMode to true
2024-06-17 09:19:57,168 [INFO] MultiScanPanel:200 - Auto-refresh data requested => check proxy status ongoing
2024-06-17 09:19:57,170 [INFO] FinderPluginLoader:95 - Searching for filters in installed packs
2024-06-17 09:19:58,204 [INFO] LoadUrlFilesThread:185 - End of LoadServerUrlFiles without Thread
2024-06-17 09:19:58,214 [INFO] DetailPanel:341 - Set advertising image to C:/Users/draut/STM32Cube/Repository/\en.prom-stm32h7rs-mcu-finder.jpg
2024-06-17 09:20:07,224 [ERROR] LogOutputStream:75 - [STDERR_REDIRECT] SLF4J: Failed to load class "org.slf4j.impl.StaticLoggerBinder".
2024-06-17 09:20:07,224 [ERROR] LogOutputStream:75 - [STDERR_REDIRECT] SLF4J: Defaulting to no-operation (NOP) logger implementation
2024-06-17 09:20:07,225 [ERROR] LogOutputStream:75 - [STDERR_REDIRECT] SLF4J: See http://www.slf4j.org/codes.html#StaticLoggerBinder for further details.
2024-06-17 09:20:07,628 [INFO] MultiScanPanel:200 - Auto-refresh data requested => check proxy status ongoing
2024-06-17 09:20:07,715 [INFO] LoadUrlFilesThread:185 - End of LoadServerUrlFiles without Thread
2024-06-17 09:20:07,715 [INFO] DetailPanel:341 - Set advertising image to C:/Users/draut/STM32Cube/Repository/\en.prom-stm32h7rs-mcu-finder.jpg
2024-06-17 09:20:53,078 [INFO] McuFinderGlobals:66 - Set McuFinderConnectedMode to true
2024-06-17 09:20:53,080 [INFO] ApiDb:448 - Save user favorites file C:\Users\draut/.stm32cubeide/favorites.mcus.txt: 0 item(s)
2024-06-17 09:20:53,081 [INFO] ApiDb:452 - User favorites MCUs=[]
2024-06-17 09:20:53,082 [INFO] ApiDb:448 - Save user favorites file C:\Users\draut/.stm32cubeide/favorites.boards.txt: 0 item(s)
2024-06-17 09:20:53,083 [INFO] ApiDb:452 - User favorites Boards=[]
2024-06-17 09:38:55,653 [INFO] Activator:176 - 


2024-06-17 09:38:55,654 [INFO] Activator:177 - !SESSION log4j initialized
2024-06-17 09:38:59,389 [INFO] LogOutputStream:77 - [STDOUT_REDIRECT] 
2024-06-17 09:39:03,911 [INFO] ApplicationProperties:184 - Using Application install path: C:\ST\STM32CubeIDE_1.12.1\STM32CubeIDE\plugins\com.st.stm32cube.common.mx_6.8.1.202304191431
2024-06-17 09:39:03,924 [INFO] DbMcusXml:78 - Set database path to: C:\ST\STM32CubeIDE_1.12.1\STM32CubeIDE\plugins\com.st.stm32cube.common.mx_6.8.1.202304191431\\db\/mcu/
2024-06-17 09:39:03,924 [INFO] ApiDb:274 - Set plugin database path to: C:\ST\STM32CubeIDE_1.12.1\STM32CubeIDE\plugins\com.st.stm32cube.common.mx_6.8.1.202304191431\\db\/plugins/boardmanager/
2024-06-17 09:39:03,925 [WARN] ApiDb:259 - Overriding images path with different value:  => C:\ST\STM32CubeIDE_1.12.1\STM32CubeIDE\plugins\com.st.stm32cube.common.mx_6.8.1.202304191431\\db\/plugins/mcufinder/images/
2024-06-17 09:39:03,933 [INFO] ApiDb:250 - Set database path to: C:\Users\draut\.stmcufinder\plugins\mcufinder//mcu/
2024-06-17 09:39:03,934 [INFO] DbMcusAds:125 - Set database path to: C:\Users\draut\.stmcufinder\plugins\mcufinder//mcu/
2024-06-17 09:39:03,936 [INFO] CrossReferenceDbSqlite:203 - Set database path to: C:\Users\draut\.stmcufinder\plugins\mcufinder//mcu/cs/
2024-06-17 09:39:04,008 [INFO] RulesReader:64 - Compatibility file has been processed (293 Rules)
2024-06-17 09:39:04,075 [INFO] DbMcusXml:78 - Set database path to: C:\ST\STM32CubeIDE_1.12.1\STM32CubeIDE\plugins\com.st.stm32cube.common.mx_6.8.1.202304191431\\db\/mcu/
2024-06-17 09:39:04,076 [INFO] ApiDb:274 - Set plugin database path to: C:\ST\STM32CubeIDE_1.12.1\STM32CubeIDE\plugins\com.st.stm32cube.common.mx_6.8.1.202304191431\\db\/plugins/boardmanager/
2024-06-17 09:39:04,076 [INFO] ApiDb:261 - Set plugin images path to: C:\ST\STM32CubeIDE_1.12.1\STM32CubeIDE\plugins\com.st.stm32cube.common.mx_6.8.1.202304191431\\db\/plugins/mcufinder/images/
2024-06-17 09:39:04,076 [WARN] DbFile:41 - Overriding database path with different value: C:\Users\draut\.stmcufinder\plugins\mcufinder/ => C:\Users\draut\.stmcufinder\plugins\mcufinder
2024-06-17 09:39:04,076 [INFO] ApiDb:250 - Set database path to: C:\Users\draut\.stmcufinder\plugins\mcufinder//mcu/
2024-06-17 09:39:04,076 [WARN] DbFile:41 - Overriding database path with different value: C:\Users\draut\.stmcufinder\plugins\mcufinder/ => C:\Users\draut\.stmcufinder\plugins\mcufinder
2024-06-17 09:39:04,076 [INFO] DbMcusAds:125 - Set database path to: C:\Users\draut\.stmcufinder\plugins\mcufinder//mcu/
2024-06-17 09:39:04,076 [WARN] DbFile:41 - Overriding database path with different value: C:\Users\draut\.stmcufinder\plugins\mcufinder/ => C:\Users\draut\.stmcufinder\plugins\mcufinder
2024-06-17 09:39:04,076 [WARN] DbFile:41 - Overriding database path with different value: C:\Users\draut\.stmcufinder\plugins\mcufinder/ => C:\Users\draut\.stmcufinder\plugins\mcufinder
2024-06-17 09:39:04,077 [INFO] CrossReferenceDbSqlite:203 - Set database path to: C:\Users\draut\.stmcufinder\plugins\mcufinder//mcu/cs/
2024-06-17 09:39:04,134 [INFO] MainPanel:253 - HeapMemory: 268435456
2024-06-17 09:39:04,194 [INFO] DbMcusXml:78 - Set database path to: C:\ST\STM32CubeIDE_1.12.1\STM32CubeIDE\plugins\com.st.stm32cube.common.mx_6.8.1.202304191431\\db\/mcu/
2024-06-17 09:39:04,194 [INFO] ApiDb:274 - Set plugin database path to: C:\ST\STM32CubeIDE_1.12.1\STM32CubeIDE\plugins\com.st.stm32cube.common.mx_6.8.1.202304191431\\db\/plugins/boardmanager/
2024-06-17 09:39:04,194 [INFO] ApiDb:261 - Set plugin images path to: C:\ST\STM32CubeIDE_1.12.1\STM32CubeIDE\plugins\com.st.stm32cube.common.mx_6.8.1.202304191431\\db\/plugins/mcufinder/images/
2024-06-17 09:39:04,195 [WARN] DbFile:41 - Overriding database path with different value: C:\Users\draut\.stmcufinder\plugins\mcufinder/ => C:\Users\draut\.stmcufinder\plugins\mcufinder
2024-06-17 09:39:04,195 [INFO] ApiDb:250 - Set database path to: C:\Users\draut\.stmcufinder\plugins\mcufinder//mcu/
2024-06-17 09:39:04,195 [WARN] DbFile:41 - Overriding database path with different value: C:\Users\draut\.stmcufinder\plugins\mcufinder/ => C:\Users\draut\.stmcufinder\plugins\mcufinder
2024-06-17 09:39:04,195 [INFO] DbMcusAds:125 - Set database path to: C:\Users\draut\.stmcufinder\plugins\mcufinder//mcu/
2024-06-17 09:39:04,195 [WARN] DbFile:41 - Overriding database path with different value: C:\Users\draut\.stmcufinder\plugins\mcufinder/ => C:\Users\draut\.stmcufinder\plugins\mcufinder
2024-06-17 09:39:04,195 [WARN] DbFile:41 - Overriding database path with different value: C:\Users\draut\.stmcufinder\plugins\mcufinder/ => C:\Users\draut\.stmcufinder\plugins\mcufinder
2024-06-17 09:39:04,195 [INFO] CrossReferenceDbSqlite:203 - Set database path to: C:\Users\draut\.stmcufinder\plugins\mcufinder//mcu/cs/
2024-06-17 09:39:04,210 [INFO] ApplicationProperties:184 - Using Application install path: C:\ST\STM32CubeIDE_1.12.1\STM32CubeIDE\plugins\com.st.stm32cube.common.mx_6.8.1.202304191431
2024-06-17 09:39:04,211 [INFO] PluginManage:196 - Search for loadable plugins [exclusion list=, ]
2024-06-17 09:39:04,212 [INFO] PluginManage:310 - Check plugin analytics
2024-06-17 09:39:04,321 [INFO] AnalyticsPlugin:253 - Accepted Software Licenses: STM32CubeMX.6.9.1
2024-06-17 09:39:04,322 [INFO] AnalyticsPlugin:255 - Accepted CMSIS Pack Licenses: 
2024-06-17 09:39:04,322 [INFO] AnalyticsPlugin:257 - Accepted Firmware Licenses: FW.F4.1.27.0,FW.WB.1.16.0
2024-06-17 09:39:04,328 [INFO] PluginManage:359 - Loaded plugin analytics (category:tool,tabindex:-1)
2024-06-17 09:39:04,329 [INFO] PluginManage:310 - Check plugin cadmodel
2024-06-17 09:39:04,332 [INFO] CADModel:105 - Init CAD model plugin
2024-06-17 09:39:04,332 [INFO] PluginManage:359 - Loaded plugin cadmodel (category:power,tabindex:5)
2024-06-17 09:39:04,332 [INFO] PluginManage:310 - Check plugin clock
2024-06-17 09:39:04,342 [INFO] PluginManage:359 - Loaded plugin clock (category:base,tabindex:2)
2024-06-17 09:39:04,342 [INFO] PluginManage:310 - Check plugin ddr
2024-06-17 09:39:04,343 [INFO] PluginManage:359 - Loaded plugin ddr (category:tool,tabindex:6)
2024-06-17 09:39:04,343 [INFO] PluginManage:310 - Check plugin filemanager
2024-06-17 09:39:04,443 [INFO] PluginManage:359 - Loaded plugin filemanager (category:base,tabindex:10)
2024-06-17 09:39:04,443 [INFO] PluginManage:310 - Check plugin ipmanager
2024-06-17 09:39:04,448 [INFO] PluginManage:359 - Loaded plugin ipmanager (category:base,tabindex:5)
2024-06-17 09:39:04,449 [INFO] PluginManage:310 - Check plugin lpbam
2024-06-17 09:39:04,459 [INFO] PluginManage:359 - Loaded plugin lpbam (category:base,tabindex:0)
2024-06-17 09:39:04,459 [INFO] PluginManage:310 - Check plugin pinoutandconfiguration
2024-06-17 09:39:04,464 [INFO] PluginManage:359 - Loaded plugin pinoutandconfiguration (category:base,tabindex:1)
2024-06-17 09:39:04,464 [INFO] PluginManage:310 - Check plugin pinoutconfig
2024-06-17 09:39:04,505 [WARN] SupportedApi:132 - Cannot load RTOS API schema: s4s-elt-must-match.1: The content of 'definitions' must match (annotation?, (simpleType | complexType)?, (unique | key | keyref)*)). A problem was found starting at: attribute.
2024-06-17 09:39:04,591 [INFO] PluginManage:359 - Loaded plugin pinoutconfig (category:base,tabindex:0)
2024-06-17 09:39:04,592 [INFO] PluginManage:310 - Check plugin power
2024-06-17 09:39:04,599 [INFO] PluginManage:359 - Loaded plugin power (category:power,tabindex:4)
2024-06-17 09:39:04,600 [INFO] PluginManage:310 - Check plugin projectmanager
2024-06-17 09:39:04,611 [INFO] PluginManage:359 - Loaded plugin projectmanager (category:projectmanager,tabindex:3)
2024-06-17 09:39:04,611 [INFO] PluginManage:310 - Check plugin thirdparty
2024-06-17 09:39:04,692 [INFO] PluginManage:359 - Loaded plugin thirdparty (category:base,tabindex:-1)
2024-06-17 09:39:04,692 [WARN] IntegrityCheckThread:84 - waiting for thirdparty lock release [integrity check]
2024-06-17 09:39:04,693 [INFO] PluginManage:310 - Check plugin tools
2024-06-17 09:39:04,693 [INFO] IntegrityCheckThread:86 - entering critical section [integrity check]
2024-06-17 09:39:04,694 [INFO] ThirdPartyUpdaterWithRetryManager:70 - Updater plugin not ready yet. [1/15]
2024-06-17 09:39:04,695 [INFO] PluginManage:359 - Loaded plugin tools (category:base,tabindex:7)
2024-06-17 09:39:04,695 [INFO] PluginManage:310 - Check plugin tutovideos
2024-06-17 09:39:04,836 [INFO] PluginManage:359 - Loaded plugin tutovideos (category:base,tabindex:-1)
2024-06-17 09:39:04,836 [INFO] PluginManage:310 - Check plugin updater
2024-06-17 09:39:04,846 [INFO] PluginManage:359 - Loaded plugin updater (category:base,tabindex:12)
2024-06-17 09:39:04,846 [INFO] PluginManage:283 - PluginManage : Loaded plugins [15]
2024-06-17 09:39:05,024 [INFO] PinOutPanel:1499 - setPackage(No Configuration,No Configuration)
2024-06-17 09:39:05,068 [INFO] CADModel:165 - CPN selected for project level
2024-06-17 09:39:05,069 [INFO] CADModel:114 - Register for checkConnection events
2024-06-17 09:39:05,080 [INFO] IPUIPlugin:80 - create IPUIPlugin
2024-06-17 09:39:05,080 [INFO] PluginManager:220 - loadIPPluginJar : add adc
2024-06-17 09:39:05,081 [INFO] IPUIPlugin:80 - create IPUIPlugin
2024-06-17 09:39:05,081 [INFO] PluginManager:220 - loadIPPluginJar : add aes
2024-06-17 09:39:05,083 [INFO] IPUIPlugin:80 - create IPUIPlugin
2024-06-17 09:39:05,083 [INFO] PluginManager:220 - loadIPPluginJar : add can
2024-06-17 09:39:05,084 [INFO] IPUIPlugin:80 - create IPUIPlugin
2024-06-17 09:39:05,084 [INFO] PluginManager:220 - loadIPPluginJar : add comp
2024-06-17 09:39:05,085 [INFO] IPUIPlugin:80 - create IPUIPlugin
2024-06-17 09:39:05,085 [INFO] PluginManager:220 - loadIPPluginJar : add cryp
2024-06-17 09:39:05,087 [INFO] IPUIPlugin:80 - create IPUIPlugin
2024-06-17 09:39:05,087 [INFO] PluginManager:220 - loadIPPluginJar : add dfsdm
2024-06-17 09:39:05,091 [INFO] IPUIPlugin:80 - create IPUIPlugin
2024-06-17 09:39:05,092 [INFO] PluginManager:220 - loadIPPluginJar : add dma
2024-06-17 09:39:05,093 [INFO] IPUIPlugin:80 - create IPUIPlugin
2024-06-17 09:39:05,093 [INFO] PluginManager:220 - loadIPPluginJar : add dma3
2024-06-17 09:39:05,094 [INFO] IPUIPlugin:80 - create IPUIPlugin
2024-06-17 09:39:05,094 [INFO] PluginManager:220 - loadIPPluginJar : add fatfs
2024-06-17 09:39:05,106 [INFO] IPUIPlugin:80 - create IPUIPlugin
2024-06-17 09:39:05,107 [INFO] PluginManager:220 - loadIPPluginJar : add fmc
2024-06-17 09:39:05,111 [INFO] IPUIPlugin:80 - create IPUIPlugin
2024-06-17 09:39:05,111 [INFO] PluginManager:220 - loadIPPluginJar : add freertos
2024-06-17 09:39:05,112 [INFO] IPUIPlugin:80 - create IPUIPlugin
2024-06-17 09:39:05,112 [INFO] PluginManager:220 - loadIPPluginJar : add genericplugin
2024-06-17 09:39:05,114 [INFO] IPUIPlugin:80 - create IPUIPlugin
2024-06-17 09:39:05,114 [INFO] PluginManager:220 - loadIPPluginJar : add gfxmmu
2024-06-17 09:39:05,117 [INFO] IPUIPlugin:80 - create IPUIPlugin
2024-06-17 09:39:05,117 [INFO] PluginManager:220 - loadIPPluginJar : add gic
2024-06-17 09:39:05,120 [INFO] IPUIPlugin:80 - create IPUIPlugin
2024-06-17 09:39:05,120 [INFO] PluginManager:220 - loadIPPluginJar : add gpio
2024-06-17 09:39:05,122 [INFO] IPUIPlugin:80 - create IPUIPlugin
2024-06-17 09:39:05,122 [INFO] PluginManager:220 - loadIPPluginJar : add gtzc
2024-06-17 09:39:05,125 [INFO] IPUIPlugin:80 - create IPUIPlugin
2024-06-17 09:39:05,125 [INFO] PluginManager:220 - loadIPPluginJar : add hash
2024-06-17 09:39:05,127 [INFO] IPUIPlugin:80 - create IPUIPlugin
2024-06-17 09:39:05,127 [INFO] PluginManager:220 - loadIPPluginJar : add i2c
2024-06-17 09:39:05,128 [INFO] IPUIPlugin:80 - create IPUIPlugin
2024-06-17 09:39:05,128 [INFO] PluginManager:220 - loadIPPluginJar : add i2s
2024-06-17 09:39:05,130 [INFO] IPUIPlugin:80 - create IPUIPlugin
2024-06-17 09:39:05,130 [INFO] PluginManager:220 - loadIPPluginJar : add i3c
2024-06-17 09:39:05,132 [INFO] IPUIPlugin:80 - create IPUIPlugin
2024-06-17 09:39:05,132 [INFO] PluginManager:220 - loadIPPluginJar : add ipddr
2024-06-17 09:39:05,154 [INFO] IPUIPlugin:80 - create IPUIPlugin
2024-06-17 09:39:05,154 [INFO] PluginManager:220 - loadIPPluginJar : add linkedlist
2024-06-17 09:39:05,156 [INFO] IPUIPlugin:80 - create IPUIPlugin
2024-06-17 09:39:05,156 [INFO] PluginManager:220 - loadIPPluginJar : add lorawan
2024-06-17 09:39:05,157 [INFO] IPUIPlugin:80 - create IPUIPlugin
2024-06-17 09:39:05,157 [INFO] PluginManager:220 - loadIPPluginJar : add ltdc
2024-06-17 09:39:05,161 [INFO] IPUIPlugin:80 - create IPUIPlugin
2024-06-17 09:39:05,161 [INFO] PluginManager:220 - loadIPPluginJar : add mdma
2024-06-17 09:39:05,164 [INFO] IPUIPlugin:80 - create IPUIPlugin
2024-06-17 09:39:05,164 [INFO] PluginManager:220 - loadIPPluginJar : add nvic
2024-06-17 09:39:05,165 [INFO] IPUIPlugin:80 - create IPUIPlugin
2024-06-17 09:39:05,165 [INFO] PluginManager:220 - loadIPPluginJar : add opamp
2024-06-17 09:39:05,167 [INFO] IPUIPlugin:80 - create IPUIPlugin
2024-06-17 09:39:05,167 [INFO] PluginManager:220 - loadIPPluginJar : add openamp
2024-06-17 09:39:05,170 [INFO] IPUIPlugin:80 - create IPUIPlugin
2024-06-17 09:39:05,171 [INFO] PluginManager:220 - loadIPPluginJar : add pdm2pcm
2024-06-17 09:39:05,175 [INFO] IPUIPlugin:80 - create IPUIPlugin
2024-06-17 09:39:05,177 [INFO] PluginManager:220 - loadIPPluginJar : add plateformsettings
2024-06-17 09:39:05,178 [INFO] IPUIPlugin:80 - create IPUIPlugin
2024-06-17 09:39:05,178 [INFO] PluginManager:220 - loadIPPluginJar : add quadspi
2024-06-17 09:39:05,180 [INFO] IPUIPlugin:80 - create IPUIPlugin
2024-06-17 09:39:05,180 [INFO] PluginManager:220 - loadIPPluginJar : add resmgrutility
2024-06-17 09:39:05,182 [INFO] IPUIPlugin:80 - create IPUIPlugin
2024-06-17 09:39:05,182 [INFO] PluginManager:220 - loadIPPluginJar : add sai
2024-06-17 09:39:05,184 [INFO] IPUIPlugin:80 - create IPUIPlugin
2024-06-17 09:39:05,184 [INFO] PluginManager:220 - loadIPPluginJar : add spi
2024-06-17 09:39:05,186 [INFO] IPUIPlugin:80 - create IPUIPlugin
2024-06-17 09:39:05,186 [INFO] PluginManager:220 - loadIPPluginJar : add stm32_wpan
2024-06-17 09:39:05,187 [INFO] IPUIPlugin:80 - create IPUIPlugin
2024-06-17 09:39:05,187 [INFO] PluginManager:220 - loadIPPluginJar : add tim
2024-06-17 09:39:05,189 [INFO] IPUIPlugin:80 - create IPUIPlugin
2024-06-17 09:39:05,189 [INFO] PluginManager:220 - loadIPPluginJar : add touchsensing
2024-06-17 09:39:05,190 [INFO] IPUIPlugin:80 - create IPUIPlugin
2024-06-17 09:39:05,190 [INFO] PluginManager:220 - loadIPPluginJar : add tracer_emb
2024-06-17 09:39:05,191 [INFO] IPUIPlugin:80 - create IPUIPlugin
2024-06-17 09:39:05,191 [INFO] PluginManager:220 - loadIPPluginJar : add ts
2024-06-17 09:39:05,192 [INFO] IPUIPlugin:80 - create IPUIPlugin
2024-06-17 09:39:05,192 [INFO] PluginManager:220 - loadIPPluginJar : add tsc
2024-06-17 09:39:05,193 [INFO] IPUIPlugin:80 - create IPUIPlugin
2024-06-17 09:39:05,193 [INFO] PluginManager:220 - loadIPPluginJar : add ucpd
2024-06-17 09:39:05,195 [INFO] IPUIPlugin:80 - create IPUIPlugin
2024-06-17 09:39:05,195 [INFO] PluginManager:220 - loadIPPluginJar : add usart
2024-06-17 09:39:05,197 [INFO] IPUIPlugin:80 - create IPUIPlugin
2024-06-17 09:39:05,197 [INFO] PluginManager:220 - loadIPPluginJar : add usbx
2024-06-17 09:39:05,311 [INFO] CADModel:165 - CPN selected for project level
2024-06-17 09:39:05,311 [INFO] CADModel:114 - Register for checkConnection events
2024-06-17 09:39:05,311 [FATAL] Updater:308 - Updater called before beeing initialized
2024-06-17 09:39:05,311 [ERROR] CADModel:125 - Updater not yet initialized, retry later 
2024-06-17 09:39:05,406 [INFO] CADModel:165 - CPN selected for project level
2024-06-17 09:39:05,406 [INFO] CADModel:114 - Register for checkConnection events
2024-06-17 09:39:05,406 [FATAL] Updater:308 - Updater called before beeing initialized
2024-06-17 09:39:05,406 [ERROR] CADModel:125 - Updater not yet initialized, retry later 
2024-06-17 09:39:05,409 [FATAL] Updater:308 - Updater called before beeing initialized
2024-06-17 09:39:05,478 [FATAL] Updater:308 - Updater called before beeing initialized
2024-06-17 09:39:05,485 [INFO] DbMcusAds:53 - JSON generation date=Thu May 16 17:22:00 SGT 2024 (1715851320852)
2024-06-17 09:39:05,485 [FATAL] Updater:308 - Updater called before beeing initialized
2024-06-17 09:39:05,509 [WARN] DetailPanel:346 - Failed to get advertising image, set to default
2024-06-17 09:39:05,598 [FATAL] Updater:308 - Updater called before beeing initialized
2024-06-17 09:39:05,600 [FATAL] Updater:308 - Updater called before beeing initialized
2024-06-17 09:39:05,600 [FATAL] Updater:308 - Updater called before beeing initialized
2024-06-17 09:39:05,600 [WARN] DetailPanel:346 - Failed to get advertising image, set to default
2024-06-17 09:39:05,601 [FATAL] Updater:308 - Updater called before beeing initialized
2024-06-17 09:39:05,635 [ERROR] Updater:1120 - MainUpdater not yet initialized. External WinMGr cannot be set.
2024-06-17 09:39:05,637 [INFO] Updater:1056 - Updater Version found : 6.8.1
2024-06-17 09:39:05,651 [INFO] ApplicationProperties:184 - Using Application install path: C:\ST\STM32CubeIDE_1.12.1\STM32CubeIDE\plugins\com.st.stm32cube.common.mx_6.8.1.202304191431
2024-06-17 09:39:05,713 [INFO] MainUpdater:2854 - connection check result : 10
2024-06-17 09:39:05,714 [INFO] MainUpdater:283 - Updater Check For Update Now.
2024-06-17 09:39:05,714 [INFO] MicroXplorer:498 - Change Database Version : DB.6.0.81
2024-06-17 09:39:05,868 [INFO] CheckServerUpdateThread:120 - End of CheckServer Thread
2024-06-17 09:39:05,929 [INFO] MainUpdater:2854 - connection check result : 10
2024-06-17 09:39:06,140 [INFO] ApiDb:581 - Connected to CubeFinder SQLite database (C:\Users\draut\.stmcufinder\plugins\mcufinder\mcu\cube-finder-db.db)
2024-06-17 09:39:06,185 [INFO] ApiDb:668 - CubeFinder database Data Model version=2.1
2024-06-17 09:39:06,185 [INFO] ApiDb:669 - CubeFinder database Configuration version=3.0.39
2024-06-17 09:39:06,185 [INFO] ApiDb:670 - CubeFinder database generation date=2024-06-07 (1717689626)
2024-06-17 09:39:06,185 [INFO] ApiDb:671 - CubeFinder database FW Pack versions=[FP-ATR-ASTRA1_V2.0.0, FP-SNS-FLIGHT1_V5.0.2, FP-SNS-MOTENV1_V5.0.0, FP-SNS-MOTENVWB1_V1.4.0, FP-SNS-SMARTAG2_V1.2.0, STM32Cube_FW_C0_V1.2.0, STM32Cube_FW_F4_V1.28.0, STM32Cube_FW_F7_V1.17.2, STM32Cube_FW_G0_V1.6.2, STM32Cube_FW_G4_V1.6.0, STM32Cube_FW_H5_V1.3.0, STM32Cube_FW_H7RS_V1.1.0, STM32Cube_FW_H7_V1.11.2, STM32Cube_FW_L0_V1.12.2, STM32Cube_FW_L5_V1.5.1, STM32Cube_FW_U0_V1.1.0, STM32Cube_FW_U5_V1.6.0, STM32Cube_FW_WB0_V1.0.0, STM32Cube_FW_WBA_V1.4.0, STM32Cube_FW_WB_V1.20.0, STM32Cube_FW_WL_V1.3.0, X-CUBE-ALGOBUILD_V1.4.0, X-CUBE-ALS_V1.0.2, X-CUBE-AZRTOS-F4_V1.1.0, X-CUBE-AZRTOS-F7_V1.1.0, X-CUBE-AZRTOS-G0_V1.1.0, X-CUBE-AZRTOS-G4_V2.0.0, X-CUBE-AZRTOS-H7RS_V1.0.0, X-CUBE-AZRTOS-H7_V3.2.0, X-CUBE-AZRTOS-L4_V2.0.0, X-CUBE-AZRTOS-L5_V1.1.0, X-CUBE-AZRTOS-WB_V2.0.0, X-CUBE-AZRTOS-WL_V2.0.0, X-CUBE-BLE1_V7.0.0, X-CUBE-BLE2_V3.3.0, X-CUBE-BLEMGR_V3.1.0, X-CUBE-EEPRMA1_V5.1.0, X-CUBE-FREERTOS_V1.2.0, X-CUBE-GNSS1_V6.0.0, X-CUBE-MEMS1_V10.0.0, X-CUBE-NFC4_V3.0.0, X-CUBE-NFC7_V1.0.1, X-CUBE-SFXS2LP1_V4.0.0, X-CUBE-SUBG2_V5.0.0, X-CUBE-TOF1_V3.4.1]
2024-06-17 09:39:06,232 [INFO] DbBoardsSqlite:226 - include board P-NUCLEO-WB55-NUCLEO as a kit item of type 'Nucleo-64'
2024-06-17 09:39:06,232 [INFO] DbBoardsSqlite:226 - include board P-NUCLEO-WB55-USBDONGLE as a kit item of type 'Nucleo USB Dongle'
2024-06-17 09:39:06,233 [INFO] DbBoardsSqlite:226 - include board STEVAL-IDP005V1 as a kit item of type 'Evaluation Board'
2024-06-17 09:39:06,233 [INFO] DbBoardsSqlite:226 - include board STEVAL-IDP005V2 as a kit item of type 'Evaluation Board'
2024-06-17 09:39:06,271 [INFO] ApiDb:240 - Found 297 in-development CPN: [B-G473E-ZEST1S, B-WB1M-WPAN1, B-WL5M-SUBG1, NUCLEO-C031C6, NUCLEO-H503RB, NUCLEO-H563ZI, NUCLEO-U545RE-Q, NUCLEO-U5A5ZJ-Q, NUCLEO-WBA52CG, STEVAL-PROTEUS1, STEVAL-STWINBX1, STM320518-EVAL, STM32C0116-DK, STM32C011D6Y3TR, STM32C011D6Y6TR, STM32C011F4P3, STM32C011F4P6, STM32C011F4U3, STM32C011F4U6TR, STM32C011F6P3, STM32C011F6P6, STM32C011F6U3, STM32C011F6U6TR, STM32C011J4M3, STM32C011J4M6, STM32C011J6M3, STM32C011J6M6, STM32C0316-DK, STM32C031C4T3, STM32C031C4T6, STM32C031C4U3, STM32C031C4U6, STM32C031C6T3, STM32C031C6T6, STM32C031C6U3, STM32C031C6U6, STM32C031F4P3, STM32C031F4P6, STM32C031F6P3, STM32C031F6P6, STM32C031G4U3, STM32C031G4U6, STM32C031G6U3, STM32C031G6U6, STM32C031K4T3, STM32C031K4T6, STM32C031K4U3, STM32C031K4U6, STM32C031K6T3, STM32C031K6T6, STM32C031K6U3, STM32C031K6U6, STM32G071K8TXN, STM32G071K8UXN, STM32G081GBU6N, STM32G081KBT6N, STM32G081KBUXN, STM32G0B1CCT6N, STM32G0B1KCT6, STM32G0B1NEY6TR, STM32G0B1RCT6N, STM32G0C1CCT6, STM32G0C1CCT6N, STM32G0C1CCU6N, STM32G0C1CET6N, STM32G0C1CEU6N, STM32G0C1KCT6, STM32G0C1NEY6TR, STM32G0C1RCI6N, STM32G0C1RCT6N, STM32G0C1REI6N, STM32G0C1RET6N, STM32G0C1VCI6, STM32G0C1VEI6, STM32G471CCT6, STM32G471CCU6, STM32G471CET3, STM32G471CET6, STM32G471CEU3, STM32G471CEU6, STM32G471MCT6, STM32G471MET3, STM32G471MET6, STM32G471MEY6TR, STM32G471QCT6, STM32G471QET3, STM32G471RCT6, STM32G471RET3, STM32G471RET6, STM32G471VCH6, STM32G471VCI6, STM32G471VCT6, STM32G471VEH3, STM32G471VEH6, STM32G471VEI3, STM32G471VEI6, STM32G471VET3, STM32G471VET6, STM32G474CCT6, STM32H503CBT6, STM32H503CBU6, STM32H503EBY6TR, STM32H503KBU6, STM32H503RBT6, STM32H562AGI6, STM32H562AII6, STM32H562IGK6, STM32H562IGT6, STM32H562IIK6, STM32H562IIT6, STM32H562RGT6, STM32H562RGV6, STM32H562RIT6, STM32H562RIV6, STM32H562VGT6, STM32H562VIT6, STM32H562ZGT6, STM32H562ZIT6, STM32H563AGI6, STM32H563AII3Q, STM32H563AII6, STM32H563IGK6, STM32H563IGT6, STM32H563IIK3Q, STM32H563IIK6, STM32H563IIT3Q, STM32H563IIT6, STM32H563MIY3QTR, STM32H563RGT6, STM32H563RGV6, STM32H563RIT6, STM32H563RIV6, STM32H563VGT6, STM32H563VIT3Q, STM32H563VIT6, STM32H563ZGT6, STM32H563ZIT3Q, STM32H563ZIT6, STM32H573AII3Q, STM32H573AII6, STM32H573I-DK, STM32H573IIK3Q, STM32H573IIK6, STM32H573IIT3Q, STM32H573IIT6, STM32H573MIY3QTR, STM32H573RIT6, STM32H573RIV6, STM32H573VIT3Q, STM32H573VIT6, STM32H573ZIT3Q, STM32H573ZIT6, STM32L4R5QGI6STR, STM32MP131AAE3, STM32MP131AAF3, STM32MP131AAG3, STM32MP131CAE3, STM32MP131CAF3, STM32MP131CAG3, STM32MP131DAE7, STM32MP131DAF7, STM32MP131DAG7, STM32MP131FAE7, STM32MP131FAF7, STM32MP131FAG7, STM32MP133AAE3, STM32MP133AAF3, STM32MP133AAG3, STM32MP133CAE3, STM32MP133CAF3, STM32MP133CAG3, STM32MP133DAE7, STM32MP133DAF7, STM32MP133DAG7, STM32MP133FAE7, STM32MP133FAF7, STM32MP133FAG7, STM32MP135AAE3, STM32MP135AAF3, STM32MP135AAG3, STM32MP135CAE3, STM32MP135CAF3, STM32MP135CAG3, STM32MP135DAE7, STM32MP135DAF7, STM32MP135DAG7, STM32MP135F-DK, STM32MP135FAE7, STM32MP135FAF7, STM32MP135FAF7T, STM32MP135FAF7U, STM32MP135FAG7, STM32U535CBT6, STM32U535CBT6Q, STM32U535CBU6, STM32U535CBU6Q, STM32U535CCT6, STM32U535CCT6Q, STM32U535CCU6, STM32U535CCU6Q, STM32U535CET6, STM32U535CET6Q, STM32U535CEU6, STM32U535CEU6Q, STM32U535JEY6QTR, STM32U535NCY6QTR, STM32U535NEY6QTR, STM32U535RBI6, STM32U535RBI6Q, STM32U535RBT6, STM32U535RBT6Q, STM32U535RCI6, STM32U535RCI6Q, STM32U535RCT6, STM32U535RCT6Q, STM32U535REI6, STM32U535REI6Q, STM32U535RET6, STM32U535RET6Q, STM32U535VCI6, STM32U535VCI6Q, STM32U535VCT6, STM32U535VCT6Q, STM32U535VEI6, STM32U535VEI6Q, STM32U535VET6, STM32U535VET6Q, STM32U545CET6, STM32U545CET6Q, STM32U545CEU6, STM32U545CEU6Q, STM32U545JEY6QTR, STM32U545NEY6QTR, STM32U545REI6, STM32U545REI6Q, STM32U545RET6, STM32U545RET6Q, STM32U545VEI6, STM32U545VEI6Q, STM32U545VET6, STM32U545VET6Q, STM32U595AIH6, STM32U595AIH6Q, STM32U595AJH6, STM32U595AJH6Q, STM32U595QII6, STM32U595QII6Q, STM32U595QJI6, STM32U595QJI6Q, STM32U595RIT6, STM32U595RIT6Q, STM32U595RJT6, STM32U595RJT6Q, STM32U595VIT6, STM32U595VIT6Q, STM32U595VJT6, STM32U595VJT6Q, STM32U595ZIT6, STM32U595ZIT6Q, STM32U595ZIY6QTR, STM32U595ZJT6, STM32U595ZJT6Q, STM32U595ZJY6QTR, STM32U599BJY6QTR, STM32U599NIH6Q, STM32U599NJH6Q, STM32U599VIT6Q, STM32U599VJT6, STM32U599VJT6Q, STM32U599ZIT6Q, STM32U599ZIY6QTR, STM32U599ZJT6Q, STM32U599ZJY6QTR, STM32U5A5AJH6, STM32U5A5AJH6Q, STM32U5A5QJI6, STM32U5A5QJI6Q, STM32U5A5RJT6, STM32U5A5RJT6Q, STM32U5A5VJT6, STM32U5A5VJT6Q, STM32U5A5ZJT6, STM32U5A5ZJT6Q, STM32U5A5ZJY6QTR, STM32U5A9BJY6QTR, STM32U5A9J-DK, STM32U5A9NJH6Q, STM32U5A9VJT6Q, STM32U5A9ZJT6Q, STM32U5A9ZJY6QTR, STM32WB1MMCH6, STM32WBA52CEU6, STM32WBA52CEU6T, STM32WBA52CGU6, STM32WBA52CGU6T, STM32WL5MOCH6, STM32WL5MOCH6TR]
2024-06-17 09:39:06,275 [INFO] ApiDb:668 - CubeFinder database Data Model version=2.1
2024-06-17 09:39:06,275 [INFO] ApiDb:669 - CubeFinder database Configuration version=3.0.39
2024-06-17 09:39:06,275 [INFO] ApiDb:670 - CubeFinder database generation date=2024-06-07 (1717689626)
2024-06-17 09:39:06,275 [INFO] ApiDb:671 - CubeFinder database FW Pack versions=[FP-ATR-ASTRA1_V2.0.0, FP-SNS-FLIGHT1_V5.0.2, FP-SNS-MOTENV1_V5.0.0, FP-SNS-MOTENVWB1_V1.4.0, FP-SNS-SMARTAG2_V1.2.0, STM32Cube_FW_C0_V1.2.0, STM32Cube_FW_F4_V1.28.0, STM32Cube_FW_F7_V1.17.2, STM32Cube_FW_G0_V1.6.2, STM32Cube_FW_G4_V1.6.0, STM32Cube_FW_H5_V1.3.0, STM32Cube_FW_H7RS_V1.1.0, STM32Cube_FW_H7_V1.11.2, STM32Cube_FW_L0_V1.12.2, STM32Cube_FW_L5_V1.5.1, STM32Cube_FW_U0_V1.1.0, STM32Cube_FW_U5_V1.6.0, STM32Cube_FW_WB0_V1.0.0, STM32Cube_FW_WBA_V1.4.0, STM32Cube_FW_WB_V1.20.0, STM32Cube_FW_WL_V1.3.0, X-CUBE-ALGOBUILD_V1.4.0, X-CUBE-ALS_V1.0.2, X-CUBE-AZRTOS-F4_V1.1.0, X-CUBE-AZRTOS-F7_V1.1.0, X-CUBE-AZRTOS-G0_V1.1.0, X-CUBE-AZRTOS-G4_V2.0.0, X-CUBE-AZRTOS-H7RS_V1.0.0, X-CUBE-AZRTOS-H7_V3.2.0, X-CUBE-AZRTOS-L4_V2.0.0, X-CUBE-AZRTOS-L5_V1.1.0, X-CUBE-AZRTOS-WB_V2.0.0, X-CUBE-AZRTOS-WL_V2.0.0, X-CUBE-BLE1_V7.0.0, X-CUBE-BLE2_V3.3.0, X-CUBE-BLEMGR_V3.1.0, X-CUBE-EEPRMA1_V5.1.0, X-CUBE-FREERTOS_V1.2.0, X-CUBE-GNSS1_V6.0.0, X-CUBE-MEMS1_V10.0.0, X-CUBE-NFC4_V3.0.0, X-CUBE-NFC7_V1.0.1, X-CUBE-SFXS2LP1_V4.0.0, X-CUBE-SUBG2_V5.0.0, X-CUBE-TOF1_V3.4.1]
2024-06-17 09:39:07,823 [WARN] PackLoader:240 - Cannot read IP mode file for STMicroelectronics.FP-SNS-MOTENVWB1.1.4.0
2024-06-17 09:39:07,829 [WARN] PackLoader:240 - Cannot read IP mode file for STMicroelectronics.X-CUBE-SMBUS.2.1.0
2024-06-17 09:39:07,833 [WARN] PackLoader:240 - Cannot read IP mode file for STMicroelectronics.X-CUBE-TOUCHGFX.4.23.2
2024-06-17 09:39:07,835 [INFO] ApiDb:240 - Found 297 in-development CPN: [B-G473E-ZEST1S, B-WB1M-WPAN1, B-WL5M-SUBG1, NUCLEO-C031C6, NUCLEO-H503RB, NUCLEO-H563ZI, NUCLEO-U545RE-Q, NUCLEO-U5A5ZJ-Q, NUCLEO-WBA52CG, STEVAL-PROTEUS1, STEVAL-STWINBX1, STM320518-EVAL, STM32C0116-DK, STM32C011D6Y3TR, STM32C011D6Y6TR, STM32C011F4P3, STM32C011F4P6, STM32C011F4U3, STM32C011F4U6TR, STM32C011F6P3, STM32C011F6P6, STM32C011F6U3, STM32C011F6U6TR, STM32C011J4M3, STM32C011J4M6, STM32C011J6M3, STM32C011J6M6, STM32C0316-DK, STM32C031C4T3, STM32C031C4T6, STM32C031C4U3, STM32C031C4U6, STM32C031C6T3, STM32C031C6T6, STM32C031C6U3, STM32C031C6U6, STM32C031F4P3, STM32C031F4P6, STM32C031F6P3, STM32C031F6P6, STM32C031G4U3, STM32C031G4U6, STM32C031G6U3, STM32C031G6U6, STM32C031K4T3, STM32C031K4T6, STM32C031K4U3, STM32C031K4U6, STM32C031K6T3, STM32C031K6T6, STM32C031K6U3, STM32C031K6U6, STM32G071K8TXN, STM32G071K8UXN, STM32G081GBU6N, STM32G081KBT6N, STM32G081KBUXN, STM32G0B1CCT6N, STM32G0B1KCT6, STM32G0B1NEY6TR, STM32G0B1RCT6N, STM32G0C1CCT6, STM32G0C1CCT6N, STM32G0C1CCU6N, STM32G0C1CET6N, STM32G0C1CEU6N, STM32G0C1KCT6, STM32G0C1NEY6TR, STM32G0C1RCI6N, STM32G0C1RCT6N, STM32G0C1REI6N, STM32G0C1RET6N, STM32G0C1VCI6, STM32G0C1VEI6, STM32G471CCT6, STM32G471CCU6, STM32G471CET3, STM32G471CET6, STM32G471CEU3, STM32G471CEU6, STM32G471MCT6, STM32G471MET3, STM32G471MET6, STM32G471MEY6TR, STM32G471QCT6, STM32G471QET3, STM32G471RCT6, STM32G471RET3, STM32G471RET6, STM32G471VCH6, STM32G471VCI6, STM32G471VCT6, STM32G471VEH3, STM32G471VEH6, STM32G471VEI3, STM32G471VEI6, STM32G471VET3, STM32G471VET6, STM32G474CCT6, STM32H503CBT6, STM32H503CBU6, STM32H503EBY6TR, STM32H503KBU6, STM32H503RBT6, STM32H562AGI6, STM32H562AII6, STM32H562IGK6, STM32H562IGT6, STM32H562IIK6, STM32H562IIT6, STM32H562RGT6, STM32H562RGV6, STM32H562RIT6, STM32H562RIV6, STM32H562VGT6, STM32H562VIT6, STM32H562ZGT6, STM32H562ZIT6, STM32H563AGI6, STM32H563AII3Q, STM32H563AII6, STM32H563IGK6, STM32H563IGT6, STM32H563IIK3Q, STM32H563IIK6, STM32H563IIT3Q, STM32H563IIT6, STM32H563MIY3QTR, STM32H563RGT6, STM32H563RGV6, STM32H563RIT6, STM32H563RIV6, STM32H563VGT6, STM32H563VIT3Q, STM32H563VIT6, STM32H563ZGT6, STM32H563ZIT3Q, STM32H563ZIT6, STM32H573AII3Q, STM32H573AII6, STM32H573I-DK, STM32H573IIK3Q, STM32H573IIK6, STM32H573IIT3Q, STM32H573IIT6, STM32H573MIY3QTR, STM32H573RIT6, STM32H573RIV6, STM32H573VIT3Q, STM32H573VIT6, STM32H573ZIT3Q, STM32H573ZIT6, STM32L4R5QGI6STR, STM32MP131AAE3, STM32MP131AAF3, STM32MP131AAG3, STM32MP131CAE3, STM32MP131CAF3, STM32MP131CAG3, STM32MP131DAE7, STM32MP131DAF7, STM32MP131DAG7, STM32MP131FAE7, STM32MP131FAF7, STM32MP131FAG7, STM32MP133AAE3, STM32MP133AAF3, STM32MP133AAG3, STM32MP133CAE3, STM32MP133CAF3, STM32MP133CAG3, STM32MP133DAE7, STM32MP133DAF7, STM32MP133DAG7, STM32MP133FAE7, STM32MP133FAF7, STM32MP133FAG7, STM32MP135AAE3, STM32MP135AAF3, STM32MP135AAG3, STM32MP135CAE3, STM32MP135CAF3, STM32MP135CAG3, STM32MP135DAE7, STM32MP135DAF7, STM32MP135DAG7, STM32MP135F-DK, STM32MP135FAE7, STM32MP135FAF7, STM32MP135FAF7T, STM32MP135FAF7U, STM32MP135FAG7, STM32U535CBT6, STM32U535CBT6Q, STM32U535CBU6, STM32U535CBU6Q, STM32U535CCT6, STM32U535CCT6Q, STM32U535CCU6, STM32U535CCU6Q, STM32U535CET6, STM32U535CET6Q, STM32U535CEU6, STM32U535CEU6Q, STM32U535JEY6QTR, STM32U535NCY6QTR, STM32U535NEY6QTR, STM32U535RBI6, STM32U535RBI6Q, STM32U535RBT6, STM32U535RBT6Q, STM32U535RCI6, STM32U535RCI6Q, STM32U535RCT6, STM32U535RCT6Q, STM32U535REI6, STM32U535REI6Q, STM32U535RET6, STM32U535RET6Q, STM32U535VCI6, STM32U535VCI6Q, STM32U535VCT6, STM32U535VCT6Q, STM32U535VEI6, STM32U535VEI6Q, STM32U535VET6, STM32U535VET6Q, STM32U545CET6, STM32U545CET6Q, STM32U545CEU6, STM32U545CEU6Q, STM32U545JEY6QTR, STM32U545NEY6QTR, STM32U545REI6, STM32U545REI6Q, STM32U545RET6, STM32U545RET6Q, STM32U545VEI6, STM32U545VEI6Q, STM32U545VET6, STM32U545VET6Q, STM32U595AIH6, STM32U595AIH6Q, STM32U595AJH6, STM32U595AJH6Q, STM32U595QII6, STM32U595QII6Q, STM32U595QJI6, STM32U595QJI6Q, STM32U595RIT6, STM32U595RIT6Q, STM32U595RJT6, STM32U595RJT6Q, STM32U595VIT6, STM32U595VIT6Q, STM32U595VJT6, STM32U595VJT6Q, STM32U595ZIT6, STM32U595ZIT6Q, STM32U595ZIY6QTR, STM32U595ZJT6, STM32U595ZJT6Q, STM32U595ZJY6QTR, STM32U599BJY6QTR, STM32U599NIH6Q, STM32U599NJH6Q, STM32U599VIT6Q, STM32U599VJT6, STM32U599VJT6Q, STM32U599ZIT6Q, STM32U599ZIY6QTR, STM32U599ZJT6Q, STM32U599ZJY6QTR, STM32U5A5AJH6, STM32U5A5AJH6Q, STM32U5A5QJI6, STM32U5A5QJI6Q, STM32U5A5RJT6, STM32U5A5RJT6Q, STM32U5A5VJT6, STM32U5A5VJT6Q, STM32U5A5ZJT6, STM32U5A5ZJT6Q, STM32U5A5ZJY6QTR, STM32U5A9BJY6QTR, STM32U5A9J-DK, STM32U5A9NJH6Q, STM32U5A9VJT6Q, STM32U5A9ZJT6Q, STM32U5A9ZJY6QTR, STM32WB1MMCH6, STM32WBA52CEU6, STM32WBA52CEU6T, STM32WBA52CGU6, STM32WBA52CGU6T, STM32WL5MOCH6, STM32WL5MOCH6TR]
2024-06-17 09:39:07,838 [INFO] DbMcus:216 - Found 4205 MCUs, 4205 are supported
2024-06-17 09:39:07,840 [INFO] ApiDb:423 - Load user favorites file C:\Users\draut/.stm32cubeide/favorites.mcus.txt: 0 item(s)
2024-06-17 09:39:07,840 [INFO] ApiDb:427 - User favorites MCUs=[]
2024-06-17 09:39:07,840 [INFO] DbMcus:222 - Set 0 / 0 favorites MCUs
2024-06-17 09:39:07,849 [WARN] PackLoader:240 - Cannot read IP mode file for STMicroelectronics.X-CUBE-AZRTOS-F7.1.1.0
2024-06-17 09:39:07,855 [WARN] PackLoader:240 - Cannot read IP mode file for STMicroelectronics.FP-SNS-MOTENV1.4.3.2
2024-06-17 09:39:07,858 [ERROR] RealEvaluatedCondition:428 - Found unsupported composite condition: CLASS='Data Exchange' GROUP='STM32_MetaDataManager'
2024-06-17 09:39:07,858 [ERROR] RealEvaluatedCondition:428 - Found unsupported composite condition: GROUP='STM32_MetaDataManager' CLASS='Data Exchange'
2024-06-17 09:39:07,859 [WARN] PackLoader:240 - Cannot read IP mode file for STMicroelectronics.FP-SNS-MOTENV1.4.3.1
2024-06-17 09:39:07,863 [WARN] PackLoader:240 - Cannot read IP mode file for STMicroelectronics.FP-SNS-FLIGHT1.5.0.1
2024-06-17 09:39:07,867 [WARN] PackLoader:240 - Cannot read IP mode file for STMicroelectronics.X-CUBE-BLE1.6.2.4
2024-06-17 09:39:07,869 [WARN] PackLoader:240 - Cannot read IP mode file for STMicroelectronics.FP-SNS-FLIGHT1.5.0.2
2024-06-17 09:39:07,874 [WARN] PackLoader:240 - Cannot read IP mode file for STMicroelectronics.X-CUBE-DISPLAY.3.0.0
2024-06-17 09:39:07,879 [WARN] PackLoader:240 - Cannot read IP mode file for STMicroelectronics.X-CUBE-BLE1.7.0.0
2024-06-17 09:39:07,887 [WARN] PackLoader:240 - Cannot read IP mode file for STMicroelectronics.X-CUBE-TOUCHGFX.4.22.0
2024-06-17 09:39:07,889 [WARN] PackLoader:240 - Cannot read IP mode file for STMicroelectronics.X-CUBE-TOUCHGFX.4.22.1
2024-06-17 09:39:07,895 [WARN] PackLoader:240 - Cannot read IP mode file for STMicroelectronics.X-CUBE-BLEMGR.3.1.0
2024-06-17 09:39:07,899 [WARN] PackLoader:240 - Cannot read IP mode file for STMicroelectronics.FP-SNS-SMARTAG2.1.2.0
2024-06-17 09:39:07,904 [INFO] LogOutputStream:77 - [STDOUT_REDIRECT] 1 : Invalid condition id : UX_CORESTACK_Condition cause : null
2024-06-17 09:39:07,905 [INFO] LogOutputStream:77 - [STDOUT_REDIRECT] 1 : Invalid condition id : UX_CORESTACK_Condition cause : null
2024-06-17 09:39:07,905 [INFO] LogOutputStream:77 - [STDOUT_REDIRECT] 1 : Invalid condition id : UX_CORESTACK_Condition cause : null
2024-06-17 09:39:07,906 [INFO] LogOutputStream:77 - [STDOUT_REDIRECT] 1 : Invalid condition id : UX_CORESTACK_Condition cause : null
2024-06-17 09:39:07,907 [INFO] LogOutputStream:77 - [STDOUT_REDIRECT] 1 : Invalid condition id : UX_CORESTACK_Condition cause : null
2024-06-17 09:39:07,909 [WARN] PackLoader:240 - Cannot read IP mode file for STMicroelectronics.X-CUBE-AZRTOS-WL.2.0.0
2024-06-17 09:39:07,913 [WARN] PackLoader:240 - Cannot read IP mode file for STMicroelectronics.FP-SNS-MOTENV1.5.0.0
2024-06-17 09:39:07,916 [WARN] PackLoader:240 - Cannot read IP mode file for wolfSSL.I-CUBE-wolfMQTT.1.19.0
2024-06-17 09:39:07,921 [WARN] PackLoader:240 - Cannot read IP mode file for WES.I-CUBE-Cesium.1.3.0
2024-06-17 09:39:07,924 [WARN] PackLoader:240 - Cannot read IP mode file for STMicroelectronics.X-CUBE-BLE2.3.3.0
2024-06-17 09:39:07,929 [WARN] PackLoader:240 - Cannot read IP mode file for STMicroelectronics.X-CUBE-TCPP.4.1.0
2024-06-17 09:39:07,932 [WARN] PackLoader:240 - Cannot read IP mode file for STMicroelectronics.X-CUBE-TOUCHGFX.4.21.4
2024-06-17 09:39:07,935 [WARN] PackLoader:240 - Cannot read IP mode file for STMicroelectronics.X-CUBE-ALGOBUILD.1.3.0
2024-06-17 09:39:07,944 [WARN] PackLoader:240 - Cannot read IP mode file for STMicroelectronics.X-CUBE-AZRTOS-G0.1.1.0
2024-06-17 09:39:07,949 [WARN] PackLoader:240 - Cannot read IP mode file for STMicroelectronics.X-CUBE-SAFEA1.1.2.2
2024-06-17 09:39:07,952 [WARN] PackLoader:240 - Cannot read IP mode file for STMicroelectronics.X-CUBE-NFC4.3.0.0
2024-06-17 09:39:07,957 [WARN] PackLoader:240 - Cannot read IP mode file for STMicroelectronics.X-CUBE-BLEMGR.3.0.0
2024-06-17 09:39:07,961 [WARN] PackLoader:240 - Cannot read IP mode file for STMicroelectronics.FP-ATR-SIGFOX1.3.2.0
2024-06-17 09:39:07,965 [WARN] PackLoader:240 - Cannot read IP mode file for STMicroelectronics.X-CUBE-EEPRMA1.5.1.0
2024-06-17 09:39:07,989 [WARN] PackLoader:240 - Cannot read IP mode file for SEGGER.I-CUBE-embOS.1.3.1
2024-06-17 09:39:08,029 [WARN] PackLoader:240 - Cannot read IP mode file for STMicroelectronics.X-CUBE-ALGOBUILD.1.4.0
2024-06-17 09:39:08,033 [WARN] PackLoader:240 - Cannot read IP mode file for STMicroelectronics.X-CUBE-GNSS1.6.0.0
2024-06-17 09:39:08,045 [WARN] PackLoader:240 - Cannot read IP mode file for STMicroelectronics.X-CUBE-AZRTOS-F4.1.1.0
2024-06-17 09:39:08,051 [WARN] PackLoader:240 - Cannot read IP mode file for wolfSSL.I-CUBE-wolfSSL.5.6.0
2024-06-17 09:39:08,055 [WARN] PackLoader:240 - Cannot read IP mode file for STMicroelectronics.X-CUBE-FREERTOS.1.2.0
2024-06-17 09:39:08,067 [WARN] PackLoader:240 - Cannot read IP mode file for STMicroelectronics.X-CUBE-AZRTOS-L5.2.0.0
2024-06-17 09:39:08,106 [WARN] PackLoader:240 - Cannot read IP mode file for STMicroelectronics.X-CUBE-MEMS1.9.6.0
2024-06-17 09:39:08,230 [WARN] PackLoader:240 - Cannot read IP mode file for STMicroelectronics.X-CUBE-EEPRMA1.4.2.0
2024-06-17 09:39:08,234 [WARN] PackLoader:240 - Cannot read IP mode file for STMicroelectronics.X-CUBE-NFC6.3.1.0
2024-06-17 09:39:08,238 [WARN] PackLoader:240 - Cannot read IP mode file for ITTIA_DB.I-CUBE-ITTIADB.8.8.0
2024-06-17 09:39:08,241 [WARN] PackLoader:240 - Cannot read IP mode file for emotas.I-CUBE-CANOPEN.1.1.3
2024-06-17 09:39:08,245 [WARN] PackLoader:240 - Cannot read IP mode file for STMicroelectronics.X-CUBE-BLEMGR.2.0.0
2024-06-17 09:39:08,247 [WARN] PackLoader:240 - Cannot read IP mode file for STMicroelectronics.X-CUBE-AI.9.0.0
2024-06-17 09:39:08,255 [WARN] ConditionMgr:438 - getConditionDescription Invalid condition id : UX DEVICE CLASS RTOS Condition cause : null
2024-06-17 09:39:08,255 [WARN] ConditionMgr:438 - getConditionDescription Invalid condition id : UX DEVICE CLASS RTOS Condition cause : null
2024-06-17 09:39:08,257 [WARN] PackLoader:240 - Cannot read IP mode file for STMicroelectronics.X-CUBE-AZRTOS-H7.3.1.0
2024-06-17 09:39:08,257 [WARN] ConditionMgr:1039 - genDependencies : Invalid condition id : UX DEVICE CLASS RTOS Condition cause : null
2024-06-17 09:39:08,258 [WARN] ConditionMgr:1039 - genDependencies : Invalid condition id : UX DEVICE CLASS RTOS Condition cause : null
2024-06-17 09:39:08,258 [WARN] ConditionMgr:1039 - genDependencies : Invalid condition id : UX DEVICE CLASS RTOS Condition cause : null
2024-06-17 09:39:08,258 [WARN] ConditionMgr:1039 - genDependencies : Invalid condition id : UX DEVICE CLASS RTOS Condition cause : null
2024-06-17 09:39:08,258 [WARN] ConditionMgr:1039 - genDependencies : Invalid condition id : UX DEVICE CLASS RTOS Condition cause : null
2024-06-17 09:39:08,262 [WARN] PackLoader:240 - Cannot read IP mode file for STMicroelectronics.X-CUBE-NFC7.1.0.1
2024-06-17 09:39:08,264 [WARN] PackLoader:240 - Cannot read IP mode file for STMicroelectronics.X-CUBE-NFC7.1.0.0
2024-06-17 09:39:08,267 [WARN] PackLoader:240 - Cannot read IP mode file for STMicroelectronics.X-CUBE-NFC6.3.0.0
2024-06-17 09:39:08,271 [WARN] PackLoader:240 - Cannot read IP mode file for STMicroelectronics.X-CUBE-EEPRMA1.4.1.0
2024-06-17 09:39:08,273 [WARN] PackLoader:240 - Cannot read IP mode file for STMicroelectronics.X-CUBE-AI.8.1.0
2024-06-17 09:39:08,288 [WARN] ConditionMgr:438 - getConditionDescription Invalid condition id : LAN8742 Phy interface Condition cause : null
2024-06-17 09:39:08,288 [WARN] PackLoader:240 - Cannot read IP mode file for STMicroelectronics.X-CUBE-AZRTOS-L4.2.0.0
2024-06-17 09:39:08,289 [WARN] ConditionMgr:1039 - genDependencies : Invalid condition id : LAN8742 Phy interface Condition cause : null
2024-06-17 09:39:08,290 [WARN] ConditionMgr:1039 - genDependencies : Invalid condition id : LAN8742 Phy interface Condition cause : null
2024-06-17 09:39:08,290 [WARN] ConditionMgr:1039 - genDependencies : Invalid condition id : LAN8742 Phy interface Condition cause : null
2024-06-17 09:39:08,297 [WARN] PackLoader:240 - Cannot read IP mode file for STMicroelectronics.X-CUBE-SFXS2LP1.4.0.0
2024-06-17 09:39:08,301 [WARN] PackLoader:240 - Cannot read IP mode file for STMicroelectronics.X-CUBE-ISPU.1.1.0
2024-06-17 09:39:08,311 [WARN] ConditionMgr:438 - getConditionDescription Invalid condition id : UX DEVICE CLASS RTOS Condition cause : null
2024-06-17 09:39:08,311 [WARN] ConditionMgr:438 - getConditionDescription Invalid condition id : UX DEVICE CLASS RTOS Condition cause : null
2024-06-17 09:39:08,313 [WARN] PackLoader:240 - Cannot read IP mode file for STMicroelectronics.X-CUBE-AZRTOS-WB.2.0.0
2024-06-17 09:39:08,313 [WARN] ConditionMgr:1039 - genDependencies : Invalid condition id : UX DEVICE CLASS RTOS Condition cause : null
2024-06-17 09:39:08,314 [WARN] ConditionMgr:1039 - genDependencies : Invalid condition id : UX DEVICE CLASS RTOS Condition cause : null
2024-06-17 09:39:08,314 [WARN] ConditionMgr:1039 - genDependencies : Invalid condition id : UX DEVICE CLASS RTOS Condition cause : null
2024-06-17 09:39:08,314 [WARN] ConditionMgr:1039 - genDependencies : Invalid condition id : UX DEVICE CLASS RTOS Condition cause : null
2024-06-17 09:39:08,314 [WARN] ConditionMgr:1039 - genDependencies : Invalid condition id : UX DEVICE CLASS RTOS Condition cause : null
2024-06-17 09:39:08,317 [WARN] PackLoader:240 - Cannot read IP mode file for STMicroelectronics.X-CUBE-FREERTOS.1.0.1
2024-06-17 09:39:08,323 [WARN] PackLoader:240 - Cannot read IP mode file for STMicroelectronics.X-CUBE-AZRTOS-L5.1.1.0
2024-06-17 09:39:08,326 [WARN] PackLoader:240 - Cannot read IP mode file for STMicroelectronics.X-CUBE-AI.8.0.1
2024-06-17 09:39:08,330 [WARN] PackLoader:240 - Cannot read IP mode file for STMicroelectronics.X-CUBE-SUBG2.5.0.0
2024-06-17 09:39:08,339 [WARN] PackLoader:240 - Cannot read IP mode file for Cesanta.I-CUBE-Mongoose.7.13.0
2024-06-17 09:39:08,347 [WARN] PackLoader:240 - Cannot read IP mode file for STMicroelectronics.X-CUBE-TOF1.3.3.1
2024-06-17 09:39:08,365 [WARN] PackLoader:240 - Cannot read IP mode file for STMicroelectronics.X-CUBE-AZRTOS-G4.2.0.0
2024-06-17 09:39:08,376 [WARN] PackLoader:240 - Cannot read IP mode file for STMicroelectronics.X-CUBE-TOF1.3.3.0
2024-06-17 09:39:08,397 [WARN] PackLoader:240 - Cannot read IP mode file for Infineon.AIROC-Wi-Fi-Bluetooth-STM32.1.5.1
2024-06-17 09:39:08,401 [WARN] PackLoader:240 - Cannot read IP mode file for STMicroelectronics.X-CUBE-ISPU.2.0.0
2024-06-17 09:39:08,403 [WARN] PackLoader:240 - Cannot read IP mode file for STMicroelectronics.X-CUBE-ALS.1.0.2
2024-06-17 09:39:08,431 [WARN] PackLoader:240 - Cannot read IP mode file for STMicroelectronics.X-CUBE-MEMS1.10.0.0
2024-06-17 09:39:08,433 [INFO] BoardInfo:880 - No configuration file found for board NUCLEO-H533RE
2024-06-17 09:39:08,433 [INFO] DbBoards:157 - Board is not supported: NUCLEO-H533RE
2024-06-17 09:39:08,440 [INFO] BoardInfo:880 - No configuration file found for board NUCLEO-H7S3L8
2024-06-17 09:39:08,440 [INFO] DbBoards:157 - Board is not supported: NUCLEO-H7S3L8
2024-06-17 09:39:08,457 [INFO] BoardInfo:880 - No configuration file found for board NUCLEO-U031R8
2024-06-17 09:39:08,457 [INFO] DbBoards:157 - Board is not supported: NUCLEO-U031R8
2024-06-17 09:39:08,458 [INFO] BoardInfo:880 - No configuration file found for board NUCLEO-U083RC
2024-06-17 09:39:08,458 [INFO] DbBoards:157 - Board is not supported: NUCLEO-U083RC
2024-06-17 09:39:08,464 [INFO] BoardInfo:880 - No configuration file found for board NUCLEO-WBA55CG
2024-06-17 09:39:08,464 [INFO] DbBoards:157 - Board is not supported: NUCLEO-WBA55CG
2024-06-17 09:39:08,468 [INFO] BoardInfo:880 - No configuration file found for board P-NUCLEO-WB55
2024-06-17 09:39:08,468 [INFO] DbBoards:157 - Kit is not supported: P-NUCLEO-WB55
2024-06-17 09:39:08,472 [INFO] BoardInfo:880 - No configuration file found for board STEVAL-BFA001V1B
2024-06-17 09:39:08,472 [INFO] DbBoards:157 - Kit is not supported: STEVAL-BFA001V1B
2024-06-17 09:39:08,473 [INFO] BoardInfo:880 - No configuration file found for board STEVAL-BFA001V2B
2024-06-17 09:39:08,473 [INFO] DbBoards:157 - Kit is not supported: STEVAL-BFA001V2B
2024-06-17 09:39:08,476 [INFO] BoardInfo:880 - No configuration file found for board STEVAL-MKBOXPRO
2024-06-17 09:39:08,476 [INFO] DbBoards:157 - Board is not supported: STEVAL-MKBOXPRO
2024-06-17 09:39:08,478 [INFO] BoardInfo:880 - No configuration file found for board STEVAL-SMARTAG2
2024-06-17 09:39:08,478 [INFO] DbBoards:157 - Board is not supported: STEVAL-SMARTAG2
2024-06-17 09:39:08,494 [WARN] PackLoader:240 - Cannot read IP mode file for STMicroelectronics.X-CUBE-FREERTOS.1.1.0
2024-06-17 09:39:08,499 [WARN] PackLoader:240 - Cannot read IP mode file for portGmbH.I-Cube-SoM-uGOAL.1.1.0
2024-06-17 09:39:08,501 [WARN] PackLoader:240 - Cannot read IP mode file for STMicroelectronics.X-CUBE-ALS.1.0.1
2024-06-17 09:39:08,513 [WARN] PackLoader:240 - Cannot read IP mode file for STMicroelectronics.X-CUBE-AZRTOS-WB.1.1.0
2024-06-17 09:39:08,532 [WARN] PackLoader:240 - Cannot read IP mode file for STMicroelectronics.X-CUBE-AZRTOS-H7RS.1.0.0
2024-06-17 09:39:08,537 [WARN] PackLoader:240 - Cannot read IP mode file for STMicroelectronics.FP-ATR-ASTRA1.2.0.0
2024-06-17 09:39:08,554 [WARN] PackLoader:240 - Cannot read IP mode file for STMicroelectronics.X-CUBE-TOF1.3.4.1
2024-06-17 09:39:08,573 [INFO] BoardInfo:880 - No configuration file found for board STM32H7S78-DK
2024-06-17 09:39:08,573 [INFO] DbBoards:157 - Board is not supported: STM32H7S78-DK
2024-06-17 09:39:08,579 [WARN] PackLoader:240 - Cannot read IP mode file for STMicroelectronics.X-CUBE-AZRTOS-H7.3.2.0
2024-06-17 09:39:08,581 [INFO] ThirdParty:978 - Integrity check success = true
2024-06-17 09:39:08,581 [INFO] IntegrityCheckThread:100 - exiting critical section [integrity check]
2024-06-17 09:39:08,581 [INFO] IntegrityCheckThread:103 - End integrity checks thread
2024-06-17 09:39:08,593 [INFO] BoardInfo:880 - No configuration file found for board STM32U083C-DK
2024-06-17 09:39:08,593 [INFO] DbBoards:157 - Board is not supported: STM32U083C-DK
2024-06-17 09:39:08,596 [INFO] BoardInfo:880 - No configuration file found for board STM32U5G9J-DK1
2024-06-17 09:39:08,596 [INFO] DbBoards:157 - Board is not supported: STM32U5G9J-DK1
2024-06-17 09:39:08,597 [INFO] BoardInfo:880 - No configuration file found for board STM32U5G9J-DK2
2024-06-17 09:39:08,597 [INFO] DbBoards:157 - Board is not supported: STM32U5G9J-DK2
2024-06-17 09:39:08,599 [INFO] BoardInfo:880 - No configuration file found for board STM32WBA55G-DK1
2024-06-17 09:39:08,600 [INFO] DbBoards:157 - Board is not supported: STM32WBA55G-DK1
2024-06-17 09:39:08,600 [INFO] DbBoards:161 - Found 195 boards, 180 are supported
2024-06-17 09:39:08,602 [INFO] ApiDb:423 - Load user favorites file C:\Users\draut/.stm32cubeide/favorites.boards.txt: 0 item(s)
2024-06-17 09:39:08,602 [INFO] ApiDb:427 - User favorites Boards=[]
2024-06-17 09:39:08,602 [INFO] DbBoards:190 - Set 0 / 0 favorites Boards
2024-06-17 09:39:08,602 [INFO] McuFinderGlobals:66 - Set McuFinderConnectedMode to true
2024-06-17 09:39:08,607 [INFO] MultiScanPanel:200 - Auto-refresh data requested => check proxy status ongoing
2024-06-17 09:39:08,609 [INFO] FinderPluginLoader:95 - Searching for filters in installed packs
2024-06-17 09:39:09,488 [INFO] LoadUrlFilesThread:185 - End of LoadServerUrlFiles without Thread
2024-06-17 09:39:09,499 [INFO] DetailPanel:341 - Set advertising image to C:/Users/draut/STM32Cube/Repository/\en.prom-stm32h7rs-mcu-finder.jpg
2024-06-17 09:39:14,518 [INFO] MultiScanPanel:200 - Auto-refresh data requested => check proxy status ongoing
2024-06-17 09:39:14,600 [INFO] LoadUrlFilesThread:185 - End of LoadServerUrlFiles without Thread
2024-06-17 09:39:14,601 [INFO] DetailPanel:341 - Set advertising image to C:/Users/draut/STM32Cube/Repository/\en.prom-stm32h7rs-mcu-finder.jpg
2024-06-17 09:39:20,091 [ERROR] LogOutputStream:75 - [STDERR_REDIRECT] SLF4J: Failed to load class "org.slf4j.impl.StaticLoggerBinder".
2024-06-17 09:39:20,092 [ERROR] LogOutputStream:75 - [STDERR_REDIRECT] SLF4J: Defaulting to no-operation (NOP) logger implementation
2024-06-17 09:39:20,093 [ERROR] LogOutputStream:75 - [STDERR_REDIRECT] SLF4J: See http://www.slf4j.org/codes.html#StaticLoggerBinder for further details.
2024-06-17 09:39:47,284 [INFO] McuFinderGlobals:66 - Set McuFinderConnectedMode to true
2024-06-17 09:39:47,285 [INFO] ApiDb:448 - Save user favorites file C:\Users\draut/.stm32cubeide/favorites.mcus.txt: 0 item(s)
2024-06-17 09:39:47,286 [INFO] ApiDb:452 - User favorites MCUs=[]
2024-06-17 09:39:47,286 [INFO] ApiDb:448 - Save user favorites file C:\Users\draut/.stm32cubeide/favorites.boards.txt: 0 item(s)
2024-06-17 09:39:47,286 [INFO] ApiDb:452 - User favorites Boards=[]
2024-06-17 09:44:31,933 [ERROR] ConfigurationRetriever:142 - IOException on connection: Read timed out
2024-06-17 09:44:34,085 [ERROR] ConfigurationRetriever:142 - IOException on connection: Read timed out
2024-06-17 09:45:45,111 [INFO] LogOutputStream:77 - [STDOUT_REDIRECT] StartTraceHandler.execute(), success : Collect=true
2024-06-17 10:00:57,757 [INFO] MainUpdater:2854 - connection check result : 10
2024-06-17 10:00:57,856 [INFO] McuFinderGlobals:66 - Set McuFinderConnectedMode to true
2024-06-17 10:00:57,857 [INFO] MultiScanPanel:200 - Auto-refresh data requested => check proxy status ongoing
2024-06-17 10:00:57,857 [INFO] FinderPluginLoader:95 - Searching for filters in installed packs
2024-06-17 10:00:58,548 [INFO] LoadUrlFilesThread:185 - End of LoadServerUrlFiles without Thread
2024-06-17 10:00:58,548 [INFO] DetailPanel:341 - Set advertising image to C:/Users/draut/STM32Cube/Repository/\en.prom-stm32h7rs-mcu-finder.jpg
2024-06-17 10:01:01,480 [INFO] MultiScanPanel:200 - Auto-refresh data requested => check proxy status ongoing
2024-06-17 10:01:01,532 [INFO] LoadUrlFilesThread:185 - End of LoadServerUrlFiles without Thread
2024-06-17 10:01:01,532 [INFO] DetailPanel:341 - Set advertising image to C:/Users/draut/STM32Cube/Repository/\en.prom-stm32h7rs-mcu-finder.jpg
2024-06-17 10:01:37,298 [INFO] McuFinderGlobals:66 - Set McuFinderConnectedMode to true
2024-06-17 10:01:37,300 [INFO] ApiDb:448 - Save user favorites file C:\Users\draut/.stm32cubeide/favorites.mcus.txt: 0 item(s)
2024-06-17 10:01:37,300 [INFO] ApiDb:452 - User favorites MCUs=[]
2024-06-17 10:01:37,300 [INFO] ApiDb:448 - Save user favorites file C:\Users\draut/.stm32cubeide/favorites.boards.txt: 0 item(s)
2024-06-17 10:01:37,300 [INFO] ApiDb:452 - User favorites Boards=[]
2024-06-17 10:03:19,102 [INFO] MainUpdater:2854 - connection check result : 10
2024-06-17 10:03:19,182 [INFO] McuFinderGlobals:66 - Set McuFinderConnectedMode to true
2024-06-17 10:03:19,183 [INFO] MultiScanPanel:200 - Auto-refresh data requested => check proxy status ongoing
2024-06-17 10:03:19,183 [INFO] FinderPluginLoader:95 - Searching for filters in installed packs
2024-06-17 10:03:19,632 [INFO] LoadUrlFilesThread:185 - End of LoadServerUrlFiles without Thread
2024-06-17 10:03:19,632 [INFO] DetailPanel:341 - Set advertising image to C:/Users/draut/STM32Cube/Repository/\en.prom-stm32h7rs-mcu-finder.jpg
2024-06-17 10:03:22,356 [INFO] MultiScanPanel:200 - Auto-refresh data requested => check proxy status ongoing
2024-06-17 10:03:22,392 [INFO] LoadUrlFilesThread:185 - End of LoadServerUrlFiles without Thread
2024-06-17 10:03:22,393 [INFO] DetailPanel:341 - Set advertising image to C:/Users/draut/STM32Cube/Repository/\en.prom-stm32h7rs-mcu-finder.jpg
2024-06-17 10:03:31,750 [INFO] BoardResultTable:719 - Mark Board STM32F407G-DISC1 as favorite
2024-06-17 10:03:31,902 [INFO] BoardResultTable:719 - Unmark Board STM32F407G-DISC1 as favorite
2024-06-17 10:03:40,214 [INFO] McuFinderGlobals:66 - Set McuFinderConnectedMode to true
2024-06-17 10:03:40,216 [INFO] ApiDb:448 - Save user favorites file C:\Users\draut/.stm32cubeide/favorites.mcus.txt: 0 item(s)
2024-06-17 10:03:40,216 [INFO] ApiDb:452 - User favorites MCUs=[]
2024-06-17 10:03:40,216 [INFO] ApiDb:448 - Save user favorites file C:\Users\draut/.stm32cubeide/favorites.boards.txt: 0 item(s)
2024-06-17 10:03:40,217 [INFO] ApiDb:452 - User favorites Boards=[]
