2024-06-19 22:22:28,669 [INFO] MainUpdater:2854 - connection check result : 10
2024-06-19 22:22:28,685 [INFO] McuFinderGlobals:66 - Set McuFinderConnectedMode to true
2024-06-19 22:22:29,135 [INFO] ServerAccessManage:473 - Download File mcusAds.json._tmp_
2024-06-19 22:22:29,253 [INFO] LoadUrlFilesThread:156 - End of LoadUrlFiles Thread
2024-06-19 22:22:29,640 [INFO] ServerAccessManage:473 - Download File cube-finder-db.zip
2024-06-19 22:22:32,002 [INFO] FileExtend:240 - Unzip File : cube-finder-db.zip
2024-06-19 22:22:32,002 [INFO] FileExtend:255 - Standard Zip Deflate
2024-06-19 22:22:32,633 [INFO] LoadUrlFilesThread:156 - End of LoadUrlFiles Thread
2024-06-19 22:22:33,624 [INFO] ServerAccessManage:473 - Download File crdb.zip
2024-06-19 22:22:34,727 [INFO] FileExtend:240 - Unzip File : crdb.zip
2024-06-19 22:22:34,727 [INFO] FileExtend:255 - Standard Zip Deflate
2024-06-19 22:22:34,848 [ERROR] WebUtils:647 - Updater is busy
2024-06-19 22:22:34,848 [INFO] LoadUrlFilesThread:156 - End of LoadUrlFiles Thread
2024-06-19 22:23:24,336 [INFO] MainUpdater:2854 - connection check result : 10
2024-06-19 22:23:24,336 [INFO] McuFinderGlobals:66 - Set McuFinderConnectedMode to true
2024-06-19 22:23:24,396 [INFO] McuFinderGlobals:66 - Set McuFinderConnectedMode to true
2024-06-19 22:23:24,399 [INFO] MultiScanPanel:200 - Auto-refresh data requested => check proxy status ongoing
2024-06-19 22:23:24,400 [INFO] FinderPluginLoader:95 - Searching for filters in installed packs
2024-06-19 22:23:24,496 [INFO] ServerAccessManage:473 - Download File mcusAds.json._tmp_
2024-06-19 22:23:24,640 [INFO] LoadUrlFilesThread:156 - End of LoadUrlFiles Thread
2024-06-19 22:23:24,914 [INFO] LoadUrlFilesThread:185 - End of LoadServerUrlFiles without Thread
2024-06-19 22:23:24,914 [INFO] DetailPanel:341 - Set advertising image to C:/Users/draut/STM32Cube/Repository/\en.prom-stm32h7rs-mcu-finder.jpg
2024-06-19 22:23:25,435 [INFO] ServerAccessManage:473 - Download File cube-finder-db.zip
2024-06-19 22:23:29,635 [INFO] FileExtend:240 - Unzip File : cube-finder-db.zip
2024-06-19 22:23:29,636 [INFO] FileExtend:255 - Standard Zip Deflate
2024-06-19 22:23:30,154 [INFO] LoadUrlFilesThread:156 - End of LoadUrlFiles Thread
2024-06-19 22:23:30,862 [INFO] ServerAccessManage:473 - Download File crdb.zip
2024-06-19 22:23:31,915 [INFO] FileExtend:240 - Unzip File : crdb.zip
2024-06-19 22:23:31,916 [INFO] FileExtend:255 - Standard Zip Deflate
2024-06-19 22:23:32,057 [INFO] LoadUrlFilesThread:156 - End of LoadUrlFiles Thread
2024-06-19 22:23:32,443 [INFO] ServerAccessManage:473 - Download File tutoVideoDB.zip
2024-06-19 22:23:32,462 [INFO] FileExtend:240 - Unzip File : tutoVideoDB.zip
2024-06-19 22:23:32,462 [INFO] FileExtend:255 - Standard Zip Deflate
2024-06-19 22:23:32,587 [INFO] LoadUrlFilesThread:156 - End of LoadUrlFiles Thread
2024-06-19 22:23:32,588 [WARN] DbFile:41 - Overriding database path with different value: C:\Users\draut\.stmcufinder\plugins\mcufinder/ => C:\Users\draut\.stmcufinder\plugins\mcufinder
2024-06-19 22:23:32,909 [INFO] ServerAccessManage:473 - Download File api_config.json
2024-06-19 22:23:33,043 [INFO] LoadUrlFilesThread:156 - End of LoadUrlFiles Thread
2024-06-19 22:23:33,045 [INFO] DbMcusAds:53 - JSON generation date=Thu May 16 17:22:00 SGT 2024 (1715851320852)
2024-06-19 22:23:33,048 [INFO] ApiDb:448 - Save user favorites file C:\Users\draut/.stm32cubeide/favorites.mcus.txt: 0 item(s)
2024-06-19 22:23:33,048 [INFO] ApiDb:452 - User favorites MCUs=[]
2024-06-19 22:23:33,056 [INFO] ApiDb:581 - Connected to CubeFinder SQLite database (C:\Users\draut\.stmcufinder\plugins\mcufinder\mcu\cube-finder-db.db)
2024-06-19 22:23:33,098 [INFO] ApiDb:668 - CubeFinder database Data Model version=2.1
2024-06-19 22:23:33,098 [INFO] ApiDb:669 - CubeFinder database Configuration version=3.0.39
2024-06-19 22:23:33,098 [INFO] ApiDb:670 - CubeFinder database generation date=2024-06-07 (1717689626)
2024-06-19 22:23:33,098 [INFO] ApiDb:671 - CubeFinder database FW Pack versions=[FP-ATR-ASTRA1_V2.0.0, FP-SNS-FLIGHT1_V5.0.2, FP-SNS-MOTENV1_V5.0.0, FP-SNS-MOTENVWB1_V1.4.0, FP-SNS-SMARTAG2_V1.2.0, STM32Cube_FW_C0_V1.2.0, STM32Cube_FW_F4_V1.28.0, STM32Cube_FW_F7_V1.17.2, STM32Cube_FW_G0_V1.6.2, STM32Cube_FW_G4_V1.6.0, STM32Cube_FW_H5_V1.3.0, STM32Cube_FW_H7RS_V1.1.0, STM32Cube_FW_H7_V1.11.2, STM32Cube_FW_L0_V1.12.2, STM32Cube_FW_L5_V1.5.1, STM32Cube_FW_U0_V1.1.0, STM32Cube_FW_U5_V1.6.0, STM32Cube_FW_WB0_V1.0.0, STM32Cube_FW_WBA_V1.4.0, STM32Cube_FW_WB_V1.20.0, STM32Cube_FW_WL_V1.3.0, X-CUBE-ALGOBUILD_V1.4.0, X-CUBE-ALS_V1.0.2, X-CUBE-AZRTOS-F4_V1.1.0, X-CUBE-AZRTOS-F7_V1.1.0, X-CUBE-AZRTOS-G0_V1.1.0, X-CUBE-AZRTOS-G4_V2.0.0, X-CUBE-AZRTOS-H7RS_V1.0.0, X-CUBE-AZRTOS-H7_V3.2.0, X-CUBE-AZRTOS-L4_V2.0.0, X-CUBE-AZRTOS-L5_V1.1.0, X-CUBE-AZRTOS-WB_V2.0.0, X-CUBE-AZRTOS-WL_V2.0.0, X-CUBE-BLE1_V7.0.0, X-CUBE-BLE2_V3.3.0, X-CUBE-BLEMGR_V3.1.0, X-CUBE-EEPRMA1_V5.1.0, X-CUBE-FREERTOS_V1.2.0, X-CUBE-GNSS1_V6.0.0, X-CUBE-MEMS1_V10.0.0, X-CUBE-NFC4_V3.0.0, X-CUBE-NFC7_V1.0.1, X-CUBE-SFXS2LP1_V4.0.0, X-CUBE-SUBG2_V5.0.0, X-CUBE-TOF1_V3.4.1]
2024-06-19 22:23:34,572 [INFO] ApiDb:240 - Found 297 in-development CPN: [B-G473E-ZEST1S, B-WB1M-WPAN1, B-WL5M-SUBG1, NUCLEO-C031C6, NUCLEO-H503RB, NUCLEO-H563ZI, NUCLEO-U545RE-Q, NUCLEO-U5A5ZJ-Q, NUCLEO-WBA52CG, STEVAL-PROTEUS1, STEVAL-STWINBX1, STM320518-EVAL, STM32C0116-DK, STM32C011D6Y3TR, STM32C011D6Y6TR, STM32C011F4P3, STM32C011F4P6, STM32C011F4U3, STM32C011F4U6TR, STM32C011F6P3, STM32C011F6P6, STM32C011F6U3, STM32C011F6U6TR, STM32C011J4M3, STM32C011J4M6, STM32C011J6M3, STM32C011J6M6, STM32C0316-DK, STM32C031C4T3, STM32C031C4T6, STM32C031C4U3, STM32C031C4U6, STM32C031C6T3, STM32C031C6T6, STM32C031C6U3, STM32C031C6U6, STM32C031F4P3, STM32C031F4P6, STM32C031F6P3, STM32C031F6P6, STM32C031G4U3, STM32C031G4U6, STM32C031G6U3, STM32C031G6U6, STM32C031K4T3, STM32C031K4T6, STM32C031K4U3, STM32C031K4U6, STM32C031K6T3, STM32C031K6T6, STM32C031K6U3, STM32C031K6U6, STM32G071K8TXN, STM32G071K8UXN, STM32G081GBU6N, STM32G081KBT6N, STM32G081KBUXN, STM32G0B1CCT6N, STM32G0B1KCT6, STM32G0B1NEY6TR, STM32G0B1RCT6N, STM32G0C1CCT6, STM32G0C1CCT6N, STM32G0C1CCU6N, STM32G0C1CET6N, STM32G0C1CEU6N, STM32G0C1KCT6, STM32G0C1NEY6TR, STM32G0C1RCI6N, STM32G0C1RCT6N, STM32G0C1REI6N, STM32G0C1RET6N, STM32G0C1VCI6, STM32G0C1VEI6, STM32G471CCT6, STM32G471CCU6, STM32G471CET3, STM32G471CET6, STM32G471CEU3, STM32G471CEU6, STM32G471MCT6, STM32G471MET3, STM32G471MET6, STM32G471MEY6TR, STM32G471QCT6, STM32G471QET3, STM32G471RCT6, STM32G471RET3, STM32G471RET6, STM32G471VCH6, STM32G471VCI6, STM32G471VCT6, STM32G471VEH3, STM32G471VEH6, STM32G471VEI3, STM32G471VEI6, STM32G471VET3, STM32G471VET6, STM32G474CCT6, STM32H503CBT6, STM32H503CBU6, STM32H503EBY6TR, STM32H503KBU6, STM32H503RBT6, STM32H562AGI6, STM32H562AII6, STM32H562IGK6, STM32H562IGT6, STM32H562IIK6, STM32H562IIT6, STM32H562RGT6, STM32H562RGV6, STM32H562RIT6, STM32H562RIV6, STM32H562VGT6, STM32H562VIT6, STM32H562ZGT6, STM32H562ZIT6, STM32H563AGI6, STM32H563AII3Q, STM32H563AII6, STM32H563IGK6, STM32H563IGT6, STM32H563IIK3Q, STM32H563IIK6, STM32H563IIT3Q, STM32H563IIT6, STM32H563MIY3QTR, STM32H563RGT6, STM32H563RGV6, STM32H563RIT6, STM32H563RIV6, STM32H563VGT6, STM32H563VIT3Q, STM32H563VIT6, STM32H563ZGT6, STM32H563ZIT3Q, STM32H563ZIT6, STM32H573AII3Q, STM32H573AII6, STM32H573I-DK, STM32H573IIK3Q, STM32H573IIK6, STM32H573IIT3Q, STM32H573IIT6, STM32H573MIY3QTR, STM32H573RIT6, STM32H573RIV6, STM32H573VIT3Q, STM32H573VIT6, STM32H573ZIT3Q, STM32H573ZIT6, STM32L4R5QGI6STR, STM32MP131AAE3, STM32MP131AAF3, STM32MP131AAG3, STM32MP131CAE3, STM32MP131CAF3, STM32MP131CAG3, STM32MP131DAE7, STM32MP131DAF7, STM32MP131DAG7, STM32MP131FAE7, STM32MP131FAF7, STM32MP131FAG7, STM32MP133AAE3, STM32MP133AAF3, STM32MP133AAG3, STM32MP133CAE3, STM32MP133CAF3, STM32MP133CAG3, STM32MP133DAE7, STM32MP133DAF7, STM32MP133DAG7, STM32MP133FAE7, STM32MP133FAF7, STM32MP133FAG7, STM32MP135AAE3, STM32MP135AAF3, STM32MP135AAG3, STM32MP135CAE3, STM32MP135CAF3, STM32MP135CAG3, STM32MP135DAE7, STM32MP135DAF7, STM32MP135DAG7, STM32MP135F-DK, STM32MP135FAE7, STM32MP135FAF7, STM32MP135FAF7T, STM32MP135FAF7U, STM32MP135FAG7, STM32U535CBT6, STM32U535CBT6Q, STM32U535CBU6, STM32U535CBU6Q, STM32U535CCT6, STM32U535CCT6Q, STM32U535CCU6, STM32U535CCU6Q, STM32U535CET6, STM32U535CET6Q, STM32U535CEU6, STM32U535CEU6Q, STM32U535JEY6QTR, STM32U535NCY6QTR, STM32U535NEY6QTR, STM32U535RBI6, STM32U535RBI6Q, STM32U535RBT6, STM32U535RBT6Q, STM32U535RCI6, STM32U535RCI6Q, STM32U535RCT6, STM32U535RCT6Q, STM32U535REI6, STM32U535REI6Q, STM32U535RET6, STM32U535RET6Q, STM32U535VCI6, STM32U535VCI6Q, STM32U535VCT6, STM32U535VCT6Q, STM32U535VEI6, STM32U535VEI6Q, STM32U535VET6, STM32U535VET6Q, STM32U545CET6, STM32U545CET6Q, STM32U545CEU6, STM32U545CEU6Q, STM32U545JEY6QTR, STM32U545NEY6QTR, STM32U545REI6, STM32U545REI6Q, STM32U545RET6, STM32U545RET6Q, STM32U545VEI6, STM32U545VEI6Q, STM32U545VET6, STM32U545VET6Q, STM32U595AIH6, STM32U595AIH6Q, STM32U595AJH6, STM32U595AJH6Q, STM32U595QII6, STM32U595QII6Q, STM32U595QJI6, STM32U595QJI6Q, STM32U595RIT6, STM32U595RIT6Q, STM32U595RJT6, STM32U595RJT6Q, STM32U595VIT6, STM32U595VIT6Q, STM32U595VJT6, STM32U595VJT6Q, STM32U595ZIT6, STM32U595ZIT6Q, STM32U595ZIY6QTR, STM32U595ZJT6, STM32U595ZJT6Q, STM32U595ZJY6QTR, STM32U599BJY6QTR, STM32U599NIH6Q, STM32U599NJH6Q, STM32U599VIT6Q, STM32U599VJT6, STM32U599VJT6Q, STM32U599ZIT6Q, STM32U599ZIY6QTR, STM32U599ZJT6Q, STM32U599ZJY6QTR, STM32U5A5AJH6, STM32U5A5AJH6Q, STM32U5A5QJI6, STM32U5A5QJI6Q, STM32U5A5RJT6, STM32U5A5RJT6Q, STM32U5A5VJT6, STM32U5A5VJT6Q, STM32U5A5ZJT6, STM32U5A5ZJT6Q, STM32U5A5ZJY6QTR, STM32U5A9BJY6QTR, STM32U5A9J-DK, STM32U5A9NJH6Q, STM32U5A9VJT6Q, STM32U5A9ZJT6Q, STM32U5A9ZJY6QTR, STM32WB1MMCH6, STM32WBA52CEU6, STM32WBA52CEU6T, STM32WBA52CGU6, STM32WBA52CGU6T, STM32WL5MOCH6, STM32WL5MOCH6TR]
2024-06-19 22:23:34,574 [INFO] DbMcus:216 - Found 4205 MCUs, 4205 are supported
2024-06-19 22:23:34,574 [INFO] ApiDb:423 - Load user favorites file C:\Users\draut/.stm32cubeide/favorites.mcus.txt: 0 item(s)
2024-06-19 22:23:34,574 [INFO] ApiDb:427 - User favorites MCUs=[]
2024-06-19 22:23:34,574 [INFO] DbMcus:222 - Set 0 / 0 favorites MCUs
2024-06-19 22:23:35,106 [INFO] ApiDb:448 - Save user favorites file C:\Users\draut/.stm32cubeide/favorites.boards.txt: 0 item(s)
2024-06-19 22:23:35,106 [INFO] ApiDb:452 - User favorites Boards=[]
2024-06-19 22:23:35,107 [INFO] ApiDb:581 - Connected to CubeFinder SQLite database (C:\Users\draut\.stmcufinder\plugins\mcufinder\mcu\cube-finder-db.db)
2024-06-19 22:23:35,148 [INFO] ApiDb:668 - CubeFinder database Data Model version=2.1
2024-06-19 22:23:35,148 [INFO] ApiDb:669 - CubeFinder database Configuration version=3.0.39
2024-06-19 22:23:35,148 [INFO] ApiDb:670 - CubeFinder database generation date=2024-06-07 (1717689626)
2024-06-19 22:23:35,148 [INFO] ApiDb:671 - CubeFinder database FW Pack versions=[FP-ATR-ASTRA1_V2.0.0, FP-SNS-FLIGHT1_V5.0.2, FP-SNS-MOTENV1_V5.0.0, FP-SNS-MOTENVWB1_V1.4.0, FP-SNS-SMARTAG2_V1.2.0, STM32Cube_FW_C0_V1.2.0, STM32Cube_FW_F4_V1.28.0, STM32Cube_FW_F7_V1.17.2, STM32Cube_FW_G0_V1.6.2, STM32Cube_FW_G4_V1.6.0, STM32Cube_FW_H5_V1.3.0, STM32Cube_FW_H7RS_V1.1.0, STM32Cube_FW_H7_V1.11.2, STM32Cube_FW_L0_V1.12.2, STM32Cube_FW_L5_V1.5.1, STM32Cube_FW_U0_V1.1.0, STM32Cube_FW_U5_V1.6.0, STM32Cube_FW_WB0_V1.0.0, STM32Cube_FW_WBA_V1.4.0, STM32Cube_FW_WB_V1.20.0, STM32Cube_FW_WL_V1.3.0, X-CUBE-ALGOBUILD_V1.4.0, X-CUBE-ALS_V1.0.2, X-CUBE-AZRTOS-F4_V1.1.0, X-CUBE-AZRTOS-F7_V1.1.0, X-CUBE-AZRTOS-G0_V1.1.0, X-CUBE-AZRTOS-G4_V2.0.0, X-CUBE-AZRTOS-H7RS_V1.0.0, X-CUBE-AZRTOS-H7_V3.2.0, X-CUBE-AZRTOS-L4_V2.0.0, X-CUBE-AZRTOS-L5_V1.1.0, X-CUBE-AZRTOS-WB_V2.0.0, X-CUBE-AZRTOS-WL_V2.0.0, X-CUBE-BLE1_V7.0.0, X-CUBE-BLE2_V3.3.0, X-CUBE-BLEMGR_V3.1.0, X-CUBE-EEPRMA1_V5.1.0, X-CUBE-FREERTOS_V1.2.0, X-CUBE-GNSS1_V6.0.0, X-CUBE-MEMS1_V10.0.0, X-CUBE-NFC4_V3.0.0, X-CUBE-NFC7_V1.0.1, X-CUBE-SFXS2LP1_V4.0.0, X-CUBE-SUBG2_V5.0.0, X-CUBE-TOF1_V3.4.1]
2024-06-19 22:23:35,181 [INFO] DbBoardsSqlite:226 - include board P-NUCLEO-WB55-NUCLEO as a kit item of type 'Nucleo-64'
2024-06-19 22:23:35,181 [INFO] DbBoardsSqlite:226 - include board P-NUCLEO-WB55-USBDONGLE as a kit item of type 'Nucleo USB Dongle'
2024-06-19 22:23:35,181 [INFO] DbBoardsSqlite:226 - include board STEVAL-IDP005V1 as a kit item of type 'Evaluation Board'
2024-06-19 22:23:35,181 [INFO] DbBoardsSqlite:226 - include board STEVAL-IDP005V2 as a kit item of type 'Evaluation Board'
2024-06-19 22:23:35,214 [INFO] ApiDb:240 - Found 297 in-development CPN: [B-G473E-ZEST1S, B-WB1M-WPAN1, B-WL5M-SUBG1, NUCLEO-C031C6, NUCLEO-H503RB, NUCLEO-H563ZI, NUCLEO-U545RE-Q, NUCLEO-U5A5ZJ-Q, NUCLEO-WBA52CG, STEVAL-PROTEUS1, STEVAL-STWINBX1, STM320518-EVAL, STM32C0116-DK, STM32C011D6Y3TR, STM32C011D6Y6TR, STM32C011F4P3, STM32C011F4P6, STM32C011F4U3, STM32C011F4U6TR, STM32C011F6P3, STM32C011F6P6, STM32C011F6U3, STM32C011F6U6TR, STM32C011J4M3, STM32C011J4M6, STM32C011J6M3, STM32C011J6M6, STM32C0316-DK, STM32C031C4T3, STM32C031C4T6, STM32C031C4U3, STM32C031C4U6, STM32C031C6T3, STM32C031C6T6, STM32C031C6U3, STM32C031C6U6, STM32C031F4P3, STM32C031F4P6, STM32C031F6P3, STM32C031F6P6, STM32C031G4U3, STM32C031G4U6, STM32C031G6U3, STM32C031G6U6, STM32C031K4T3, STM32C031K4T6, STM32C031K4U3, STM32C031K4U6, STM32C031K6T3, STM32C031K6T6, STM32C031K6U3, STM32C031K6U6, STM32G071K8TXN, STM32G071K8UXN, STM32G081GBU6N, STM32G081KBT6N, STM32G081KBUXN, STM32G0B1CCT6N, STM32G0B1KCT6, STM32G0B1NEY6TR, STM32G0B1RCT6N, STM32G0C1CCT6, STM32G0C1CCT6N, STM32G0C1CCU6N, STM32G0C1CET6N, STM32G0C1CEU6N, STM32G0C1KCT6, STM32G0C1NEY6TR, STM32G0C1RCI6N, STM32G0C1RCT6N, STM32G0C1REI6N, STM32G0C1RET6N, STM32G0C1VCI6, STM32G0C1VEI6, STM32G471CCT6, STM32G471CCU6, STM32G471CET3, STM32G471CET6, STM32G471CEU3, STM32G471CEU6, STM32G471MCT6, STM32G471MET3, STM32G471MET6, STM32G471MEY6TR, STM32G471QCT6, STM32G471QET3, STM32G471RCT6, STM32G471RET3, STM32G471RET6, STM32G471VCH6, STM32G471VCI6, STM32G471VCT6, STM32G471VEH3, STM32G471VEH6, STM32G471VEI3, STM32G471VEI6, STM32G471VET3, STM32G471VET6, STM32G474CCT6, STM32H503CBT6, STM32H503CBU6, STM32H503EBY6TR, STM32H503KBU6, STM32H503RBT6, STM32H562AGI6, STM32H562AII6, STM32H562IGK6, STM32H562IGT6, STM32H562IIK6, STM32H562IIT6, STM32H562RGT6, STM32H562RGV6, STM32H562RIT6, STM32H562RIV6, STM32H562VGT6, STM32H562VIT6, STM32H562ZGT6, STM32H562ZIT6, STM32H563AGI6, STM32H563AII3Q, STM32H563AII6, STM32H563IGK6, STM32H563IGT6, STM32H563IIK3Q, STM32H563IIK6, STM32H563IIT3Q, STM32H563IIT6, STM32H563MIY3QTR, STM32H563RGT6, STM32H563RGV6, STM32H563RIT6, STM32H563RIV6, STM32H563VGT6, STM32H563VIT3Q, STM32H563VIT6, STM32H563ZGT6, STM32H563ZIT3Q, STM32H563ZIT6, STM32H573AII3Q, STM32H573AII6, STM32H573I-DK, STM32H573IIK3Q, STM32H573IIK6, STM32H573IIT3Q, STM32H573IIT6, STM32H573MIY3QTR, STM32H573RIT6, STM32H573RIV6, STM32H573VIT3Q, STM32H573VIT6, STM32H573ZIT3Q, STM32H573ZIT6, STM32L4R5QGI6STR, STM32MP131AAE3, STM32MP131AAF3, STM32MP131AAG3, STM32MP131CAE3, STM32MP131CAF3, STM32MP131CAG3, STM32MP131DAE7, STM32MP131DAF7, STM32MP131DAG7, STM32MP131FAE7, STM32MP131FAF7, STM32MP131FAG7, STM32MP133AAE3, STM32MP133AAF3, STM32MP133AAG3, STM32MP133CAE3, STM32MP133CAF3, STM32MP133CAG3, STM32MP133DAE7, STM32MP133DAF7, STM32MP133DAG7, STM32MP133FAE7, STM32MP133FAF7, STM32MP133FAG7, STM32MP135AAE3, STM32MP135AAF3, STM32MP135AAG3, STM32MP135CAE3, STM32MP135CAF3, STM32MP135CAG3, STM32MP135DAE7, STM32MP135DAF7, STM32MP135DAG7, STM32MP135F-DK, STM32MP135FAE7, STM32MP135FAF7, STM32MP135FAF7T, STM32MP135FAF7U, STM32MP135FAG7, STM32U535CBT6, STM32U535CBT6Q, STM32U535CBU6, STM32U535CBU6Q, STM32U535CCT6, STM32U535CCT6Q, STM32U535CCU6, STM32U535CCU6Q, STM32U535CET6, STM32U535CET6Q, STM32U535CEU6, STM32U535CEU6Q, STM32U535JEY6QTR, STM32U535NCY6QTR, STM32U535NEY6QTR, STM32U535RBI6, STM32U535RBI6Q, STM32U535RBT6, STM32U535RBT6Q, STM32U535RCI6, STM32U535RCI6Q, STM32U535RCT6, STM32U535RCT6Q, STM32U535REI6, STM32U535REI6Q, STM32U535RET6, STM32U535RET6Q, STM32U535VCI6, STM32U535VCI6Q, STM32U535VCT6, STM32U535VCT6Q, STM32U535VEI6, STM32U535VEI6Q, STM32U535VET6, STM32U535VET6Q, STM32U545CET6, STM32U545CET6Q, STM32U545CEU6, STM32U545CEU6Q, STM32U545JEY6QTR, STM32U545NEY6QTR, STM32U545REI6, STM32U545REI6Q, STM32U545RET6, STM32U545RET6Q, STM32U545VEI6, STM32U545VEI6Q, STM32U545VET6, STM32U545VET6Q, STM32U595AIH6, STM32U595AIH6Q, STM32U595AJH6, STM32U595AJH6Q, STM32U595QII6, STM32U595QII6Q, STM32U595QJI6, STM32U595QJI6Q, STM32U595RIT6, STM32U595RIT6Q, STM32U595RJT6, STM32U595RJT6Q, STM32U595VIT6, STM32U595VIT6Q, STM32U595VJT6, STM32U595VJT6Q, STM32U595ZIT6, STM32U595ZIT6Q, STM32U595ZIY6QTR, STM32U595ZJT6, STM32U595ZJT6Q, STM32U595ZJY6QTR, STM32U599BJY6QTR, STM32U599NIH6Q, STM32U599NJH6Q, STM32U599VIT6Q, STM32U599VJT6, STM32U599VJT6Q, STM32U599ZIT6Q, STM32U599ZIY6QTR, STM32U599ZJT6Q, STM32U599ZJY6QTR, STM32U5A5AJH6, STM32U5A5AJH6Q, STM32U5A5QJI6, STM32U5A5QJI6Q, STM32U5A5RJT6, STM32U5A5RJT6Q, STM32U5A5VJT6, STM32U5A5VJT6Q, STM32U5A5ZJT6, STM32U5A5ZJT6Q, STM32U5A5ZJY6QTR, STM32U5A9BJY6QTR, STM32U5A9J-DK, STM32U5A9NJH6Q, STM32U5A9VJT6Q, STM32U5A9ZJT6Q, STM32U5A9ZJY6QTR, STM32WB1MMCH6, STM32WBA52CEU6, STM32WBA52CEU6T, STM32WBA52CGU6, STM32WBA52CGU6T, STM32WL5MOCH6, STM32WL5MOCH6TR]
2024-06-19 22:23:35,276 [INFO] BoardInfo:880 - No configuration file found for board NUCLEO-H533RE
2024-06-19 22:23:35,276 [INFO] DbBoards:157 - Board is not supported: NUCLEO-H533RE
2024-06-19 22:23:35,282 [INFO] BoardInfo:880 - No configuration file found for board NUCLEO-H7S3L8
2024-06-19 22:23:35,282 [INFO] DbBoards:157 - Board is not supported: NUCLEO-H7S3L8
2024-06-19 22:23:35,296 [INFO] BoardInfo:880 - No configuration file found for board NUCLEO-U031R8
2024-06-19 22:23:35,298 [INFO] DbBoards:157 - Board is not supported: NUCLEO-U031R8
2024-06-19 22:23:35,298 [INFO] BoardInfo:880 - No configuration file found for board NUCLEO-U083RC
2024-06-19 22:23:35,298 [INFO] DbBoards:157 - Board is not supported: NUCLEO-U083RC
2024-06-19 22:23:35,303 [INFO] BoardInfo:880 - No configuration file found for board NUCLEO-WBA55CG
2024-06-19 22:23:35,303 [INFO] DbBoards:157 - Board is not supported: NUCLEO-WBA55CG
2024-06-19 22:23:35,307 [INFO] BoardInfo:880 - No configuration file found for board P-NUCLEO-WB55
2024-06-19 22:23:35,307 [INFO] DbBoards:157 - Kit is not supported: P-NUCLEO-WB55
2024-06-19 22:23:35,311 [INFO] BoardInfo:880 - No configuration file found for board STEVAL-BFA001V1B
2024-06-19 22:23:35,311 [INFO] DbBoards:157 - Kit is not supported: STEVAL-BFA001V1B
2024-06-19 22:23:35,312 [INFO] BoardInfo:880 - No configuration file found for board STEVAL-BFA001V2B
2024-06-19 22:23:35,312 [INFO] DbBoards:157 - Kit is not supported: STEVAL-BFA001V2B
2024-06-19 22:23:35,314 [INFO] BoardInfo:880 - No configuration file found for board STEVAL-MKBOXPRO
2024-06-19 22:23:35,315 [INFO] DbBoards:157 - Board is not supported: STEVAL-MKBOXPRO
2024-06-19 22:23:35,318 [INFO] BoardInfo:880 - No configuration file found for board STEVAL-SMARTAG2
2024-06-19 22:23:35,318 [INFO] DbBoards:157 - Board is not supported: STEVAL-SMARTAG2
2024-06-19 22:23:35,369 [INFO] BoardInfo:880 - No configuration file found for board STM32H7S78-DK
2024-06-19 22:23:35,369 [INFO] DbBoards:157 - Board is not supported: STM32H7S78-DK
2024-06-19 22:23:35,385 [INFO] BoardInfo:880 - No configuration file found for board STM32U083C-DK
2024-06-19 22:23:35,385 [INFO] DbBoards:157 - Board is not supported: STM32U083C-DK
2024-06-19 22:23:35,387 [INFO] BoardInfo:880 - No configuration file found for board STM32U5G9J-DK1
2024-06-19 22:23:35,387 [INFO] DbBoards:157 - Board is not supported: STM32U5G9J-DK1
2024-06-19 22:23:35,388 [INFO] BoardInfo:880 - No configuration file found for board STM32U5G9J-DK2
2024-06-19 22:23:35,388 [INFO] DbBoards:157 - Board is not supported: STM32U5G9J-DK2
2024-06-19 22:23:35,389 [INFO] BoardInfo:880 - No configuration file found for board STM32WBA55G-DK1
2024-06-19 22:23:35,389 [INFO] DbBoards:157 - Board is not supported: STM32WBA55G-DK1
2024-06-19 22:23:35,390 [INFO] DbBoards:161 - Found 195 boards, 180 are supported
2024-06-19 22:23:35,391 [INFO] ApiDb:423 - Load user favorites file C:\Users\draut/.stm32cubeide/favorites.boards.txt: 0 item(s)
2024-06-19 22:23:35,391 [INFO] ApiDb:427 - User favorites Boards=[]
2024-06-19 22:23:35,392 [INFO] DbBoards:190 - Set 0 / 0 favorites Boards
2024-06-19 22:23:35,643 [INFO] LoadUrlFilesThread:185 - End of LoadServerUrlFiles without Thread
2024-06-19 22:23:35,643 [INFO] TargetSelectorAdapter:259 - Refresh data is successful
2024-06-19 22:23:35,646 [INFO] ApiDb:668 - CubeFinder database Data Model version=2.1
2024-06-19 22:23:35,646 [INFO] ApiDb:669 - CubeFinder database Configuration version=3.0.39
2024-06-19 22:23:35,646 [INFO] ApiDb:670 - CubeFinder database generation date=2024-06-07 (1717689626)
2024-06-19 22:23:35,646 [INFO] ApiDb:671 - CubeFinder database FW Pack versions=[FP-ATR-ASTRA1_V2.0.0, FP-SNS-FLIGHT1_V5.0.2, FP-SNS-MOTENV1_V5.0.0, FP-SNS-MOTENVWB1_V1.4.0, FP-SNS-SMARTAG2_V1.2.0, STM32Cube_FW_C0_V1.2.0, STM32Cube_FW_F4_V1.28.0, STM32Cube_FW_F7_V1.17.2, STM32Cube_FW_G0_V1.6.2, STM32Cube_FW_G4_V1.6.0, STM32Cube_FW_H5_V1.3.0, STM32Cube_FW_H7RS_V1.1.0, STM32Cube_FW_H7_V1.11.2, STM32Cube_FW_L0_V1.12.2, STM32Cube_FW_L5_V1.5.1, STM32Cube_FW_U0_V1.1.0, STM32Cube_FW_U5_V1.6.0, STM32Cube_FW_WB0_V1.0.0, STM32Cube_FW_WBA_V1.4.0, STM32Cube_FW_WB_V1.20.0, STM32Cube_FW_WL_V1.3.0, X-CUBE-ALGOBUILD_V1.4.0, X-CUBE-ALS_V1.0.2, X-CUBE-AZRTOS-F4_V1.1.0, X-CUBE-AZRTOS-F7_V1.1.0, X-CUBE-AZRTOS-G0_V1.1.0, X-CUBE-AZRTOS-G4_V2.0.0, X-CUBE-AZRTOS-H7RS_V1.0.0, X-CUBE-AZRTOS-H7_V3.2.0, X-CUBE-AZRTOS-L4_V2.0.0, X-CUBE-AZRTOS-L5_V1.1.0, X-CUBE-AZRTOS-WB_V2.0.0, X-CUBE-AZRTOS-WL_V2.0.0, X-CUBE-BLE1_V7.0.0, X-CUBE-BLE2_V3.3.0, X-CUBE-BLEMGR_V3.1.0, X-CUBE-EEPRMA1_V5.1.0, X-CUBE-FREERTOS_V1.2.0, X-CUBE-GNSS1_V6.0.0, X-CUBE-MEMS1_V10.0.0, X-CUBE-NFC4_V3.0.0, X-CUBE-NFC7_V1.0.1, X-CUBE-SFXS2LP1_V4.0.0, X-CUBE-SUBG2_V5.0.0, X-CUBE-TOF1_V3.4.1]
2024-06-19 22:23:36,142 [ERROR] DbExamplesSqlite:418 - Missing JSON key: board_cpn
2024-06-19 22:23:36,142 [ERROR] DbExamplesSqlite:418 - Missing JSON key: board_cpn
2024-06-19 22:23:36,142 [ERROR] DbExamplesSqlite:418 - Missing JSON key: board_cpn
2024-06-19 22:23:36,143 [ERROR] DbExamplesSqlite:418 - Missing JSON key: board_cpn
2024-06-19 22:23:36,220 [INFO] DbExamplesSqlite:376 - Ignored 28 examples not supported by CubeIDE
2024-06-19 22:23:36,220 [INFO] DbExamplesSqlite:377 - Found 8590 examples active
2024-06-19 22:23:36,221 [INFO] DbExamplesSqlite:378 - Found 0 examples obsolete
2024-06-19 22:23:36,221 [INFO] DbExamplesSqlite:379 - Found 0 examples under development
2024-06-19 22:23:36,221 [INFO] DbExamplesSqlite:380 - Found 10 examples not building
2024-06-19 22:23:36,222 [INFO] DbExamples:125 - Found 8572 examples
2024-06-19 22:23:36,280 [ERROR] DbExamples:208 - Found 308 examples with invalid data (board or MCU)
2024-06-19 22:23:36,280 [INFO] DbExamples:222 - Found 102 boards with related examples
2024-06-19 22:23:36,281 [INFO] DbExamples:235 - Found 86 MCUs with related examples
2024-06-19 22:23:36,296 [INFO] ApiDb:414 - User favorites file not found: C:\Users\draut/.stm32cubeide/favorites.examples.txt
2024-06-19 22:23:36,297 [INFO] DbExamples:250 - Set 0 / 0 favorites Examples
2024-06-19 22:23:42,661 [INFO] MainUpdater:2854 - connection check result : 10
2024-06-19 22:23:42,696 [INFO] McuFinderGlobals:66 - Set McuFinderConnectedMode to true
2024-06-19 22:23:42,697 [INFO] MultiScanPanel:200 - Auto-refresh data requested => check proxy status ongoing
2024-06-19 22:23:42,697 [INFO] FinderPluginLoader:95 - Searching for filters in installed packs
2024-06-19 22:23:43,044 [INFO] LoadUrlFilesThread:185 - End of LoadServerUrlFiles without Thread
2024-06-19 22:23:43,045 [INFO] DetailPanel:341 - Set advertising image to C:/Users/draut/STM32Cube/Repository/\en.prom-stm32h7rs-mcu-finder.jpg
2024-06-19 22:23:51,996 [INFO] McuFinderGlobals:66 - Set McuFinderConnectedMode to true
2024-06-19 22:23:52,137 [INFO] ApiDb:448 - Save user favorites file C:\Users\draut/.stm32cubeide/favorites.mcus.txt: 0 item(s)
2024-06-19 22:23:52,137 [INFO] ApiDb:452 - User favorites MCUs=[]
2024-06-19 22:23:56,446 [INFO] MainUpdater:2854 - connection check result : 10
2024-06-19 22:23:56,477 [INFO] McuFinderGlobals:66 - Set McuFinderConnectedMode to true
2024-06-19 22:23:56,478 [INFO] MultiScanPanel:200 - Auto-refresh data requested => check proxy status ongoing
2024-06-19 22:23:56,478 [INFO] FinderPluginLoader:95 - Searching for filters in installed packs
2024-06-19 22:23:56,780 [INFO] LoadUrlFilesThread:185 - End of LoadServerUrlFiles without Thread
2024-06-19 22:23:56,780 [INFO] DetailPanel:341 - Set advertising image to C:/Users/draut/STM32Cube/Repository/\en.prom-stm32h7rs-mcu-finder.jpg
2024-06-19 22:24:03,359 [INFO] DbMcusAds:53 - JSON generation date=Thu May 16 17:22:00 SGT 2024 (1715851320852)
2024-06-19 22:24:03,360 [INFO] ApiDb:448 - Save user favorites file C:\Users\draut/.stm32cubeide/favorites.mcus.txt: 0 item(s)
2024-06-19 22:24:03,360 [INFO] ApiDb:452 - User favorites MCUs=[]
2024-06-19 22:24:03,361 [INFO] ApiDb:581 - Connected to CubeFinder SQLite database (C:\Users\draut\.stmcufinder\plugins\mcufinder\mcu\cube-finder-db.db)
2024-06-19 22:24:03,404 [INFO] ApiDb:668 - CubeFinder database Data Model version=2.1
2024-06-19 22:24:03,404 [INFO] ApiDb:669 - CubeFinder database Configuration version=3.0.39
2024-06-19 22:24:03,404 [INFO] ApiDb:670 - CubeFinder database generation date=2024-06-07 (1717689626)
2024-06-19 22:24:03,404 [INFO] ApiDb:671 - CubeFinder database FW Pack versions=[FP-ATR-ASTRA1_V2.0.0, FP-SNS-FLIGHT1_V5.0.2, FP-SNS-MOTENV1_V5.0.0, FP-SNS-MOTENVWB1_V1.4.0, FP-SNS-SMARTAG2_V1.2.0, STM32Cube_FW_C0_V1.2.0, STM32Cube_FW_F4_V1.28.0, STM32Cube_FW_F7_V1.17.2, STM32Cube_FW_G0_V1.6.2, STM32Cube_FW_G4_V1.6.0, STM32Cube_FW_H5_V1.3.0, STM32Cube_FW_H7RS_V1.1.0, STM32Cube_FW_H7_V1.11.2, STM32Cube_FW_L0_V1.12.2, STM32Cube_FW_L5_V1.5.1, STM32Cube_FW_U0_V1.1.0, STM32Cube_FW_U5_V1.6.0, STM32Cube_FW_WB0_V1.0.0, STM32Cube_FW_WBA_V1.4.0, STM32Cube_FW_WB_V1.20.0, STM32Cube_FW_WL_V1.3.0, X-CUBE-ALGOBUILD_V1.4.0, X-CUBE-ALS_V1.0.2, X-CUBE-AZRTOS-F4_V1.1.0, X-CUBE-AZRTOS-F7_V1.1.0, X-CUBE-AZRTOS-G0_V1.1.0, X-CUBE-AZRTOS-G4_V2.0.0, X-CUBE-AZRTOS-H7RS_V1.0.0, X-CUBE-AZRTOS-H7_V3.2.0, X-CUBE-AZRTOS-L4_V2.0.0, X-CUBE-AZRTOS-L5_V1.1.0, X-CUBE-AZRTOS-WB_V2.0.0, X-CUBE-AZRTOS-WL_V2.0.0, X-CUBE-BLE1_V7.0.0, X-CUBE-BLE2_V3.3.0, X-CUBE-BLEMGR_V3.1.0, X-CUBE-EEPRMA1_V5.1.0, X-CUBE-FREERTOS_V1.2.0, X-CUBE-GNSS1_V6.0.0, X-CUBE-MEMS1_V10.0.0, X-CUBE-NFC4_V3.0.0, X-CUBE-NFC7_V1.0.1, X-CUBE-SFXS2LP1_V4.0.0, X-CUBE-SUBG2_V5.0.0, X-CUBE-TOF1_V3.4.1]
2024-06-19 22:24:04,911 [INFO] ApiDb:240 - Found 297 in-development CPN: [B-G473E-ZEST1S, B-WB1M-WPAN1, B-WL5M-SUBG1, NUCLEO-C031C6, NUCLEO-H503RB, NUCLEO-H563ZI, NUCLEO-U545RE-Q, NUCLEO-U5A5ZJ-Q, NUCLEO-WBA52CG, STEVAL-PROTEUS1, STEVAL-STWINBX1, STM320518-EVAL, STM32C0116-DK, STM32C011D6Y3TR, STM32C011D6Y6TR, STM32C011F4P3, STM32C011F4P6, STM32C011F4U3, STM32C011F4U6TR, STM32C011F6P3, STM32C011F6P6, STM32C011F6U3, STM32C011F6U6TR, STM32C011J4M3, STM32C011J4M6, STM32C011J6M3, STM32C011J6M6, STM32C0316-DK, STM32C031C4T3, STM32C031C4T6, STM32C031C4U3, STM32C031C4U6, STM32C031C6T3, STM32C031C6T6, STM32C031C6U3, STM32C031C6U6, STM32C031F4P3, STM32C031F4P6, STM32C031F6P3, STM32C031F6P6, STM32C031G4U3, STM32C031G4U6, STM32C031G6U3, STM32C031G6U6, STM32C031K4T3, STM32C031K4T6, STM32C031K4U3, STM32C031K4U6, STM32C031K6T3, STM32C031K6T6, STM32C031K6U3, STM32C031K6U6, STM32G071K8TXN, STM32G071K8UXN, STM32G081GBU6N, STM32G081KBT6N, STM32G081KBUXN, STM32G0B1CCT6N, STM32G0B1KCT6, STM32G0B1NEY6TR, STM32G0B1RCT6N, STM32G0C1CCT6, STM32G0C1CCT6N, STM32G0C1CCU6N, STM32G0C1CET6N, STM32G0C1CEU6N, STM32G0C1KCT6, STM32G0C1NEY6TR, STM32G0C1RCI6N, STM32G0C1RCT6N, STM32G0C1REI6N, STM32G0C1RET6N, STM32G0C1VCI6, STM32G0C1VEI6, STM32G471CCT6, STM32G471CCU6, STM32G471CET3, STM32G471CET6, STM32G471CEU3, STM32G471CEU6, STM32G471MCT6, STM32G471MET3, STM32G471MET6, STM32G471MEY6TR, STM32G471QCT6, STM32G471QET3, STM32G471RCT6, STM32G471RET3, STM32G471RET6, STM32G471VCH6, STM32G471VCI6, STM32G471VCT6, STM32G471VEH3, STM32G471VEH6, STM32G471VEI3, STM32G471VEI6, STM32G471VET3, STM32G471VET6, STM32G474CCT6, STM32H503CBT6, STM32H503CBU6, STM32H503EBY6TR, STM32H503KBU6, STM32H503RBT6, STM32H562AGI6, STM32H562AII6, STM32H562IGK6, STM32H562IGT6, STM32H562IIK6, STM32H562IIT6, STM32H562RGT6, STM32H562RGV6, STM32H562RIT6, STM32H562RIV6, STM32H562VGT6, STM32H562VIT6, STM32H562ZGT6, STM32H562ZIT6, STM32H563AGI6, STM32H563AII3Q, STM32H563AII6, STM32H563IGK6, STM32H563IGT6, STM32H563IIK3Q, STM32H563IIK6, STM32H563IIT3Q, STM32H563IIT6, STM32H563MIY3QTR, STM32H563RGT6, STM32H563RGV6, STM32H563RIT6, STM32H563RIV6, STM32H563VGT6, STM32H563VIT3Q, STM32H563VIT6, STM32H563ZGT6, STM32H563ZIT3Q, STM32H563ZIT6, STM32H573AII3Q, STM32H573AII6, STM32H573I-DK, STM32H573IIK3Q, STM32H573IIK6, STM32H573IIT3Q, STM32H573IIT6, STM32H573MIY3QTR, STM32H573RIT6, STM32H573RIV6, STM32H573VIT3Q, STM32H573VIT6, STM32H573ZIT3Q, STM32H573ZIT6, STM32L4R5QGI6STR, STM32MP131AAE3, STM32MP131AAF3, STM32MP131AAG3, STM32MP131CAE3, STM32MP131CAF3, STM32MP131CAG3, STM32MP131DAE7, STM32MP131DAF7, STM32MP131DAG7, STM32MP131FAE7, STM32MP131FAF7, STM32MP131FAG7, STM32MP133AAE3, STM32MP133AAF3, STM32MP133AAG3, STM32MP133CAE3, STM32MP133CAF3, STM32MP133CAG3, STM32MP133DAE7, STM32MP133DAF7, STM32MP133DAG7, STM32MP133FAE7, STM32MP133FAF7, STM32MP133FAG7, STM32MP135AAE3, STM32MP135AAF3, STM32MP135AAG3, STM32MP135CAE3, STM32MP135CAF3, STM32MP135CAG3, STM32MP135DAE7, STM32MP135DAF7, STM32MP135DAG7, STM32MP135F-DK, STM32MP135FAE7, STM32MP135FAF7, STM32MP135FAF7T, STM32MP135FAF7U, STM32MP135FAG7, STM32U535CBT6, STM32U535CBT6Q, STM32U535CBU6, STM32U535CBU6Q, STM32U535CCT6, STM32U535CCT6Q, STM32U535CCU6, STM32U535CCU6Q, STM32U535CET6, STM32U535CET6Q, STM32U535CEU6, STM32U535CEU6Q, STM32U535JEY6QTR, STM32U535NCY6QTR, STM32U535NEY6QTR, STM32U535RBI6, STM32U535RBI6Q, STM32U535RBT6, STM32U535RBT6Q, STM32U535RCI6, STM32U535RCI6Q, STM32U535RCT6, STM32U535RCT6Q, STM32U535REI6, STM32U535REI6Q, STM32U535RET6, STM32U535RET6Q, STM32U535VCI6, STM32U535VCI6Q, STM32U535VCT6, STM32U535VCT6Q, STM32U535VEI6, STM32U535VEI6Q, STM32U535VET6, STM32U535VET6Q, STM32U545CET6, STM32U545CET6Q, STM32U545CEU6, STM32U545CEU6Q, STM32U545JEY6QTR, STM32U545NEY6QTR, STM32U545REI6, STM32U545REI6Q, STM32U545RET6, STM32U545RET6Q, STM32U545VEI6, STM32U545VEI6Q, STM32U545VET6, STM32U545VET6Q, STM32U595AIH6, STM32U595AIH6Q, STM32U595AJH6, STM32U595AJH6Q, STM32U595QII6, STM32U595QII6Q, STM32U595QJI6, STM32U595QJI6Q, STM32U595RIT6, STM32U595RIT6Q, STM32U595RJT6, STM32U595RJT6Q, STM32U595VIT6, STM32U595VIT6Q, STM32U595VJT6, STM32U595VJT6Q, STM32U595ZIT6, STM32U595ZIT6Q, STM32U595ZIY6QTR, STM32U595ZJT6, STM32U595ZJT6Q, STM32U595ZJY6QTR, STM32U599BJY6QTR, STM32U599NIH6Q, STM32U599NJH6Q, STM32U599VIT6Q, STM32U599VJT6, STM32U599VJT6Q, STM32U599ZIT6Q, STM32U599ZIY6QTR, STM32U599ZJT6Q, STM32U599ZJY6QTR, STM32U5A5AJH6, STM32U5A5AJH6Q, STM32U5A5QJI6, STM32U5A5QJI6Q, STM32U5A5RJT6, STM32U5A5RJT6Q, STM32U5A5VJT6, STM32U5A5VJT6Q, STM32U5A5ZJT6, STM32U5A5ZJT6Q, STM32U5A5ZJY6QTR, STM32U5A9BJY6QTR, STM32U5A9J-DK, STM32U5A9NJH6Q, STM32U5A9VJT6Q, STM32U5A9ZJT6Q, STM32U5A9ZJY6QTR, STM32WB1MMCH6, STM32WBA52CEU6, STM32WBA52CEU6T, STM32WBA52CGU6, STM32WBA52CGU6T, STM32WL5MOCH6, STM32WL5MOCH6TR]
2024-06-19 22:24:04,913 [INFO] DbMcus:216 - Found 4205 MCUs, 4205 are supported
2024-06-19 22:24:04,913 [INFO] ApiDb:423 - Load user favorites file C:\Users\draut/.stm32cubeide/favorites.mcus.txt: 0 item(s)
2024-06-19 22:24:04,913 [INFO] ApiDb:427 - User favorites MCUs=[]
2024-06-19 22:24:04,913 [INFO] DbMcus:222 - Set 0 / 0 favorites MCUs
2024-06-19 22:24:05,361 [INFO] ApiDb:448 - Save user favorites file C:\Users\draut/.stm32cubeide/favorites.boards.txt: 0 item(s)
2024-06-19 22:24:05,361 [INFO] ApiDb:452 - User favorites Boards=[]
2024-06-19 22:24:05,362 [INFO] ApiDb:581 - Connected to CubeFinder SQLite database (C:\Users\draut\.stmcufinder\plugins\mcufinder\mcu\cube-finder-db.db)
2024-06-19 22:24:05,409 [INFO] ApiDb:668 - CubeFinder database Data Model version=2.1
2024-06-19 22:24:05,409 [INFO] ApiDb:669 - CubeFinder database Configuration version=3.0.39
2024-06-19 22:24:05,409 [INFO] ApiDb:670 - CubeFinder database generation date=2024-06-07 (1717689626)
2024-06-19 22:24:05,409 [INFO] ApiDb:671 - CubeFinder database FW Pack versions=[FP-ATR-ASTRA1_V2.0.0, FP-SNS-FLIGHT1_V5.0.2, FP-SNS-MOTENV1_V5.0.0, FP-SNS-MOTENVWB1_V1.4.0, FP-SNS-SMARTAG2_V1.2.0, STM32Cube_FW_C0_V1.2.0, STM32Cube_FW_F4_V1.28.0, STM32Cube_FW_F7_V1.17.2, STM32Cube_FW_G0_V1.6.2, STM32Cube_FW_G4_V1.6.0, STM32Cube_FW_H5_V1.3.0, STM32Cube_FW_H7RS_V1.1.0, STM32Cube_FW_H7_V1.11.2, STM32Cube_FW_L0_V1.12.2, STM32Cube_FW_L5_V1.5.1, STM32Cube_FW_U0_V1.1.0, STM32Cube_FW_U5_V1.6.0, STM32Cube_FW_WB0_V1.0.0, STM32Cube_FW_WBA_V1.4.0, STM32Cube_FW_WB_V1.20.0, STM32Cube_FW_WL_V1.3.0, X-CUBE-ALGOBUILD_V1.4.0, X-CUBE-ALS_V1.0.2, X-CUBE-AZRTOS-F4_V1.1.0, X-CUBE-AZRTOS-F7_V1.1.0, X-CUBE-AZRTOS-G0_V1.1.0, X-CUBE-AZRTOS-G4_V2.0.0, X-CUBE-AZRTOS-H7RS_V1.0.0, X-CUBE-AZRTOS-H7_V3.2.0, X-CUBE-AZRTOS-L4_V2.0.0, X-CUBE-AZRTOS-L5_V1.1.0, X-CUBE-AZRTOS-WB_V2.0.0, X-CUBE-AZRTOS-WL_V2.0.0, X-CUBE-BLE1_V7.0.0, X-CUBE-BLE2_V3.3.0, X-CUBE-BLEMGR_V3.1.0, X-CUBE-EEPRMA1_V5.1.0, X-CUBE-FREERTOS_V1.2.0, X-CUBE-GNSS1_V6.0.0, X-CUBE-MEMS1_V10.0.0, X-CUBE-NFC4_V3.0.0, X-CUBE-NFC7_V1.0.1, X-CUBE-SFXS2LP1_V4.0.0, X-CUBE-SUBG2_V5.0.0, X-CUBE-TOF1_V3.4.1]
2024-06-19 22:24:05,440 [INFO] DbBoardsSqlite:226 - include board P-NUCLEO-WB55-NUCLEO as a kit item of type 'Nucleo-64'
2024-06-19 22:24:05,440 [INFO] DbBoardsSqlite:226 - include board P-NUCLEO-WB55-USBDONGLE as a kit item of type 'Nucleo USB Dongle'
2024-06-19 22:24:05,441 [INFO] DbBoardsSqlite:226 - include board STEVAL-IDP005V1 as a kit item of type 'Evaluation Board'
2024-06-19 22:24:05,441 [INFO] DbBoardsSqlite:226 - include board STEVAL-IDP005V2 as a kit item of type 'Evaluation Board'
2024-06-19 22:24:05,475 [INFO] ApiDb:240 - Found 297 in-development CPN: [B-G473E-ZEST1S, B-WB1M-WPAN1, B-WL5M-SUBG1, NUCLEO-C031C6, NUCLEO-H503RB, NUCLEO-H563ZI, NUCLEO-U545RE-Q, NUCLEO-U5A5ZJ-Q, NUCLEO-WBA52CG, STEVAL-PROTEUS1, STEVAL-STWINBX1, STM320518-EVAL, STM32C0116-DK, STM32C011D6Y3TR, STM32C011D6Y6TR, STM32C011F4P3, STM32C011F4P6, STM32C011F4U3, STM32C011F4U6TR, STM32C011F6P3, STM32C011F6P6, STM32C011F6U3, STM32C011F6U6TR, STM32C011J4M3, STM32C011J4M6, STM32C011J6M3, STM32C011J6M6, STM32C0316-DK, STM32C031C4T3, STM32C031C4T6, STM32C031C4U3, STM32C031C4U6, STM32C031C6T3, STM32C031C6T6, STM32C031C6U3, STM32C031C6U6, STM32C031F4P3, STM32C031F4P6, STM32C031F6P3, STM32C031F6P6, STM32C031G4U3, STM32C031G4U6, STM32C031G6U3, STM32C031G6U6, STM32C031K4T3, STM32C031K4T6, STM32C031K4U3, STM32C031K4U6, STM32C031K6T3, STM32C031K6T6, STM32C031K6U3, STM32C031K6U6, STM32G071K8TXN, STM32G071K8UXN, STM32G081GBU6N, STM32G081KBT6N, STM32G081KBUXN, STM32G0B1CCT6N, STM32G0B1KCT6, STM32G0B1NEY6TR, STM32G0B1RCT6N, STM32G0C1CCT6, STM32G0C1CCT6N, STM32G0C1CCU6N, STM32G0C1CET6N, STM32G0C1CEU6N, STM32G0C1KCT6, STM32G0C1NEY6TR, STM32G0C1RCI6N, STM32G0C1RCT6N, STM32G0C1REI6N, STM32G0C1RET6N, STM32G0C1VCI6, STM32G0C1VEI6, STM32G471CCT6, STM32G471CCU6, STM32G471CET3, STM32G471CET6, STM32G471CEU3, STM32G471CEU6, STM32G471MCT6, STM32G471MET3, STM32G471MET6, STM32G471MEY6TR, STM32G471QCT6, STM32G471QET3, STM32G471RCT6, STM32G471RET3, STM32G471RET6, STM32G471VCH6, STM32G471VCI6, STM32G471VCT6, STM32G471VEH3, STM32G471VEH6, STM32G471VEI3, STM32G471VEI6, STM32G471VET3, STM32G471VET6, STM32G474CCT6, STM32H503CBT6, STM32H503CBU6, STM32H503EBY6TR, STM32H503KBU6, STM32H503RBT6, STM32H562AGI6, STM32H562AII6, STM32H562IGK6, STM32H562IGT6, STM32H562IIK6, STM32H562IIT6, STM32H562RGT6, STM32H562RGV6, STM32H562RIT6, STM32H562RIV6, STM32H562VGT6, STM32H562VIT6, STM32H562ZGT6, STM32H562ZIT6, STM32H563AGI6, STM32H563AII3Q, STM32H563AII6, STM32H563IGK6, STM32H563IGT6, STM32H563IIK3Q, STM32H563IIK6, STM32H563IIT3Q, STM32H563IIT6, STM32H563MIY3QTR, STM32H563RGT6, STM32H563RGV6, STM32H563RIT6, STM32H563RIV6, STM32H563VGT6, STM32H563VIT3Q, STM32H563VIT6, STM32H563ZGT6, STM32H563ZIT3Q, STM32H563ZIT6, STM32H573AII3Q, STM32H573AII6, STM32H573I-DK, STM32H573IIK3Q, STM32H573IIK6, STM32H573IIT3Q, STM32H573IIT6, STM32H573MIY3QTR, STM32H573RIT6, STM32H573RIV6, STM32H573VIT3Q, STM32H573VIT6, STM32H573ZIT3Q, STM32H573ZIT6, STM32L4R5QGI6STR, STM32MP131AAE3, STM32MP131AAF3, STM32MP131AAG3, STM32MP131CAE3, STM32MP131CAF3, STM32MP131CAG3, STM32MP131DAE7, STM32MP131DAF7, STM32MP131DAG7, STM32MP131FAE7, STM32MP131FAF7, STM32MP131FAG7, STM32MP133AAE3, STM32MP133AAF3, STM32MP133AAG3, STM32MP133CAE3, STM32MP133CAF3, STM32MP133CAG3, STM32MP133DAE7, STM32MP133DAF7, STM32MP133DAG7, STM32MP133FAE7, STM32MP133FAF7, STM32MP133FAG7, STM32MP135AAE3, STM32MP135AAF3, STM32MP135AAG3, STM32MP135CAE3, STM32MP135CAF3, STM32MP135CAG3, STM32MP135DAE7, STM32MP135DAF7, STM32MP135DAG7, STM32MP135F-DK, STM32MP135FAE7, STM32MP135FAF7, STM32MP135FAF7T, STM32MP135FAF7U, STM32MP135FAG7, STM32U535CBT6, STM32U535CBT6Q, STM32U535CBU6, STM32U535CBU6Q, STM32U535CCT6, STM32U535CCT6Q, STM32U535CCU6, STM32U535CCU6Q, STM32U535CET6, STM32U535CET6Q, STM32U535CEU6, STM32U535CEU6Q, STM32U535JEY6QTR, STM32U535NCY6QTR, STM32U535NEY6QTR, STM32U535RBI6, STM32U535RBI6Q, STM32U535RBT6, STM32U535RBT6Q, STM32U535RCI6, STM32U535RCI6Q, STM32U535RCT6, STM32U535RCT6Q, STM32U535REI6, STM32U535REI6Q, STM32U535RET6, STM32U535RET6Q, STM32U535VCI6, STM32U535VCI6Q, STM32U535VCT6, STM32U535VCT6Q, STM32U535VEI6, STM32U535VEI6Q, STM32U535VET6, STM32U535VET6Q, STM32U545CET6, STM32U545CET6Q, STM32U545CEU6, STM32U545CEU6Q, STM32U545JEY6QTR, STM32U545NEY6QTR, STM32U545REI6, STM32U545REI6Q, STM32U545RET6, STM32U545RET6Q, STM32U545VEI6, STM32U545VEI6Q, STM32U545VET6, STM32U545VET6Q, STM32U595AIH6, STM32U595AIH6Q, STM32U595AJH6, STM32U595AJH6Q, STM32U595QII6, STM32U595QII6Q, STM32U595QJI6, STM32U595QJI6Q, STM32U595RIT6, STM32U595RIT6Q, STM32U595RJT6, STM32U595RJT6Q, STM32U595VIT6, STM32U595VIT6Q, STM32U595VJT6, STM32U595VJT6Q, STM32U595ZIT6, STM32U595ZIT6Q, STM32U595ZIY6QTR, STM32U595ZJT6, STM32U595ZJT6Q, STM32U595ZJY6QTR, STM32U599BJY6QTR, STM32U599NIH6Q, STM32U599NJH6Q, STM32U599VIT6Q, STM32U599VJT6, STM32U599VJT6Q, STM32U599ZIT6Q, STM32U599ZIY6QTR, STM32U599ZJT6Q, STM32U599ZJY6QTR, STM32U5A5AJH6, STM32U5A5AJH6Q, STM32U5A5QJI6, STM32U5A5QJI6Q, STM32U5A5RJT6, STM32U5A5RJT6Q, STM32U5A5VJT6, STM32U5A5VJT6Q, STM32U5A5ZJT6, STM32U5A5ZJT6Q, STM32U5A5ZJY6QTR, STM32U5A9BJY6QTR, STM32U5A9J-DK, STM32U5A9NJH6Q, STM32U5A9VJT6Q, STM32U5A9ZJT6Q, STM32U5A9ZJY6QTR, STM32WB1MMCH6, STM32WBA52CEU6, STM32WBA52CEU6T, STM32WBA52CGU6, STM32WBA52CGU6T, STM32WL5MOCH6, STM32WL5MOCH6TR]
2024-06-19 22:24:05,511 [INFO] BoardInfo:880 - No configuration file found for board NUCLEO-H533RE
2024-06-19 22:24:05,511 [INFO] DbBoards:157 - Board is not supported: NUCLEO-H533RE
2024-06-19 22:24:05,518 [INFO] BoardInfo:880 - No configuration file found for board NUCLEO-H7S3L8
2024-06-19 22:24:05,518 [INFO] DbBoards:157 - Board is not supported: NUCLEO-H7S3L8
2024-06-19 22:24:05,533 [INFO] BoardInfo:880 - No configuration file found for board NUCLEO-U031R8
2024-06-19 22:24:05,533 [INFO] DbBoards:157 - Board is not supported: NUCLEO-U031R8
2024-06-19 22:24:05,533 [INFO] BoardInfo:880 - No configuration file found for board NUCLEO-U083RC
2024-06-19 22:24:05,533 [INFO] DbBoards:157 - Board is not supported: NUCLEO-U083RC
2024-06-19 22:24:05,538 [INFO] BoardInfo:880 - No configuration file found for board NUCLEO-WBA55CG
2024-06-19 22:24:05,538 [INFO] DbBoards:157 - Board is not supported: NUCLEO-WBA55CG
2024-06-19 22:24:05,542 [INFO] BoardInfo:880 - No configuration file found for board P-NUCLEO-WB55
2024-06-19 22:24:05,542 [INFO] DbBoards:157 - Kit is not supported: P-NUCLEO-WB55
2024-06-19 22:24:05,545 [INFO] BoardInfo:880 - No configuration file found for board STEVAL-BFA001V1B
2024-06-19 22:24:05,545 [INFO] DbBoards:157 - Kit is not supported: STEVAL-BFA001V1B
2024-06-19 22:24:05,545 [INFO] BoardInfo:880 - No configuration file found for board STEVAL-BFA001V2B
2024-06-19 22:24:05,545 [INFO] DbBoards:157 - Kit is not supported: STEVAL-BFA001V2B
2024-06-19 22:24:05,548 [INFO] BoardInfo:880 - No configuration file found for board STEVAL-MKBOXPRO
2024-06-19 22:24:05,548 [INFO] DbBoards:157 - Board is not supported: STEVAL-MKBOXPRO
2024-06-19 22:24:05,551 [INFO] BoardInfo:880 - No configuration file found for board STEVAL-SMARTAG2
2024-06-19 22:24:05,551 [INFO] DbBoards:157 - Board is not supported: STEVAL-SMARTAG2
2024-06-19 22:24:05,618 [INFO] BoardInfo:880 - No configuration file found for board STM32H7S78-DK
2024-06-19 22:24:05,618 [INFO] DbBoards:157 - Board is not supported: STM32H7S78-DK
2024-06-19 22:24:05,643 [INFO] BoardInfo:880 - No configuration file found for board STM32U083C-DK
2024-06-19 22:24:05,644 [INFO] DbBoards:157 - Board is not supported: STM32U083C-DK
2024-06-19 22:24:05,648 [INFO] BoardInfo:880 - No configuration file found for board STM32U5G9J-DK1
2024-06-19 22:24:05,648 [INFO] DbBoards:157 - Board is not supported: STM32U5G9J-DK1
2024-06-19 22:24:05,649 [INFO] BoardInfo:880 - No configuration file found for board STM32U5G9J-DK2
2024-06-19 22:24:05,649 [INFO] DbBoards:157 - Board is not supported: STM32U5G9J-DK2
2024-06-19 22:24:05,653 [INFO] BoardInfo:880 - No configuration file found for board STM32WBA55G-DK1
2024-06-19 22:24:05,653 [INFO] DbBoards:157 - Board is not supported: STM32WBA55G-DK1
2024-06-19 22:24:05,653 [INFO] DbBoards:161 - Found 195 boards, 180 are supported
2024-06-19 22:24:05,655 [INFO] ApiDb:423 - Load user favorites file C:\Users\draut/.stm32cubeide/favorites.boards.txt: 0 item(s)
2024-06-19 22:24:05,655 [INFO] ApiDb:427 - User favorites Boards=[]
2024-06-19 22:24:05,656 [INFO] DbBoards:190 - Set 0 / 0 favorites Boards
2024-06-19 22:24:05,892 [ERROR] TargetSelectorAdapter:267 - Unable to refresh data
2024-06-19 22:24:05,925 [INFO] McuFinderGlobals:66 - Set McuFinderConnectedMode to true
2024-06-19 22:24:05,931 [INFO] MultiScanPanel:200 - Auto-refresh data requested => check proxy status ongoing
2024-06-19 22:24:05,931 [INFO] FinderPluginLoader:95 - Searching for filters in installed packs
2024-06-19 22:24:06,244 [INFO] LoadUrlFilesThread:185 - End of LoadServerUrlFiles without Thread
2024-06-19 22:24:06,244 [INFO] DetailPanel:341 - Set advertising image to C:/Users/draut/STM32Cube/Repository/\en.prom-stm32h7rs-mcu-finder.jpg
2024-06-19 22:24:08,409 [INFO] MultiScanPanel:200 - Auto-refresh data requested => check proxy status ongoing
2024-06-19 22:24:08,436 [INFO] LoadUrlFilesThread:185 - End of LoadServerUrlFiles without Thread
2024-06-19 22:24:08,436 [INFO] DetailPanel:341 - Set advertising image to C:/Users/draut/STM32Cube/Repository/\en.prom-stm32h7rs-mcu-finder.jpg
2024-06-19 22:24:30,313 [INFO] McuFinderGlobals:66 - Set McuFinderConnectedMode to true
2024-06-19 22:24:30,359 [INFO] ApiDb:448 - Save user favorites file C:\Users\draut/.stm32cubeide/favorites.mcus.txt: 0 item(s)
2024-06-19 22:24:30,359 [INFO] ApiDb:452 - User favorites MCUs=[]
2024-06-19 22:24:30,360 [INFO] ApiDb:448 - Save user favorites file C:\Users\draut/.stm32cubeide/favorites.boards.txt: 0 item(s)
2024-06-19 22:24:30,360 [INFO] ApiDb:452 - User favorites Boards=[]
